2017-08-23 00:17:49	The autochk POOL IS GC Now !!!!
2017-08-23 00:18:10	The autodly POOL IS GC Now !!!!
2017-08-23 00:47:28	The createfile POOL IS GC Now !!!!
2017-08-23 00:47:45	The dataquerybyquicksheet POOL IS GC Now !!!!
2017-08-23 00:47:49	The autochk POOL IS GC Now !!!!
2017-08-23 00:47:51	The dataquerybysheet POOL IS GC Now !!!!
2017-08-23 00:48:07	The exportsplit POOL IS GC Now !!!!
2017-08-23 00:48:10	The autodly POOL IS GC Now !!!!
2017-08-23 00:48:28	The bgqueuedomainqueue POOL IS GC Now !!!!
2017-08-23 00:48:35	The misctaskdomainqueue POOL IS GC Now !!!!
2017-08-23 00:54:47	The inventorydepthdomainqueue POOL IS GC Now !!!!
2017-08-23 00:57:01	The financecronjob POOL IS GC Now !!!!
2017-08-23 00:57:02	The misctask POOL IS GC Now !!!!
2017-08-23 00:57:02	The inventorydepth POOL IS GC Now !!!!
2017-08-23 00:57:02	The bgqueue POOL IS GC Now !!!!
2017-08-23 00:59:11	The financecronjobdomainqueue POOL IS GC Now !!!!
2017-08-23 01:17:49	The autochk POOL IS GC Now !!!!
2017-08-23 01:18:10	The autodly POOL IS GC Now !!!!
2017-08-23 01:46:32	The dataquerybywhole POOL IS GC Now !!!!
2017-08-23 01:47:28	The createfile POOL IS GC Now !!!!
2017-08-23 01:47:45	The dataquerybyquicksheet POOL IS GC Now !!!!
2017-08-23 01:47:49	The autochk POOL IS GC Now !!!!
2017-08-23 01:47:51	The dataquerybysheet POOL IS GC Now !!!!
2017-08-23 01:48:07	The exportsplit POOL IS GC Now !!!!
2017-08-23 01:48:10	The autodly POOL IS GC Now !!!!
2017-08-23 01:48:28	The bgqueuedomainqueue POOL IS GC Now !!!!
2017-08-23 01:48:35	The misctaskdomainqueue POOL IS GC Now !!!!
2017-08-23 01:54:47	The inventorydepthdomainqueue POOL IS GC Now !!!!
2017-08-23 01:57:01	The financecronjob POOL IS GC Now !!!!
2017-08-23 01:57:02	The misctask POOL IS GC Now !!!!
2017-08-23 01:57:02	The inventorydepth POOL IS GC Now !!!!
2017-08-23 01:57:02	The bgqueue POOL IS GC Now !!!!
2017-08-23 01:59:11	The financecronjobdomainqueue POOL IS GC Now !!!!
2017-08-23 02:17:49	The autochk POOL IS GC Now !!!!
2017-08-23 02:18:10	The autodly POOL IS GC Now !!!!
2017-08-23 02:47:28	The createfile POOL IS GC Now !!!!
2017-08-23 02:47:45	The dataquerybyquicksheet POOL IS GC Now !!!!
2017-08-23 02:47:49	The autochk POOL IS GC Now !!!!
2017-08-23 02:47:51	The dataquerybysheet POOL IS GC Now !!!!
2017-08-23 02:48:07	The exportsplit POOL IS GC Now !!!!
2017-08-23 02:48:10	The autodly POOL IS GC Now !!!!
2017-08-23 02:48:29	The bgqueuedomainqueue POOL IS GC Now !!!!
2017-08-23 02:48:35	The misctaskdomainqueue POOL IS GC Now !!!!
2017-08-23 02:54:47	The inventorydepthdomainqueue POOL IS GC Now !!!!
2017-08-23 02:57:01	The financecronjob POOL IS GC Now !!!!
2017-08-23 02:57:02	The inventorydepth POOL IS GC Now !!!!
2017-08-23 02:57:02	The bgqueue POOL IS GC Now !!!!
2017-08-23 02:57:02	The misctask POOL IS GC Now !!!!
2017-08-23 02:59:11	The financecronjobdomainqueue POOL IS GC Now !!!!
2017-08-23 03:17:49	The autochk POOL IS GC Now !!!!
2017-08-23 03:18:10	The autodly POOL IS GC Now !!!!
2017-08-23 03:46:32	The dataquerybywhole POOL IS GC Now !!!!
2017-08-23 03:47:28	The createfile POOL IS GC Now !!!!
2017-08-23 03:47:45	The dataquerybyquicksheet POOL IS GC Now !!!!
2017-08-23 03:47:49	The autochk POOL IS GC Now !!!!
2017-08-23 03:47:51	The dataquerybysheet POOL IS GC Now !!!!
2017-08-23 03:48:07	The exportsplit POOL IS GC Now !!!!
2017-08-23 03:48:10	The autodly POOL IS GC Now !!!!
2017-08-23 03:48:29	The bgqueuedomainqueue POOL IS GC Now !!!!
2017-08-23 03:48:35	The misctaskdomainqueue POOL IS GC Now !!!!
2017-08-23 03:54:47	The inventorydepthdomainqueue POOL IS GC Now !!!!
2017-08-23 03:57:01	The financecronjob POOL IS GC Now !!!!
2017-08-23 03:57:02	The bgqueue POOL IS GC Now !!!!
2017-08-23 03:57:02	The misctask POOL IS GC Now !!!!
2017-08-23 03:57:02	The inventorydepth POOL IS GC Now !!!!
2017-08-23 03:59:11	The financecronjobdomainqueue POOL IS GC Now !!!!
2017-08-23 04:17:49	The autochk POOL IS GC Now !!!!
2017-08-23 04:18:10	The autodly POOL IS GC Now !!!!
2017-08-23 04:47:28	The createfile POOL IS GC Now !!!!
2017-08-23 04:47:45	The dataquerybyquicksheet POOL IS GC Now !!!!
2017-08-23 04:47:49	The autochk POOL IS GC Now !!!!
2017-08-23 04:47:51	The dataquerybysheet POOL IS GC Now !!!!
2017-08-23 04:48:07	The exportsplit POOL IS GC Now !!!!
2017-08-23 04:48:10	The autodly POOL IS GC Now !!!!
2017-08-23 04:48:29	The bgqueuedomainqueue POOL IS GC Now !!!!
2017-08-23 04:48:35	The misctaskdomainqueue POOL IS GC Now !!!!
2017-08-23 04:54:47	The inventorydepthdomainqueue POOL IS GC Now !!!!
2017-08-23 04:57:01	The financecronjob POOL IS GC Now !!!!
2017-08-23 04:57:02	The inventorydepth POOL IS GC Now !!!!
2017-08-23 04:57:02	The bgqueue POOL IS GC Now !!!!
2017-08-23 04:57:02	The misctask POOL IS GC Now !!!!
2017-08-23 04:59:11	The financecronjobdomainqueue POOL IS GC Now !!!!
2017-08-23 05:17:49	The autochk POOL IS GC Now !!!!
2017-08-23 05:18:10	The autodly POOL IS GC Now !!!!
2017-08-23 05:46:32	The dataquerybywhole POOL IS GC Now !!!!
2017-08-23 05:47:28	The createfile POOL IS GC Now !!!!
2017-08-23 05:47:45	The dataquerybyquicksheet POOL IS GC Now !!!!
2017-08-23 05:47:49	The autochk POOL IS GC Now !!!!
2017-08-23 05:47:51	The dataquerybysheet POOL IS GC Now !!!!
2017-08-23 05:48:07	The exportsplit POOL IS GC Now !!!!
2017-08-23 05:48:10	The autodly POOL IS GC Now !!!!
2017-08-23 05:48:29	The bgqueuedomainqueue POOL IS GC Now !!!!
2017-08-23 05:48:35	The misctaskdomainqueue POOL IS GC Now !!!!
2017-08-23 05:54:47	The inventorydepthdomainqueue POOL IS GC Now !!!!
2017-08-23 05:57:01	The financecronjob POOL IS GC Now !!!!
2017-08-23 05:57:02	The bgqueue POOL IS GC Now !!!!
2017-08-23 05:57:02	The misctask POOL IS GC Now !!!!
2017-08-23 05:57:02	The inventorydepth POOL IS GC Now !!!!
2017-08-23 05:59:11	The financecronjobdomainqueue POOL IS GC Now !!!!
2017-08-23 06:17:49	The autochk POOL IS GC Now !!!!
2017-08-23 06:18:10	The autodly POOL IS GC Now !!!!
2017-08-23 06:47:28	The createfile POOL IS GC Now !!!!
2017-08-23 06:47:45	The dataquerybyquicksheet POOL IS GC Now !!!!
2017-08-23 06:47:49	The autochk POOL IS GC Now !!!!
2017-08-23 06:47:51	The dataquerybysheet POOL IS GC Now !!!!
2017-08-23 06:48:07	The exportsplit POOL IS GC Now !!!!
2017-08-23 06:48:10	The autodly POOL IS GC Now !!!!
2017-08-23 06:48:29	The bgqueuedomainqueue POOL IS GC Now !!!!
2017-08-23 06:48:35	The misctaskdomainqueue POOL IS GC Now !!!!
2017-08-23 06:54:47	The inventorydepthdomainqueue POOL IS GC Now !!!!
2017-08-23 06:57:01	The financecronjob POOL IS GC Now !!!!
2017-08-23 06:57:02	The inventorydepth POOL IS GC Now !!!!
2017-08-23 06:57:02	The misctask POOL IS GC Now !!!!
2017-08-23 06:57:02	The bgqueue POOL IS GC Now !!!!
2017-08-23 06:59:11	The financecronjobdomainqueue POOL IS GC Now !!!!
2017-08-23 07:17:49	The autochk POOL IS GC Now !!!!
2017-08-23 07:18:10	The autodly POOL IS GC Now !!!!
2017-08-23 07:46:32	The dataquerybywhole POOL IS GC Now !!!!
2017-08-23 07:47:28	The createfile POOL IS GC Now !!!!
2017-08-23 07:47:45	The dataquerybyquicksheet POOL IS GC Now !!!!
2017-08-23 07:47:49	The autochk POOL IS GC Now !!!!
2017-08-23 07:47:51	The dataquerybysheet POOL IS GC Now !!!!
2017-08-23 07:48:07	The exportsplit POOL IS GC Now !!!!
2017-08-23 07:48:10	The autodly POOL IS GC Now !!!!
2017-08-23 07:48:29	The bgqueuedomainqueue POOL IS GC Now !!!!
2017-08-23 07:48:35	The misctaskdomainqueue POOL IS GC Now !!!!
2017-08-23 07:54:47	The inventorydepthdomainqueue POOL IS GC Now !!!!
2017-08-23 07:57:01	The financecronjob POOL IS GC Now !!!!
2017-08-23 07:57:02	The inventorydepth POOL IS GC Now !!!!
2017-08-23 07:57:02	The bgqueue POOL IS GC Now !!!!
2017-08-23 07:57:02	The misctask POOL IS GC Now !!!!
2017-08-23 07:59:11	The financecronjobdomainqueue POOL IS GC Now !!!!
2017-08-23 08:17:49	The autochk POOL IS GC Now !!!!
2017-08-23 08:18:10	The autodly POOL IS GC Now !!!!
2017-08-23 08:47:28	The createfile POOL IS GC Now !!!!
2017-08-23 08:47:45	The dataquerybyquicksheet POOL IS GC Now !!!!
2017-08-23 08:47:49	The autochk POOL IS GC Now !!!!
2017-08-23 08:47:51	The dataquerybysheet POOL IS GC Now !!!!
2017-08-23 08:48:07	The exportsplit POOL IS GC Now !!!!
2017-08-23 08:48:10	The autodly POOL IS GC Now !!!!
2017-08-23 08:48:29	The bgqueuedomainqueue POOL IS GC Now !!!!
2017-08-23 08:48:35	The misctaskdomainqueue POOL IS GC Now !!!!
2017-08-23 08:54:47	The inventorydepthdomainqueue POOL IS GC Now !!!!
2017-08-23 08:57:01	The financecronjob POOL IS GC Now !!!!
2017-08-23 08:57:02	The bgqueue POOL IS GC Now !!!!
2017-08-23 08:57:02	The misctask POOL IS GC Now !!!!
2017-08-23 08:57:02	The inventorydepth POOL IS GC Now !!!!
2017-08-23 08:59:11	The financecronjobdomainqueue POOL IS GC Now !!!!
2017-08-23 09:17:49	The autochk POOL IS GC Now !!!!
2017-08-23 09:18:10	The autodly POOL IS GC Now !!!!
2017-08-23 09:46:32	The dataquerybywhole POOL IS GC Now !!!!
2017-08-23 09:47:28	The createfile POOL IS GC Now !!!!
2017-08-23 09:47:45	The dataquerybyquicksheet POOL IS GC Now !!!!
2017-08-23 09:47:49	The autochk POOL IS GC Now !!!!
2017-08-23 09:47:51	The dataquerybysheet POOL IS GC Now !!!!
2017-08-23 09:48:07	The exportsplit POOL IS GC Now !!!!
2017-08-23 09:48:10	The autodly POOL IS GC Now !!!!
2017-08-23 09:48:30	The bgqueuedomainqueue POOL IS GC Now !!!!
2017-08-23 09:48:35	The misctaskdomainqueue POOL IS GC Now !!!!
2017-08-23 09:54:47	The inventorydepthdomainqueue POOL IS GC Now !!!!
2017-08-23 09:57:01	The financecronjob POOL IS GC Now !!!!
2017-08-23 09:57:02	The bgqueue POOL IS GC Now !!!!
2017-08-23 09:57:02	The inventorydepth POOL IS GC Now !!!!
2017-08-23 09:57:02	The misctask POOL IS GC Now !!!!
2017-08-23 09:59:11	The financecronjobdomainqueue POOL IS GC Now !!!!
2017-08-23 10:17:49	The autochk POOL IS GC Now !!!!
2017-08-23 10:18:10	The autodly POOL IS GC Now !!!!
2017-08-23 10:47:28	The createfile POOL IS GC Now !!!!
2017-08-23 10:47:45	The dataquerybyquicksheet POOL IS GC Now !!!!
2017-08-23 10:47:49	The autochk POOL IS GC Now !!!!
2017-08-23 10:47:51	The dataquerybysheet POOL IS GC Now !!!!
2017-08-23 10:48:07	The exportsplit POOL IS GC Now !!!!
2017-08-23 10:48:10	The autodly POOL IS GC Now !!!!
2017-08-23 10:48:30	The bgqueuedomainqueue POOL IS GC Now !!!!
2017-08-23 10:48:35	The misctaskdomainqueue POOL IS GC Now !!!!
2017-08-23 10:54:47	The inventorydepthdomainqueue POOL IS GC Now !!!!
2017-08-23 10:57:01	The financecronjob POOL IS GC Now !!!!
2017-08-23 10:57:02	The bgqueue POOL IS GC Now !!!!
2017-08-23 10:57:02	The misctask POOL IS GC Now !!!!
2017-08-23 10:57:02	The inventorydepth POOL IS GC Now !!!!
2017-08-23 10:59:11	The financecronjobdomainqueue POOL IS GC Now !!!!
2017-08-23 11:17:50	The autochk POOL IS GC Now !!!!
2017-08-23 11:18:10	The autodly POOL IS GC Now !!!!
2017-08-23 11:46:32	The dataquerybywhole POOL IS GC Now !!!!
2017-08-23 11:47:28	The createfile POOL IS GC Now !!!!
2017-08-23 11:47:45	The dataquerybyquicksheet POOL IS GC Now !!!!
2017-08-23 11:47:50	The autochk POOL IS GC Now !!!!
2017-08-23 11:47:51	The dataquerybysheet POOL IS GC Now !!!!
2017-08-23 11:48:07	The exportsplit POOL IS GC Now !!!!
2017-08-23 11:48:10	The autodly POOL IS GC Now !!!!
2017-08-23 11:48:30	The bgqueuedomainqueue POOL IS GC Now !!!!
2017-08-23 11:48:35	The misctaskdomainqueue POOL IS GC Now !!!!
2017-08-23 11:54:47	The inventorydepthdomainqueue POOL IS GC Now !!!!
2017-08-23 11:57:01	The financecronjob POOL IS GC Now !!!!
2017-08-23 11:57:02	The inventorydepth POOL IS GC Now !!!!
2017-08-23 11:57:02	The bgqueue POOL IS GC Now !!!!
2017-08-23 11:57:02	The misctask POOL IS GC Now !!!!
2017-08-23 11:59:11	The financecronjobdomainqueue POOL IS GC Now !!!!
2017-08-23 12:17:50	The autochk POOL IS GC Now !!!!
2017-08-23 12:18:10	The autodly POOL IS GC Now !!!!
2017-08-23 12:47:28	The createfile POOL IS GC Now !!!!
2017-08-23 12:47:45	The dataquerybyquicksheet POOL IS GC Now !!!!
2017-08-23 12:47:50	The autochk POOL IS GC Now !!!!
2017-08-23 12:47:51	The dataquerybysheet POOL IS GC Now !!!!
2017-08-23 12:48:07	The exportsplit POOL IS GC Now !!!!
2017-08-23 12:48:11	The autodly POOL IS GC Now !!!!
2017-08-23 12:48:30	The bgqueuedomainqueue POOL IS GC Now !!!!
2017-08-23 12:48:35	The misctaskdomainqueue POOL IS GC Now !!!!
2017-08-23 12:54:47	The inventorydepthdomainqueue POOL IS GC Now !!!!
2017-08-23 12:57:01	The financecronjob POOL IS GC Now !!!!
2017-08-23 12:57:02	The misctask POOL IS GC Now !!!!
2017-08-23 12:57:02	The bgqueue POOL IS GC Now !!!!
2017-08-23 12:57:02	The inventorydepth POOL IS GC Now !!!!
2017-08-23 12:59:11	The financecronjobdomainqueue POOL IS GC Now !!!!
2017-08-23 13:17:50	The autochk POOL IS GC Now !!!!
2017-08-23 13:18:11	The autodly POOL IS GC Now !!!!
2017-08-23 13:46:32	The dataquerybywhole POOL IS GC Now !!!!
2017-08-23 13:47:28	The createfile POOL IS GC Now !!!!
2017-08-23 13:47:45	The dataquerybyquicksheet POOL IS GC Now !!!!
2017-08-23 13:47:50	The autochk POOL IS GC Now !!!!
2017-08-23 13:47:51	The dataquerybysheet POOL IS GC Now !!!!
2017-08-23 13:48:07	The exportsplit POOL IS GC Now !!!!
2017-08-23 13:48:11	The autodly POOL IS GC Now !!!!
2017-08-23 13:48:30	The bgqueuedomainqueue POOL IS GC Now !!!!
2017-08-23 13:48:35	The misctaskdomainqueue POOL IS GC Now !!!!
2017-08-23 13:54:47	The inventorydepthdomainqueue POOL IS GC Now !!!!
2017-08-23 13:57:01	The financecronjob POOL IS GC Now !!!!
2017-08-23 13:57:02	The misctask POOL IS GC Now !!!!
2017-08-23 13:57:02	The inventorydepth POOL IS GC Now !!!!
2017-08-23 13:57:02	The bgqueue POOL IS GC Now !!!!
2017-08-23 13:59:11	The financecronjobdomainqueue POOL IS GC Now !!!!
2017-08-23 14:17:50	The autochk POOL IS GC Now !!!!
2017-08-23 14:18:11	The autodly POOL IS GC Now !!!!
2017-08-23 14:47:28	The createfile POOL IS GC Now !!!!
2017-08-23 14:47:45	The dataquerybyquicksheet POOL IS GC Now !!!!
2017-08-23 14:47:50	The autochk POOL IS GC Now !!!!
2017-08-23 14:47:51	The dataquerybysheet POOL IS GC Now !!!!
2017-08-23 14:48:07	The exportsplit POOL IS GC Now !!!!
2017-08-23 14:48:11	The autodly POOL IS GC Now !!!!
2017-08-23 14:48:30	The bgqueuedomainqueue POOL IS GC Now !!!!
2017-08-23 14:48:35	The misctaskdomainqueue POOL IS GC Now !!!!
2017-08-23 14:54:47	The inventorydepthdomainqueue POOL IS GC Now !!!!
2017-08-23 14:57:01	The financecronjob POOL IS GC Now !!!!
2017-08-23 14:57:02	The bgqueue POOL IS GC Now !!!!
2017-08-23 14:57:02	The misctask POOL IS GC Now !!!!
2017-08-23 14:57:02	The inventorydepth POOL IS GC Now !!!!
2017-08-23 14:59:11	The financecronjobdomainqueue POOL IS GC Now !!!!
2017-08-23 15:17:50	The autochk POOL IS GC Now !!!!
2017-08-23 15:18:11	The autodly POOL IS GC Now !!!!
2017-08-23 15:46:32	The dataquerybywhole POOL IS GC Now !!!!
2017-08-23 15:47:28	The createfile POOL IS GC Now !!!!
2017-08-23 15:47:45	The dataquerybyquicksheet POOL IS GC Now !!!!
2017-08-23 15:47:50	The autochk POOL IS GC Now !!!!
2017-08-23 15:47:51	The dataquerybysheet POOL IS GC Now !!!!
2017-08-23 15:48:07	The exportsplit POOL IS GC Now !!!!
2017-08-23 15:48:11	The autodly POOL IS GC Now !!!!
2017-08-23 15:48:30	The bgqueuedomainqueue POOL IS GC Now !!!!
2017-08-23 15:48:35	The misctaskdomainqueue POOL IS GC Now !!!!
2017-08-23 15:54:47	The inventorydepthdomainqueue POOL IS GC Now !!!!
2017-08-23 15:57:01	The financecronjob POOL IS GC Now !!!!
2017-08-23 15:57:02	The inventorydepth POOL IS GC Now !!!!
2017-08-23 15:57:02	The misctask POOL IS GC Now !!!!
2017-08-23 15:57:02	The bgqueue POOL IS GC Now !!!!
2017-08-23 15:59:11	The financecronjobdomainqueue POOL IS GC Now !!!!
2017-08-23 16:17:50	The autochk POOL IS GC Now !!!!
2017-08-23 16:18:11	The autodly POOL IS GC Now !!!!
2017-08-23 16:47:28	The createfile POOL IS GC Now !!!!
2017-08-23 16:47:45	The dataquerybyquicksheet POOL IS GC Now !!!!
2017-08-23 16:47:50	The autochk POOL IS GC Now !!!!
2017-08-23 16:47:51	The dataquerybysheet POOL IS GC Now !!!!
2017-08-23 16:48:07	The exportsplit POOL IS GC Now !!!!
2017-08-23 16:48:11	The autodly POOL IS GC Now !!!!
2017-08-23 16:48:30	The bgqueuedomainqueue POOL IS GC Now !!!!
2017-08-23 16:48:35	The misctaskdomainqueue POOL IS GC Now !!!!
2017-08-23 16:54:47	The inventorydepthdomainqueue POOL IS GC Now !!!!
2017-08-23 16:57:01	The financecronjob POOL IS GC Now !!!!
2017-08-23 16:57:02	The bgqueue POOL IS GC Now !!!!
2017-08-23 16:57:02	The inventorydepth POOL IS GC Now !!!!
2017-08-23 16:57:02	The misctask POOL IS GC Now !!!!
2017-08-23 16:59:11	The financecronjobdomainqueue POOL IS GC Now !!!!
2017-08-23 17:17:50	The autochk POOL IS GC Now !!!!
2017-08-23 17:18:11	The autodly POOL IS GC Now !!!!
2017-08-23 17:46:32	The dataquerybywhole POOL IS GC Now !!!!
2017-08-23 17:47:28	The createfile POOL IS GC Now !!!!
2017-08-23 17:47:45	The dataquerybyquicksheet POOL IS GC Now !!!!
2017-08-23 17:47:50	The autochk POOL IS GC Now !!!!
2017-08-23 17:47:51	The dataquerybysheet POOL IS GC Now !!!!
2017-08-23 17:48:07	The exportsplit POOL IS GC Now !!!!
2017-08-23 17:48:11	The autodly POOL IS GC Now !!!!
2017-08-23 17:48:30	The bgqueuedomainqueue POOL IS GC Now !!!!
2017-08-23 17:48:35	The misctaskdomainqueue POOL IS GC Now !!!!
2017-08-23 17:54:47	The inventorydepthdomainqueue POOL IS GC Now !!!!
2017-08-23 17:57:01	The financecronjob POOL IS GC Now !!!!
2017-08-23 17:57:02	The misctask POOL IS GC Now !!!!
2017-08-23 17:57:02	The inventorydepth POOL IS GC Now !!!!
2017-08-23 17:57:02	The bgqueue POOL IS GC Now !!!!
2017-08-23 17:59:11	The financecronjobdomainqueue POOL IS GC Now !!!!
2017-08-23 18:17:50	The autochk POOL IS GC Now !!!!
2017-08-23 18:18:11	The autodly POOL IS GC Now !!!!
2017-08-23 18:47:28	The createfile POOL IS GC Now !!!!
2017-08-23 18:47:45	The dataquerybyquicksheet POOL IS GC Now !!!!
2017-08-23 18:47:50	The autochk POOL IS GC Now !!!!
2017-08-23 18:47:51	The dataquerybysheet POOL IS GC Now !!!!
2017-08-23 18:48:07	The exportsplit POOL IS GC Now !!!!
2017-08-23 18:48:11	The autodly POOL IS GC Now !!!!
2017-08-23 18:48:30	The bgqueuedomainqueue POOL IS GC Now !!!!
2017-08-23 18:48:35	The misctaskdomainqueue POOL IS GC Now !!!!
2017-08-23 18:54:47	The inventorydepthdomainqueue POOL IS GC Now !!!!
2017-08-23 18:57:01	The financecronjob POOL IS GC Now !!!!
2017-08-23 18:57:02	The misctask POOL IS GC Now !!!!
2017-08-23 18:57:02	The bgqueue POOL IS GC Now !!!!
2017-08-23 18:57:02	The inventorydepth POOL IS GC Now !!!!
2017-08-23 18:59:11	The financecronjobdomainqueue POOL IS GC Now !!!!
2017-08-23 19:17:50	The autochk POOL IS GC Now !!!!
2017-08-23 19:18:11	The autodly POOL IS GC Now !!!!
2017-08-23 19:46:32	The dataquerybywhole POOL IS GC Now !!!!
2017-08-23 19:47:28	The createfile POOL IS GC Now !!!!
2017-08-23 19:47:45	The dataquerybyquicksheet POOL IS GC Now !!!!
2017-08-23 19:47:50	The autochk POOL IS GC Now !!!!
2017-08-23 19:47:51	The dataquerybysheet POOL IS GC Now !!!!
2017-08-23 19:48:07	The exportsplit POOL IS GC Now !!!!
2017-08-23 19:48:11	The autodly POOL IS GC Now !!!!
2017-08-23 19:48:30	The bgqueuedomainqueue POOL IS GC Now !!!!
2017-08-23 19:48:35	The misctaskdomainqueue POOL IS GC Now !!!!
2017-08-23 19:54:47	The inventorydepthdomainqueue POOL IS GC Now !!!!
2017-08-23 19:57:01	The financecronjob POOL IS GC Now !!!!
2017-08-23 19:57:02	The bgqueue POOL IS GC Now !!!!
2017-08-23 19:57:02	The misctask POOL IS GC Now !!!!
2017-08-23 19:57:02	The inventorydepth POOL IS GC Now !!!!
2017-08-23 19:59:11	The financecronjobdomainqueue POOL IS GC Now !!!!
2017-08-23 20:17:50	The autochk POOL IS GC Now !!!!
2017-08-23 20:18:11	The autodly POOL IS GC Now !!!!
2017-08-23 20:47:28	The createfile POOL IS GC Now !!!!
2017-08-23 20:47:45	The dataquerybyquicksheet POOL IS GC Now !!!!
2017-08-23 20:47:50	The autochk POOL IS GC Now !!!!
2017-08-23 20:47:51	The dataquerybysheet POOL IS GC Now !!!!
2017-08-23 20:48:07	The exportsplit POOL IS GC Now !!!!
2017-08-23 20:48:11	The autodly POOL IS GC Now !!!!
2017-08-23 20:48:30	The bgqueuedomainqueue POOL IS GC Now !!!!
2017-08-23 20:48:35	The misctaskdomainqueue POOL IS GC Now !!!!
2017-08-23 20:54:47	The inventorydepthdomainqueue POOL IS GC Now !!!!
2017-08-23 20:57:01	The financecronjob POOL IS GC Now !!!!
2017-08-23 20:57:02	The misctask POOL IS GC Now !!!!
2017-08-23 20:57:02	The inventorydepth POOL IS GC Now !!!!
2017-08-23 20:57:02	The bgqueue POOL IS GC Now !!!!
2017-08-23 20:59:11	The financecronjobdomainqueue POOL IS GC Now !!!!
2017-08-23 21:17:50	The autochk POOL IS GC Now !!!!
2017-08-23 21:18:11	The autodly POOL IS GC Now !!!!
2017-08-23 21:46:32	The dataquerybywhole POOL IS GC Now !!!!
2017-08-23 21:47:28	The createfile POOL IS GC Now !!!!
2017-08-23 21:47:45	The dataquerybyquicksheet POOL IS GC Now !!!!
2017-08-23 21:47:50	The autochk POOL IS GC Now !!!!
2017-08-23 21:47:51	The dataquerybysheet POOL IS GC Now !!!!
2017-08-23 21:48:07	The exportsplit POOL IS GC Now !!!!
2017-08-23 21:48:11	The autodly POOL IS GC Now !!!!
2017-08-23 21:48:30	The bgqueuedomainqueue POOL IS GC Now !!!!
2017-08-23 21:48:35	The misctaskdomainqueue POOL IS GC Now !!!!
2017-08-23 21:54:47	The inventorydepthdomainqueue POOL IS GC Now !!!!
2017-08-23 21:57:01	The financecronjob POOL IS GC Now !!!!
2017-08-23 21:57:02	The inventorydepth POOL IS GC Now !!!!
2017-08-23 21:57:02	The bgqueue POOL IS GC Now !!!!
2017-08-23 21:57:02	The misctask POOL IS GC Now !!!!
2017-08-23 21:59:11	The financecronjobdomainqueue POOL IS GC Now !!!!
2017-08-23 22:17:50	The autochk POOL IS GC Now !!!!
2017-08-23 22:18:11	The autodly POOL IS GC Now !!!!
2017-08-23 22:47:28	The createfile POOL IS GC Now !!!!
2017-08-23 22:47:45	The dataquerybyquicksheet POOL IS GC Now !!!!
2017-08-23 22:47:50	The autochk POOL IS GC Now !!!!
2017-08-23 22:47:51	The dataquerybysheet POOL IS GC Now !!!!
2017-08-23 22:48:07	The exportsplit POOL IS GC Now !!!!
2017-08-23 22:48:11	The autodly POOL IS GC Now !!!!
2017-08-23 22:48:30	The bgqueuedomainqueue POOL IS GC Now !!!!
2017-08-23 22:48:35	The misctaskdomainqueue POOL IS GC Now !!!!
2017-08-23 22:54:47	The inventorydepthdomainqueue POOL IS GC Now !!!!
2017-08-23 22:57:01	The financecronjob POOL IS GC Now !!!!
2017-08-23 22:57:02	The bgqueue POOL IS GC Now !!!!
2017-08-23 22:57:02	The misctask POOL IS GC Now !!!!
2017-08-23 22:57:02	The inventorydepth POOL IS GC Now !!!!
2017-08-23 22:59:11	The financecronjobdomainqueue POOL IS GC Now !!!!
2017-08-23 23:17:50	The autochk POOL IS GC Now !!!!
2017-08-23 23:18:11	The autodly POOL IS GC Now !!!!
2017-08-23 23:46:32	The dataquerybywhole POOL IS GC Now !!!!
2017-08-23 23:47:28	The createfile POOL IS GC Now !!!!
2017-08-23 23:47:45	The dataquerybyquicksheet POOL IS GC Now !!!!
2017-08-23 23:47:50	The autochk POOL IS GC Now !!!!
2017-08-23 23:47:51	The dataquerybysheet POOL IS GC Now !!!!
2017-08-23 23:48:07	The exportsplit POOL IS GC Now !!!!
2017-08-23 23:48:11	The autodly POOL IS GC Now !!!!
2017-08-23 23:48:30	The bgqueuedomainqueue POOL IS GC Now !!!!
2017-08-23 23:48:35	The misctaskdomainqueue POOL IS GC Now !!!!
2017-08-23 23:54:47	The inventorydepthdomainqueue POOL IS GC Now !!!!
2017-08-23 23:57:01	The financecronjob POOL IS GC Now !!!!
2017-08-23 23:57:02	The inventorydepth POOL IS GC Now !!!!
2017-08-23 23:57:02	The bgqueue POOL IS GC Now !!!!
2017-08-23 23:57:02	The misctask POOL IS GC Now !!!!
2017-08-23 23:59:11	The financecronjobdomainqueue POOL IS GC Now !!!!
