2017-08-21 00:17:49	The autochk POOL IS GC Now !!!!
2017-08-21 00:18:10	The autodly POOL IS GC Now !!!!
2017-08-21 00:47:27	The createfile POOL IS GC Now !!!!
2017-08-21 00:47:42	The dataquerybyquicksheet POOL IS GC Now !!!!
2017-08-21 00:47:49	The autochk POOL IS GC Now !!!!
2017-08-21 00:47:51	The dataquerybysheet POOL IS GC Now !!!!
2017-08-21 00:48:04	The exportsplit POOL IS GC Now !!!!
2017-08-21 00:48:10	The autodly POOL IS GC Now !!!!
2017-08-21 00:48:24	The bgqueuedomainqueue POOL IS GC Now !!!!
2017-08-21 00:48:30	The misctaskdomainqueue POOL IS GC Now !!!!
2017-08-21 00:54:47	The inventorydepthdomainqueue POOL IS GC Now !!!!
2017-08-21 00:57:01	The financecronjob POOL IS GC Now !!!!
2017-08-21 00:57:02	The bgqueue POOL IS GC Now !!!!
2017-08-21 00:57:02	The misctask POOL IS GC Now !!!!
2017-08-21 00:57:02	The inventorydepth POOL IS GC Now !!!!
2017-08-21 00:59:11	The financecronjobdomainqueue POOL IS GC Now !!!!
2017-08-21 01:17:49	The autochk POOL IS GC Now !!!!
2017-08-21 01:18:10	The autodly POOL IS GC Now !!!!
2017-08-21 01:46:32	The dataquerybywhole POOL IS GC Now !!!!
2017-08-21 01:47:27	The createfile POOL IS GC Now !!!!
2017-08-21 01:47:42	The dataquerybyquicksheet POOL IS GC Now !!!!
2017-08-21 01:47:49	The autochk POOL IS GC Now !!!!
2017-08-21 01:47:51	The dataquerybysheet POOL IS GC Now !!!!
2017-08-21 01:48:04	The exportsplit POOL IS GC Now !!!!
2017-08-21 01:48:10	The autodly POOL IS GC Now !!!!
2017-08-21 01:48:24	The bgqueuedomainqueue POOL IS GC Now !!!!
2017-08-21 01:48:30	The misctaskdomainqueue POOL IS GC Now !!!!
2017-08-21 01:54:47	The inventorydepthdomainqueue POOL IS GC Now !!!!
2017-08-21 01:57:01	The financecronjob POOL IS GC Now !!!!
2017-08-21 01:57:02	The misctask POOL IS GC Now !!!!
2017-08-21 01:57:02	The inventorydepth POOL IS GC Now !!!!
2017-08-21 01:57:02	The bgqueue POOL IS GC Now !!!!
2017-08-21 01:59:11	The financecronjobdomainqueue POOL IS GC Now !!!!
2017-08-21 02:17:49	The autochk POOL IS GC Now !!!!
2017-08-21 02:18:10	The autodly POOL IS GC Now !!!!
2017-08-21 02:47:27	The createfile POOL IS GC Now !!!!
2017-08-21 02:47:42	The dataquerybyquicksheet POOL IS GC Now !!!!
2017-08-21 02:47:49	The autochk POOL IS GC Now !!!!
2017-08-21 02:47:51	The dataquerybysheet POOL IS GC Now !!!!
2017-08-21 02:48:04	The exportsplit POOL IS GC Now !!!!
2017-08-21 02:48:10	The autodly POOL IS GC Now !!!!
2017-08-21 02:48:24	The bgqueuedomainqueue POOL IS GC Now !!!!
2017-08-21 02:48:30	The misctaskdomainqueue POOL IS GC Now !!!!
2017-08-21 02:54:47	The inventorydepthdomainqueue POOL IS GC Now !!!!
2017-08-21 02:57:01	The financecronjob POOL IS GC Now !!!!
2017-08-21 02:57:02	The inventorydepth POOL IS GC Now !!!!
2017-08-21 02:57:02	The bgqueue POOL IS GC Now !!!!
2017-08-21 02:57:02	The misctask POOL IS GC Now !!!!
2017-08-21 02:59:11	The financecronjobdomainqueue POOL IS GC Now !!!!
2017-08-21 03:17:49	The autochk POOL IS GC Now !!!!
2017-08-21 03:18:10	The autodly POOL IS GC Now !!!!
2017-08-21 03:46:32	The dataquerybywhole POOL IS GC Now !!!!
2017-08-21 03:47:27	The createfile POOL IS GC Now !!!!
2017-08-21 03:47:42	The dataquerybyquicksheet POOL IS GC Now !!!!
2017-08-21 03:47:49	The autochk POOL IS GC Now !!!!
2017-08-21 03:47:51	The dataquerybysheet POOL IS GC Now !!!!
2017-08-21 03:48:04	The exportsplit POOL IS GC Now !!!!
2017-08-21 03:48:10	The autodly POOL IS GC Now !!!!
2017-08-21 03:48:25	The bgqueuedomainqueue POOL IS GC Now !!!!
2017-08-21 03:48:30	The misctaskdomainqueue POOL IS GC Now !!!!
2017-08-21 03:54:47	The inventorydepthdomainqueue POOL IS GC Now !!!!
2017-08-21 03:57:01	The financecronjob POOL IS GC Now !!!!
2017-08-21 03:57:02	The bgqueue POOL IS GC Now !!!!
2017-08-21 03:57:02	The misctask POOL IS GC Now !!!!
2017-08-21 03:57:02	The inventorydepth POOL IS GC Now !!!!
2017-08-21 03:59:11	The financecronjobdomainqueue POOL IS GC Now !!!!
2017-08-21 04:17:49	The autochk POOL IS GC Now !!!!
2017-08-21 04:18:10	The autodly POOL IS GC Now !!!!
2017-08-21 04:47:27	The createfile POOL IS GC Now !!!!
2017-08-21 04:47:42	The dataquerybyquicksheet POOL IS GC Now !!!!
2017-08-21 04:47:49	The autochk POOL IS GC Now !!!!
2017-08-21 04:47:51	The dataquerybysheet POOL IS GC Now !!!!
2017-08-21 04:48:04	The exportsplit POOL IS GC Now !!!!
2017-08-21 04:48:10	The autodly POOL IS GC Now !!!!
2017-08-21 04:48:25	The bgqueuedomainqueue POOL IS GC Now !!!!
2017-08-21 04:48:30	The misctaskdomainqueue POOL IS GC Now !!!!
2017-08-21 04:54:47	The inventorydepthdomainqueue POOL IS GC Now !!!!
2017-08-21 04:57:01	The financecronjob POOL IS GC Now !!!!
2017-08-21 04:57:02	The inventorydepth POOL IS GC Now !!!!
2017-08-21 04:57:02	The misctask POOL IS GC Now !!!!
2017-08-21 04:57:02	The bgqueue POOL IS GC Now !!!!
2017-08-21 04:59:11	The financecronjobdomainqueue POOL IS GC Now !!!!
2017-08-21 05:17:49	The autochk POOL IS GC Now !!!!
2017-08-21 05:18:10	The autodly POOL IS GC Now !!!!
2017-08-21 05:46:32	The dataquerybywhole POOL IS GC Now !!!!
2017-08-21 05:47:27	The createfile POOL IS GC Now !!!!
2017-08-21 05:47:42	The dataquerybyquicksheet POOL IS GC Now !!!!
2017-08-21 05:47:49	The autochk POOL IS GC Now !!!!
2017-08-21 05:47:51	The dataquerybysheet POOL IS GC Now !!!!
2017-08-21 05:48:04	The exportsplit POOL IS GC Now !!!!
2017-08-21 05:48:10	The autodly POOL IS GC Now !!!!
2017-08-21 05:48:25	The bgqueuedomainqueue POOL IS GC Now !!!!
2017-08-21 05:48:30	The misctaskdomainqueue POOL IS GC Now !!!!
2017-08-21 05:54:47	The inventorydepthdomainqueue POOL IS GC Now !!!!
2017-08-21 05:57:01	The financecronjob POOL IS GC Now !!!!
2017-08-21 05:57:02	The inventorydepth POOL IS GC Now !!!!
2017-08-21 05:57:02	The bgqueue POOL IS GC Now !!!!
2017-08-21 05:57:02	The misctask POOL IS GC Now !!!!
2017-08-21 05:59:11	The financecronjobdomainqueue POOL IS GC Now !!!!
2017-08-21 06:17:49	The autochk POOL IS GC Now !!!!
2017-08-21 06:18:10	The autodly POOL IS GC Now !!!!
2017-08-21 06:47:27	The createfile POOL IS GC Now !!!!
2017-08-21 06:47:43	The dataquerybyquicksheet POOL IS GC Now !!!!
2017-08-21 06:47:49	The autochk POOL IS GC Now !!!!
2017-08-21 06:47:51	The dataquerybysheet POOL IS GC Now !!!!
2017-08-21 06:48:05	The exportsplit POOL IS GC Now !!!!
2017-08-21 06:48:10	The autodly POOL IS GC Now !!!!
2017-08-21 06:48:25	The bgqueuedomainqueue POOL IS GC Now !!!!
2017-08-21 06:48:30	The misctaskdomainqueue POOL IS GC Now !!!!
2017-08-21 06:54:47	The inventorydepthdomainqueue POOL IS GC Now !!!!
2017-08-21 06:57:01	The financecronjob POOL IS GC Now !!!!
2017-08-21 06:57:02	The bgqueue POOL IS GC Now !!!!
2017-08-21 06:57:02	The inventorydepth POOL IS GC Now !!!!
2017-08-21 06:57:02	The misctask POOL IS GC Now !!!!
2017-08-21 06:59:11	The financecronjobdomainqueue POOL IS GC Now !!!!
2017-08-21 07:17:49	The autochk POOL IS GC Now !!!!
2017-08-21 07:18:10	The autodly POOL IS GC Now !!!!
2017-08-21 07:46:32	The dataquerybywhole POOL IS GC Now !!!!
2017-08-21 07:47:27	The createfile POOL IS GC Now !!!!
2017-08-21 07:47:43	The dataquerybyquicksheet POOL IS GC Now !!!!
2017-08-21 07:47:49	The autochk POOL IS GC Now !!!!
2017-08-21 07:47:51	The dataquerybysheet POOL IS GC Now !!!!
2017-08-21 07:48:05	The exportsplit POOL IS GC Now !!!!
2017-08-21 07:48:10	The autodly POOL IS GC Now !!!!
2017-08-21 07:48:25	The bgqueuedomainqueue POOL IS GC Now !!!!
2017-08-21 07:48:30	The misctaskdomainqueue POOL IS GC Now !!!!
2017-08-21 07:54:47	The inventorydepthdomainqueue POOL IS GC Now !!!!
2017-08-21 07:57:01	The financecronjob POOL IS GC Now !!!!
2017-08-21 07:57:02	The misctask POOL IS GC Now !!!!
2017-08-21 07:57:02	The bgqueue POOL IS GC Now !!!!
2017-08-21 07:57:02	The inventorydepth POOL IS GC Now !!!!
2017-08-21 07:59:11	The financecronjobdomainqueue POOL IS GC Now !!!!
2017-08-21 08:17:49	The autochk POOL IS GC Now !!!!
2017-08-21 08:18:10	The autodly POOL IS GC Now !!!!
2017-08-21 08:47:27	The createfile POOL IS GC Now !!!!
2017-08-21 08:47:43	The dataquerybyquicksheet POOL IS GC Now !!!!
2017-08-21 08:47:49	The autochk POOL IS GC Now !!!!
2017-08-21 08:47:51	The dataquerybysheet POOL IS GC Now !!!!
2017-08-21 08:48:05	The exportsplit POOL IS GC Now !!!!
2017-08-21 08:48:10	The autodly POOL IS GC Now !!!!
2017-08-21 08:48:25	The bgqueuedomainqueue POOL IS GC Now !!!!
2017-08-21 08:48:30	The misctaskdomainqueue POOL IS GC Now !!!!
2017-08-21 08:54:47	The inventorydepthdomainqueue POOL IS GC Now !!!!
2017-08-21 08:57:01	The financecronjob POOL IS GC Now !!!!
2017-08-21 08:57:02	The misctask POOL IS GC Now !!!!
2017-08-21 08:57:02	The inventorydepth POOL IS GC Now !!!!
2017-08-21 08:57:02	The bgqueue POOL IS GC Now !!!!
2017-08-21 08:59:11	The financecronjobdomainqueue POOL IS GC Now !!!!
2017-08-21 09:17:49	The autochk POOL IS GC Now !!!!
2017-08-21 09:18:10	The autodly POOL IS GC Now !!!!
2017-08-21 09:46:32	The dataquerybywhole POOL IS GC Now !!!!
2017-08-21 09:47:27	The createfile POOL IS GC Now !!!!
2017-08-21 09:47:43	The dataquerybyquicksheet POOL IS GC Now !!!!
2017-08-21 09:47:49	The autochk POOL IS GC Now !!!!
2017-08-21 09:47:51	The dataquerybysheet POOL IS GC Now !!!!
2017-08-21 09:48:05	The exportsplit POOL IS GC Now !!!!
2017-08-21 09:48:10	The autodly POOL IS GC Now !!!!
2017-08-21 09:48:25	The bgqueuedomainqueue POOL IS GC Now !!!!
2017-08-21 09:48:30	The misctaskdomainqueue POOL IS GC Now !!!!
2017-08-21 09:54:47	The inventorydepthdomainqueue POOL IS GC Now !!!!
2017-08-21 09:57:01	The financecronjob POOL IS GC Now !!!!
2017-08-21 09:57:02	The misctask POOL IS GC Now !!!!
2017-08-21 09:57:02	The bgqueue POOL IS GC Now !!!!
2017-08-21 09:57:02	The inventorydepth POOL IS GC Now !!!!
2017-08-21 09:59:11	The financecronjobdomainqueue POOL IS GC Now !!!!
2017-08-21 10:17:49	The autochk POOL IS GC Now !!!!
2017-08-21 10:18:10	The autodly POOL IS GC Now !!!!
2017-08-21 10:47:27	The createfile POOL IS GC Now !!!!
2017-08-21 10:47:43	The dataquerybyquicksheet POOL IS GC Now !!!!
2017-08-21 10:47:49	The autochk POOL IS GC Now !!!!
2017-08-21 10:47:51	The dataquerybysheet POOL IS GC Now !!!!
2017-08-21 10:48:05	The exportsplit POOL IS GC Now !!!!
2017-08-21 10:48:10	The autodly POOL IS GC Now !!!!
2017-08-21 10:48:25	The bgqueuedomainqueue POOL IS GC Now !!!!
2017-08-21 10:48:30	The misctaskdomainqueue POOL IS GC Now !!!!
2017-08-21 10:54:47	The inventorydepthdomainqueue POOL IS GC Now !!!!
2017-08-21 10:57:01	The financecronjob POOL IS GC Now !!!!
2017-08-21 10:57:02	The bgqueue POOL IS GC Now !!!!
2017-08-21 10:57:02	The misctask POOL IS GC Now !!!!
2017-08-21 10:57:02	The inventorydepth POOL IS GC Now !!!!
2017-08-21 10:59:11	The financecronjobdomainqueue POOL IS GC Now !!!!
2017-08-21 11:17:49	The autochk POOL IS GC Now !!!!
2017-08-21 11:18:10	The autodly POOL IS GC Now !!!!
2017-08-21 11:46:32	The dataquerybywhole POOL IS GC Now !!!!
2017-08-21 11:47:27	The createfile POOL IS GC Now !!!!
2017-08-21 11:47:43	The dataquerybyquicksheet POOL IS GC Now !!!!
2017-08-21 11:47:49	The autochk POOL IS GC Now !!!!
2017-08-21 11:47:51	The dataquerybysheet POOL IS GC Now !!!!
2017-08-21 11:48:05	The exportsplit POOL IS GC Now !!!!
2017-08-21 11:48:10	The autodly POOL IS GC Now !!!!
2017-08-21 11:48:25	The bgqueuedomainqueue POOL IS GC Now !!!!
2017-08-21 11:48:30	The misctaskdomainqueue POOL IS GC Now !!!!
2017-08-21 11:54:47	The inventorydepthdomainqueue POOL IS GC Now !!!!
2017-08-21 11:57:01	The financecronjob POOL IS GC Now !!!!
2017-08-21 11:57:02	The misctask POOL IS GC Now !!!!
2017-08-21 11:57:02	The inventorydepth POOL IS GC Now !!!!
2017-08-21 11:57:02	The bgqueue POOL IS GC Now !!!!
2017-08-21 11:59:11	The financecronjobdomainqueue POOL IS GC Now !!!!
2017-08-21 12:17:49	The autochk POOL IS GC Now !!!!
2017-08-21 12:18:10	The autodly POOL IS GC Now !!!!
2017-08-21 12:47:27	The createfile POOL IS GC Now !!!!
2017-08-21 12:47:43	The dataquerybyquicksheet POOL IS GC Now !!!!
2017-08-21 12:47:49	The autochk POOL IS GC Now !!!!
2017-08-21 12:47:51	The dataquerybysheet POOL IS GC Now !!!!
2017-08-21 12:48:05	The exportsplit POOL IS GC Now !!!!
2017-08-21 12:48:10	The autodly POOL IS GC Now !!!!
2017-08-21 12:48:25	The bgqueuedomainqueue POOL IS GC Now !!!!
2017-08-21 12:48:30	The misctaskdomainqueue POOL IS GC Now !!!!
2017-08-21 12:54:47	The inventorydepthdomainqueue POOL IS GC Now !!!!
2017-08-21 12:57:01	The financecronjob POOL IS GC Now !!!!
2017-08-21 12:57:02	The misctask POOL IS GC Now !!!!
2017-08-21 12:57:02	The inventorydepth POOL IS GC Now !!!!
2017-08-21 12:57:02	The bgqueue POOL IS GC Now !!!!
2017-08-21 12:59:11	The financecronjobdomainqueue POOL IS GC Now !!!!
2017-08-21 13:17:49	The autochk POOL IS GC Now !!!!
2017-08-21 13:18:10	The autodly POOL IS GC Now !!!!
2017-08-21 13:46:32	The dataquerybywhole POOL IS GC Now !!!!
2017-08-21 13:47:27	The createfile POOL IS GC Now !!!!
2017-08-21 13:47:43	The dataquerybyquicksheet POOL IS GC Now !!!!
2017-08-21 13:47:49	The autochk POOL IS GC Now !!!!
2017-08-21 13:47:51	The dataquerybysheet POOL IS GC Now !!!!
2017-08-21 13:48:05	The exportsplit POOL IS GC Now !!!!
2017-08-21 13:48:10	The autodly POOL IS GC Now !!!!
2017-08-21 13:48:25	The bgqueuedomainqueue POOL IS GC Now !!!!
2017-08-21 13:48:30	The misctaskdomainqueue POOL IS GC Now !!!!
2017-08-21 13:54:47	The inventorydepthdomainqueue POOL IS GC Now !!!!
2017-08-21 13:57:01	The financecronjob POOL IS GC Now !!!!
2017-08-21 13:57:02	The misctask POOL IS GC Now !!!!
2017-08-21 13:57:02	The bgqueue POOL IS GC Now !!!!
2017-08-21 13:57:02	The inventorydepth POOL IS GC Now !!!!
2017-08-21 13:59:11	The financecronjobdomainqueue POOL IS GC Now !!!!
2017-08-21 14:17:49	The autochk POOL IS GC Now !!!!
2017-08-21 14:18:10	The autodly POOL IS GC Now !!!!
2017-08-21 14:47:27	The createfile POOL IS GC Now !!!!
2017-08-21 14:47:43	The dataquerybyquicksheet POOL IS GC Now !!!!
2017-08-21 14:47:49	The autochk POOL IS GC Now !!!!
2017-08-21 14:47:51	The dataquerybysheet POOL IS GC Now !!!!
2017-08-21 14:48:05	The exportsplit POOL IS GC Now !!!!
2017-08-21 14:48:10	The autodly POOL IS GC Now !!!!
2017-08-21 14:48:25	The bgqueuedomainqueue POOL IS GC Now !!!!
2017-08-21 14:48:30	The misctaskdomainqueue POOL IS GC Now !!!!
2017-08-21 14:54:47	The inventorydepthdomainqueue POOL IS GC Now !!!!
2017-08-21 14:57:01	The financecronjob POOL IS GC Now !!!!
2017-08-21 14:57:02	The bgqueue POOL IS GC Now !!!!
2017-08-21 14:57:02	The inventorydepth POOL IS GC Now !!!!
2017-08-21 14:57:02	The misctask POOL IS GC Now !!!!
2017-08-21 14:59:11	The financecronjobdomainqueue POOL IS GC Now !!!!
2017-08-21 15:17:49	The autochk POOL IS GC Now !!!!
2017-08-21 15:18:10	The autodly POOL IS GC Now !!!!
2017-08-21 15:46:32	The dataquerybywhole POOL IS GC Now !!!!
2017-08-21 15:47:27	The createfile POOL IS GC Now !!!!
2017-08-21 15:47:43	The dataquerybyquicksheet POOL IS GC Now !!!!
2017-08-21 15:47:49	The autochk POOL IS GC Now !!!!
2017-08-21 15:47:51	The dataquerybysheet POOL IS GC Now !!!!
2017-08-21 15:48:05	The exportsplit POOL IS GC Now !!!!
2017-08-21 15:48:10	The autodly POOL IS GC Now !!!!
2017-08-21 15:48:25	The bgqueuedomainqueue POOL IS GC Now !!!!
2017-08-21 15:48:30	The misctaskdomainqueue POOL IS GC Now !!!!
2017-08-21 15:54:47	The inventorydepthdomainqueue POOL IS GC Now !!!!
2017-08-21 15:57:01	The financecronjob POOL IS GC Now !!!!
2017-08-21 15:57:02	The bgqueue POOL IS GC Now !!!!
2017-08-21 15:57:02	The inventorydepth POOL IS GC Now !!!!
2017-08-21 15:57:02	The misctask POOL IS GC Now !!!!
2017-08-21 15:59:11	The financecronjobdomainqueue POOL IS GC Now !!!!
2017-08-21 16:17:49	The autochk POOL IS GC Now !!!!
2017-08-21 16:18:10	The autodly POOL IS GC Now !!!!
2017-08-21 16:47:27	The createfile POOL IS GC Now !!!!
2017-08-21 16:47:43	The dataquerybyquicksheet POOL IS GC Now !!!!
2017-08-21 16:47:49	The autochk POOL IS GC Now !!!!
2017-08-21 16:47:51	The dataquerybysheet POOL IS GC Now !!!!
2017-08-21 16:48:05	The exportsplit POOL IS GC Now !!!!
2017-08-21 16:48:10	The autodly POOL IS GC Now !!!!
2017-08-21 16:48:25	The bgqueuedomainqueue POOL IS GC Now !!!!
2017-08-21 16:48:30	The misctaskdomainqueue POOL IS GC Now !!!!
2017-08-21 16:54:47	The inventorydepthdomainqueue POOL IS GC Now !!!!
2017-08-21 16:57:01	The financecronjob POOL IS GC Now !!!!
2017-08-21 16:57:02	The inventorydepth POOL IS GC Now !!!!
2017-08-21 16:57:02	The bgqueue POOL IS GC Now !!!!
2017-08-21 16:57:02	The misctask POOL IS GC Now !!!!
2017-08-21 16:59:11	The financecronjobdomainqueue POOL IS GC Now !!!!
2017-08-21 17:17:49	The autochk POOL IS GC Now !!!!
2017-08-21 17:18:10	The autodly POOL IS GC Now !!!!
2017-08-21 17:46:32	The dataquerybywhole POOL IS GC Now !!!!
2017-08-21 17:47:27	The createfile POOL IS GC Now !!!!
2017-08-21 17:47:43	The dataquerybyquicksheet POOL IS GC Now !!!!
2017-08-21 17:47:49	The autochk POOL IS GC Now !!!!
2017-08-21 17:47:51	The dataquerybysheet POOL IS GC Now !!!!
2017-08-21 17:48:05	The exportsplit POOL IS GC Now !!!!
2017-08-21 17:48:10	The autodly POOL IS GC Now !!!!
2017-08-21 17:48:25	The bgqueuedomainqueue POOL IS GC Now !!!!
2017-08-21 17:48:30	The misctaskdomainqueue POOL IS GC Now !!!!
2017-08-21 17:54:47	The inventorydepthdomainqueue POOL IS GC Now !!!!
2017-08-21 17:57:01	The financecronjob POOL IS GC Now !!!!
2017-08-21 17:57:02	The bgqueue POOL IS GC Now !!!!
2017-08-21 17:57:02	The misctask POOL IS GC Now !!!!
2017-08-21 17:57:02	The inventorydepth POOL IS GC Now !!!!
2017-08-21 17:59:11	The financecronjobdomainqueue POOL IS GC Now !!!!
2017-08-21 18:17:49	The autochk POOL IS GC Now !!!!
2017-08-21 18:18:10	The autodly POOL IS GC Now !!!!
2017-08-21 18:47:27	The createfile POOL IS GC Now !!!!
2017-08-21 18:47:43	The dataquerybyquicksheet POOL IS GC Now !!!!
2017-08-21 18:47:49	The autochk POOL IS GC Now !!!!
2017-08-21 18:47:51	The dataquerybysheet POOL IS GC Now !!!!
2017-08-21 18:48:05	The exportsplit POOL IS GC Now !!!!
2017-08-21 18:48:10	The autodly POOL IS GC Now !!!!
2017-08-21 18:48:25	The bgqueuedomainqueue POOL IS GC Now !!!!
2017-08-21 18:48:30	The misctaskdomainqueue POOL IS GC Now !!!!
2017-08-21 18:54:47	The inventorydepthdomainqueue POOL IS GC Now !!!!
2017-08-21 18:57:01	The financecronjob POOL IS GC Now !!!!
2017-08-21 18:57:02	The misctask POOL IS GC Now !!!!
2017-08-21 18:57:02	The inventorydepth POOL IS GC Now !!!!
2017-08-21 18:57:02	The bgqueue POOL IS GC Now !!!!
2017-08-21 18:59:11	The financecronjobdomainqueue POOL IS GC Now !!!!
2017-08-21 19:17:49	The autochk POOL IS GC Now !!!!
2017-08-21 19:18:10	The autodly POOL IS GC Now !!!!
2017-08-21 19:46:32	The dataquerybywhole POOL IS GC Now !!!!
2017-08-21 19:47:27	The createfile POOL IS GC Now !!!!
2017-08-21 19:47:43	The dataquerybyquicksheet POOL IS GC Now !!!!
2017-08-21 19:47:49	The autochk POOL IS GC Now !!!!
2017-08-21 19:47:51	The dataquerybysheet POOL IS GC Now !!!!
2017-08-21 19:48:05	The exportsplit POOL IS GC Now !!!!
2017-08-21 19:48:10	The autodly POOL IS GC Now !!!!
2017-08-21 19:48:25	The bgqueuedomainqueue POOL IS GC Now !!!!
2017-08-21 19:48:30	The misctaskdomainqueue POOL IS GC Now !!!!
2017-08-21 19:54:47	The inventorydepthdomainqueue POOL IS GC Now !!!!
2017-08-21 19:57:01	The financecronjob POOL IS GC Now !!!!
2017-08-21 19:57:02	The inventorydepth POOL IS GC Now !!!!
2017-08-21 19:57:02	The bgqueue POOL IS GC Now !!!!
2017-08-21 19:57:02	The misctask POOL IS GC Now !!!!
2017-08-21 19:59:11	The financecronjobdomainqueue POOL IS GC Now !!!!
2017-08-21 20:17:49	The autochk POOL IS GC Now !!!!
2017-08-21 20:18:10	The autodly POOL IS GC Now !!!!
2017-08-21 20:47:27	The createfile POOL IS GC Now !!!!
2017-08-21 20:47:43	The dataquerybyquicksheet POOL IS GC Now !!!!
2017-08-21 20:47:49	The autochk POOL IS GC Now !!!!
2017-08-21 20:47:51	The dataquerybysheet POOL IS GC Now !!!!
2017-08-21 20:48:05	The exportsplit POOL IS GC Now !!!!
2017-08-21 20:48:10	The autodly POOL IS GC Now !!!!
2017-08-21 20:48:25	The bgqueuedomainqueue POOL IS GC Now !!!!
2017-08-21 20:48:30	The misctaskdomainqueue POOL IS GC Now !!!!
2017-08-21 20:54:47	The inventorydepthdomainqueue POOL IS GC Now !!!!
2017-08-21 20:57:01	The financecronjob POOL IS GC Now !!!!
2017-08-21 20:57:02	The inventorydepth POOL IS GC Now !!!!
2017-08-21 20:57:02	The bgqueue POOL IS GC Now !!!!
2017-08-21 20:57:02	The misctask POOL IS GC Now !!!!
2017-08-21 20:59:11	The financecronjobdomainqueue POOL IS GC Now !!!!
2017-08-21 21:17:49	The autochk POOL IS GC Now !!!!
2017-08-21 21:18:10	The autodly POOL IS GC Now !!!!
2017-08-21 21:46:32	The dataquerybywhole POOL IS GC Now !!!!
2017-08-21 21:47:27	The createfile POOL IS GC Now !!!!
2017-08-21 21:47:43	The dataquerybyquicksheet POOL IS GC Now !!!!
2017-08-21 21:47:49	The autochk POOL IS GC Now !!!!
2017-08-21 21:47:51	The dataquerybysheet POOL IS GC Now !!!!
2017-08-21 21:48:05	The exportsplit POOL IS GC Now !!!!
2017-08-21 21:48:10	The autodly POOL IS GC Now !!!!
2017-08-21 21:48:25	The bgqueuedomainqueue POOL IS GC Now !!!!
2017-08-21 21:48:30	The misctaskdomainqueue POOL IS GC Now !!!!
2017-08-21 21:54:47	The inventorydepthdomainqueue POOL IS GC Now !!!!
2017-08-21 21:57:01	The financecronjob POOL IS GC Now !!!!
2017-08-21 21:57:02	The bgqueue POOL IS GC Now !!!!
2017-08-21 21:57:02	The inventorydepth POOL IS GC Now !!!!
2017-08-21 21:57:02	The misctask POOL IS GC Now !!!!
2017-08-21 21:59:11	The financecronjobdomainqueue POOL IS GC Now !!!!
2017-08-21 22:17:49	The autochk POOL IS GC Now !!!!
2017-08-21 22:18:10	The autodly POOL IS GC Now !!!!
2017-08-21 22:47:27	The createfile POOL IS GC Now !!!!
2017-08-21 22:47:43	The dataquerybyquicksheet POOL IS GC Now !!!!
2017-08-21 22:47:49	The autochk POOL IS GC Now !!!!
2017-08-21 22:47:51	The dataquerybysheet POOL IS GC Now !!!!
2017-08-21 22:48:05	The exportsplit POOL IS GC Now !!!!
2017-08-21 22:48:10	The autodly POOL IS GC Now !!!!
2017-08-21 22:48:25	The bgqueuedomainqueue POOL IS GC Now !!!!
2017-08-21 22:48:30	The misctaskdomainqueue POOL IS GC Now !!!!
2017-08-21 22:54:47	The inventorydepthdomainqueue POOL IS GC Now !!!!
2017-08-21 22:57:01	The financecronjob POOL IS GC Now !!!!
2017-08-21 22:57:02	The misctask POOL IS GC Now !!!!
2017-08-21 22:57:02	The inventorydepth POOL IS GC Now !!!!
2017-08-21 22:57:02	The bgqueue POOL IS GC Now !!!!
2017-08-21 22:59:11	The financecronjobdomainqueue POOL IS GC Now !!!!
2017-08-21 23:17:49	The autochk POOL IS GC Now !!!!
2017-08-21 23:18:10	The autodly POOL IS GC Now !!!!
2017-08-21 23:46:32	The dataquerybywhole POOL IS GC Now !!!!
2017-08-21 23:47:27	The createfile POOL IS GC Now !!!!
2017-08-21 23:47:43	The dataquerybyquicksheet POOL IS GC Now !!!!
2017-08-21 23:47:49	The autochk POOL IS GC Now !!!!
2017-08-21 23:47:51	The dataquerybysheet POOL IS GC Now !!!!
2017-08-21 23:48:05	The exportsplit POOL IS GC Now !!!!
2017-08-21 23:48:10	The autodly POOL IS GC Now !!!!
2017-08-21 23:48:25	The bgqueuedomainqueue POOL IS GC Now !!!!
2017-08-21 23:48:31	The misctaskdomainqueue POOL IS GC Now !!!!
2017-08-21 23:54:47	The inventorydepthdomainqueue POOL IS GC Now !!!!
2017-08-21 23:57:01	The financecronjob POOL IS GC Now !!!!
2017-08-21 23:57:02	The inventorydepth POOL IS GC Now !!!!
2017-08-21 23:57:02	The bgqueue POOL IS GC Now !!!!
2017-08-21 23:57:02	The misctask POOL IS GC Now !!!!
2017-08-21 23:59:11	The financecronjobdomainqueue POOL IS GC Now !!!!
