2016-07-17 00:12:31	The autodly POOL IS GC Now !!!!
2016-07-17 00:13:45	The autochk POOL IS GC Now !!!!
2016-07-17 00:36:01	The financecronjob POOL IS GC Now !!!!
2016-07-17 00:36:02	The misctask POOL IS GC Now !!!!
2016-07-17 00:36:04	The inventorydepth POOL IS GC Now !!!!
2016-07-17 00:36:04	The bgqueue POOL IS GC Now !!!!
2016-07-17 00:40:47	The financecronjobdomainqueue POOL IS GC Now !!!!
2016-07-17 00:40:58	The inventorydepthdomainqueue POOL IS GC Now !!!!
2016-07-17 00:41:07	The bgqueuedomainqueue POOL IS GC Now !!!!
2016-07-17 00:41:18	The dataquerybysheet POOL IS GC Now !!!!
2016-07-17 00:41:23	The misctaskdomainqueue POOL IS GC Now !!!!
2016-07-17 00:42:01	The exportsplit POOL IS GC Now !!!!
2016-07-17 00:42:18	The dataquerybyquicksheet POOL IS GC Now !!!!
2016-07-17 00:42:31	The autodly POOL IS GC Now !!!!
2016-07-17 00:42:39	The createfile POOL IS GC Now !!!!
2016-07-17 00:43:45	The autochk POOL IS GC Now !!!!
2016-07-17 01:12:31	The autodly POOL IS GC Now !!!!
2016-07-17 01:13:45	The autochk POOL IS GC Now !!!!
2016-07-17 01:36:01	The financecronjob POOL IS GC Now !!!!
2016-07-17 01:36:02	The misctask POOL IS GC Now !!!!
2016-07-17 01:36:04	The inventorydepth POOL IS GC Now !!!!
2016-07-17 01:36:04	The bgqueue POOL IS GC Now !!!!
2016-07-17 01:40:47	The financecronjobdomainqueue POOL IS GC Now !!!!
2016-07-17 01:40:58	The inventorydepthdomainqueue POOL IS GC Now !!!!
2016-07-17 01:41:07	The bgqueuedomainqueue POOL IS GC Now !!!!
2016-07-17 01:41:18	The dataquerybysheet POOL IS GC Now !!!!
2016-07-17 01:41:18	The dataquerybywhole POOL IS GC Now !!!!
2016-07-17 01:41:23	The misctaskdomainqueue POOL IS GC Now !!!!
2016-07-17 01:42:01	The exportsplit POOL IS GC Now !!!!
2016-07-17 01:42:18	The dataquerybyquicksheet POOL IS GC Now !!!!
2016-07-17 01:42:31	The autodly POOL IS GC Now !!!!
2016-07-17 01:42:39	The createfile POOL IS GC Now !!!!
2016-07-17 01:43:45	The autochk POOL IS GC Now !!!!
2016-07-17 02:12:31	The autodly POOL IS GC Now !!!!
2016-07-17 02:13:45	The autochk POOL IS GC Now !!!!
2016-07-17 02:36:01	The financecronjob POOL IS GC Now !!!!
2016-07-17 02:36:02	The misctask POOL IS GC Now !!!!
2016-07-17 02:36:04	The inventorydepth POOL IS GC Now !!!!
2016-07-17 02:36:04	The bgqueue POOL IS GC Now !!!!
2016-07-17 02:40:47	The financecronjobdomainqueue POOL IS GC Now !!!!
2016-07-17 02:40:58	The inventorydepthdomainqueue POOL IS GC Now !!!!
2016-07-17 02:41:07	The bgqueuedomainqueue POOL IS GC Now !!!!
2016-07-17 02:41:18	The dataquerybysheet POOL IS GC Now !!!!
2016-07-17 02:41:23	The misctaskdomainqueue POOL IS GC Now !!!!
2016-07-17 02:42:01	The exportsplit POOL IS GC Now !!!!
2016-07-17 02:42:18	The dataquerybyquicksheet POOL IS GC Now !!!!
2016-07-17 02:42:31	The autodly POOL IS GC Now !!!!
2016-07-17 02:42:39	The createfile POOL IS GC Now !!!!
2016-07-17 02:43:45	The autochk POOL IS GC Now !!!!
2016-07-17 03:12:31	The autodly POOL IS GC Now !!!!
2016-07-17 03:13:45	The autochk POOL IS GC Now !!!!
2016-07-17 03:36:01	The financecronjob POOL IS GC Now !!!!
2016-07-17 03:36:02	The misctask POOL IS GC Now !!!!
2016-07-17 03:36:04	The bgqueue POOL IS GC Now !!!!
2016-07-17 03:36:04	The inventorydepth POOL IS GC Now !!!!
2016-07-17 03:40:47	The financecronjobdomainqueue POOL IS GC Now !!!!
2016-07-17 03:40:58	The inventorydepthdomainqueue POOL IS GC Now !!!!
2016-07-17 03:41:07	The bgqueuedomainqueue POOL IS GC Now !!!!
2016-07-17 03:41:18	The dataquerybysheet POOL IS GC Now !!!!
2016-07-17 03:41:18	The dataquerybywhole POOL IS GC Now !!!!
2016-07-17 03:41:23	The misctaskdomainqueue POOL IS GC Now !!!!
2016-07-17 03:42:01	The exportsplit POOL IS GC Now !!!!
2016-07-17 03:42:18	The dataquerybyquicksheet POOL IS GC Now !!!!
2016-07-17 03:42:31	The autodly POOL IS GC Now !!!!
2016-07-17 03:42:39	The createfile POOL IS GC Now !!!!
2016-07-17 03:43:45	The autochk POOL IS GC Now !!!!
2016-07-17 04:12:31	The autodly POOL IS GC Now !!!!
2016-07-17 04:13:45	The autochk POOL IS GC Now !!!!
2016-07-17 04:36:01	The financecronjob POOL IS GC Now !!!!
2016-07-17 04:36:02	The misctask POOL IS GC Now !!!!
2016-07-17 04:36:04	The bgqueue POOL IS GC Now !!!!
2016-07-17 04:36:04	The inventorydepth POOL IS GC Now !!!!
2016-07-17 04:40:47	The financecronjobdomainqueue POOL IS GC Now !!!!
2016-07-17 04:40:58	The inventorydepthdomainqueue POOL IS GC Now !!!!
2016-07-17 04:41:07	The bgqueuedomainqueue POOL IS GC Now !!!!
2016-07-17 04:41:18	The dataquerybysheet POOL IS GC Now !!!!
2016-07-17 04:41:23	The misctaskdomainqueue POOL IS GC Now !!!!
2016-07-17 04:42:01	The exportsplit POOL IS GC Now !!!!
2016-07-17 04:42:18	The dataquerybyquicksheet POOL IS GC Now !!!!
2016-07-17 04:42:31	The autodly POOL IS GC Now !!!!
2016-07-17 04:42:39	The createfile POOL IS GC Now !!!!
2016-07-17 04:43:45	The autochk POOL IS GC Now !!!!
2016-07-17 05:12:31	The autodly POOL IS GC Now !!!!
2016-07-17 05:13:45	The autochk POOL IS GC Now !!!!
2016-07-17 05:36:01	The financecronjob POOL IS GC Now !!!!
2016-07-17 05:36:02	The misctask POOL IS GC Now !!!!
2016-07-17 05:36:04	The bgqueue POOL IS GC Now !!!!
2016-07-17 05:36:04	The inventorydepth POOL IS GC Now !!!!
2016-07-17 05:40:47	The financecronjobdomainqueue POOL IS GC Now !!!!
2016-07-17 05:40:58	The inventorydepthdomainqueue POOL IS GC Now !!!!
2016-07-17 05:41:07	The bgqueuedomainqueue POOL IS GC Now !!!!
2016-07-17 05:41:18	The dataquerybysheet POOL IS GC Now !!!!
2016-07-17 05:41:19	The dataquerybywhole POOL IS GC Now !!!!
2016-07-17 05:41:23	The misctaskdomainqueue POOL IS GC Now !!!!
2016-07-17 05:42:01	The exportsplit POOL IS GC Now !!!!
2016-07-17 05:42:18	The dataquerybyquicksheet POOL IS GC Now !!!!
2016-07-17 05:42:31	The autodly POOL IS GC Now !!!!
2016-07-17 05:42:39	The createfile POOL IS GC Now !!!!
2016-07-17 05:43:45	The autochk POOL IS GC Now !!!!
2016-07-17 06:12:31	The autodly POOL IS GC Now !!!!
2016-07-17 06:13:45	The autochk POOL IS GC Now !!!!
2016-07-17 06:36:01	The financecronjob POOL IS GC Now !!!!
2016-07-17 06:36:02	The misctask POOL IS GC Now !!!!
2016-07-17 06:36:04	The bgqueue POOL IS GC Now !!!!
2016-07-17 06:36:04	The inventorydepth POOL IS GC Now !!!!
2016-07-17 06:40:47	The financecronjobdomainqueue POOL IS GC Now !!!!
2016-07-17 06:40:58	The inventorydepthdomainqueue POOL IS GC Now !!!!
2016-07-17 06:41:07	The bgqueuedomainqueue POOL IS GC Now !!!!
2016-07-17 06:41:18	The dataquerybysheet POOL IS GC Now !!!!
2016-07-17 06:41:24	The misctaskdomainqueue POOL IS GC Now !!!!
2016-07-17 06:42:01	The exportsplit POOL IS GC Now !!!!
2016-07-17 06:42:18	The dataquerybyquicksheet POOL IS GC Now !!!!
2016-07-17 06:42:31	The autodly POOL IS GC Now !!!!
2016-07-17 06:42:39	The createfile POOL IS GC Now !!!!
2016-07-17 06:43:45	The autochk POOL IS GC Now !!!!
2016-07-17 07:12:31	The autodly POOL IS GC Now !!!!
2016-07-17 07:13:45	The autochk POOL IS GC Now !!!!
2016-07-17 07:36:01	The financecronjob POOL IS GC Now !!!!
2016-07-17 07:36:02	The misctask POOL IS GC Now !!!!
2016-07-17 07:36:04	The inventorydepth POOL IS GC Now !!!!
2016-07-17 07:36:04	The bgqueue POOL IS GC Now !!!!
2016-07-17 07:40:47	The financecronjobdomainqueue POOL IS GC Now !!!!
2016-07-17 07:40:58	The inventorydepthdomainqueue POOL IS GC Now !!!!
2016-07-17 07:41:07	The bgqueuedomainqueue POOL IS GC Now !!!!
2016-07-17 07:41:19	The dataquerybywhole POOL IS GC Now !!!!
2016-07-17 07:41:19	The dataquerybysheet POOL IS GC Now !!!!
2016-07-17 07:41:24	The misctaskdomainqueue POOL IS GC Now !!!!
2016-07-17 07:42:01	The exportsplit POOL IS GC Now !!!!
2016-07-17 07:42:18	The dataquerybyquicksheet POOL IS GC Now !!!!
2016-07-17 07:42:31	The autodly POOL IS GC Now !!!!
2016-07-17 07:42:39	The createfile POOL IS GC Now !!!!
2016-07-17 07:43:45	The autochk POOL IS GC Now !!!!
2016-07-17 08:12:31	The autodly POOL IS GC Now !!!!
2016-07-17 08:13:45	The autochk POOL IS GC Now !!!!
2016-07-17 08:36:01	The financecronjob POOL IS GC Now !!!!
2016-07-17 08:36:02	The misctask POOL IS GC Now !!!!
2016-07-17 08:36:04	The bgqueue POOL IS GC Now !!!!
2016-07-17 08:36:04	The inventorydepth POOL IS GC Now !!!!
2016-07-17 08:40:47	The financecronjobdomainqueue POOL IS GC Now !!!!
2016-07-17 08:40:58	The inventorydepthdomainqueue POOL IS GC Now !!!!
2016-07-17 08:41:07	The bgqueuedomainqueue POOL IS GC Now !!!!
2016-07-17 08:41:19	The dataquerybysheet POOL IS GC Now !!!!
2016-07-17 08:41:24	The misctaskdomainqueue POOL IS GC Now !!!!
2016-07-17 08:42:01	The exportsplit POOL IS GC Now !!!!
2016-07-17 08:42:18	The dataquerybyquicksheet POOL IS GC Now !!!!
2016-07-17 08:42:31	The autodly POOL IS GC Now !!!!
2016-07-17 08:42:39	The createfile POOL IS GC Now !!!!
2016-07-17 08:43:45	The autochk POOL IS GC Now !!!!
2016-07-17 09:12:31	The autodly POOL IS GC Now !!!!
2016-07-17 09:13:45	The autochk POOL IS GC Now !!!!
2016-07-17 09:36:01	The financecronjob POOL IS GC Now !!!!
2016-07-17 09:36:02	The misctask POOL IS GC Now !!!!
2016-07-17 09:36:04	The inventorydepth POOL IS GC Now !!!!
2016-07-17 09:36:04	The bgqueue POOL IS GC Now !!!!
2016-07-17 09:40:47	The financecronjobdomainqueue POOL IS GC Now !!!!
2016-07-17 09:40:58	The inventorydepthdomainqueue POOL IS GC Now !!!!
2016-07-17 09:41:07	The bgqueuedomainqueue POOL IS GC Now !!!!
2016-07-17 09:41:19	The dataquerybywhole POOL IS GC Now !!!!
2016-07-17 09:41:19	The dataquerybysheet POOL IS GC Now !!!!
2016-07-17 09:41:24	The misctaskdomainqueue POOL IS GC Now !!!!
2016-07-17 09:42:01	The exportsplit POOL IS GC Now !!!!
2016-07-17 09:42:18	The dataquerybyquicksheet POOL IS GC Now !!!!
2016-07-17 09:42:31	The autodly POOL IS GC Now !!!!
2016-07-17 09:42:39	The createfile POOL IS GC Now !!!!
2016-07-17 09:43:45	The autochk POOL IS GC Now !!!!
2016-07-17 10:12:31	The autodly POOL IS GC Now !!!!
2016-07-17 10:13:45	The autochk POOL IS GC Now !!!!
2016-07-17 10:36:01	The financecronjob POOL IS GC Now !!!!
2016-07-17 10:36:02	The misctask POOL IS GC Now !!!!
2016-07-17 10:36:04	The bgqueue POOL IS GC Now !!!!
2016-07-17 10:36:04	The inventorydepth POOL IS GC Now !!!!
2016-07-17 10:40:47	The financecronjobdomainqueue POOL IS GC Now !!!!
2016-07-17 10:40:58	The inventorydepthdomainqueue POOL IS GC Now !!!!
2016-07-17 10:41:07	The bgqueuedomainqueue POOL IS GC Now !!!!
2016-07-17 10:41:19	The dataquerybysheet POOL IS GC Now !!!!
2016-07-17 10:41:24	The misctaskdomainqueue POOL IS GC Now !!!!
2016-07-17 10:42:01	The exportsplit POOL IS GC Now !!!!
2016-07-17 10:42:18	The dataquerybyquicksheet POOL IS GC Now !!!!
2016-07-17 10:42:31	The autodly POOL IS GC Now !!!!
2016-07-17 10:42:39	The createfile POOL IS GC Now !!!!
2016-07-17 10:43:45	The autochk POOL IS GC Now !!!!
2016-07-17 11:12:31	The autodly POOL IS GC Now !!!!
2016-07-17 11:13:45	The autochk POOL IS GC Now !!!!
2016-07-17 11:36:01	The financecronjob POOL IS GC Now !!!!
2016-07-17 11:36:02	The misctask POOL IS GC Now !!!!
2016-07-17 11:36:04	The inventorydepth POOL IS GC Now !!!!
2016-07-17 11:36:04	The bgqueue POOL IS GC Now !!!!
2016-07-17 11:40:47	The financecronjobdomainqueue POOL IS GC Now !!!!
2016-07-17 11:40:58	The inventorydepthdomainqueue POOL IS GC Now !!!!
2016-07-17 11:41:07	The bgqueuedomainqueue POOL IS GC Now !!!!
2016-07-17 11:41:19	The dataquerybywhole POOL IS GC Now !!!!
2016-07-17 11:41:19	The dataquerybysheet POOL IS GC Now !!!!
2016-07-17 11:41:24	The misctaskdomainqueue POOL IS GC Now !!!!
2016-07-17 11:42:01	The exportsplit POOL IS GC Now !!!!
2016-07-17 11:42:18	The dataquerybyquicksheet POOL IS GC Now !!!!
2016-07-17 11:42:31	The autodly POOL IS GC Now !!!!
2016-07-17 11:42:39	The createfile POOL IS GC Now !!!!
2016-07-17 11:43:45	The autochk POOL IS GC Now !!!!
2016-07-17 12:12:31	The autodly POOL IS GC Now !!!!
2016-07-17 12:13:45	The autochk POOL IS GC Now !!!!
2016-07-17 12:36:01	The financecronjob POOL IS GC Now !!!!
2016-07-17 12:36:02	The misctask POOL IS GC Now !!!!
2016-07-17 12:36:04	The inventorydepth POOL IS GC Now !!!!
2016-07-17 12:36:04	The bgqueue POOL IS GC Now !!!!
2016-07-17 12:40:47	The financecronjobdomainqueue POOL IS GC Now !!!!
2016-07-17 12:40:58	The inventorydepthdomainqueue POOL IS GC Now !!!!
2016-07-17 12:41:07	The bgqueuedomainqueue POOL IS GC Now !!!!
2016-07-17 12:41:19	The dataquerybysheet POOL IS GC Now !!!!
2016-07-17 12:41:24	The misctaskdomainqueue POOL IS GC Now !!!!
2016-07-17 12:42:01	The exportsplit POOL IS GC Now !!!!
2016-07-17 12:42:18	The dataquerybyquicksheet POOL IS GC Now !!!!
2016-07-17 12:42:31	The autodly POOL IS GC Now !!!!
2016-07-17 12:42:39	The createfile POOL IS GC Now !!!!
2016-07-17 12:43:45	The autochk POOL IS GC Now !!!!
2016-07-17 13:12:31	The autodly POOL IS GC Now !!!!
2016-07-17 13:13:45	The autochk POOL IS GC Now !!!!
2016-07-17 13:36:01	The financecronjob POOL IS GC Now !!!!
2016-07-17 13:36:02	The misctask POOL IS GC Now !!!!
2016-07-17 13:36:04	The bgqueue POOL IS GC Now !!!!
2016-07-17 13:36:04	The inventorydepth POOL IS GC Now !!!!
2016-07-17 13:40:47	The financecronjobdomainqueue POOL IS GC Now !!!!
2016-07-17 13:40:58	The inventorydepthdomainqueue POOL IS GC Now !!!!
2016-07-17 13:41:07	The bgqueuedomainqueue POOL IS GC Now !!!!
2016-07-17 13:41:19	The dataquerybysheet POOL IS GC Now !!!!
2016-07-17 13:41:19	The dataquerybywhole POOL IS GC Now !!!!
2016-07-17 13:41:24	The misctaskdomainqueue POOL IS GC Now !!!!
2016-07-17 13:42:01	The exportsplit POOL IS GC Now !!!!
2016-07-17 13:42:18	The dataquerybyquicksheet POOL IS GC Now !!!!
2016-07-17 13:42:31	The autodly POOL IS GC Now !!!!
2016-07-17 13:42:39	The createfile POOL IS GC Now !!!!
2016-07-17 13:43:45	The autochk POOL IS GC Now !!!!
2016-07-17 14:12:31	The autodly POOL IS GC Now !!!!
2016-07-17 14:13:45	The autochk POOL IS GC Now !!!!
2016-07-17 14:36:01	The financecronjob POOL IS GC Now !!!!
2016-07-17 14:36:02	The misctask POOL IS GC Now !!!!
2016-07-17 14:36:04	The inventorydepth POOL IS GC Now !!!!
2016-07-17 14:36:04	The bgqueue POOL IS GC Now !!!!
2016-07-17 14:40:47	The financecronjobdomainqueue POOL IS GC Now !!!!
2016-07-17 14:40:58	The inventorydepthdomainqueue POOL IS GC Now !!!!
2016-07-17 14:41:07	The bgqueuedomainqueue POOL IS GC Now !!!!
2016-07-17 14:41:19	The dataquerybysheet POOL IS GC Now !!!!
2016-07-17 14:41:24	The misctaskdomainqueue POOL IS GC Now !!!!
2016-07-17 14:42:01	The exportsplit POOL IS GC Now !!!!
2016-07-17 14:42:18	The dataquerybyquicksheet POOL IS GC Now !!!!
2016-07-17 14:42:31	The autodly POOL IS GC Now !!!!
2016-07-17 14:42:39	The createfile POOL IS GC Now !!!!
2016-07-17 14:43:46	The autochk POOL IS GC Now !!!!
2016-07-17 15:12:31	The autodly POOL IS GC Now !!!!
2016-07-17 15:13:46	The autochk POOL IS GC Now !!!!
2016-07-17 15:36:01	The financecronjob POOL IS GC Now !!!!
2016-07-17 15:36:02	The misctask POOL IS GC Now !!!!
2016-07-17 15:36:04	The inventorydepth POOL IS GC Now !!!!
2016-07-17 15:36:04	The bgqueue POOL IS GC Now !!!!
2016-07-17 15:40:47	The financecronjobdomainqueue POOL IS GC Now !!!!
2016-07-17 15:40:58	The inventorydepthdomainqueue POOL IS GC Now !!!!
2016-07-17 15:41:07	The bgqueuedomainqueue POOL IS GC Now !!!!
2016-07-17 15:41:19	The dataquerybysheet POOL IS GC Now !!!!
2016-07-17 15:41:19	The dataquerybywhole POOL IS GC Now !!!!
2016-07-17 15:41:24	The misctaskdomainqueue POOL IS GC Now !!!!
2016-07-17 15:42:01	The exportsplit POOL IS GC Now !!!!
2016-07-17 15:42:18	The dataquerybyquicksheet POOL IS GC Now !!!!
2016-07-17 15:42:31	The autodly POOL IS GC Now !!!!
2016-07-17 15:42:39	The createfile POOL IS GC Now !!!!
2016-07-17 15:43:46	The autochk POOL IS GC Now !!!!
2016-07-17 16:12:31	The autodly POOL IS GC Now !!!!
2016-07-17 16:13:46	The autochk POOL IS GC Now !!!!
2016-07-17 16:36:01	The financecronjob POOL IS GC Now !!!!
2016-07-17 16:36:02	The misctask POOL IS GC Now !!!!
2016-07-17 16:36:04	The bgqueue POOL IS GC Now !!!!
2016-07-17 16:36:04	The inventorydepth POOL IS GC Now !!!!
2016-07-17 16:40:47	The financecronjobdomainqueue POOL IS GC Now !!!!
2016-07-17 16:40:58	The inventorydepthdomainqueue POOL IS GC Now !!!!
2016-07-17 16:41:07	The bgqueuedomainqueue POOL IS GC Now !!!!
2016-07-17 16:41:19	The dataquerybysheet POOL IS GC Now !!!!
2016-07-17 16:41:24	The misctaskdomainqueue POOL IS GC Now !!!!
2016-07-17 16:42:01	The exportsplit POOL IS GC Now !!!!
2016-07-17 16:42:18	The dataquerybyquicksheet POOL IS GC Now !!!!
2016-07-17 16:42:31	The autodly POOL IS GC Now !!!!
2016-07-17 16:42:39	The createfile POOL IS GC Now !!!!
2016-07-17 16:43:46	The autochk POOL IS GC Now !!!!
2016-07-17 17:12:31	The autodly POOL IS GC Now !!!!
2016-07-17 17:13:46	The autochk POOL IS GC Now !!!!
2016-07-17 17:36:01	The financecronjob POOL IS GC Now !!!!
2016-07-17 17:36:02	The misctask POOL IS GC Now !!!!
2016-07-17 17:36:04	The inventorydepth POOL IS GC Now !!!!
2016-07-17 17:36:04	The bgqueue POOL IS GC Now !!!!
2016-07-17 17:40:47	The financecronjobdomainqueue POOL IS GC Now !!!!
2016-07-17 17:40:58	The inventorydepthdomainqueue POOL IS GC Now !!!!
2016-07-17 17:41:07	The bgqueuedomainqueue POOL IS GC Now !!!!
2016-07-17 17:41:19	The dataquerybysheet POOL IS GC Now !!!!
2016-07-17 17:41:19	The dataquerybywhole POOL IS GC Now !!!!
2016-07-17 17:41:24	The misctaskdomainqueue POOL IS GC Now !!!!
2016-07-17 17:42:01	The exportsplit POOL IS GC Now !!!!
2016-07-17 17:42:18	The dataquerybyquicksheet POOL IS GC Now !!!!
2016-07-17 17:42:31	The autodly POOL IS GC Now !!!!
2016-07-17 17:42:39	The createfile POOL IS GC Now !!!!
2016-07-17 17:43:46	The autochk POOL IS GC Now !!!!
2016-07-17 18:12:31	The autodly POOL IS GC Now !!!!
2016-07-17 18:13:46	The autochk POOL IS GC Now !!!!
2016-07-17 18:36:01	The financecronjob POOL IS GC Now !!!!
2016-07-17 18:36:02	The misctask POOL IS GC Now !!!!
2016-07-17 18:36:04	The inventorydepth POOL IS GC Now !!!!
2016-07-17 18:36:04	The bgqueue POOL IS GC Now !!!!
2016-07-17 18:40:47	The financecronjobdomainqueue POOL IS GC Now !!!!
2016-07-17 18:40:58	The inventorydepthdomainqueue POOL IS GC Now !!!!
2016-07-17 18:41:07	The bgqueuedomainqueue POOL IS GC Now !!!!
2016-07-17 18:41:19	The dataquerybysheet POOL IS GC Now !!!!
2016-07-17 18:41:24	The misctaskdomainqueue POOL IS GC Now !!!!
2016-07-17 18:42:01	The exportsplit POOL IS GC Now !!!!
2016-07-17 18:42:18	The dataquerybyquicksheet POOL IS GC Now !!!!
2016-07-17 18:42:31	The autodly POOL IS GC Now !!!!
2016-07-17 18:42:39	The createfile POOL IS GC Now !!!!
2016-07-17 18:43:46	The autochk POOL IS GC Now !!!!
2016-07-17 19:12:31	The autodly POOL IS GC Now !!!!
2016-07-17 19:13:46	The autochk POOL IS GC Now !!!!
2016-07-17 19:36:01	The financecronjob POOL IS GC Now !!!!
2016-07-17 19:36:02	The misctask POOL IS GC Now !!!!
2016-07-17 19:36:04	The bgqueue POOL IS GC Now !!!!
2016-07-17 19:36:04	The inventorydepth POOL IS GC Now !!!!
2016-07-17 19:40:47	The financecronjobdomainqueue POOL IS GC Now !!!!
2016-07-17 19:40:58	The inventorydepthdomainqueue POOL IS GC Now !!!!
2016-07-17 19:41:07	The bgqueuedomainqueue POOL IS GC Now !!!!
2016-07-17 19:41:19	The dataquerybysheet POOL IS GC Now !!!!
2016-07-17 19:41:19	The dataquerybywhole POOL IS GC Now !!!!
2016-07-17 19:41:24	The misctaskdomainqueue POOL IS GC Now !!!!
2016-07-17 19:42:01	The exportsplit POOL IS GC Now !!!!
2016-07-17 19:42:18	The dataquerybyquicksheet POOL IS GC Now !!!!
2016-07-17 19:42:31	The autodly POOL IS GC Now !!!!
2016-07-17 19:42:39	The createfile POOL IS GC Now !!!!
2016-07-17 19:43:46	The autochk POOL IS GC Now !!!!
2016-07-17 20:12:31	The autodly POOL IS GC Now !!!!
2016-07-17 20:13:46	The autochk POOL IS GC Now !!!!
2016-07-17 20:36:01	The financecronjob POOL IS GC Now !!!!
2016-07-17 20:36:02	The misctask POOL IS GC Now !!!!
2016-07-17 20:36:04	The inventorydepth POOL IS GC Now !!!!
2016-07-17 20:36:04	The bgqueue POOL IS GC Now !!!!
2016-07-17 20:40:47	The financecronjobdomainqueue POOL IS GC Now !!!!
2016-07-17 20:40:58	The inventorydepthdomainqueue POOL IS GC Now !!!!
2016-07-17 20:41:07	The bgqueuedomainqueue POOL IS GC Now !!!!
2016-07-17 20:41:19	The dataquerybysheet POOL IS GC Now !!!!
2016-07-17 20:41:24	The misctaskdomainqueue POOL IS GC Now !!!!
2016-07-17 20:42:01	The exportsplit POOL IS GC Now !!!!
2016-07-17 20:42:18	The dataquerybyquicksheet POOL IS GC Now !!!!
2016-07-17 20:42:31	The autodly POOL IS GC Now !!!!
2016-07-17 20:42:39	The createfile POOL IS GC Now !!!!
2016-07-17 20:43:46	The autochk POOL IS GC Now !!!!
2016-07-17 21:12:31	The autodly POOL IS GC Now !!!!
2016-07-17 21:13:46	The autochk POOL IS GC Now !!!!
2016-07-17 21:36:01	The financecronjob POOL IS GC Now !!!!
2016-07-17 21:36:02	The misctask POOL IS GC Now !!!!
2016-07-17 21:36:04	The bgqueue POOL IS GC Now !!!!
2016-07-17 21:36:04	The inventorydepth POOL IS GC Now !!!!
2016-07-17 21:40:47	The financecronjobdomainqueue POOL IS GC Now !!!!
2016-07-17 21:40:58	The inventorydepthdomainqueue POOL IS GC Now !!!!
2016-07-17 21:41:07	The bgqueuedomainqueue POOL IS GC Now !!!!
2016-07-17 21:41:19	The dataquerybysheet POOL IS GC Now !!!!
2016-07-17 21:41:19	The dataquerybywhole POOL IS GC Now !!!!
2016-07-17 21:41:25	The misctaskdomainqueue POOL IS GC Now !!!!
2016-07-17 21:42:01	The exportsplit POOL IS GC Now !!!!
2016-07-17 21:42:18	The dataquerybyquicksheet POOL IS GC Now !!!!
2016-07-17 21:42:31	The autodly POOL IS GC Now !!!!
2016-07-17 21:42:39	The createfile POOL IS GC Now !!!!
2016-07-17 21:43:46	The autochk POOL IS GC Now !!!!
2016-07-17 22:12:31	The autodly POOL IS GC Now !!!!
2016-07-17 22:13:46	The autochk POOL IS GC Now !!!!
2016-07-17 22:36:01	The financecronjob POOL IS GC Now !!!!
2016-07-17 22:36:02	The misctask POOL IS GC Now !!!!
2016-07-17 22:36:04	The inventorydepth POOL IS GC Now !!!!
2016-07-17 22:36:04	The bgqueue POOL IS GC Now !!!!
2016-07-17 22:40:47	The financecronjobdomainqueue POOL IS GC Now !!!!
2016-07-17 22:40:58	The inventorydepthdomainqueue POOL IS GC Now !!!!
2016-07-17 22:41:07	The bgqueuedomainqueue POOL IS GC Now !!!!
2016-07-17 22:41:19	The dataquerybysheet POOL IS GC Now !!!!
2016-07-17 22:41:25	The misctaskdomainqueue POOL IS GC Now !!!!
2016-07-17 22:42:01	The exportsplit POOL IS GC Now !!!!
2016-07-17 22:42:18	The dataquerybyquicksheet POOL IS GC Now !!!!
2016-07-17 22:42:31	The autodly POOL IS GC Now !!!!
2016-07-17 22:42:39	The createfile POOL IS GC Now !!!!
2016-07-17 22:43:46	The autochk POOL IS GC Now !!!!
2016-07-17 23:12:31	The autodly POOL IS GC Now !!!!
2016-07-17 23:13:46	The autochk POOL IS GC Now !!!!
2016-07-17 23:36:01	The financecronjob POOL IS GC Now !!!!
2016-07-17 23:36:02	The misctask POOL IS GC Now !!!!
2016-07-17 23:36:04	The inventorydepth POOL IS GC Now !!!!
2016-07-17 23:36:04	The bgqueue POOL IS GC Now !!!!
2016-07-17 23:40:47	The financecronjobdomainqueue POOL IS GC Now !!!!
2016-07-17 23:40:58	The inventorydepthdomainqueue POOL IS GC Now !!!!
2016-07-17 23:41:07	The bgqueuedomainqueue POOL IS GC Now !!!!
2016-07-17 23:41:19	The dataquerybysheet POOL IS GC Now !!!!
2016-07-17 23:41:19	The dataquerybywhole POOL IS GC Now !!!!
2016-07-17 23:41:25	The misctaskdomainqueue POOL IS GC Now !!!!
2016-07-17 23:42:01	The exportsplit POOL IS GC Now !!!!
2016-07-17 23:42:18	The dataquerybyquicksheet POOL IS GC Now !!!!
2016-07-17 23:42:31	The autodly POOL IS GC Now !!!!
2016-07-17 23:42:39	The createfile POOL IS GC Now !!!!
2016-07-17 23:43:46	The autochk POOL IS GC Now !!!!
