2017-08-17 00:17:46	The autochk POOL IS GC Now !!!!
2017-08-17 00:18:07	The autodly POOL IS GC Now !!!!
2017-08-17 00:47:26	The createfile POOL IS GC Now !!!!
2017-08-17 00:47:41	The dataquerybyquicksheet POOL IS GC Now !!!!
2017-08-17 00:47:46	The autochk POOL IS GC Now !!!!
2017-08-17 00:47:49	The dataquerybysheet POOL IS GC Now !!!!
2017-08-17 00:48:00	The exportsplit POOL IS GC Now !!!!
2017-08-17 00:48:07	The autodly POOL IS GC Now !!!!
2017-08-17 00:48:23	The bgqueuedomainqueue POOL IS GC Now !!!!
2017-08-17 00:48:26	The misctaskdomainqueue POOL IS GC Now !!!!
2017-08-17 00:54:46	The inventorydepthdomainqueue POOL IS GC Now !!!!
2017-08-17 00:57:01	The financecronjob POOL IS GC Now !!!!
2017-08-17 00:57:02	The inventorydepth POOL IS GC Now !!!!
2017-08-17 00:57:02	The bgqueue POOL IS GC Now !!!!
2017-08-17 00:57:02	The misctask POOL IS GC Now !!!!
2017-08-17 00:59:11	The financecronjobdomainqueue POOL IS GC Now !!!!
2017-08-17 01:17:46	The autochk POOL IS GC Now !!!!
2017-08-17 01:18:07	The autodly POOL IS GC Now !!!!
2017-08-17 01:46:30	The dataquerybywhole POOL IS GC Now !!!!
2017-08-17 01:47:26	The createfile POOL IS GC Now !!!!
2017-08-17 01:47:41	The dataquerybyquicksheet POOL IS GC Now !!!!
2017-08-17 01:47:46	The autochk POOL IS GC Now !!!!
2017-08-17 01:47:49	The dataquerybysheet POOL IS GC Now !!!!
2017-08-17 01:48:00	The exportsplit POOL IS GC Now !!!!
2017-08-17 01:48:07	The autodly POOL IS GC Now !!!!
2017-08-17 01:48:23	The bgqueuedomainqueue POOL IS GC Now !!!!
2017-08-17 01:48:26	The misctaskdomainqueue POOL IS GC Now !!!!
2017-08-17 01:54:46	The inventorydepthdomainqueue POOL IS GC Now !!!!
2017-08-17 01:54:46	The inventorydepthdomainqueue POOL IS GC Now !!!!
2017-08-17 01:57:01	The financecronjob POOL IS GC Now !!!!
2017-08-17 01:57:02	The inventorydepth POOL IS GC Now !!!!
2017-08-17 01:57:02	The bgqueue POOL IS GC Now !!!!
2017-08-17 01:57:02	The misctask POOL IS GC Now !!!!
2017-08-17 01:59:11	The financecronjobdomainqueue POOL IS GC Now !!!!
2017-08-17 02:17:46	The autochk POOL IS GC Now !!!!
2017-08-17 02:18:07	The autodly POOL IS GC Now !!!!
2017-08-17 02:47:26	The createfile POOL IS GC Now !!!!
2017-08-17 02:47:41	The dataquerybyquicksheet POOL IS GC Now !!!!
2017-08-17 02:47:46	The autochk POOL IS GC Now !!!!
2017-08-17 02:47:49	The dataquerybysheet POOL IS GC Now !!!!
2017-08-17 02:48:00	The exportsplit POOL IS GC Now !!!!
2017-08-17 02:48:07	The autodly POOL IS GC Now !!!!
2017-08-17 02:48:23	The bgqueuedomainqueue POOL IS GC Now !!!!
2017-08-17 02:48:26	The misctaskdomainqueue POOL IS GC Now !!!!
2017-08-17 02:54:46	The inventorydepthdomainqueue POOL IS GC Now !!!!
2017-08-17 02:57:01	The financecronjob POOL IS GC Now !!!!
2017-08-17 02:57:02	The inventorydepth POOL IS GC Now !!!!
2017-08-17 02:57:02	The misctask POOL IS GC Now !!!!
2017-08-17 02:57:02	The bgqueue POOL IS GC Now !!!!
2017-08-17 02:59:11	The financecronjobdomainqueue POOL IS GC Now !!!!
2017-08-17 03:17:46	The autochk POOL IS GC Now !!!!
2017-08-17 03:18:07	The autodly POOL IS GC Now !!!!
2017-08-17 03:46:30	The dataquerybywhole POOL IS GC Now !!!!
2017-08-17 03:47:26	The createfile POOL IS GC Now !!!!
2017-08-17 03:47:41	The dataquerybyquicksheet POOL IS GC Now !!!!
2017-08-17 03:47:46	The autochk POOL IS GC Now !!!!
2017-08-17 03:47:49	The dataquerybysheet POOL IS GC Now !!!!
2017-08-17 03:48:00	The exportsplit POOL IS GC Now !!!!
2017-08-17 03:48:07	The autodly POOL IS GC Now !!!!
2017-08-17 03:48:23	The bgqueuedomainqueue POOL IS GC Now !!!!
2017-08-17 03:48:26	The misctaskdomainqueue POOL IS GC Now !!!!
2017-08-17 03:54:46	The inventorydepthdomainqueue POOL IS GC Now !!!!
2017-08-17 03:57:01	The financecronjob POOL IS GC Now !!!!
2017-08-17 03:57:02	The inventorydepth POOL IS GC Now !!!!
2017-08-17 03:57:02	The misctask POOL IS GC Now !!!!
2017-08-17 03:57:02	The bgqueue POOL IS GC Now !!!!
2017-08-17 03:59:11	The financecronjobdomainqueue POOL IS GC Now !!!!
2017-08-17 04:17:46	The autochk POOL IS GC Now !!!!
2017-08-17 04:18:07	The autodly POOL IS GC Now !!!!
2017-08-17 04:47:26	The createfile POOL IS GC Now !!!!
2017-08-17 04:47:41	The dataquerybyquicksheet POOL IS GC Now !!!!
2017-08-17 04:47:46	The autochk POOL IS GC Now !!!!
2017-08-17 04:47:49	The dataquerybysheet POOL IS GC Now !!!!
2017-08-17 04:48:00	The exportsplit POOL IS GC Now !!!!
2017-08-17 04:48:07	The autodly POOL IS GC Now !!!!
2017-08-17 04:48:23	The bgqueuedomainqueue POOL IS GC Now !!!!
2017-08-17 04:48:26	The misctaskdomainqueue POOL IS GC Now !!!!
2017-08-17 04:54:46	The inventorydepthdomainqueue POOL IS GC Now !!!!
2017-08-17 04:57:01	The financecronjob POOL IS GC Now !!!!
2017-08-17 04:57:02	The misctask POOL IS GC Now !!!!
2017-08-17 04:57:02	The inventorydepth POOL IS GC Now !!!!
2017-08-17 04:57:02	The bgqueue POOL IS GC Now !!!!
2017-08-17 04:59:11	The financecronjobdomainqueue POOL IS GC Now !!!!
2017-08-17 05:17:46	The autochk POOL IS GC Now !!!!
2017-08-17 05:18:07	The autodly POOL IS GC Now !!!!
2017-08-17 05:46:30	The dataquerybywhole POOL IS GC Now !!!!
2017-08-17 05:47:26	The createfile POOL IS GC Now !!!!
2017-08-17 05:47:41	The dataquerybyquicksheet POOL IS GC Now !!!!
2017-08-17 05:47:46	The autochk POOL IS GC Now !!!!
2017-08-17 05:47:49	The dataquerybysheet POOL IS GC Now !!!!
2017-08-17 05:48:00	The exportsplit POOL IS GC Now !!!!
2017-08-17 05:48:07	The autodly POOL IS GC Now !!!!
2017-08-17 05:48:23	The bgqueuedomainqueue POOL IS GC Now !!!!
2017-08-17 05:48:26	The misctaskdomainqueue POOL IS GC Now !!!!
2017-08-17 05:54:46	The inventorydepthdomainqueue POOL IS GC Now !!!!
2017-08-17 05:57:01	The financecronjob POOL IS GC Now !!!!
2017-08-17 05:57:02	The bgqueue POOL IS GC Now !!!!
2017-08-17 05:57:02	The inventorydepth POOL IS GC Now !!!!
2017-08-17 05:57:02	The misctask POOL IS GC Now !!!!
2017-08-17 05:59:11	The financecronjobdomainqueue POOL IS GC Now !!!!
2017-08-17 06:17:46	The autochk POOL IS GC Now !!!!
2017-08-17 06:18:07	The autodly POOL IS GC Now !!!!
2017-08-17 06:47:26	The createfile POOL IS GC Now !!!!
2017-08-17 06:47:41	The dataquerybyquicksheet POOL IS GC Now !!!!
2017-08-17 06:47:46	The autochk POOL IS GC Now !!!!
2017-08-17 06:47:49	The dataquerybysheet POOL IS GC Now !!!!
2017-08-17 06:48:00	The exportsplit POOL IS GC Now !!!!
2017-08-17 06:48:07	The autodly POOL IS GC Now !!!!
2017-08-17 06:48:23	The bgqueuedomainqueue POOL IS GC Now !!!!
2017-08-17 06:48:26	The misctaskdomainqueue POOL IS GC Now !!!!
2017-08-17 06:54:46	The inventorydepthdomainqueue POOL IS GC Now !!!!
2017-08-17 06:57:01	The financecronjob POOL IS GC Now !!!!
2017-08-17 06:57:02	The misctask POOL IS GC Now !!!!
2017-08-17 06:57:02	The inventorydepth POOL IS GC Now !!!!
2017-08-17 06:57:02	The bgqueue POOL IS GC Now !!!!
2017-08-17 06:59:11	The financecronjobdomainqueue POOL IS GC Now !!!!
2017-08-17 07:17:46	The autochk POOL IS GC Now !!!!
2017-08-17 07:18:07	The autodly POOL IS GC Now !!!!
2017-08-17 07:46:30	The dataquerybywhole POOL IS GC Now !!!!
2017-08-17 07:47:26	The createfile POOL IS GC Now !!!!
2017-08-17 07:47:41	The dataquerybyquicksheet POOL IS GC Now !!!!
2017-08-17 07:47:46	The autochk POOL IS GC Now !!!!
2017-08-17 07:47:49	The dataquerybysheet POOL IS GC Now !!!!
2017-08-17 07:48:00	The exportsplit POOL IS GC Now !!!!
2017-08-17 07:48:07	The autodly POOL IS GC Now !!!!
2017-08-17 07:48:23	The bgqueuedomainqueue POOL IS GC Now !!!!
2017-08-17 07:48:26	The misctaskdomainqueue POOL IS GC Now !!!!
2017-08-17 07:54:46	The inventorydepthdomainqueue POOL IS GC Now !!!!
2017-08-17 07:57:01	The financecronjob POOL IS GC Now !!!!
2017-08-17 07:57:02	The inventorydepth POOL IS GC Now !!!!
2017-08-17 07:57:02	The misctask POOL IS GC Now !!!!
2017-08-17 07:57:02	The bgqueue POOL IS GC Now !!!!
2017-08-17 07:59:11	The financecronjobdomainqueue POOL IS GC Now !!!!
2017-08-17 08:17:46	The autochk POOL IS GC Now !!!!
2017-08-17 08:18:07	The autodly POOL IS GC Now !!!!
2017-08-17 08:47:26	The createfile POOL IS GC Now !!!!
2017-08-17 08:47:41	The dataquerybyquicksheet POOL IS GC Now !!!!
2017-08-17 08:47:46	The autochk POOL IS GC Now !!!!
2017-08-17 08:47:49	The dataquerybysheet POOL IS GC Now !!!!
2017-08-17 08:48:00	The exportsplit POOL IS GC Now !!!!
2017-08-17 08:48:07	The autodly POOL IS GC Now !!!!
2017-08-17 08:48:23	The bgqueuedomainqueue POOL IS GC Now !!!!
2017-08-17 08:48:26	The misctaskdomainqueue POOL IS GC Now !!!!
2017-08-17 08:54:46	The inventorydepthdomainqueue POOL IS GC Now !!!!
2017-08-17 08:57:01	The financecronjob POOL IS GC Now !!!!
2017-08-17 08:57:02	The misctask POOL IS GC Now !!!!
2017-08-17 08:57:02	The bgqueue POOL IS GC Now !!!!
2017-08-17 08:57:02	The inventorydepth POOL IS GC Now !!!!
2017-08-17 08:59:11	The financecronjobdomainqueue POOL IS GC Now !!!!
2017-08-17 09:17:46	The autochk POOL IS GC Now !!!!
2017-08-17 09:18:07	The autodly POOL IS GC Now !!!!
2017-08-17 09:46:30	The dataquerybywhole POOL IS GC Now !!!!
2017-08-17 09:47:26	The createfile POOL IS GC Now !!!!
2017-08-17 09:47:41	The dataquerybyquicksheet POOL IS GC Now !!!!
2017-08-17 09:47:46	The autochk POOL IS GC Now !!!!
2017-08-17 09:47:49	The dataquerybysheet POOL IS GC Now !!!!
2017-08-17 09:48:00	The exportsplit POOL IS GC Now !!!!
2017-08-17 09:48:07	The autodly POOL IS GC Now !!!!
2017-08-17 09:48:23	The bgqueuedomainqueue POOL IS GC Now !!!!
2017-08-17 09:48:26	The misctaskdomainqueue POOL IS GC Now !!!!
2017-08-17 09:54:46	The inventorydepthdomainqueue POOL IS GC Now !!!!
2017-08-17 09:57:01	The financecronjob POOL IS GC Now !!!!
2017-08-17 09:57:02	The inventorydepth POOL IS GC Now !!!!
2017-08-17 09:57:02	The bgqueue POOL IS GC Now !!!!
2017-08-17 09:57:02	The misctask POOL IS GC Now !!!!
2017-08-17 09:59:11	The financecronjobdomainqueue POOL IS GC Now !!!!
2017-08-17 10:17:46	The autochk POOL IS GC Now !!!!
2017-08-17 10:18:07	The autodly POOL IS GC Now !!!!
2017-08-17 10:47:26	The createfile POOL IS GC Now !!!!
2017-08-17 10:47:41	The dataquerybyquicksheet POOL IS GC Now !!!!
2017-08-17 10:47:46	The autochk POOL IS GC Now !!!!
2017-08-17 10:47:49	The dataquerybysheet POOL IS GC Now !!!!
2017-08-17 10:48:00	The exportsplit POOL IS GC Now !!!!
2017-08-17 10:48:07	The autodly POOL IS GC Now !!!!
2017-08-17 10:48:23	The bgqueuedomainqueue POOL IS GC Now !!!!
2017-08-17 10:48:26	The misctaskdomainqueue POOL IS GC Now !!!!
2017-08-17 10:54:46	The inventorydepthdomainqueue POOL IS GC Now !!!!
2017-08-17 10:57:01	The financecronjob POOL IS GC Now !!!!
2017-08-17 10:57:02	The misctask POOL IS GC Now !!!!
2017-08-17 10:57:02	The inventorydepth POOL IS GC Now !!!!
2017-08-17 10:57:02	The bgqueue POOL IS GC Now !!!!
2017-08-17 10:59:11	The financecronjobdomainqueue POOL IS GC Now !!!!
2017-08-17 11:17:46	The autochk POOL IS GC Now !!!!
2017-08-17 11:18:07	The autodly POOL IS GC Now !!!!
2017-08-17 11:46:30	The dataquerybywhole POOL IS GC Now !!!!
2017-08-17 11:47:26	The createfile POOL IS GC Now !!!!
2017-08-17 11:47:41	The dataquerybyquicksheet POOL IS GC Now !!!!
2017-08-17 11:47:46	The autochk POOL IS GC Now !!!!
2017-08-17 11:47:49	The dataquerybysheet POOL IS GC Now !!!!
2017-08-17 11:48:00	The exportsplit POOL IS GC Now !!!!
2017-08-17 11:48:07	The autodly POOL IS GC Now !!!!
2017-08-17 11:48:23	The bgqueuedomainqueue POOL IS GC Now !!!!
2017-08-17 11:48:26	The misctaskdomainqueue POOL IS GC Now !!!!
2017-08-17 11:54:46	The inventorydepthdomainqueue POOL IS GC Now !!!!
2017-08-17 11:57:01	The financecronjob POOL IS GC Now !!!!
2017-08-17 11:57:02	The inventorydepth POOL IS GC Now !!!!
2017-08-17 11:57:02	The misctask POOL IS GC Now !!!!
2017-08-17 11:57:02	The bgqueue POOL IS GC Now !!!!
2017-08-17 11:59:11	The financecronjobdomainqueue POOL IS GC Now !!!!
2017-08-17 12:17:46	The autochk POOL IS GC Now !!!!
2017-08-17 12:18:07	The autodly POOL IS GC Now !!!!
2017-08-17 12:47:26	The createfile POOL IS GC Now !!!!
2017-08-17 12:47:41	The dataquerybyquicksheet POOL IS GC Now !!!!
2017-08-17 12:47:46	The autochk POOL IS GC Now !!!!
2017-08-17 12:47:49	The dataquerybysheet POOL IS GC Now !!!!
2017-08-17 12:48:00	The exportsplit POOL IS GC Now !!!!
2017-08-17 12:48:07	The autodly POOL IS GC Now !!!!
2017-08-17 12:48:23	The bgqueuedomainqueue POOL IS GC Now !!!!
2017-08-17 12:48:26	The misctaskdomainqueue POOL IS GC Now !!!!
2017-08-17 12:54:46	The inventorydepthdomainqueue POOL IS GC Now !!!!
2017-08-17 12:57:01	The financecronjob POOL IS GC Now !!!!
2017-08-17 12:57:02	The inventorydepth POOL IS GC Now !!!!
2017-08-17 12:57:02	The bgqueue POOL IS GC Now !!!!
2017-08-17 12:57:02	The misctask POOL IS GC Now !!!!
2017-08-17 12:59:11	The financecronjobdomainqueue POOL IS GC Now !!!!
2017-08-17 13:17:46	The autochk POOL IS GC Now !!!!
2017-08-17 13:18:07	The autodly POOL IS GC Now !!!!
2017-08-17 13:46:30	The dataquerybywhole POOL IS GC Now !!!!
2017-08-17 13:47:26	The createfile POOL IS GC Now !!!!
2017-08-17 13:47:41	The dataquerybyquicksheet POOL IS GC Now !!!!
2017-08-17 13:47:46	The autochk POOL IS GC Now !!!!
2017-08-17 13:47:49	The dataquerybysheet POOL IS GC Now !!!!
2017-08-17 13:48:00	The exportsplit POOL IS GC Now !!!!
2017-08-17 13:48:07	The autodly POOL IS GC Now !!!!
2017-08-17 13:48:23	The bgqueuedomainqueue POOL IS GC Now !!!!
2017-08-17 13:48:26	The misctaskdomainqueue POOL IS GC Now !!!!
2017-08-17 13:54:46	The inventorydepthdomainqueue POOL IS GC Now !!!!
2017-08-17 13:57:01	The financecronjob POOL IS GC Now !!!!
2017-08-17 13:57:02	The inventorydepth POOL IS GC Now !!!!
2017-08-17 13:57:02	The bgqueue POOL IS GC Now !!!!
2017-08-17 13:57:02	The misctask POOL IS GC Now !!!!
2017-08-17 13:59:11	The financecronjobdomainqueue POOL IS GC Now !!!!
2017-08-17 14:17:46	The autochk POOL IS GC Now !!!!
2017-08-17 14:18:07	The autodly POOL IS GC Now !!!!
2017-08-17 14:47:26	The createfile POOL IS GC Now !!!!
2017-08-17 14:47:41	The dataquerybyquicksheet POOL IS GC Now !!!!
2017-08-17 14:47:46	The autochk POOL IS GC Now !!!!
2017-08-17 14:47:49	The dataquerybysheet POOL IS GC Now !!!!
2017-08-17 14:48:00	The exportsplit POOL IS GC Now !!!!
2017-08-17 14:48:07	The autodly POOL IS GC Now !!!!
2017-08-17 14:48:23	The bgqueuedomainqueue POOL IS GC Now !!!!
2017-08-17 14:48:26	The misctaskdomainqueue POOL IS GC Now !!!!
2017-08-17 14:54:46	The inventorydepthdomainqueue POOL IS GC Now !!!!
2017-08-17 14:57:01	The financecronjob POOL IS GC Now !!!!
2017-08-17 14:57:02	The bgqueue POOL IS GC Now !!!!
2017-08-17 14:57:02	The inventorydepth POOL IS GC Now !!!!
2017-08-17 14:57:02	The misctask POOL IS GC Now !!!!
2017-08-17 14:59:11	The financecronjobdomainqueue POOL IS GC Now !!!!
2017-08-17 15:17:46	The autochk POOL IS GC Now !!!!
2017-08-17 15:18:07	The autodly POOL IS GC Now !!!!
2017-08-17 15:46:30	The dataquerybywhole POOL IS GC Now !!!!
2017-08-17 15:47:26	The createfile POOL IS GC Now !!!!
2017-08-17 15:47:41	The dataquerybyquicksheet POOL IS GC Now !!!!
2017-08-17 15:47:46	The autochk POOL IS GC Now !!!!
2017-08-17 15:47:49	The dataquerybysheet POOL IS GC Now !!!!
2017-08-17 15:48:00	The exportsplit POOL IS GC Now !!!!
2017-08-17 15:48:07	The autodly POOL IS GC Now !!!!
2017-08-17 15:48:23	The bgqueuedomainqueue POOL IS GC Now !!!!
2017-08-17 15:48:27	The misctaskdomainqueue POOL IS GC Now !!!!
2017-08-17 15:54:46	The inventorydepthdomainqueue POOL IS GC Now !!!!
2017-08-17 15:57:01	The financecronjob POOL IS GC Now !!!!
2017-08-17 15:57:02	The misctask POOL IS GC Now !!!!
2017-08-17 15:57:02	The bgqueue POOL IS GC Now !!!!
2017-08-17 15:57:02	The inventorydepth POOL IS GC Now !!!!
2017-08-17 15:59:11	The financecronjobdomainqueue POOL IS GC Now !!!!
2017-08-17 16:17:46	The autochk POOL IS GC Now !!!!
2017-08-17 16:18:08	The autodly POOL IS GC Now !!!!
2017-08-17 16:47:26	The createfile POOL IS GC Now !!!!
2017-08-17 16:47:41	The dataquerybyquicksheet POOL IS GC Now !!!!
2017-08-17 16:47:47	The autochk POOL IS GC Now !!!!
2017-08-17 16:47:49	The dataquerybysheet POOL IS GC Now !!!!
2017-08-17 16:48:00	The exportsplit POOL IS GC Now !!!!
2017-08-17 16:48:08	The autodly POOL IS GC Now !!!!
2017-08-17 16:48:23	The bgqueuedomainqueue POOL IS GC Now !!!!
2017-08-17 16:48:27	The misctaskdomainqueue POOL IS GC Now !!!!
2017-08-17 16:54:46	The inventorydepthdomainqueue POOL IS GC Now !!!!
2017-08-17 16:57:01	The financecronjob POOL IS GC Now !!!!
2017-08-17 16:57:02	The inventorydepth POOL IS GC Now !!!!
2017-08-17 16:57:02	The bgqueue POOL IS GC Now !!!!
2017-08-17 16:57:02	The misctask POOL IS GC Now !!!!
2017-08-17 16:59:11	The financecronjobdomainqueue POOL IS GC Now !!!!
2017-08-17 17:17:47	The autochk POOL IS GC Now !!!!
2017-08-17 17:18:08	The autodly POOL IS GC Now !!!!
2017-08-17 17:46:30	The dataquerybywhole POOL IS GC Now !!!!
2017-08-17 17:47:26	The createfile POOL IS GC Now !!!!
2017-08-17 17:47:41	The dataquerybyquicksheet POOL IS GC Now !!!!
2017-08-17 17:47:47	The autochk POOL IS GC Now !!!!
2017-08-17 17:47:50	The dataquerybysheet POOL IS GC Now !!!!
2017-08-17 17:48:01	The exportsplit POOL IS GC Now !!!!
2017-08-17 17:48:08	The autodly POOL IS GC Now !!!!
2017-08-17 17:48:23	The bgqueuedomainqueue POOL IS GC Now !!!!
2017-08-17 17:48:27	The misctaskdomainqueue POOL IS GC Now !!!!
2017-08-17 17:54:46	The inventorydepthdomainqueue POOL IS GC Now !!!!
2017-08-17 17:57:01	The financecronjob POOL IS GC Now !!!!
2017-08-17 17:57:02	The bgqueue POOL IS GC Now !!!!
2017-08-17 17:57:02	The misctask POOL IS GC Now !!!!
2017-08-17 17:57:02	The inventorydepth POOL IS GC Now !!!!
2017-08-17 17:59:11	The financecronjobdomainqueue POOL IS GC Now !!!!
2017-08-17 18:17:47	The autochk POOL IS GC Now !!!!
2017-08-17 18:18:08	The autodly POOL IS GC Now !!!!
2017-08-17 18:47:26	The createfile POOL IS GC Now !!!!
2017-08-17 18:47:41	The dataquerybyquicksheet POOL IS GC Now !!!!
2017-08-17 18:47:47	The autochk POOL IS GC Now !!!!
2017-08-17 18:47:50	The dataquerybysheet POOL IS GC Now !!!!
2017-08-17 18:48:01	The exportsplit POOL IS GC Now !!!!
2017-08-17 18:48:08	The autodly POOL IS GC Now !!!!
2017-08-17 18:48:23	The bgqueuedomainqueue POOL IS GC Now !!!!
2017-08-17 18:48:27	The misctaskdomainqueue POOL IS GC Now !!!!
2017-08-17 18:54:46	The inventorydepthdomainqueue POOL IS GC Now !!!!
2017-08-17 18:57:01	The financecronjob POOL IS GC Now !!!!
2017-08-17 18:57:02	The inventorydepth POOL IS GC Now !!!!
2017-08-17 18:57:02	The bgqueue POOL IS GC Now !!!!
2017-08-17 18:57:02	The misctask POOL IS GC Now !!!!
2017-08-17 18:59:11	The financecronjobdomainqueue POOL IS GC Now !!!!
2017-08-17 19:17:47	The autochk POOL IS GC Now !!!!
2017-08-17 19:18:08	The autodly POOL IS GC Now !!!!
2017-08-17 19:46:30	The dataquerybywhole POOL IS GC Now !!!!
2017-08-17 19:47:26	The createfile POOL IS GC Now !!!!
2017-08-17 19:47:41	The dataquerybyquicksheet POOL IS GC Now !!!!
2017-08-17 19:47:48	The autochk POOL IS GC Now !!!!
2017-08-17 19:47:50	The dataquerybysheet POOL IS GC Now !!!!
2017-08-17 19:48:01	The exportsplit POOL IS GC Now !!!!
2017-08-17 19:48:09	The autodly POOL IS GC Now !!!!
2017-08-17 19:48:23	The bgqueuedomainqueue POOL IS GC Now !!!!
2017-08-17 19:48:27	The misctaskdomainqueue POOL IS GC Now !!!!
2017-08-17 19:54:46	The inventorydepthdomainqueue POOL IS GC Now !!!!
2017-08-17 19:57:01	The financecronjob POOL IS GC Now !!!!
2017-08-17 19:57:02	The bgqueue POOL IS GC Now !!!!
2017-08-17 19:57:02	The misctask POOL IS GC Now !!!!
2017-08-17 19:57:02	The inventorydepth POOL IS GC Now !!!!
2017-08-17 19:59:11	The financecronjobdomainqueue POOL IS GC Now !!!!
2017-08-17 20:17:48	The autochk POOL IS GC Now !!!!
2017-08-17 20:18:09	The autodly POOL IS GC Now !!!!
2017-08-17 20:47:26	The createfile POOL IS GC Now !!!!
2017-08-17 20:47:41	The dataquerybyquicksheet POOL IS GC Now !!!!
2017-08-17 20:47:49	The autochk POOL IS GC Now !!!!
2017-08-17 20:47:50	The dataquerybysheet POOL IS GC Now !!!!
2017-08-17 20:48:01	The exportsplit POOL IS GC Now !!!!
2017-08-17 20:48:10	The autodly POOL IS GC Now !!!!
2017-08-17 20:48:23	The bgqueuedomainqueue POOL IS GC Now !!!!
2017-08-17 20:48:27	The misctaskdomainqueue POOL IS GC Now !!!!
2017-08-17 20:54:46	The inventorydepthdomainqueue POOL IS GC Now !!!!
2017-08-17 20:57:01	The financecronjob POOL IS GC Now !!!!
2017-08-17 20:57:02	The misctask POOL IS GC Now !!!!
2017-08-17 20:57:02	The inventorydepth POOL IS GC Now !!!!
2017-08-17 20:57:02	The bgqueue POOL IS GC Now !!!!
2017-08-17 20:59:11	The financecronjobdomainqueue POOL IS GC Now !!!!
2017-08-17 21:17:49	The autochk POOL IS GC Now !!!!
2017-08-17 21:18:10	The autodly POOL IS GC Now !!!!
2017-08-17 21:46:30	The dataquerybywhole POOL IS GC Now !!!!
2017-08-17 21:47:26	The createfile POOL IS GC Now !!!!
2017-08-17 21:47:41	The dataquerybyquicksheet POOL IS GC Now !!!!
2017-08-17 21:47:49	The autochk POOL IS GC Now !!!!
2017-08-17 21:47:50	The dataquerybysheet POOL IS GC Now !!!!
2017-08-17 21:48:01	The exportsplit POOL IS GC Now !!!!
2017-08-17 21:48:10	The autodly POOL IS GC Now !!!!
2017-08-17 21:48:23	The bgqueuedomainqueue POOL IS GC Now !!!!
2017-08-17 21:48:27	The misctaskdomainqueue POOL IS GC Now !!!!
2017-08-17 21:54:46	The inventorydepthdomainqueue POOL IS GC Now !!!!
2017-08-17 21:57:01	The financecronjob POOL IS GC Now !!!!
2017-08-17 21:57:02	The inventorydepth POOL IS GC Now !!!!
2017-08-17 21:57:02	The bgqueue POOL IS GC Now !!!!
2017-08-17 21:57:02	The misctask POOL IS GC Now !!!!
2017-08-17 21:59:11	The financecronjobdomainqueue POOL IS GC Now !!!!
2017-08-17 22:17:49	The autochk POOL IS GC Now !!!!
2017-08-17 22:18:10	The autodly POOL IS GC Now !!!!
2017-08-17 22:47:26	The createfile POOL IS GC Now !!!!
2017-08-17 22:47:41	The dataquerybyquicksheet POOL IS GC Now !!!!
2017-08-17 22:47:49	The autochk POOL IS GC Now !!!!
2017-08-17 22:47:50	The dataquerybysheet POOL IS GC Now !!!!
2017-08-17 22:48:01	The exportsplit POOL IS GC Now !!!!
2017-08-17 22:48:10	The autodly POOL IS GC Now !!!!
2017-08-17 22:48:23	The bgqueuedomainqueue POOL IS GC Now !!!!
2017-08-17 22:48:27	The misctaskdomainqueue POOL IS GC Now !!!!
2017-08-17 22:54:46	The inventorydepthdomainqueue POOL IS GC Now !!!!
2017-08-17 22:57:01	The financecronjob POOL IS GC Now !!!!
2017-08-17 22:57:02	The bgqueue POOL IS GC Now !!!!
2017-08-17 22:57:02	The misctask POOL IS GC Now !!!!
2017-08-17 22:57:02	The inventorydepth POOL IS GC Now !!!!
2017-08-17 22:59:11	The financecronjobdomainqueue POOL IS GC Now !!!!
2017-08-17 23:17:49	The autochk POOL IS GC Now !!!!
2017-08-17 23:18:10	The autodly POOL IS GC Now !!!!
2017-08-17 23:46:30	The dataquerybywhole POOL IS GC Now !!!!
2017-08-17 23:47:26	The createfile POOL IS GC Now !!!!
2017-08-17 23:47:41	The dataquerybyquicksheet POOL IS GC Now !!!!
2017-08-17 23:47:49	The autochk POOL IS GC Now !!!!
2017-08-17 23:47:50	The dataquerybysheet POOL IS GC Now !!!!
2017-08-17 23:48:01	The exportsplit POOL IS GC Now !!!!
2017-08-17 23:48:10	The autodly POOL IS GC Now !!!!
2017-08-17 23:48:23	The bgqueuedomainqueue POOL IS GC Now !!!!
2017-08-17 23:48:27	The misctaskdomainqueue POOL IS GC Now !!!!
2017-08-17 23:54:46	The inventorydepthdomainqueue POOL IS GC Now !!!!
2017-08-17 23:57:01	The financecronjob POOL IS GC Now !!!!
2017-08-17 23:57:02	The bgqueue POOL IS GC Now !!!!
2017-08-17 23:57:02	The inventorydepth POOL IS GC Now !!!!
2017-08-17 23:57:02	The misctask POOL IS GC Now !!!!
2017-08-17 23:59:11	The financecronjobdomainqueue POOL IS GC Now !!!!
