2017-08-22 00:17:49	The autochk POOL IS GC Now !!!!
2017-08-22 00:18:10	The autodly POOL IS GC Now !!!!
2017-08-22 00:47:27	The createfile POOL IS GC Now !!!!
2017-08-22 00:47:43	The dataquerybyquicksheet POOL IS GC Now !!!!
2017-08-22 00:47:49	The autochk POOL IS GC Now !!!!
2017-08-22 00:47:51	The dataquerybysheet POOL IS GC Now !!!!
2017-08-22 00:48:05	The exportsplit POOL IS GC Now !!!!
2017-08-22 00:48:10	The autodly POOL IS GC Now !!!!
2017-08-22 00:48:25	The bgqueuedomainqueue POOL IS GC Now !!!!
2017-08-22 00:48:31	The misctaskdomainqueue POOL IS GC Now !!!!
2017-08-22 00:54:47	The inventorydepthdomainqueue POOL IS GC Now !!!!
2017-08-22 00:57:01	The financecronjob POOL IS GC Now !!!!
2017-08-22 00:57:02	The bgqueue POOL IS GC Now !!!!
2017-08-22 00:57:02	The misctask POOL IS GC Now !!!!
2017-08-22 00:57:02	The inventorydepth POOL IS GC Now !!!!
2017-08-22 00:59:11	The financecronjobdomainqueue POOL IS GC Now !!!!
2017-08-22 01:17:49	The autochk POOL IS GC Now !!!!
2017-08-22 01:18:10	The autodly POOL IS GC Now !!!!
2017-08-22 01:46:32	The dataquerybywhole POOL IS GC Now !!!!
2017-08-22 01:47:27	The createfile POOL IS GC Now !!!!
2017-08-22 01:47:43	The dataquerybyquicksheet POOL IS GC Now !!!!
2017-08-22 01:47:49	The autochk POOL IS GC Now !!!!
2017-08-22 01:47:51	The dataquerybysheet POOL IS GC Now !!!!
2017-08-22 01:48:05	The exportsplit POOL IS GC Now !!!!
2017-08-22 01:48:10	The autodly POOL IS GC Now !!!!
2017-08-22 01:48:25	The bgqueuedomainqueue POOL IS GC Now !!!!
2017-08-22 01:48:31	The misctaskdomainqueue POOL IS GC Now !!!!
2017-08-22 01:54:47	The inventorydepthdomainqueue POOL IS GC Now !!!!
2017-08-22 01:57:01	The financecronjob POOL IS GC Now !!!!
2017-08-22 01:57:02	The bgqueue POOL IS GC Now !!!!
2017-08-22 01:57:02	The inventorydepth POOL IS GC Now !!!!
2017-08-22 01:57:02	The misctask POOL IS GC Now !!!!
2017-08-22 01:59:11	The financecronjobdomainqueue POOL IS GC Now !!!!
2017-08-22 02:17:49	The autochk POOL IS GC Now !!!!
2017-08-22 02:18:10	The autodly POOL IS GC Now !!!!
2017-08-22 02:47:27	The createfile POOL IS GC Now !!!!
2017-08-22 02:47:43	The dataquerybyquicksheet POOL IS GC Now !!!!
2017-08-22 02:47:49	The autochk POOL IS GC Now !!!!
2017-08-22 02:47:51	The dataquerybysheet POOL IS GC Now !!!!
2017-08-22 02:48:05	The exportsplit POOL IS GC Now !!!!
2017-08-22 02:48:10	The autodly POOL IS GC Now !!!!
2017-08-22 02:48:28	The bgqueuedomainqueue POOL IS GC Now !!!!
2017-08-22 02:48:34	The misctaskdomainqueue POOL IS GC Now !!!!
2017-08-22 02:54:47	The inventorydepthdomainqueue POOL IS GC Now !!!!
2017-08-22 02:57:01	The financecronjob POOL IS GC Now !!!!
2017-08-22 02:57:02	The inventorydepth POOL IS GC Now !!!!
2017-08-22 02:57:02	The bgqueue POOL IS GC Now !!!!
2017-08-22 02:57:02	The misctask POOL IS GC Now !!!!
2017-08-22 02:59:11	The financecronjobdomainqueue POOL IS GC Now !!!!
2017-08-22 03:17:49	The autochk POOL IS GC Now !!!!
2017-08-22 03:18:10	The autodly POOL IS GC Now !!!!
2017-08-22 03:46:32	The dataquerybywhole POOL IS GC Now !!!!
2017-08-22 03:47:27	The createfile POOL IS GC Now !!!!
2017-08-22 03:47:43	The dataquerybyquicksheet POOL IS GC Now !!!!
2017-08-22 03:47:49	The autochk POOL IS GC Now !!!!
2017-08-22 03:47:51	The dataquerybysheet POOL IS GC Now !!!!
2017-08-22 03:48:05	The exportsplit POOL IS GC Now !!!!
2017-08-22 03:48:10	The autodly POOL IS GC Now !!!!
2017-08-22 03:48:28	The bgqueuedomainqueue POOL IS GC Now !!!!
2017-08-22 03:48:34	The misctaskdomainqueue POOL IS GC Now !!!!
2017-08-22 03:54:47	The inventorydepthdomainqueue POOL IS GC Now !!!!
2017-08-22 03:57:01	The financecronjob POOL IS GC Now !!!!
2017-08-22 03:57:02	The bgqueue POOL IS GC Now !!!!
2017-08-22 03:57:02	The misctask POOL IS GC Now !!!!
2017-08-22 03:57:02	The inventorydepth POOL IS GC Now !!!!
2017-08-22 03:59:11	The financecronjobdomainqueue POOL IS GC Now !!!!
2017-08-22 04:17:49	The autochk POOL IS GC Now !!!!
2017-08-22 04:18:10	The autodly POOL IS GC Now !!!!
2017-08-22 04:47:27	The createfile POOL IS GC Now !!!!
2017-08-22 04:47:43	The dataquerybyquicksheet POOL IS GC Now !!!!
2017-08-22 04:47:49	The autochk POOL IS GC Now !!!!
2017-08-22 04:47:51	The dataquerybysheet POOL IS GC Now !!!!
2017-08-22 04:48:05	The exportsplit POOL IS GC Now !!!!
2017-08-22 04:48:10	The autodly POOL IS GC Now !!!!
2017-08-22 04:48:28	The bgqueuedomainqueue POOL IS GC Now !!!!
2017-08-22 04:48:34	The misctaskdomainqueue POOL IS GC Now !!!!
2017-08-22 04:54:47	The inventorydepthdomainqueue POOL IS GC Now !!!!
2017-08-22 04:57:01	The financecronjob POOL IS GC Now !!!!
2017-08-22 04:57:02	The misctask POOL IS GC Now !!!!
2017-08-22 04:57:02	The bgqueue POOL IS GC Now !!!!
2017-08-22 04:57:02	The inventorydepth POOL IS GC Now !!!!
2017-08-22 04:59:11	The financecronjobdomainqueue POOL IS GC Now !!!!
2017-08-22 05:17:49	The autochk POOL IS GC Now !!!!
2017-08-22 05:18:10	The autodly POOL IS GC Now !!!!
2017-08-22 05:46:32	The dataquerybywhole POOL IS GC Now !!!!
2017-08-22 05:47:27	The createfile POOL IS GC Now !!!!
2017-08-22 05:47:43	The dataquerybyquicksheet POOL IS GC Now !!!!
2017-08-22 05:47:49	The autochk POOL IS GC Now !!!!
2017-08-22 05:47:51	The dataquerybysheet POOL IS GC Now !!!!
2017-08-22 05:48:05	The exportsplit POOL IS GC Now !!!!
2017-08-22 05:48:10	The autodly POOL IS GC Now !!!!
2017-08-22 05:48:28	The bgqueuedomainqueue POOL IS GC Now !!!!
2017-08-22 05:48:34	The misctaskdomainqueue POOL IS GC Now !!!!
2017-08-22 05:54:47	The inventorydepthdomainqueue POOL IS GC Now !!!!
2017-08-22 05:57:01	The financecronjob POOL IS GC Now !!!!
2017-08-22 05:57:02	The misctask POOL IS GC Now !!!!
2017-08-22 05:57:02	The inventorydepth POOL IS GC Now !!!!
2017-08-22 05:57:02	The bgqueue POOL IS GC Now !!!!
2017-08-22 05:59:11	The financecronjobdomainqueue POOL IS GC Now !!!!
2017-08-22 06:17:49	The autochk POOL IS GC Now !!!!
2017-08-22 06:18:10	The autodly POOL IS GC Now !!!!
2017-08-22 06:47:27	The createfile POOL IS GC Now !!!!
2017-08-22 06:47:43	The dataquerybyquicksheet POOL IS GC Now !!!!
2017-08-22 06:47:49	The autochk POOL IS GC Now !!!!
2017-08-22 06:47:51	The dataquerybysheet POOL IS GC Now !!!!
2017-08-22 06:48:05	The exportsplit POOL IS GC Now !!!!
2017-08-22 06:48:10	The autodly POOL IS GC Now !!!!
2017-08-22 06:48:28	The bgqueuedomainqueue POOL IS GC Now !!!!
2017-08-22 06:48:34	The misctaskdomainqueue POOL IS GC Now !!!!
2017-08-22 06:54:47	The inventorydepthdomainqueue POOL IS GC Now !!!!
2017-08-22 06:57:01	The financecronjob POOL IS GC Now !!!!
2017-08-22 06:57:02	The bgqueue POOL IS GC Now !!!!
2017-08-22 06:57:02	The inventorydepth POOL IS GC Now !!!!
2017-08-22 06:57:02	The misctask POOL IS GC Now !!!!
2017-08-22 06:59:11	The financecronjobdomainqueue POOL IS GC Now !!!!
2017-08-22 07:17:49	The autochk POOL IS GC Now !!!!
2017-08-22 07:18:10	The autodly POOL IS GC Now !!!!
2017-08-22 07:46:32	The dataquerybywhole POOL IS GC Now !!!!
2017-08-22 07:47:27	The createfile POOL IS GC Now !!!!
2017-08-22 07:47:43	The dataquerybyquicksheet POOL IS GC Now !!!!
2017-08-22 07:47:49	The autochk POOL IS GC Now !!!!
2017-08-22 07:47:51	The dataquerybysheet POOL IS GC Now !!!!
2017-08-22 07:48:05	The exportsplit POOL IS GC Now !!!!
2017-08-22 07:48:10	The autodly POOL IS GC Now !!!!
2017-08-22 07:48:28	The bgqueuedomainqueue POOL IS GC Now !!!!
2017-08-22 07:48:34	The misctaskdomainqueue POOL IS GC Now !!!!
2017-08-22 07:54:47	The inventorydepthdomainqueue POOL IS GC Now !!!!
2017-08-22 07:57:01	The financecronjob POOL IS GC Now !!!!
2017-08-22 07:57:02	The inventorydepth POOL IS GC Now !!!!
2017-08-22 07:57:02	The bgqueue POOL IS GC Now !!!!
2017-08-22 07:57:02	The misctask POOL IS GC Now !!!!
2017-08-22 07:59:11	The financecronjobdomainqueue POOL IS GC Now !!!!
2017-08-22 08:17:49	The autochk POOL IS GC Now !!!!
2017-08-22 08:18:10	The autodly POOL IS GC Now !!!!
2017-08-22 08:47:27	The createfile POOL IS GC Now !!!!
2017-08-22 08:47:43	The dataquerybyquicksheet POOL IS GC Now !!!!
2017-08-22 08:47:49	The autochk POOL IS GC Now !!!!
2017-08-22 08:47:51	The dataquerybysheet POOL IS GC Now !!!!
2017-08-22 08:48:05	The exportsplit POOL IS GC Now !!!!
2017-08-22 08:48:10	The autodly POOL IS GC Now !!!!
2017-08-22 08:48:28	The bgqueuedomainqueue POOL IS GC Now !!!!
2017-08-22 08:48:34	The misctaskdomainqueue POOL IS GC Now !!!!
2017-08-22 08:54:47	The inventorydepthdomainqueue POOL IS GC Now !!!!
2017-08-22 08:57:01	The financecronjob POOL IS GC Now !!!!
2017-08-22 08:57:02	The inventorydepth POOL IS GC Now !!!!
2017-08-22 08:57:02	The misctask POOL IS GC Now !!!!
2017-08-22 08:57:02	The bgqueue POOL IS GC Now !!!!
2017-08-22 08:59:11	The financecronjobdomainqueue POOL IS GC Now !!!!
2017-08-22 09:17:49	The autochk POOL IS GC Now !!!!
2017-08-22 09:18:10	The autodly POOL IS GC Now !!!!
2017-08-22 09:46:32	The dataquerybywhole POOL IS GC Now !!!!
2017-08-22 09:47:27	The createfile POOL IS GC Now !!!!
2017-08-22 09:47:43	The dataquerybyquicksheet POOL IS GC Now !!!!
2017-08-22 09:47:49	The autochk POOL IS GC Now !!!!
2017-08-22 09:47:51	The dataquerybysheet POOL IS GC Now !!!!
2017-08-22 09:48:05	The exportsplit POOL IS GC Now !!!!
2017-08-22 09:48:10	The autodly POOL IS GC Now !!!!
2017-08-22 09:48:28	The bgqueuedomainqueue POOL IS GC Now !!!!
2017-08-22 09:48:34	The misctaskdomainqueue POOL IS GC Now !!!!
2017-08-22 09:54:47	The inventorydepthdomainqueue POOL IS GC Now !!!!
2017-08-22 09:57:01	The financecronjob POOL IS GC Now !!!!
2017-08-22 09:57:02	The inventorydepth POOL IS GC Now !!!!
2017-08-22 09:57:02	The bgqueue POOL IS GC Now !!!!
2017-08-22 09:57:02	The misctask POOL IS GC Now !!!!
2017-08-22 09:59:11	The financecronjobdomainqueue POOL IS GC Now !!!!
2017-08-22 10:17:49	The autochk POOL IS GC Now !!!!
2017-08-22 10:18:10	The autodly POOL IS GC Now !!!!
2017-08-22 10:47:27	The createfile POOL IS GC Now !!!!
2017-08-22 10:47:43	The dataquerybyquicksheet POOL IS GC Now !!!!
2017-08-22 10:47:49	The autochk POOL IS GC Now !!!!
2017-08-22 10:47:51	The dataquerybysheet POOL IS GC Now !!!!
2017-08-22 10:48:05	The exportsplit POOL IS GC Now !!!!
2017-08-22 10:48:10	The autodly POOL IS GC Now !!!!
2017-08-22 10:48:28	The bgqueuedomainqueue POOL IS GC Now !!!!
2017-08-22 10:48:34	The misctaskdomainqueue POOL IS GC Now !!!!
2017-08-22 10:54:47	The inventorydepthdomainqueue POOL IS GC Now !!!!
2017-08-22 10:57:01	The financecronjob POOL IS GC Now !!!!
2017-08-22 10:57:02	The bgqueue POOL IS GC Now !!!!
2017-08-22 10:57:02	The inventorydepth POOL IS GC Now !!!!
2017-08-22 10:57:02	The misctask POOL IS GC Now !!!!
2017-08-22 10:59:11	The financecronjobdomainqueue POOL IS GC Now !!!!
2017-08-22 11:17:49	The autochk POOL IS GC Now !!!!
2017-08-22 11:18:10	The autodly POOL IS GC Now !!!!
2017-08-22 11:46:32	The dataquerybywhole POOL IS GC Now !!!!
2017-08-22 11:47:28	The createfile POOL IS GC Now !!!!
2017-08-22 11:47:44	The dataquerybyquicksheet POOL IS GC Now !!!!
2017-08-22 11:47:49	The autochk POOL IS GC Now !!!!
2017-08-22 11:47:51	The dataquerybysheet POOL IS GC Now !!!!
2017-08-22 11:48:05	The exportsplit POOL IS GC Now !!!!
2017-08-22 11:48:10	The autodly POOL IS GC Now !!!!
2017-08-22 11:48:28	The bgqueuedomainqueue POOL IS GC Now !!!!
2017-08-22 11:48:34	The misctaskdomainqueue POOL IS GC Now !!!!
2017-08-22 11:54:47	The inventorydepthdomainqueue POOL IS GC Now !!!!
2017-08-22 11:57:01	The financecronjob POOL IS GC Now !!!!
2017-08-22 11:57:02	The inventorydepth POOL IS GC Now !!!!
2017-08-22 11:57:02	The misctask POOL IS GC Now !!!!
2017-08-22 11:57:02	The bgqueue POOL IS GC Now !!!!
2017-08-22 11:59:11	The financecronjobdomainqueue POOL IS GC Now !!!!
2017-08-22 12:17:49	The autochk POOL IS GC Now !!!!
2017-08-22 12:18:10	The autodly POOL IS GC Now !!!!
2017-08-22 12:47:28	The createfile POOL IS GC Now !!!!
2017-08-22 12:47:44	The dataquerybyquicksheet POOL IS GC Now !!!!
2017-08-22 12:47:49	The autochk POOL IS GC Now !!!!
2017-08-22 12:47:51	The dataquerybysheet POOL IS GC Now !!!!
2017-08-22 12:48:05	The exportsplit POOL IS GC Now !!!!
2017-08-22 12:48:10	The autodly POOL IS GC Now !!!!
2017-08-22 12:48:28	The bgqueuedomainqueue POOL IS GC Now !!!!
2017-08-22 12:48:34	The misctaskdomainqueue POOL IS GC Now !!!!
2017-08-22 12:54:47	The inventorydepthdomainqueue POOL IS GC Now !!!!
2017-08-22 12:57:01	The financecronjob POOL IS GC Now !!!!
2017-08-22 12:57:02	The bgqueue POOL IS GC Now !!!!
2017-08-22 12:57:02	The misctask POOL IS GC Now !!!!
2017-08-22 12:57:02	The inventorydepth POOL IS GC Now !!!!
2017-08-22 12:59:11	The financecronjobdomainqueue POOL IS GC Now !!!!
2017-08-22 13:17:49	The autochk POOL IS GC Now !!!!
2017-08-22 13:18:10	The autodly POOL IS GC Now !!!!
2017-08-22 13:46:32	The dataquerybywhole POOL IS GC Now !!!!
2017-08-22 13:47:28	The createfile POOL IS GC Now !!!!
2017-08-22 13:47:44	The dataquerybyquicksheet POOL IS GC Now !!!!
2017-08-22 13:47:49	The autochk POOL IS GC Now !!!!
2017-08-22 13:47:51	The dataquerybysheet POOL IS GC Now !!!!
2017-08-22 13:48:05	The exportsplit POOL IS GC Now !!!!
2017-08-22 13:48:10	The autodly POOL IS GC Now !!!!
2017-08-22 13:48:28	The bgqueuedomainqueue POOL IS GC Now !!!!
2017-08-22 13:48:35	The misctaskdomainqueue POOL IS GC Now !!!!
2017-08-22 13:54:47	The inventorydepthdomainqueue POOL IS GC Now !!!!
2017-08-22 13:57:01	The financecronjob POOL IS GC Now !!!!
2017-08-22 13:57:02	The misctask POOL IS GC Now !!!!
2017-08-22 13:57:02	The bgqueue POOL IS GC Now !!!!
2017-08-22 13:57:02	The inventorydepth POOL IS GC Now !!!!
2017-08-22 13:59:11	The financecronjobdomainqueue POOL IS GC Now !!!!
2017-08-22 14:17:49	The autochk POOL IS GC Now !!!!
2017-08-22 14:18:10	The autodly POOL IS GC Now !!!!
2017-08-22 14:47:28	The createfile POOL IS GC Now !!!!
2017-08-22 14:47:44	The dataquerybyquicksheet POOL IS GC Now !!!!
2017-08-22 14:47:49	The autochk POOL IS GC Now !!!!
2017-08-22 14:47:51	The dataquerybysheet POOL IS GC Now !!!!
2017-08-22 14:48:06	The exportsplit POOL IS GC Now !!!!
2017-08-22 14:48:10	The autodly POOL IS GC Now !!!!
2017-08-22 14:48:28	The bgqueuedomainqueue POOL IS GC Now !!!!
2017-08-22 14:48:35	The misctaskdomainqueue POOL IS GC Now !!!!
2017-08-22 14:54:47	The inventorydepthdomainqueue POOL IS GC Now !!!!
2017-08-22 14:57:01	The financecronjob POOL IS GC Now !!!!
2017-08-22 14:57:02	The inventorydepth POOL IS GC Now !!!!
2017-08-22 14:57:02	The bgqueue POOL IS GC Now !!!!
2017-08-22 14:57:02	The misctask POOL IS GC Now !!!!
2017-08-22 14:59:11	The financecronjobdomainqueue POOL IS GC Now !!!!
2017-08-22 15:17:49	The autochk POOL IS GC Now !!!!
2017-08-22 15:18:10	The autodly POOL IS GC Now !!!!
2017-08-22 15:46:32	The dataquerybywhole POOL IS GC Now !!!!
2017-08-22 15:47:28	The createfile POOL IS GC Now !!!!
2017-08-22 15:47:44	The dataquerybyquicksheet POOL IS GC Now !!!!
2017-08-22 15:47:49	The autochk POOL IS GC Now !!!!
2017-08-22 15:47:51	The dataquerybysheet POOL IS GC Now !!!!
2017-08-22 15:48:06	The exportsplit POOL IS GC Now !!!!
2017-08-22 15:48:10	The autodly POOL IS GC Now !!!!
2017-08-22 15:48:28	The bgqueuedomainqueue POOL IS GC Now !!!!
2017-08-22 15:48:35	The misctaskdomainqueue POOL IS GC Now !!!!
2017-08-22 15:54:47	The inventorydepthdomainqueue POOL IS GC Now !!!!
2017-08-22 15:57:01	The financecronjob POOL IS GC Now !!!!
2017-08-22 15:57:02	The misctask POOL IS GC Now !!!!
2017-08-22 15:57:02	The bgqueue POOL IS GC Now !!!!
2017-08-22 15:57:02	The inventorydepth POOL IS GC Now !!!!
2017-08-22 15:59:11	The financecronjobdomainqueue POOL IS GC Now !!!!
2017-08-22 16:17:49	The autochk POOL IS GC Now !!!!
2017-08-22 16:18:10	The autodly POOL IS GC Now !!!!
2017-08-22 16:47:28	The createfile POOL IS GC Now !!!!
2017-08-22 16:47:44	The dataquerybyquicksheet POOL IS GC Now !!!!
2017-08-22 16:47:49	The autochk POOL IS GC Now !!!!
2017-08-22 16:47:51	The dataquerybysheet POOL IS GC Now !!!!
2017-08-22 16:48:07	The exportsplit POOL IS GC Now !!!!
2017-08-22 16:48:10	The autodly POOL IS GC Now !!!!
2017-08-22 16:48:28	The bgqueuedomainqueue POOL IS GC Now !!!!
2017-08-22 16:48:35	The misctaskdomainqueue POOL IS GC Now !!!!
2017-08-22 16:54:47	The inventorydepthdomainqueue POOL IS GC Now !!!!
2017-08-22 16:57:01	The financecronjob POOL IS GC Now !!!!
2017-08-22 16:57:02	The inventorydepth POOL IS GC Now !!!!
2017-08-22 16:57:02	The misctask POOL IS GC Now !!!!
2017-08-22 16:57:02	The bgqueue POOL IS GC Now !!!!
2017-08-22 16:59:11	The financecronjobdomainqueue POOL IS GC Now !!!!
2017-08-22 17:17:49	The autochk POOL IS GC Now !!!!
2017-08-22 17:18:10	The autodly POOL IS GC Now !!!!
2017-08-22 17:46:32	The dataquerybywhole POOL IS GC Now !!!!
2017-08-22 17:47:28	The createfile POOL IS GC Now !!!!
2017-08-22 17:47:44	The dataquerybyquicksheet POOL IS GC Now !!!!
2017-08-22 17:47:49	The autochk POOL IS GC Now !!!!
2017-08-22 17:47:51	The dataquerybysheet POOL IS GC Now !!!!
2017-08-22 17:48:07	The exportsplit POOL IS GC Now !!!!
2017-08-22 17:48:10	The autodly POOL IS GC Now !!!!
2017-08-22 17:48:28	The bgqueuedomainqueue POOL IS GC Now !!!!
2017-08-22 17:48:35	The misctaskdomainqueue POOL IS GC Now !!!!
2017-08-22 17:54:47	The inventorydepthdomainqueue POOL IS GC Now !!!!
2017-08-22 17:57:01	The financecronjob POOL IS GC Now !!!!
2017-08-22 17:57:02	The bgqueue POOL IS GC Now !!!!
2017-08-22 17:57:02	The inventorydepth POOL IS GC Now !!!!
2017-08-22 17:57:02	The misctask POOL IS GC Now !!!!
2017-08-22 17:59:11	The financecronjobdomainqueue POOL IS GC Now !!!!
2017-08-22 18:17:49	The autochk POOL IS GC Now !!!!
2017-08-22 18:18:10	The autodly POOL IS GC Now !!!!
2017-08-22 18:47:28	The createfile POOL IS GC Now !!!!
2017-08-22 18:47:44	The dataquerybyquicksheet POOL IS GC Now !!!!
2017-08-22 18:47:49	The autochk POOL IS GC Now !!!!
2017-08-22 18:47:51	The dataquerybysheet POOL IS GC Now !!!!
2017-08-22 18:48:07	The exportsplit POOL IS GC Now !!!!
2017-08-22 18:48:10	The autodly POOL IS GC Now !!!!
2017-08-22 18:48:28	The bgqueuedomainqueue POOL IS GC Now !!!!
2017-08-22 18:48:35	The misctaskdomainqueue POOL IS GC Now !!!!
2017-08-22 18:54:47	The inventorydepthdomainqueue POOL IS GC Now !!!!
2017-08-22 18:57:01	The financecronjob POOL IS GC Now !!!!
2017-08-22 18:57:02	The inventorydepth POOL IS GC Now !!!!
2017-08-22 18:57:02	The bgqueue POOL IS GC Now !!!!
2017-08-22 18:57:02	The misctask POOL IS GC Now !!!!
2017-08-22 18:59:11	The financecronjobdomainqueue POOL IS GC Now !!!!
2017-08-22 19:17:49	The autochk POOL IS GC Now !!!!
2017-08-22 19:18:10	The autodly POOL IS GC Now !!!!
2017-08-22 19:46:32	The dataquerybywhole POOL IS GC Now !!!!
2017-08-22 19:47:28	The createfile POOL IS GC Now !!!!
2017-08-22 19:47:44	The dataquerybyquicksheet POOL IS GC Now !!!!
2017-08-22 19:47:49	The autochk POOL IS GC Now !!!!
2017-08-22 19:47:51	The dataquerybysheet POOL IS GC Now !!!!
2017-08-22 19:48:07	The exportsplit POOL IS GC Now !!!!
2017-08-22 19:48:10	The autodly POOL IS GC Now !!!!
2017-08-22 19:48:28	The bgqueuedomainqueue POOL IS GC Now !!!!
2017-08-22 19:48:35	The misctaskdomainqueue POOL IS GC Now !!!!
2017-08-22 19:54:47	The inventorydepthdomainqueue POOL IS GC Now !!!!
2017-08-22 19:57:01	The financecronjob POOL IS GC Now !!!!
2017-08-22 19:57:02	The bgqueue POOL IS GC Now !!!!
2017-08-22 19:57:02	The misctask POOL IS GC Now !!!!
2017-08-22 19:57:02	The inventorydepth POOL IS GC Now !!!!
2017-08-22 19:59:11	The financecronjobdomainqueue POOL IS GC Now !!!!
2017-08-22 20:17:49	The autochk POOL IS GC Now !!!!
2017-08-22 20:18:10	The autodly POOL IS GC Now !!!!
2017-08-22 20:47:28	The createfile POOL IS GC Now !!!!
2017-08-22 20:47:44	The dataquerybyquicksheet POOL IS GC Now !!!!
2017-08-22 20:47:49	The autochk POOL IS GC Now !!!!
2017-08-22 20:47:51	The dataquerybysheet POOL IS GC Now !!!!
2017-08-22 20:48:07	The exportsplit POOL IS GC Now !!!!
2017-08-22 20:48:10	The autodly POOL IS GC Now !!!!
2017-08-22 20:48:28	The bgqueuedomainqueue POOL IS GC Now !!!!
2017-08-22 20:48:35	The misctaskdomainqueue POOL IS GC Now !!!!
2017-08-22 20:54:47	The inventorydepthdomainqueue POOL IS GC Now !!!!
2017-08-22 20:57:01	The financecronjob POOL IS GC Now !!!!
2017-08-22 20:57:02	The inventorydepth POOL IS GC Now !!!!
2017-08-22 20:57:02	The misctask POOL IS GC Now !!!!
2017-08-22 20:57:02	The bgqueue POOL IS GC Now !!!!
2017-08-22 20:59:11	The financecronjobdomainqueue POOL IS GC Now !!!!
2017-08-22 21:17:49	The autochk POOL IS GC Now !!!!
2017-08-22 21:18:10	The autodly POOL IS GC Now !!!!
2017-08-22 21:46:32	The dataquerybywhole POOL IS GC Now !!!!
2017-08-22 21:47:28	The createfile POOL IS GC Now !!!!
2017-08-22 21:47:45	The dataquerybyquicksheet POOL IS GC Now !!!!
2017-08-22 21:47:49	The autochk POOL IS GC Now !!!!
2017-08-22 21:47:51	The dataquerybysheet POOL IS GC Now !!!!
2017-08-22 21:48:07	The exportsplit POOL IS GC Now !!!!
2017-08-22 21:48:10	The autodly POOL IS GC Now !!!!
2017-08-22 21:48:28	The bgqueuedomainqueue POOL IS GC Now !!!!
2017-08-22 21:48:35	The misctaskdomainqueue POOL IS GC Now !!!!
2017-08-22 21:54:47	The inventorydepthdomainqueue POOL IS GC Now !!!!
2017-08-22 21:57:01	The financecronjob POOL IS GC Now !!!!
2017-08-22 21:57:02	The misctask POOL IS GC Now !!!!
2017-08-22 21:57:02	The inventorydepth POOL IS GC Now !!!!
2017-08-22 21:57:02	The bgqueue POOL IS GC Now !!!!
2017-08-22 21:59:11	The financecronjobdomainqueue POOL IS GC Now !!!!
2017-08-22 22:17:49	The autochk POOL IS GC Now !!!!
2017-08-22 22:18:10	The autodly POOL IS GC Now !!!!
2017-08-22 22:47:28	The createfile POOL IS GC Now !!!!
2017-08-22 22:47:45	The dataquerybyquicksheet POOL IS GC Now !!!!
2017-08-22 22:47:49	The autochk POOL IS GC Now !!!!
2017-08-22 22:47:51	The dataquerybysheet POOL IS GC Now !!!!
2017-08-22 22:48:07	The exportsplit POOL IS GC Now !!!!
2017-08-22 22:48:10	The autodly POOL IS GC Now !!!!
2017-08-22 22:48:28	The bgqueuedomainqueue POOL IS GC Now !!!!
2017-08-22 22:48:35	The misctaskdomainqueue POOL IS GC Now !!!!
2017-08-22 22:54:47	The inventorydepthdomainqueue POOL IS GC Now !!!!
2017-08-22 22:57:01	The financecronjob POOL IS GC Now !!!!
2017-08-22 22:57:02	The bgqueue POOL IS GC Now !!!!
2017-08-22 22:57:02	The misctask POOL IS GC Now !!!!
2017-08-22 22:57:02	The inventorydepth POOL IS GC Now !!!!
2017-08-22 22:59:11	The financecronjobdomainqueue POOL IS GC Now !!!!
2017-08-22 23:17:49	The autochk POOL IS GC Now !!!!
2017-08-22 23:18:10	The autodly POOL IS GC Now !!!!
2017-08-22 23:46:32	The dataquerybywhole POOL IS GC Now !!!!
2017-08-22 23:47:28	The createfile POOL IS GC Now !!!!
2017-08-22 23:47:45	The dataquerybyquicksheet POOL IS GC Now !!!!
2017-08-22 23:47:49	The autochk POOL IS GC Now !!!!
2017-08-22 23:47:51	The dataquerybysheet POOL IS GC Now !!!!
2017-08-22 23:48:07	The exportsplit POOL IS GC Now !!!!
2017-08-22 23:48:10	The autodly POOL IS GC Now !!!!
2017-08-22 23:48:28	The bgqueuedomainqueue POOL IS GC Now !!!!
2017-08-22 23:48:35	The misctaskdomainqueue POOL IS GC Now !!!!
2017-08-22 23:54:47	The inventorydepthdomainqueue POOL IS GC Now !!!!
2017-08-22 23:57:01	The financecronjob POOL IS GC Now !!!!
2017-08-22 23:57:02	The bgqueue POOL IS GC Now !!!!
2017-08-22 23:57:02	The inventorydepth POOL IS GC Now !!!!
2017-08-22 23:57:02	The misctask POOL IS GC Now !!!!
2017-08-22 23:59:11	The financecronjobdomainqueue POOL IS GC Now !!!!
