2017-08-29 00:17:52	The autochk POOL IS GC Now !!!!
2017-08-29 00:18:14	The autodly POOL IS GC Now !!!!
2017-08-29 00:47:33	The createfile POOL IS GC Now !!!!
2017-08-29 00:47:50	The dataquerybyquicksheet POOL IS GC Now !!!!
2017-08-29 00:47:52	The autochk POOL IS GC Now !!!!
2017-08-29 00:47:54	The dataquerybysheet POOL IS GC Now !!!!
2017-08-29 00:48:14	The autodly POOL IS GC Now !!!!
2017-08-29 00:48:14	The exportsplit POOL IS GC Now !!!!
2017-08-29 00:48:31	The bgqueuedomainqueue POOL IS GC Now !!!!
2017-08-29 00:48:38	The misctaskdomainqueue POOL IS GC Now !!!!
2017-08-29 00:54:48	The inventorydepthdomainqueue POOL IS GC Now !!!!
2017-08-29 00:57:01	The financecronjob POOL IS GC Now !!!!
2017-08-29 00:57:02	The bgqueue POOL IS GC Now !!!!
2017-08-29 00:57:02	The inventorydepth POOL IS GC Now !!!!
2017-08-29 00:57:03	The misctask POOL IS GC Now !!!!
2017-08-29 00:59:12	The financecronjobdomainqueue POOL IS GC Now !!!!
2017-08-29 01:17:52	The autochk POOL IS GC Now !!!!
2017-08-29 01:18:14	The autodly POOL IS GC Now !!!!
2017-08-29 01:46:33	The dataquerybywhole POOL IS GC Now !!!!
2017-08-29 01:47:33	The createfile POOL IS GC Now !!!!
2017-08-29 01:47:50	The dataquerybyquicksheet POOL IS GC Now !!!!
2017-08-29 01:47:52	The autochk POOL IS GC Now !!!!
2017-08-29 01:47:54	The dataquerybysheet POOL IS GC Now !!!!
2017-08-29 01:48:14	The autodly POOL IS GC Now !!!!
2017-08-29 01:48:14	The exportsplit POOL IS GC Now !!!!
2017-08-29 01:48:31	The bgqueuedomainqueue POOL IS GC Now !!!!
2017-08-29 01:48:38	The misctaskdomainqueue POOL IS GC Now !!!!
2017-08-29 01:54:48	The inventorydepthdomainqueue POOL IS GC Now !!!!
2017-08-29 01:57:01	The financecronjob POOL IS GC Now !!!!
2017-08-29 01:57:02	The inventorydepth POOL IS GC Now !!!!
2017-08-29 01:57:02	The bgqueue POOL IS GC Now !!!!
2017-08-29 01:57:03	The misctask POOL IS GC Now !!!!
2017-08-29 01:59:12	The financecronjobdomainqueue POOL IS GC Now !!!!
2017-08-29 02:17:52	The autochk POOL IS GC Now !!!!
2017-08-29 02:18:14	The autodly POOL IS GC Now !!!!
2017-08-29 02:47:33	The createfile POOL IS GC Now !!!!
2017-08-29 02:47:50	The dataquerybyquicksheet POOL IS GC Now !!!!
2017-08-29 02:47:52	The autochk POOL IS GC Now !!!!
2017-08-29 02:47:54	The dataquerybysheet POOL IS GC Now !!!!
2017-08-29 02:48:14	The autodly POOL IS GC Now !!!!
2017-08-29 02:48:14	The exportsplit POOL IS GC Now !!!!
2017-08-29 02:48:31	The bgqueuedomainqueue POOL IS GC Now !!!!
2017-08-29 02:48:38	The misctaskdomainqueue POOL IS GC Now !!!!
2017-08-29 02:54:48	The inventorydepthdomainqueue POOL IS GC Now !!!!
2017-08-29 02:57:01	The financecronjob POOL IS GC Now !!!!
2017-08-29 02:57:02	The inventorydepth POOL IS GC Now !!!!
2017-08-29 02:57:02	The bgqueue POOL IS GC Now !!!!
2017-08-29 02:57:03	The misctask POOL IS GC Now !!!!
2017-08-29 02:59:12	The financecronjobdomainqueue POOL IS GC Now !!!!
2017-08-29 03:17:52	The autochk POOL IS GC Now !!!!
2017-08-29 03:18:14	The autodly POOL IS GC Now !!!!
2017-08-29 03:46:33	The dataquerybywhole POOL IS GC Now !!!!
2017-08-29 03:47:33	The createfile POOL IS GC Now !!!!
2017-08-29 03:47:50	The dataquerybyquicksheet POOL IS GC Now !!!!
2017-08-29 03:47:52	The autochk POOL IS GC Now !!!!
2017-08-29 03:47:54	The dataquerybysheet POOL IS GC Now !!!!
2017-08-29 03:48:14	The autodly POOL IS GC Now !!!!
2017-08-29 03:48:14	The exportsplit POOL IS GC Now !!!!
2017-08-29 03:48:31	The bgqueuedomainqueue POOL IS GC Now !!!!
2017-08-29 03:48:38	The misctaskdomainqueue POOL IS GC Now !!!!
2017-08-29 03:54:48	The inventorydepthdomainqueue POOL IS GC Now !!!!
2017-08-29 03:57:01	The financecronjob POOL IS GC Now !!!!
2017-08-29 03:57:02	The bgqueue POOL IS GC Now !!!!
2017-08-29 03:57:02	The inventorydepth POOL IS GC Now !!!!
2017-08-29 03:57:03	The misctask POOL IS GC Now !!!!
2017-08-29 03:59:12	The financecronjobdomainqueue POOL IS GC Now !!!!
2017-08-29 04:17:52	The autochk POOL IS GC Now !!!!
2017-08-29 04:18:14	The autodly POOL IS GC Now !!!!
2017-08-29 04:47:33	The createfile POOL IS GC Now !!!!
2017-08-29 04:47:50	The dataquerybyquicksheet POOL IS GC Now !!!!
2017-08-29 04:47:52	The autochk POOL IS GC Now !!!!
2017-08-29 04:47:54	The dataquerybysheet POOL IS GC Now !!!!
2017-08-29 04:48:14	The autodly POOL IS GC Now !!!!
2017-08-29 04:48:14	The exportsplit POOL IS GC Now !!!!
2017-08-29 04:48:31	The bgqueuedomainqueue POOL IS GC Now !!!!
2017-08-29 04:48:38	The misctaskdomainqueue POOL IS GC Now !!!!
2017-08-29 04:54:48	The inventorydepthdomainqueue POOL IS GC Now !!!!
2017-08-29 04:57:01	The financecronjob POOL IS GC Now !!!!
2017-08-29 04:57:02	The inventorydepth POOL IS GC Now !!!!
2017-08-29 04:57:02	The bgqueue POOL IS GC Now !!!!
2017-08-29 04:57:03	The misctask POOL IS GC Now !!!!
2017-08-29 04:59:12	The financecronjobdomainqueue POOL IS GC Now !!!!
2017-08-29 05:17:52	The autochk POOL IS GC Now !!!!
2017-08-29 05:18:14	The autodly POOL IS GC Now !!!!
2017-08-29 05:46:33	The dataquerybywhole POOL IS GC Now !!!!
2017-08-29 05:47:33	The createfile POOL IS GC Now !!!!
2017-08-29 05:47:51	The dataquerybyquicksheet POOL IS GC Now !!!!
2017-08-29 05:47:52	The autochk POOL IS GC Now !!!!
2017-08-29 05:47:54	The dataquerybysheet POOL IS GC Now !!!!
2017-08-29 05:48:14	The autodly POOL IS GC Now !!!!
2017-08-29 05:48:15	The exportsplit POOL IS GC Now !!!!
2017-08-29 05:48:31	The bgqueuedomainqueue POOL IS GC Now !!!!
2017-08-29 05:48:38	The misctaskdomainqueue POOL IS GC Now !!!!
2017-08-29 05:54:48	The inventorydepthdomainqueue POOL IS GC Now !!!!
2017-08-29 05:57:01	The financecronjob POOL IS GC Now !!!!
2017-08-29 05:57:02	The inventorydepth POOL IS GC Now !!!!
2017-08-29 05:57:02	The bgqueue POOL IS GC Now !!!!
2017-08-29 05:57:03	The misctask POOL IS GC Now !!!!
2017-08-29 05:59:12	The financecronjobdomainqueue POOL IS GC Now !!!!
2017-08-29 06:17:52	The autochk POOL IS GC Now !!!!
2017-08-29 06:18:14	The autodly POOL IS GC Now !!!!
2017-08-29 06:47:33	The createfile POOL IS GC Now !!!!
2017-08-29 06:47:51	The dataquerybyquicksheet POOL IS GC Now !!!!
2017-08-29 06:47:52	The autochk POOL IS GC Now !!!!
2017-08-29 06:47:54	The dataquerybysheet POOL IS GC Now !!!!
2017-08-29 06:48:14	The autodly POOL IS GC Now !!!!
2017-08-29 06:48:15	The exportsplit POOL IS GC Now !!!!
2017-08-29 06:48:31	The bgqueuedomainqueue POOL IS GC Now !!!!
2017-08-29 06:48:38	The misctaskdomainqueue POOL IS GC Now !!!!
2017-08-29 06:54:48	The inventorydepthdomainqueue POOL IS GC Now !!!!
2017-08-29 06:57:01	The financecronjob POOL IS GC Now !!!!
2017-08-29 06:57:02	The inventorydepth POOL IS GC Now !!!!
2017-08-29 06:57:02	The bgqueue POOL IS GC Now !!!!
2017-08-29 06:57:03	The misctask POOL IS GC Now !!!!
2017-08-29 06:59:12	The financecronjobdomainqueue POOL IS GC Now !!!!
2017-08-29 07:17:52	The autochk POOL IS GC Now !!!!
2017-08-29 07:18:14	The autodly POOL IS GC Now !!!!
2017-08-29 07:46:33	The dataquerybywhole POOL IS GC Now !!!!
2017-08-29 07:47:33	The createfile POOL IS GC Now !!!!
2017-08-29 07:47:51	The dataquerybyquicksheet POOL IS GC Now !!!!
2017-08-29 07:47:52	The autochk POOL IS GC Now !!!!
2017-08-29 07:47:54	The dataquerybysheet POOL IS GC Now !!!!
2017-08-29 07:48:14	The autodly POOL IS GC Now !!!!
2017-08-29 07:48:15	The exportsplit POOL IS GC Now !!!!
2017-08-29 07:48:31	The bgqueuedomainqueue POOL IS GC Now !!!!
2017-08-29 07:48:38	The misctaskdomainqueue POOL IS GC Now !!!!
2017-08-29 07:54:48	The inventorydepthdomainqueue POOL IS GC Now !!!!
2017-08-29 07:57:01	The financecronjob POOL IS GC Now !!!!
2017-08-29 07:57:02	The bgqueue POOL IS GC Now !!!!
2017-08-29 07:57:02	The inventorydepth POOL IS GC Now !!!!
2017-08-29 07:57:03	The misctask POOL IS GC Now !!!!
2017-08-29 07:59:12	The financecronjobdomainqueue POOL IS GC Now !!!!
2017-08-29 08:17:53	The autochk POOL IS GC Now !!!!
2017-08-29 08:18:15	The autodly POOL IS GC Now !!!!
2017-08-29 08:47:34	The createfile POOL IS GC Now !!!!
2017-08-29 08:47:51	The dataquerybyquicksheet POOL IS GC Now !!!!
2017-08-29 08:47:53	The autochk POOL IS GC Now !!!!
2017-08-29 08:47:55	The dataquerybysheet POOL IS GC Now !!!!
2017-08-29 08:48:15	The exportsplit POOL IS GC Now !!!!
2017-08-29 08:48:15	The autodly POOL IS GC Now !!!!
2017-08-29 08:48:31	The bgqueuedomainqueue POOL IS GC Now !!!!
2017-08-29 08:48:38	The misctaskdomainqueue POOL IS GC Now !!!!
2017-08-29 08:54:48	The inventorydepthdomainqueue POOL IS GC Now !!!!
2017-08-29 08:57:01	The financecronjob POOL IS GC Now !!!!
2017-08-29 08:57:02	The inventorydepth POOL IS GC Now !!!!
2017-08-29 08:57:02	The bgqueue POOL IS GC Now !!!!
2017-08-29 08:57:03	The misctask POOL IS GC Now !!!!
2017-08-29 08:59:12	The financecronjobdomainqueue POOL IS GC Now !!!!
2017-08-29 09:17:54	The autochk POOL IS GC Now !!!!
2017-08-29 09:18:16	The autodly POOL IS GC Now !!!!
2017-08-29 09:46:33	The dataquerybywhole POOL IS GC Now !!!!
2017-08-29 09:47:34	The createfile POOL IS GC Now !!!!
2017-08-29 09:47:52	The dataquerybyquicksheet POOL IS GC Now !!!!
2017-08-29 09:47:54	The autochk POOL IS GC Now !!!!
2017-08-29 09:47:57	The dataquerybysheet POOL IS GC Now !!!!
2017-08-29 09:48:16	The exportsplit POOL IS GC Now !!!!
2017-08-29 09:48:17	The autodly POOL IS GC Now !!!!
2017-08-29 09:48:31	The bgqueuedomainqueue POOL IS GC Now !!!!
2017-08-29 09:48:38	The misctaskdomainqueue POOL IS GC Now !!!!
2017-08-29 09:54:48	The inventorydepthdomainqueue POOL IS GC Now !!!!
2017-08-29 09:57:01	The financecronjob POOL IS GC Now !!!!
2017-08-29 09:57:02	The bgqueue POOL IS GC Now !!!!
2017-08-29 09:57:02	The inventorydepth POOL IS GC Now !!!!
2017-08-29 09:57:03	The misctask POOL IS GC Now !!!!
2017-08-29 09:59:12	The financecronjobdomainqueue POOL IS GC Now !!!!
2017-08-29 10:17:55	The autochk POOL IS GC Now !!!!
2017-08-29 10:18:17	The autodly POOL IS GC Now !!!!
2017-08-29 10:47:35	The createfile POOL IS GC Now !!!!
2017-08-29 10:47:52	The dataquerybyquicksheet POOL IS GC Now !!!!
2017-08-29 10:47:55	The autochk POOL IS GC Now !!!!
2017-08-29 10:47:57	The dataquerybysheet POOL IS GC Now !!!!
2017-08-29 10:48:16	The exportsplit POOL IS GC Now !!!!
2017-08-29 10:48:17	The autodly POOL IS GC Now !!!!
2017-08-29 10:48:31	The bgqueuedomainqueue POOL IS GC Now !!!!
2017-08-29 10:48:39	The misctaskdomainqueue POOL IS GC Now !!!!
2017-08-29 10:54:48	The inventorydepthdomainqueue POOL IS GC Now !!!!
2017-08-29 10:57:01	The financecronjob POOL IS GC Now !!!!
2017-08-29 10:57:02	The bgqueue POOL IS GC Now !!!!
2017-08-29 10:57:02	The inventorydepth POOL IS GC Now !!!!
2017-08-29 10:57:03	The misctask POOL IS GC Now !!!!
2017-08-29 10:59:12	The financecronjobdomainqueue POOL IS GC Now !!!!
2017-08-29 11:17:55	The autochk POOL IS GC Now !!!!
2017-08-29 11:18:17	The autodly POOL IS GC Now !!!!
2017-08-29 11:46:33	The dataquerybywhole POOL IS GC Now !!!!
2017-08-29 11:47:35	The createfile POOL IS GC Now !!!!
2017-08-29 11:47:52	The dataquerybyquicksheet POOL IS GC Now !!!!
2017-08-29 11:47:55	The autochk POOL IS GC Now !!!!
2017-08-29 11:47:57	The dataquerybysheet POOL IS GC Now !!!!
2017-08-29 11:48:16	The exportsplit POOL IS GC Now !!!!
2017-08-29 11:48:17	The autodly POOL IS GC Now !!!!
2017-08-29 11:48:31	The bgqueuedomainqueue POOL IS GC Now !!!!
2017-08-29 11:48:39	The misctaskdomainqueue POOL IS GC Now !!!!
2017-08-29 11:54:48	The inventorydepthdomainqueue POOL IS GC Now !!!!
2017-08-29 11:57:01	The financecronjob POOL IS GC Now !!!!
2017-08-29 11:57:02	The inventorydepth POOL IS GC Now !!!!
2017-08-29 11:57:02	The bgqueue POOL IS GC Now !!!!
2017-08-29 11:57:03	The misctask POOL IS GC Now !!!!
2017-08-29 11:59:12	The financecronjobdomainqueue POOL IS GC Now !!!!
2017-08-29 12:17:55	The autochk POOL IS GC Now !!!!
2017-08-29 12:18:17	The autodly POOL IS GC Now !!!!
2017-08-29 12:47:35	The createfile POOL IS GC Now !!!!
2017-08-29 12:47:52	The dataquerybyquicksheet POOL IS GC Now !!!!
2017-08-29 12:47:55	The autochk POOL IS GC Now !!!!
2017-08-29 12:47:57	The dataquerybysheet POOL IS GC Now !!!!
2017-08-29 12:48:16	The exportsplit POOL IS GC Now !!!!
2017-08-29 12:48:17	The autodly POOL IS GC Now !!!!
2017-08-29 12:48:31	The bgqueuedomainqueue POOL IS GC Now !!!!
2017-08-29 12:48:39	The misctaskdomainqueue POOL IS GC Now !!!!
2017-08-29 12:54:48	The inventorydepthdomainqueue POOL IS GC Now !!!!
2017-08-29 12:57:01	The financecronjob POOL IS GC Now !!!!
2017-08-29 12:57:02	The inventorydepth POOL IS GC Now !!!!
2017-08-29 12:57:02	The bgqueue POOL IS GC Now !!!!
2017-08-29 12:57:03	The misctask POOL IS GC Now !!!!
2017-08-29 12:59:12	The financecronjobdomainqueue POOL IS GC Now !!!!
2017-08-29 13:17:55	The autochk POOL IS GC Now !!!!
2017-08-29 13:18:17	The autodly POOL IS GC Now !!!!
2017-08-29 13:46:33	The dataquerybywhole POOL IS GC Now !!!!
2017-08-29 13:47:35	The createfile POOL IS GC Now !!!!
2017-08-29 13:47:53	The dataquerybyquicksheet POOL IS GC Now !!!!
2017-08-29 13:47:55	The autochk POOL IS GC Now !!!!
2017-08-29 13:47:57	The dataquerybysheet POOL IS GC Now !!!!
2017-08-29 13:48:16	The exportsplit POOL IS GC Now !!!!
2017-08-29 13:48:17	The autodly POOL IS GC Now !!!!
2017-08-29 13:48:31	The bgqueuedomainqueue POOL IS GC Now !!!!
2017-08-29 13:48:39	The misctaskdomainqueue POOL IS GC Now !!!!
2017-08-29 13:54:48	The inventorydepthdomainqueue POOL IS GC Now !!!!
2017-08-29 13:57:01	The financecronjob POOL IS GC Now !!!!
2017-08-29 13:57:02	The bgqueue POOL IS GC Now !!!!
2017-08-29 13:57:02	The inventorydepth POOL IS GC Now !!!!
2017-08-29 13:57:03	The misctask POOL IS GC Now !!!!
2017-08-29 13:59:12	The financecronjobdomainqueue POOL IS GC Now !!!!
2017-08-29 14:17:55	The autochk POOL IS GC Now !!!!
2017-08-29 14:18:17	The autodly POOL IS GC Now !!!!
2017-08-29 14:47:35	The createfile POOL IS GC Now !!!!
2017-08-29 14:47:53	The dataquerybyquicksheet POOL IS GC Now !!!!
2017-08-29 14:47:55	The autochk POOL IS GC Now !!!!
2017-08-29 14:47:57	The dataquerybysheet POOL IS GC Now !!!!
2017-08-29 14:48:16	The exportsplit POOL IS GC Now !!!!
2017-08-29 14:48:17	The autodly POOL IS GC Now !!!!
2017-08-29 14:48:31	The bgqueuedomainqueue POOL IS GC Now !!!!
2017-08-29 14:48:39	The misctaskdomainqueue POOL IS GC Now !!!!
2017-08-29 14:54:48	The inventorydepthdomainqueue POOL IS GC Now !!!!
2017-08-29 14:57:01	The financecronjob POOL IS GC Now !!!!
2017-08-29 14:57:02	The inventorydepth POOL IS GC Now !!!!
2017-08-29 14:57:02	The bgqueue POOL IS GC Now !!!!
2017-08-29 14:57:03	The misctask POOL IS GC Now !!!!
2017-08-29 14:59:12	The financecronjobdomainqueue POOL IS GC Now !!!!
2017-08-29 15:17:55	The autochk POOL IS GC Now !!!!
2017-08-29 15:18:17	The autodly POOL IS GC Now !!!!
2017-08-29 15:46:33	The dataquerybywhole POOL IS GC Now !!!!
2017-08-29 15:47:35	The createfile POOL IS GC Now !!!!
2017-08-29 15:47:53	The dataquerybyquicksheet POOL IS GC Now !!!!
2017-08-29 15:47:55	The autochk POOL IS GC Now !!!!
2017-08-29 15:47:57	The dataquerybysheet POOL IS GC Now !!!!
2017-08-29 15:48:16	The exportsplit POOL IS GC Now !!!!
2017-08-29 15:48:17	The autodly POOL IS GC Now !!!!
2017-08-29 15:48:31	The bgqueuedomainqueue POOL IS GC Now !!!!
2017-08-29 15:48:39	The misctaskdomainqueue POOL IS GC Now !!!!
2017-08-29 15:54:48	The inventorydepthdomainqueue POOL IS GC Now !!!!
2017-08-29 15:57:01	The financecronjob POOL IS GC Now !!!!
2017-08-29 15:57:02	The bgqueue POOL IS GC Now !!!!
2017-08-29 15:57:02	The inventorydepth POOL IS GC Now !!!!
2017-08-29 15:57:03	The misctask POOL IS GC Now !!!!
2017-08-29 15:59:12	The financecronjobdomainqueue POOL IS GC Now !!!!
2017-08-29 16:17:55	The autochk POOL IS GC Now !!!!
2017-08-29 16:18:17	The autodly POOL IS GC Now !!!!
2017-08-29 16:47:35	The createfile POOL IS GC Now !!!!
2017-08-29 16:47:53	The dataquerybyquicksheet POOL IS GC Now !!!!
2017-08-29 16:47:55	The autochk POOL IS GC Now !!!!
2017-08-29 16:47:57	The dataquerybysheet POOL IS GC Now !!!!
2017-08-29 16:48:16	The exportsplit POOL IS GC Now !!!!
2017-08-29 16:48:17	The autodly POOL IS GC Now !!!!
2017-08-29 16:48:31	The bgqueuedomainqueue POOL IS GC Now !!!!
2017-08-29 16:48:39	The misctaskdomainqueue POOL IS GC Now !!!!
2017-08-29 16:54:48	The inventorydepthdomainqueue POOL IS GC Now !!!!
2017-08-29 16:57:01	The financecronjob POOL IS GC Now !!!!
2017-08-29 16:57:02	The inventorydepth POOL IS GC Now !!!!
2017-08-29 16:57:02	The bgqueue POOL IS GC Now !!!!
2017-08-29 16:57:03	The misctask POOL IS GC Now !!!!
2017-08-29 16:59:12	The financecronjobdomainqueue POOL IS GC Now !!!!
2017-08-29 17:17:55	The autochk POOL IS GC Now !!!!
2017-08-29 17:18:17	The autodly POOL IS GC Now !!!!
2017-08-29 17:46:33	The dataquerybywhole POOL IS GC Now !!!!
2017-08-29 17:47:35	The createfile POOL IS GC Now !!!!
2017-08-29 17:47:53	The dataquerybyquicksheet POOL IS GC Now !!!!
2017-08-29 17:47:55	The autochk POOL IS GC Now !!!!
2017-08-29 17:47:57	The dataquerybysheet POOL IS GC Now !!!!
2017-08-29 17:48:16	The exportsplit POOL IS GC Now !!!!
2017-08-29 17:48:17	The autodly POOL IS GC Now !!!!
2017-08-29 17:48:31	The bgqueuedomainqueue POOL IS GC Now !!!!
2017-08-29 17:48:39	The misctaskdomainqueue POOL IS GC Now !!!!
2017-08-29 17:54:48	The inventorydepthdomainqueue POOL IS GC Now !!!!
2017-08-29 17:57:01	The financecronjob POOL IS GC Now !!!!
2017-08-29 17:57:02	The inventorydepth POOL IS GC Now !!!!
2017-08-29 17:57:02	The bgqueue POOL IS GC Now !!!!
2017-08-29 17:57:03	The misctask POOL IS GC Now !!!!
2017-08-29 17:59:12	The financecronjobdomainqueue POOL IS GC Now !!!!
2017-08-29 18:17:55	The autochk POOL IS GC Now !!!!
2017-08-29 18:18:17	The autodly POOL IS GC Now !!!!
2017-08-29 18:47:35	The createfile POOL IS GC Now !!!!
2017-08-29 18:47:53	The dataquerybyquicksheet POOL IS GC Now !!!!
2017-08-29 18:47:55	The autochk POOL IS GC Now !!!!
2017-08-29 18:47:57	The dataquerybysheet POOL IS GC Now !!!!
2017-08-29 18:48:16	The exportsplit POOL IS GC Now !!!!
2017-08-29 18:48:17	The autodly POOL IS GC Now !!!!
2017-08-29 18:48:31	The bgqueuedomainqueue POOL IS GC Now !!!!
2017-08-29 18:48:39	The misctaskdomainqueue POOL IS GC Now !!!!
2017-08-29 18:54:48	The inventorydepthdomainqueue POOL IS GC Now !!!!
2017-08-29 18:57:01	The financecronjob POOL IS GC Now !!!!
2017-08-29 18:57:02	The bgqueue POOL IS GC Now !!!!
2017-08-29 18:57:02	The inventorydepth POOL IS GC Now !!!!
2017-08-29 18:57:03	The misctask POOL IS GC Now !!!!
2017-08-29 18:59:12	The financecronjobdomainqueue POOL IS GC Now !!!!
2017-08-29 19:17:55	The autochk POOL IS GC Now !!!!
2017-08-29 19:18:17	The autodly POOL IS GC Now !!!!
2017-08-29 19:46:33	The dataquerybywhole POOL IS GC Now !!!!
2017-08-29 19:47:35	The createfile POOL IS GC Now !!!!
2017-08-29 19:47:53	The dataquerybyquicksheet POOL IS GC Now !!!!
2017-08-29 19:47:55	The autochk POOL IS GC Now !!!!
2017-08-29 19:47:57	The dataquerybysheet POOL IS GC Now !!!!
2017-08-29 19:48:16	The exportsplit POOL IS GC Now !!!!
2017-08-29 19:48:17	The autodly POOL IS GC Now !!!!
2017-08-29 19:48:31	The bgqueuedomainqueue POOL IS GC Now !!!!
2017-08-29 19:48:39	The misctaskdomainqueue POOL IS GC Now !!!!
2017-08-29 19:54:48	The inventorydepthdomainqueue POOL IS GC Now !!!!
2017-08-29 19:57:01	The financecronjob POOL IS GC Now !!!!
2017-08-29 19:57:02	The bgqueue POOL IS GC Now !!!!
2017-08-29 19:57:02	The inventorydepth POOL IS GC Now !!!!
2017-08-29 19:57:03	The misctask POOL IS GC Now !!!!
2017-08-29 19:59:12	The financecronjobdomainqueue POOL IS GC Now !!!!
2017-08-29 20:17:55	The autochk POOL IS GC Now !!!!
2017-08-29 20:18:17	The autodly POOL IS GC Now !!!!
2017-08-29 20:47:35	The createfile POOL IS GC Now !!!!
2017-08-29 20:47:53	The dataquerybyquicksheet POOL IS GC Now !!!!
2017-08-29 20:47:55	The autochk POOL IS GC Now !!!!
2017-08-29 20:47:57	The dataquerybysheet POOL IS GC Now !!!!
2017-08-29 20:48:16	The exportsplit POOL IS GC Now !!!!
2017-08-29 20:48:17	The autodly POOL IS GC Now !!!!
2017-08-29 20:48:31	The bgqueuedomainqueue POOL IS GC Now !!!!
2017-08-29 20:48:39	The misctaskdomainqueue POOL IS GC Now !!!!
2017-08-29 20:54:48	The inventorydepthdomainqueue POOL IS GC Now !!!!
2017-08-29 20:57:01	The financecronjob POOL IS GC Now !!!!
2017-08-29 20:57:02	The bgqueue POOL IS GC Now !!!!
2017-08-29 20:57:02	The inventorydepth POOL IS GC Now !!!!
2017-08-29 20:57:03	The misctask POOL IS GC Now !!!!
2017-08-29 20:59:12	The financecronjobdomainqueue POOL IS GC Now !!!!
2017-08-29 21:17:55	The autochk POOL IS GC Now !!!!
2017-08-29 21:18:17	The autodly POOL IS GC Now !!!!
2017-08-29 21:46:33	The dataquerybywhole POOL IS GC Now !!!!
2017-08-29 21:47:35	The createfile POOL IS GC Now !!!!
2017-08-29 21:47:53	The dataquerybyquicksheet POOL IS GC Now !!!!
2017-08-29 21:47:55	The autochk POOL IS GC Now !!!!
2017-08-29 21:47:57	The dataquerybysheet POOL IS GC Now !!!!
2017-08-29 21:48:16	The exportsplit POOL IS GC Now !!!!
2017-08-29 21:48:17	The autodly POOL IS GC Now !!!!
2017-08-29 21:48:31	The bgqueuedomainqueue POOL IS GC Now !!!!
2017-08-29 21:48:39	The misctaskdomainqueue POOL IS GC Now !!!!
2017-08-29 21:54:48	The inventorydepthdomainqueue POOL IS GC Now !!!!
2017-08-29 21:57:01	The financecronjob POOL IS GC Now !!!!
2017-08-29 21:57:02	The bgqueue POOL IS GC Now !!!!
2017-08-29 21:57:02	The inventorydepth POOL IS GC Now !!!!
2017-08-29 21:57:03	The misctask POOL IS GC Now !!!!
2017-08-29 21:59:12	The financecronjobdomainqueue POOL IS GC Now !!!!
2017-08-29 22:17:55	The autochk POOL IS GC Now !!!!
2017-08-29 22:18:17	The autodly POOL IS GC Now !!!!
2017-08-29 22:47:35	The createfile POOL IS GC Now !!!!
2017-08-29 22:47:53	The dataquerybyquicksheet POOL IS GC Now !!!!
2017-08-29 22:47:55	The autochk POOL IS GC Now !!!!
2017-08-29 22:47:57	The dataquerybysheet POOL IS GC Now !!!!
2017-08-29 22:48:16	The exportsplit POOL IS GC Now !!!!
2017-08-29 22:48:17	The autodly POOL IS GC Now !!!!
2017-08-29 22:48:31	The bgqueuedomainqueue POOL IS GC Now !!!!
2017-08-29 22:48:39	The misctaskdomainqueue POOL IS GC Now !!!!
2017-08-29 22:54:48	The inventorydepthdomainqueue POOL IS GC Now !!!!
2017-08-29 22:57:01	The financecronjob POOL IS GC Now !!!!
2017-08-29 22:57:02	The bgqueue POOL IS GC Now !!!!
2017-08-29 22:57:02	The inventorydepth POOL IS GC Now !!!!
2017-08-29 22:57:03	The misctask POOL IS GC Now !!!!
2017-08-29 22:59:12	The financecronjobdomainqueue POOL IS GC Now !!!!
2017-08-29 23:17:55	The autochk POOL IS GC Now !!!!
2017-08-29 23:18:17	The autodly POOL IS GC Now !!!!
2017-08-29 23:46:33	The dataquerybywhole POOL IS GC Now !!!!
2017-08-29 23:47:35	The createfile POOL IS GC Now !!!!
2017-08-29 23:47:53	The dataquerybyquicksheet POOL IS GC Now !!!!
2017-08-29 23:47:55	The autochk POOL IS GC Now !!!!
2017-08-29 23:47:57	The dataquerybysheet POOL IS GC Now !!!!
2017-08-29 23:48:16	The exportsplit POOL IS GC Now !!!!
2017-08-29 23:48:17	The autodly POOL IS GC Now !!!!
2017-08-29 23:48:31	The bgqueuedomainqueue POOL IS GC Now !!!!
2017-08-29 23:48:39	The misctaskdomainqueue POOL IS GC Now !!!!
2017-08-29 23:54:48	The inventorydepthdomainqueue POOL IS GC Now !!!!
2017-08-29 23:57:01	The financecronjob POOL IS GC Now !!!!
2017-08-29 23:57:02	The inventorydepth POOL IS GC Now !!!!
2017-08-29 23:57:02	The bgqueue POOL IS GC Now !!!!
2017-08-29 23:57:03	The misctask POOL IS GC Now !!!!
2017-08-29 23:59:12	The financecronjobdomainqueue POOL IS GC Now !!!!
