2017-08-30 00:17:55	The autochk POOL IS GC Now !!!!
2017-08-30 00:18:17	The autodly POOL IS GC Now !!!!
2017-08-30 00:47:35	The createfile POOL IS GC Now !!!!
2017-08-30 00:47:53	The dataquerybyquicksheet POOL IS GC Now !!!!
2017-08-30 00:47:55	The autochk POOL IS GC Now !!!!
2017-08-30 00:47:57	The dataquerybysheet POOL IS GC Now !!!!
2017-08-30 00:48:16	The exportsplit POOL IS GC Now !!!!
2017-08-30 00:48:17	The autodly POOL IS GC Now !!!!
2017-08-30 00:48:31	The bgqueuedomainqueue POOL IS GC Now !!!!
2017-08-30 00:48:39	The misctaskdomainqueue POOL IS GC Now !!!!
2017-08-30 00:54:48	The inventorydepthdomainqueue POOL IS GC Now !!!!
2017-08-30 00:57:01	The financecronjob POOL IS GC Now !!!!
2017-08-30 00:57:02	The inventorydepth POOL IS GC Now !!!!
2017-08-30 00:57:02	The bgqueue POOL IS GC Now !!!!
2017-08-30 00:57:03	The misctask POOL IS GC Now !!!!
2017-08-30 00:59:12	The financecronjobdomainqueue POOL IS GC Now !!!!
2017-08-30 01:17:55	The autochk POOL IS GC Now !!!!
2017-08-30 01:18:17	The autodly POOL IS GC Now !!!!
2017-08-30 01:46:33	The dataquerybywhole POOL IS GC Now !!!!
2017-08-30 01:47:35	The createfile POOL IS GC Now !!!!
2017-08-30 01:47:53	The dataquerybyquicksheet POOL IS GC Now !!!!
2017-08-30 01:47:55	The autochk POOL IS GC Now !!!!
2017-08-30 01:47:57	The dataquerybysheet POOL IS GC Now !!!!
2017-08-30 01:48:16	The exportsplit POOL IS GC Now !!!!
2017-08-30 01:48:17	The autodly POOL IS GC Now !!!!
2017-08-30 01:48:31	The bgqueuedomainqueue POOL IS GC Now !!!!
2017-08-30 01:48:39	The misctaskdomainqueue POOL IS GC Now !!!!
2017-08-30 01:54:48	The inventorydepthdomainqueue POOL IS GC Now !!!!
2017-08-30 01:57:01	The financecronjob POOL IS GC Now !!!!
2017-08-30 01:57:02	The bgqueue POOL IS GC Now !!!!
2017-08-30 01:57:02	The inventorydepth POOL IS GC Now !!!!
2017-08-30 01:57:03	The misctask POOL IS GC Now !!!!
2017-08-30 01:59:12	The financecronjobdomainqueue POOL IS GC Now !!!!
2017-08-30 02:17:55	The autochk POOL IS GC Now !!!!
2017-08-30 02:18:17	The autodly POOL IS GC Now !!!!
2017-08-30 02:47:35	The createfile POOL IS GC Now !!!!
2017-08-30 02:47:53	The dataquerybyquicksheet POOL IS GC Now !!!!
2017-08-30 02:47:55	The autochk POOL IS GC Now !!!!
2017-08-30 02:47:57	The dataquerybysheet POOL IS GC Now !!!!
2017-08-30 02:48:16	The exportsplit POOL IS GC Now !!!!
2017-08-30 02:48:17	The autodly POOL IS GC Now !!!!
2017-08-30 02:48:32	The bgqueuedomainqueue POOL IS GC Now !!!!
2017-08-30 02:48:39	The misctaskdomainqueue POOL IS GC Now !!!!
2017-08-30 02:54:48	The inventorydepthdomainqueue POOL IS GC Now !!!!
2017-08-30 02:57:01	The financecronjob POOL IS GC Now !!!!
2017-08-30 02:57:02	The inventorydepth POOL IS GC Now !!!!
2017-08-30 02:57:02	The bgqueue POOL IS GC Now !!!!
2017-08-30 02:57:03	The misctask POOL IS GC Now !!!!
2017-08-30 02:59:12	The financecronjobdomainqueue POOL IS GC Now !!!!
2017-08-30 03:17:55	The autochk POOL IS GC Now !!!!
2017-08-30 03:18:17	The autodly POOL IS GC Now !!!!
2017-08-30 03:46:33	The dataquerybywhole POOL IS GC Now !!!!
2017-08-30 03:47:35	The createfile POOL IS GC Now !!!!
2017-08-30 03:47:53	The dataquerybyquicksheet POOL IS GC Now !!!!
2017-08-30 03:47:55	The autochk POOL IS GC Now !!!!
2017-08-30 03:47:57	The dataquerybysheet POOL IS GC Now !!!!
2017-08-30 03:48:16	The exportsplit POOL IS GC Now !!!!
2017-08-30 03:48:17	The autodly POOL IS GC Now !!!!
2017-08-30 03:48:32	The bgqueuedomainqueue POOL IS GC Now !!!!
2017-08-30 03:48:39	The misctaskdomainqueue POOL IS GC Now !!!!
2017-08-30 03:54:48	The inventorydepthdomainqueue POOL IS GC Now !!!!
2017-08-30 03:57:01	The financecronjob POOL IS GC Now !!!!
2017-08-30 03:57:02	The bgqueue POOL IS GC Now !!!!
2017-08-30 03:57:02	The inventorydepth POOL IS GC Now !!!!
2017-08-30 03:57:03	The misctask POOL IS GC Now !!!!
2017-08-30 03:59:12	The financecronjobdomainqueue POOL IS GC Now !!!!
2017-08-30 04:17:55	The autochk POOL IS GC Now !!!!
2017-08-30 04:18:17	The autodly POOL IS GC Now !!!!
2017-08-30 04:47:35	The createfile POOL IS GC Now !!!!
2017-08-30 04:47:53	The dataquerybyquicksheet POOL IS GC Now !!!!
2017-08-30 04:47:55	The autochk POOL IS GC Now !!!!
2017-08-30 04:47:57	The dataquerybysheet POOL IS GC Now !!!!
2017-08-30 04:48:16	The exportsplit POOL IS GC Now !!!!
2017-08-30 04:48:17	The autodly POOL IS GC Now !!!!
2017-08-30 04:48:32	The bgqueuedomainqueue POOL IS GC Now !!!!
2017-08-30 04:48:39	The misctaskdomainqueue POOL IS GC Now !!!!
2017-08-30 04:54:48	The inventorydepthdomainqueue POOL IS GC Now !!!!
2017-08-30 04:57:01	The financecronjob POOL IS GC Now !!!!
2017-08-30 04:57:02	The bgqueue POOL IS GC Now !!!!
2017-08-30 04:57:02	The inventorydepth POOL IS GC Now !!!!
2017-08-30 04:57:03	The misctask POOL IS GC Now !!!!
2017-08-30 04:59:12	The financecronjobdomainqueue POOL IS GC Now !!!!
2017-08-30 05:17:55	The autochk POOL IS GC Now !!!!
2017-08-30 05:18:17	The autodly POOL IS GC Now !!!!
2017-08-30 05:46:33	The dataquerybywhole POOL IS GC Now !!!!
2017-08-30 05:47:35	The createfile POOL IS GC Now !!!!
2017-08-30 05:47:53	The dataquerybyquicksheet POOL IS GC Now !!!!
2017-08-30 05:47:55	The autochk POOL IS GC Now !!!!
2017-08-30 05:47:57	The dataquerybysheet POOL IS GC Now !!!!
2017-08-30 05:48:16	The exportsplit POOL IS GC Now !!!!
2017-08-30 05:48:17	The autodly POOL IS GC Now !!!!
2017-08-30 05:48:32	The bgqueuedomainqueue POOL IS GC Now !!!!
2017-08-30 05:48:39	The misctaskdomainqueue POOL IS GC Now !!!!
2017-08-30 05:54:48	The inventorydepthdomainqueue POOL IS GC Now !!!!
2017-08-30 05:57:01	The financecronjob POOL IS GC Now !!!!
2017-08-30 05:57:02	The inventorydepth POOL IS GC Now !!!!
2017-08-30 05:57:02	The bgqueue POOL IS GC Now !!!!
2017-08-30 05:57:03	The misctask POOL IS GC Now !!!!
2017-08-30 05:59:12	The financecronjobdomainqueue POOL IS GC Now !!!!
2017-08-30 06:17:55	The autochk POOL IS GC Now !!!!
2017-08-30 06:18:17	The autodly POOL IS GC Now !!!!
2017-08-30 06:47:35	The createfile POOL IS GC Now !!!!
2017-08-30 06:47:53	The dataquerybyquicksheet POOL IS GC Now !!!!
2017-08-30 06:47:55	The autochk POOL IS GC Now !!!!
2017-08-30 06:47:57	The dataquerybysheet POOL IS GC Now !!!!
2017-08-30 06:48:16	The exportsplit POOL IS GC Now !!!!
2017-08-30 06:48:17	The autodly POOL IS GC Now !!!!
2017-08-30 06:48:32	The bgqueuedomainqueue POOL IS GC Now !!!!
2017-08-30 06:48:39	The misctaskdomainqueue POOL IS GC Now !!!!
2017-08-30 06:54:48	The inventorydepthdomainqueue POOL IS GC Now !!!!
2017-08-30 06:57:01	The financecronjob POOL IS GC Now !!!!
2017-08-30 06:57:02	The inventorydepth POOL IS GC Now !!!!
2017-08-30 06:57:02	The bgqueue POOL IS GC Now !!!!
2017-08-30 06:57:03	The misctask POOL IS GC Now !!!!
2017-08-30 06:59:12	The financecronjobdomainqueue POOL IS GC Now !!!!
2017-08-30 07:17:55	The autochk POOL IS GC Now !!!!
2017-08-30 07:18:17	The autodly POOL IS GC Now !!!!
2017-08-30 07:46:33	The dataquerybywhole POOL IS GC Now !!!!
2017-08-30 07:47:35	The createfile POOL IS GC Now !!!!
2017-08-30 07:47:53	The dataquerybyquicksheet POOL IS GC Now !!!!
2017-08-30 07:47:55	The autochk POOL IS GC Now !!!!
2017-08-30 07:47:57	The dataquerybysheet POOL IS GC Now !!!!
2017-08-30 07:48:16	The exportsplit POOL IS GC Now !!!!
2017-08-30 07:48:17	The autodly POOL IS GC Now !!!!
2017-08-30 07:48:32	The bgqueuedomainqueue POOL IS GC Now !!!!
2017-08-30 07:48:39	The misctaskdomainqueue POOL IS GC Now !!!!
2017-08-30 07:54:48	The inventorydepthdomainqueue POOL IS GC Now !!!!
2017-08-30 07:57:01	The financecronjob POOL IS GC Now !!!!
2017-08-30 07:57:02	The inventorydepth POOL IS GC Now !!!!
2017-08-30 07:57:02	The bgqueue POOL IS GC Now !!!!
2017-08-30 07:57:03	The misctask POOL IS GC Now !!!!
2017-08-30 07:59:12	The financecronjobdomainqueue POOL IS GC Now !!!!
2017-08-30 08:17:55	The autochk POOL IS GC Now !!!!
2017-08-30 08:18:17	The autodly POOL IS GC Now !!!!
2017-08-30 08:47:35	The createfile POOL IS GC Now !!!!
2017-08-30 08:47:53	The dataquerybyquicksheet POOL IS GC Now !!!!
2017-08-30 08:47:55	The autochk POOL IS GC Now !!!!
2017-08-30 08:47:57	The dataquerybysheet POOL IS GC Now !!!!
2017-08-30 08:48:16	The exportsplit POOL IS GC Now !!!!
2017-08-30 08:48:17	The autodly POOL IS GC Now !!!!
2017-08-30 08:48:32	The bgqueuedomainqueue POOL IS GC Now !!!!
2017-08-30 08:48:39	The misctaskdomainqueue POOL IS GC Now !!!!
2017-08-30 08:54:48	The inventorydepthdomainqueue POOL IS GC Now !!!!
2017-08-30 08:57:01	The financecronjob POOL IS GC Now !!!!
2017-08-30 08:57:02	The bgqueue POOL IS GC Now !!!!
2017-08-30 08:57:02	The inventorydepth POOL IS GC Now !!!!
2017-08-30 08:57:03	The misctask POOL IS GC Now !!!!
2017-08-30 08:59:12	The financecronjobdomainqueue POOL IS GC Now !!!!
2017-08-30 09:17:55	The autochk POOL IS GC Now !!!!
2017-08-30 09:18:17	The autodly POOL IS GC Now !!!!
2017-08-30 09:46:33	The dataquerybywhole POOL IS GC Now !!!!
2017-08-30 09:47:35	The createfile POOL IS GC Now !!!!
2017-08-30 09:47:53	The dataquerybyquicksheet POOL IS GC Now !!!!
2017-08-30 09:47:55	The autochk POOL IS GC Now !!!!
2017-08-30 09:47:57	The dataquerybysheet POOL IS GC Now !!!!
2017-08-30 09:48:16	The exportsplit POOL IS GC Now !!!!
2017-08-30 09:48:17	The autodly POOL IS GC Now !!!!
2017-08-30 09:48:32	The bgqueuedomainqueue POOL IS GC Now !!!!
2017-08-30 09:48:39	The misctaskdomainqueue POOL IS GC Now !!!!
2017-08-30 09:54:48	The inventorydepthdomainqueue POOL IS GC Now !!!!
2017-08-30 09:57:01	The financecronjob POOL IS GC Now !!!!
2017-08-30 09:57:02	The inventorydepth POOL IS GC Now !!!!
2017-08-30 09:57:02	The bgqueue POOL IS GC Now !!!!
2017-08-30 09:57:03	The misctask POOL IS GC Now !!!!
2017-08-30 09:59:12	The financecronjobdomainqueue POOL IS GC Now !!!!
2017-08-30 10:17:55	The autochk POOL IS GC Now !!!!
2017-08-30 10:18:17	The autodly POOL IS GC Now !!!!
2017-08-30 10:47:35	The createfile POOL IS GC Now !!!!
2017-08-30 10:47:53	The dataquerybyquicksheet POOL IS GC Now !!!!
2017-08-30 10:47:55	The autochk POOL IS GC Now !!!!
2017-08-30 10:47:57	The dataquerybysheet POOL IS GC Now !!!!
2017-08-30 10:48:16	The exportsplit POOL IS GC Now !!!!
2017-08-30 10:48:17	The autodly POOL IS GC Now !!!!
2017-08-30 10:48:32	The bgqueuedomainqueue POOL IS GC Now !!!!
2017-08-30 10:48:39	The misctaskdomainqueue POOL IS GC Now !!!!
2017-08-30 10:54:48	The inventorydepthdomainqueue POOL IS GC Now !!!!
2017-08-30 10:57:01	The financecronjob POOL IS GC Now !!!!
2017-08-30 10:57:02	The inventorydepth POOL IS GC Now !!!!
2017-08-30 10:57:02	The bgqueue POOL IS GC Now !!!!
2017-08-30 10:57:03	The misctask POOL IS GC Now !!!!
2017-08-30 10:59:12	The financecronjobdomainqueue POOL IS GC Now !!!!
2017-08-30 11:17:55	The autochk POOL IS GC Now !!!!
2017-08-30 11:18:17	The autodly POOL IS GC Now !!!!
2017-08-30 11:46:33	The dataquerybywhole POOL IS GC Now !!!!
2017-08-30 11:47:35	The createfile POOL IS GC Now !!!!
2017-08-30 11:47:53	The dataquerybyquicksheet POOL IS GC Now !!!!
2017-08-30 11:47:55	The autochk POOL IS GC Now !!!!
2017-08-30 11:47:57	The dataquerybysheet POOL IS GC Now !!!!
2017-08-30 11:48:16	The exportsplit POOL IS GC Now !!!!
2017-08-30 11:48:17	The autodly POOL IS GC Now !!!!
2017-08-30 11:48:32	The bgqueuedomainqueue POOL IS GC Now !!!!
2017-08-30 11:48:40	The misctaskdomainqueue POOL IS GC Now !!!!
2017-08-30 11:54:48	The inventorydepthdomainqueue POOL IS GC Now !!!!
2017-08-30 11:57:01	The financecronjob POOL IS GC Now !!!!
2017-08-30 11:57:02	The bgqueue POOL IS GC Now !!!!
2017-08-30 11:57:02	The inventorydepth POOL IS GC Now !!!!
2017-08-30 11:57:03	The misctask POOL IS GC Now !!!!
2017-08-30 11:59:12	The financecronjobdomainqueue POOL IS GC Now !!!!
2017-08-30 12:17:55	The autochk POOL IS GC Now !!!!
2017-08-30 12:18:17	The autodly POOL IS GC Now !!!!
2017-08-30 12:47:35	The createfile POOL IS GC Now !!!!
2017-08-30 12:47:53	The dataquerybyquicksheet POOL IS GC Now !!!!
2017-08-30 12:47:55	The autochk POOL IS GC Now !!!!
2017-08-30 12:47:57	The dataquerybysheet POOL IS GC Now !!!!
2017-08-30 12:48:16	The exportsplit POOL IS GC Now !!!!
2017-08-30 12:48:17	The autodly POOL IS GC Now !!!!
2017-08-30 12:48:32	The bgqueuedomainqueue POOL IS GC Now !!!!
2017-08-30 12:48:40	The misctaskdomainqueue POOL IS GC Now !!!!
2017-08-30 12:54:48	The inventorydepthdomainqueue POOL IS GC Now !!!!
2017-08-30 12:57:01	The financecronjob POOL IS GC Now !!!!
2017-08-30 12:57:02	The inventorydepth POOL IS GC Now !!!!
2017-08-30 12:57:02	The bgqueue POOL IS GC Now !!!!
2017-08-30 12:57:03	The misctask POOL IS GC Now !!!!
2017-08-30 12:59:12	The financecronjobdomainqueue POOL IS GC Now !!!!
2017-08-30 13:17:55	The autochk POOL IS GC Now !!!!
2017-08-30 13:18:17	The autodly POOL IS GC Now !!!!
2017-08-30 13:46:33	The dataquerybywhole POOL IS GC Now !!!!
2017-08-30 13:47:35	The createfile POOL IS GC Now !!!!
2017-08-30 13:47:53	The dataquerybyquicksheet POOL IS GC Now !!!!
2017-08-30 13:47:55	The autochk POOL IS GC Now !!!!
2017-08-30 13:47:57	The dataquerybysheet POOL IS GC Now !!!!
2017-08-30 13:48:16	The exportsplit POOL IS GC Now !!!!
2017-08-30 13:48:17	The autodly POOL IS GC Now !!!!
2017-08-30 13:48:32	The bgqueuedomainqueue POOL IS GC Now !!!!
2017-08-30 13:48:40	The misctaskdomainqueue POOL IS GC Now !!!!
2017-08-30 13:54:48	The inventorydepthdomainqueue POOL IS GC Now !!!!
2017-08-30 13:57:01	The financecronjob POOL IS GC Now !!!!
2017-08-30 13:57:02	The bgqueue POOL IS GC Now !!!!
2017-08-30 13:57:02	The inventorydepth POOL IS GC Now !!!!
2017-08-30 13:57:03	The misctask POOL IS GC Now !!!!
2017-08-30 13:59:12	The financecronjobdomainqueue POOL IS GC Now !!!!
2017-08-30 14:17:55	The autochk POOL IS GC Now !!!!
2017-08-30 14:18:17	The autodly POOL IS GC Now !!!!
2017-08-30 14:47:35	The createfile POOL IS GC Now !!!!
2017-08-30 14:47:53	The dataquerybyquicksheet POOL IS GC Now !!!!
2017-08-30 14:47:55	The autochk POOL IS GC Now !!!!
2017-08-30 14:47:57	The dataquerybysheet POOL IS GC Now !!!!
2017-08-30 14:48:16	The exportsplit POOL IS GC Now !!!!
2017-08-30 14:48:17	The autodly POOL IS GC Now !!!!
2017-08-30 14:48:32	The bgqueuedomainqueue POOL IS GC Now !!!!
2017-08-30 14:48:40	The misctaskdomainqueue POOL IS GC Now !!!!
2017-08-30 14:54:48	The inventorydepthdomainqueue POOL IS GC Now !!!!
2017-08-30 14:57:01	The financecronjob POOL IS GC Now !!!!
2017-08-30 14:57:02	The inventorydepth POOL IS GC Now !!!!
2017-08-30 14:57:02	The bgqueue POOL IS GC Now !!!!
2017-08-30 14:57:03	The misctask POOL IS GC Now !!!!
2017-08-30 14:59:12	The financecronjobdomainqueue POOL IS GC Now !!!!
2017-08-30 15:17:55	The autochk POOL IS GC Now !!!!
2017-08-30 15:18:17	The autodly POOL IS GC Now !!!!
2017-08-30 15:46:33	The dataquerybywhole POOL IS GC Now !!!!
2017-08-30 15:47:35	The createfile POOL IS GC Now !!!!
2017-08-30 15:47:53	The dataquerybyquicksheet POOL IS GC Now !!!!
2017-08-30 15:47:55	The autochk POOL IS GC Now !!!!
2017-08-30 15:47:57	The dataquerybysheet POOL IS GC Now !!!!
2017-08-30 15:48:16	The exportsplit POOL IS GC Now !!!!
2017-08-30 15:48:17	The autodly POOL IS GC Now !!!!
2017-08-30 15:48:32	The bgqueuedomainqueue POOL IS GC Now !!!!
2017-08-30 15:48:40	The misctaskdomainqueue POOL IS GC Now !!!!
2017-08-30 15:54:48	The inventorydepthdomainqueue POOL IS GC Now !!!!
2017-08-30 15:57:01	The financecronjob POOL IS GC Now !!!!
2017-08-30 15:57:02	The bgqueue POOL IS GC Now !!!!
2017-08-30 15:57:02	The inventorydepth POOL IS GC Now !!!!
2017-08-30 15:57:03	The misctask POOL IS GC Now !!!!
2017-08-30 15:59:12	The financecronjobdomainqueue POOL IS GC Now !!!!
2017-08-30 16:17:55	The autochk POOL IS GC Now !!!!
2017-08-30 16:18:17	The autodly POOL IS GC Now !!!!
2017-08-30 16:47:35	The createfile POOL IS GC Now !!!!
2017-08-30 16:47:53	The dataquerybyquicksheet POOL IS GC Now !!!!
2017-08-30 16:47:55	The autochk POOL IS GC Now !!!!
2017-08-30 16:47:57	The dataquerybysheet POOL IS GC Now !!!!
2017-08-30 16:48:16	The exportsplit POOL IS GC Now !!!!
2017-08-30 16:48:17	The autodly POOL IS GC Now !!!!
2017-08-30 16:48:32	The bgqueuedomainqueue POOL IS GC Now !!!!
2017-08-30 16:48:40	The misctaskdomainqueue POOL IS GC Now !!!!
2017-08-30 16:54:48	The inventorydepthdomainqueue POOL IS GC Now !!!!
2017-08-30 16:57:01	The financecronjob POOL IS GC Now !!!!
2017-08-30 16:57:02	The inventorydepth POOL IS GC Now !!!!
2017-08-30 16:57:02	The bgqueue POOL IS GC Now !!!!
2017-08-30 16:57:03	The misctask POOL IS GC Now !!!!
2017-08-30 16:59:12	The financecronjobdomainqueue POOL IS GC Now !!!!
2017-08-30 17:17:55	The autochk POOL IS GC Now !!!!
2017-08-30 17:18:17	The autodly POOL IS GC Now !!!!
2017-08-30 17:46:33	The dataquerybywhole POOL IS GC Now !!!!
2017-08-30 17:47:35	The createfile POOL IS GC Now !!!!
2017-08-30 17:47:53	The dataquerybyquicksheet POOL IS GC Now !!!!
2017-08-30 17:47:55	The autochk POOL IS GC Now !!!!
2017-08-30 17:47:57	The dataquerybysheet POOL IS GC Now !!!!
2017-08-30 17:48:16	The exportsplit POOL IS GC Now !!!!
2017-08-30 17:48:17	The autodly POOL IS GC Now !!!!
2017-08-30 17:48:32	The bgqueuedomainqueue POOL IS GC Now !!!!
2017-08-30 17:48:40	The misctaskdomainqueue POOL IS GC Now !!!!
2017-08-30 17:54:48	The inventorydepthdomainqueue POOL IS GC Now !!!!
2017-08-30 17:57:01	The financecronjob POOL IS GC Now !!!!
2017-08-30 17:57:02	The bgqueue POOL IS GC Now !!!!
2017-08-30 17:57:02	The inventorydepth POOL IS GC Now !!!!
2017-08-30 17:57:03	The misctask POOL IS GC Now !!!!
2017-08-30 17:59:12	The financecronjobdomainqueue POOL IS GC Now !!!!
