2016-07-18 00:12:31	The autodly POOL IS GC Now !!!!
2016-07-18 00:13:46	The autochk POOL IS GC Now !!!!
2016-07-18 00:36:01	The financecronjob POOL IS GC Now !!!!
2016-07-18 00:36:02	The misctask POOL IS GC Now !!!!
2016-07-18 00:36:04	The bgqueue POOL IS GC Now !!!!
2016-07-18 00:36:04	The inventorydepth POOL IS GC Now !!!!
2016-07-18 00:40:47	The financecronjobdomainqueue POOL IS GC Now !!!!
2016-07-18 00:40:58	The inventorydepthdomainqueue POOL IS GC Now !!!!
2016-07-18 00:41:07	The bgqueuedomainqueue POOL IS GC Now !!!!
2016-07-18 00:41:19	The dataquerybysheet POOL IS GC Now !!!!
2016-07-18 00:41:25	The misctaskdomainqueue POOL IS GC Now !!!!
2016-07-18 00:42:01	The exportsplit POOL IS GC Now !!!!
2016-07-18 00:42:18	The dataquerybyquicksheet POOL IS GC Now !!!!
2016-07-18 00:42:31	The autodly POOL IS GC Now !!!!
2016-07-18 00:42:39	The createfile POOL IS GC Now !!!!
2016-07-18 00:43:46	The autochk POOL IS GC Now !!!!
2016-07-18 01:12:31	The autodly POOL IS GC Now !!!!
2016-07-18 01:13:46	The autochk POOL IS GC Now !!!!
2016-07-18 01:36:01	The financecronjob POOL IS GC Now !!!!
2016-07-18 01:36:02	The misctask POOL IS GC Now !!!!
2016-07-18 01:36:04	The inventorydepth POOL IS GC Now !!!!
2016-07-18 01:36:04	The bgqueue POOL IS GC Now !!!!
2016-07-18 01:40:47	The financecronjobdomainqueue POOL IS GC Now !!!!
2016-07-18 01:40:58	The inventorydepthdomainqueue POOL IS GC Now !!!!
2016-07-18 01:41:07	The bgqueuedomainqueue POOL IS GC Now !!!!
2016-07-18 01:41:19	The dataquerybysheet POOL IS GC Now !!!!
2016-07-18 01:41:19	The dataquerybywhole POOL IS GC Now !!!!
2016-07-18 01:41:25	The misctaskdomainqueue POOL IS GC Now !!!!
2016-07-18 01:42:01	The exportsplit POOL IS GC Now !!!!
2016-07-18 01:42:18	The dataquerybyquicksheet POOL IS GC Now !!!!
2016-07-18 01:42:31	The autodly POOL IS GC Now !!!!
2016-07-18 01:42:39	The createfile POOL IS GC Now !!!!
2016-07-18 01:43:46	The autochk POOL IS GC Now !!!!
2016-07-18 02:12:31	The autodly POOL IS GC Now !!!!
2016-07-18 02:13:46	The autochk POOL IS GC Now !!!!
2016-07-18 02:36:01	The financecronjob POOL IS GC Now !!!!
2016-07-18 02:36:02	The misctask POOL IS GC Now !!!!
2016-07-18 02:36:04	The bgqueue POOL IS GC Now !!!!
2016-07-18 02:36:04	The inventorydepth POOL IS GC Now !!!!
2016-07-18 02:40:47	The financecronjobdomainqueue POOL IS GC Now !!!!
2016-07-18 02:40:58	The inventorydepthdomainqueue POOL IS GC Now !!!!
2016-07-18 02:41:07	The bgqueuedomainqueue POOL IS GC Now !!!!
2016-07-18 02:41:19	The dataquerybysheet POOL IS GC Now !!!!
2016-07-18 02:41:25	The misctaskdomainqueue POOL IS GC Now !!!!
2016-07-18 02:42:01	The exportsplit POOL IS GC Now !!!!
2016-07-18 02:42:18	The dataquerybyquicksheet POOL IS GC Now !!!!
2016-07-18 02:42:31	The autodly POOL IS GC Now !!!!
2016-07-18 02:42:39	The createfile POOL IS GC Now !!!!
2016-07-18 02:43:46	The autochk POOL IS GC Now !!!!
2016-07-18 03:12:31	The autodly POOL IS GC Now !!!!
2016-07-18 03:13:46	The autochk POOL IS GC Now !!!!
2016-07-18 03:36:01	The financecronjob POOL IS GC Now !!!!
2016-07-18 03:36:02	The misctask POOL IS GC Now !!!!
2016-07-18 03:36:04	The bgqueue POOL IS GC Now !!!!
2016-07-18 03:36:04	The inventorydepth POOL IS GC Now !!!!
2016-07-18 03:40:47	The financecronjobdomainqueue POOL IS GC Now !!!!
2016-07-18 03:40:58	The inventorydepthdomainqueue POOL IS GC Now !!!!
2016-07-18 03:41:07	The bgqueuedomainqueue POOL IS GC Now !!!!
2016-07-18 03:41:19	The dataquerybywhole POOL IS GC Now !!!!
2016-07-18 03:41:19	The dataquerybysheet POOL IS GC Now !!!!
2016-07-18 03:41:25	The misctaskdomainqueue POOL IS GC Now !!!!
2016-07-18 03:42:01	The exportsplit POOL IS GC Now !!!!
2016-07-18 03:42:18	The dataquerybyquicksheet POOL IS GC Now !!!!
2016-07-18 03:42:31	The autodly POOL IS GC Now !!!!
2016-07-18 03:42:39	The createfile POOL IS GC Now !!!!
2016-07-18 03:43:46	The autochk POOL IS GC Now !!!!
2016-07-18 04:12:31	The autodly POOL IS GC Now !!!!
2016-07-18 04:13:46	The autochk POOL IS GC Now !!!!
2016-07-18 04:36:01	The financecronjob POOL IS GC Now !!!!
2016-07-18 04:36:02	The misctask POOL IS GC Now !!!!
2016-07-18 04:36:04	The inventorydepth POOL IS GC Now !!!!
2016-07-18 04:36:04	The bgqueue POOL IS GC Now !!!!
2016-07-18 04:40:47	The financecronjobdomainqueue POOL IS GC Now !!!!
2016-07-18 04:40:58	The inventorydepthdomainqueue POOL IS GC Now !!!!
2016-07-18 04:41:07	The bgqueuedomainqueue POOL IS GC Now !!!!
2016-07-18 04:41:19	The dataquerybysheet POOL IS GC Now !!!!
2016-07-18 04:41:25	The misctaskdomainqueue POOL IS GC Now !!!!
2016-07-18 04:42:01	The exportsplit POOL IS GC Now !!!!
2016-07-18 04:42:18	The dataquerybyquicksheet POOL IS GC Now !!!!
2016-07-18 04:42:31	The autodly POOL IS GC Now !!!!
2016-07-18 04:42:39	The createfile POOL IS GC Now !!!!
2016-07-18 04:43:46	The autochk POOL IS GC Now !!!!
2016-07-18 05:12:31	The autodly POOL IS GC Now !!!!
2016-07-18 05:13:46	The autochk POOL IS GC Now !!!!
2016-07-18 05:36:01	The financecronjob POOL IS GC Now !!!!
2016-07-18 05:36:02	The misctask POOL IS GC Now !!!!
2016-07-18 05:36:04	The bgqueue POOL IS GC Now !!!!
2016-07-18 05:36:04	The inventorydepth POOL IS GC Now !!!!
2016-07-18 05:40:47	The financecronjobdomainqueue POOL IS GC Now !!!!
2016-07-18 05:40:58	The inventorydepthdomainqueue POOL IS GC Now !!!!
2016-07-18 05:41:07	The bgqueuedomainqueue POOL IS GC Now !!!!
2016-07-18 05:41:19	The dataquerybywhole POOL IS GC Now !!!!
2016-07-18 05:41:19	The dataquerybysheet POOL IS GC Now !!!!
2016-07-18 05:41:25	The misctaskdomainqueue POOL IS GC Now !!!!
2016-07-18 05:42:01	The exportsplit POOL IS GC Now !!!!
2016-07-18 05:42:18	The dataquerybyquicksheet POOL IS GC Now !!!!
2016-07-18 05:42:31	The autodly POOL IS GC Now !!!!
2016-07-18 05:42:39	The createfile POOL IS GC Now !!!!
2016-07-18 05:43:46	The autochk POOL IS GC Now !!!!
2016-07-18 06:12:31	The autodly POOL IS GC Now !!!!
2016-07-18 06:13:46	The autochk POOL IS GC Now !!!!
2016-07-18 06:36:01	The financecronjob POOL IS GC Now !!!!
2016-07-18 06:36:02	The misctask POOL IS GC Now !!!!
2016-07-18 06:36:04	The inventorydepth POOL IS GC Now !!!!
2016-07-18 06:36:04	The bgqueue POOL IS GC Now !!!!
2016-07-18 06:40:47	The financecronjobdomainqueue POOL IS GC Now !!!!
2016-07-18 06:40:58	The inventorydepthdomainqueue POOL IS GC Now !!!!
2016-07-18 06:41:07	The bgqueuedomainqueue POOL IS GC Now !!!!
2016-07-18 06:41:19	The dataquerybysheet POOL IS GC Now !!!!
2016-07-18 06:41:25	The misctaskdomainqueue POOL IS GC Now !!!!
2016-07-18 06:42:01	The exportsplit POOL IS GC Now !!!!
2016-07-18 06:42:18	The dataquerybyquicksheet POOL IS GC Now !!!!
2016-07-18 06:42:31	The autodly POOL IS GC Now !!!!
2016-07-18 06:42:39	The createfile POOL IS GC Now !!!!
2016-07-18 06:43:46	The autochk POOL IS GC Now !!!!
2016-07-18 07:12:31	The autodly POOL IS GC Now !!!!
2016-07-18 07:13:46	The autochk POOL IS GC Now !!!!
2016-07-18 07:36:01	The financecronjob POOL IS GC Now !!!!
2016-07-18 07:36:02	The misctask POOL IS GC Now !!!!
2016-07-18 07:36:04	The bgqueue POOL IS GC Now !!!!
2016-07-18 07:36:04	The inventorydepth POOL IS GC Now !!!!
2016-07-18 07:40:47	The financecronjobdomainqueue POOL IS GC Now !!!!
2016-07-18 07:40:58	The inventorydepthdomainqueue POOL IS GC Now !!!!
2016-07-18 07:41:07	The bgqueuedomainqueue POOL IS GC Now !!!!
2016-07-18 07:41:19	The dataquerybywhole POOL IS GC Now !!!!
2016-07-18 07:41:19	The dataquerybysheet POOL IS GC Now !!!!
2016-07-18 07:41:25	The misctaskdomainqueue POOL IS GC Now !!!!
2016-07-18 07:42:01	The exportsplit POOL IS GC Now !!!!
2016-07-18 07:42:18	The dataquerybyquicksheet POOL IS GC Now !!!!
2016-07-18 07:42:31	The autodly POOL IS GC Now !!!!
2016-07-18 07:42:39	The createfile POOL IS GC Now !!!!
2016-07-18 07:43:46	The autochk POOL IS GC Now !!!!
2016-07-18 08:12:31	The autodly POOL IS GC Now !!!!
2016-07-18 08:13:46	The autochk POOL IS GC Now !!!!
2016-07-18 08:36:01	The financecronjob POOL IS GC Now !!!!
2016-07-18 08:36:02	The misctask POOL IS GC Now !!!!
2016-07-18 08:36:04	The inventorydepth POOL IS GC Now !!!!
2016-07-18 08:36:04	The bgqueue POOL IS GC Now !!!!
2016-07-18 08:40:47	The financecronjobdomainqueue POOL IS GC Now !!!!
2016-07-18 08:40:58	The inventorydepthdomainqueue POOL IS GC Now !!!!
2016-07-18 08:41:07	The bgqueuedomainqueue POOL IS GC Now !!!!
2016-07-18 08:41:19	The dataquerybysheet POOL IS GC Now !!!!
2016-07-18 08:41:25	The misctaskdomainqueue POOL IS GC Now !!!!
2016-07-18 08:42:01	The exportsplit POOL IS GC Now !!!!
2016-07-18 08:42:18	The dataquerybyquicksheet POOL IS GC Now !!!!
2016-07-18 08:42:31	The autodly POOL IS GC Now !!!!
2016-07-18 08:42:39	The createfile POOL IS GC Now !!!!
2016-07-18 08:43:46	The autochk POOL IS GC Now !!!!
2016-07-18 09:12:31	The autodly POOL IS GC Now !!!!
2016-07-18 09:13:46	The autochk POOL IS GC Now !!!!
2016-07-18 09:36:01	The financecronjob POOL IS GC Now !!!!
2016-07-18 09:36:02	The misctask POOL IS GC Now !!!!
2016-07-18 09:36:04	The inventorydepth POOL IS GC Now !!!!
2016-07-18 09:36:04	The bgqueue POOL IS GC Now !!!!
2016-07-18 09:40:47	The financecronjobdomainqueue POOL IS GC Now !!!!
2016-07-18 09:40:58	The inventorydepthdomainqueue POOL IS GC Now !!!!
2016-07-18 09:41:07	The bgqueuedomainqueue POOL IS GC Now !!!!
2016-07-18 09:41:19	The dataquerybywhole POOL IS GC Now !!!!
2016-07-18 09:41:20	The dataquerybysheet POOL IS GC Now !!!!
2016-07-18 09:41:25	The misctaskdomainqueue POOL IS GC Now !!!!
2016-07-18 09:42:01	The exportsplit POOL IS GC Now !!!!
2016-07-18 09:42:18	The dataquerybyquicksheet POOL IS GC Now !!!!
2016-07-18 09:42:31	The autodly POOL IS GC Now !!!!
2016-07-18 09:42:39	The createfile POOL IS GC Now !!!!
2016-07-18 09:43:46	The autochk POOL IS GC Now !!!!
2016-07-18 10:12:31	The autodly POOL IS GC Now !!!!
2016-07-18 10:13:46	The autochk POOL IS GC Now !!!!
2016-07-18 10:36:01	The financecronjob POOL IS GC Now !!!!
2016-07-18 10:36:02	The misctask POOL IS GC Now !!!!
2016-07-18 10:36:04	The bgqueue POOL IS GC Now !!!!
2016-07-18 10:36:04	The inventorydepth POOL IS GC Now !!!!
2016-07-18 10:40:47	The financecronjobdomainqueue POOL IS GC Now !!!!
2016-07-18 10:40:58	The inventorydepthdomainqueue POOL IS GC Now !!!!
2016-07-18 10:41:07	The bgqueuedomainqueue POOL IS GC Now !!!!
2016-07-18 10:41:20	The dataquerybysheet POOL IS GC Now !!!!
2016-07-18 10:41:25	The misctaskdomainqueue POOL IS GC Now !!!!
2016-07-18 10:42:02	The exportsplit POOL IS GC Now !!!!
2016-07-18 10:42:18	The dataquerybyquicksheet POOL IS GC Now !!!!
2016-07-18 10:42:31	The autodly POOL IS GC Now !!!!
2016-07-18 10:42:39	The createfile POOL IS GC Now !!!!
2016-07-18 10:43:46	The autochk POOL IS GC Now !!!!
2016-07-18 11:12:31	The autodly POOL IS GC Now !!!!
2016-07-18 11:13:46	The autochk POOL IS GC Now !!!!
2016-07-18 11:36:01	The financecronjob POOL IS GC Now !!!!
2016-07-18 11:36:02	The misctask POOL IS GC Now !!!!
2016-07-18 11:36:04	The inventorydepth POOL IS GC Now !!!!
2016-07-18 11:36:04	The bgqueue POOL IS GC Now !!!!
2016-07-18 11:40:47	The financecronjobdomainqueue POOL IS GC Now !!!!
2016-07-18 11:40:58	The inventorydepthdomainqueue POOL IS GC Now !!!!
2016-07-18 11:41:07	The bgqueuedomainqueue POOL IS GC Now !!!!
2016-07-18 11:41:20	The dataquerybysheet POOL IS GC Now !!!!
2016-07-18 11:41:20	The dataquerybywhole POOL IS GC Now !!!!
2016-07-18 11:41:25	The misctaskdomainqueue POOL IS GC Now !!!!
2016-07-18 11:42:02	The exportsplit POOL IS GC Now !!!!
2016-07-18 11:42:18	The dataquerybyquicksheet POOL IS GC Now !!!!
2016-07-18 11:42:31	The autodly POOL IS GC Now !!!!
2016-07-18 11:42:39	The createfile POOL IS GC Now !!!!
2016-07-18 11:43:46	The autochk POOL IS GC Now !!!!
2016-07-18 12:12:31	The autodly POOL IS GC Now !!!!
2016-07-18 12:13:46	The autochk POOL IS GC Now !!!!
2016-07-18 12:36:01	The financecronjob POOL IS GC Now !!!!
2016-07-18 12:36:02	The misctask POOL IS GC Now !!!!
2016-07-18 12:36:04	The bgqueue POOL IS GC Now !!!!
2016-07-18 12:36:04	The inventorydepth POOL IS GC Now !!!!
2016-07-18 12:40:47	The financecronjobdomainqueue POOL IS GC Now !!!!
2016-07-18 12:40:58	The inventorydepthdomainqueue POOL IS GC Now !!!!
2016-07-18 12:41:07	The bgqueuedomainqueue POOL IS GC Now !!!!
2016-07-18 12:41:20	The dataquerybysheet POOL IS GC Now !!!!
2016-07-18 12:41:25	The misctaskdomainqueue POOL IS GC Now !!!!
2016-07-18 12:42:02	The exportsplit POOL IS GC Now !!!!
2016-07-18 12:42:18	The dataquerybyquicksheet POOL IS GC Now !!!!
2016-07-18 12:42:31	The autodly POOL IS GC Now !!!!
2016-07-18 12:42:39	The createfile POOL IS GC Now !!!!
2016-07-18 12:43:46	The autochk POOL IS GC Now !!!!
2016-07-18 13:12:31	The autodly POOL IS GC Now !!!!
2016-07-18 13:13:46	The autochk POOL IS GC Now !!!!
2016-07-18 13:36:01	The financecronjob POOL IS GC Now !!!!
2016-07-18 13:36:02	The misctask POOL IS GC Now !!!!
2016-07-18 13:36:04	The bgqueue POOL IS GC Now !!!!
2016-07-18 13:36:04	The inventorydepth POOL IS GC Now !!!!
2016-07-18 13:40:47	The financecronjobdomainqueue POOL IS GC Now !!!!
2016-07-18 13:40:58	The inventorydepthdomainqueue POOL IS GC Now !!!!
2016-07-18 13:41:07	The bgqueuedomainqueue POOL IS GC Now !!!!
2016-07-18 13:41:20	The dataquerybywhole POOL IS GC Now !!!!
2016-07-18 13:41:20	The dataquerybysheet POOL IS GC Now !!!!
2016-07-18 13:41:25	The misctaskdomainqueue POOL IS GC Now !!!!
2016-07-18 13:42:02	The exportsplit POOL IS GC Now !!!!
2016-07-18 13:42:18	The dataquerybyquicksheet POOL IS GC Now !!!!
2016-07-18 13:42:31	The autodly POOL IS GC Now !!!!
2016-07-18 13:42:39	The createfile POOL IS GC Now !!!!
2016-07-18 13:43:46	The autochk POOL IS GC Now !!!!
2016-07-18 14:12:31	The autodly POOL IS GC Now !!!!
2016-07-18 14:13:46	The autochk POOL IS GC Now !!!!
2016-07-18 14:36:01	The financecronjob POOL IS GC Now !!!!
2016-07-18 14:36:02	The misctask POOL IS GC Now !!!!
2016-07-18 14:36:04	The inventorydepth POOL IS GC Now !!!!
2016-07-18 14:36:04	The bgqueue POOL IS GC Now !!!!
2016-07-18 14:40:47	The financecronjobdomainqueue POOL IS GC Now !!!!
2016-07-18 14:40:58	The inventorydepthdomainqueue POOL IS GC Now !!!!
2016-07-18 14:41:07	The bgqueuedomainqueue POOL IS GC Now !!!!
2016-07-18 14:41:20	The dataquerybysheet POOL IS GC Now !!!!
2016-07-18 14:41:25	The misctaskdomainqueue POOL IS GC Now !!!!
2016-07-18 14:42:02	The exportsplit POOL IS GC Now !!!!
2016-07-18 14:42:18	The dataquerybyquicksheet POOL IS GC Now !!!!
2016-07-18 14:42:31	The autodly POOL IS GC Now !!!!
2016-07-18 14:42:39	The createfile POOL IS GC Now !!!!
2016-07-18 14:43:46	The autochk POOL IS GC Now !!!!
2016-07-18 15:12:31	The autodly POOL IS GC Now !!!!
2016-07-18 15:13:46	The autochk POOL IS GC Now !!!!
2016-07-18 15:36:01	The financecronjob POOL IS GC Now !!!!
2016-07-18 15:36:02	The misctask POOL IS GC Now !!!!
2016-07-18 15:36:04	The bgqueue POOL IS GC Now !!!!
2016-07-18 15:36:04	The inventorydepth POOL IS GC Now !!!!
2016-07-18 15:40:47	The financecronjobdomainqueue POOL IS GC Now !!!!
2016-07-18 15:40:58	The inventorydepthdomainqueue POOL IS GC Now !!!!
2016-07-18 15:41:07	The bgqueuedomainqueue POOL IS GC Now !!!!
2016-07-18 15:41:20	The dataquerybywhole POOL IS GC Now !!!!
2016-07-18 15:41:20	The dataquerybysheet POOL IS GC Now !!!!
2016-07-18 15:41:25	The misctaskdomainqueue POOL IS GC Now !!!!
2016-07-18 15:42:02	The exportsplit POOL IS GC Now !!!!
2016-07-18 15:42:18	The dataquerybyquicksheet POOL IS GC Now !!!!
2016-07-18 15:42:31	The autodly POOL IS GC Now !!!!
2016-07-18 15:42:39	The createfile POOL IS GC Now !!!!
2016-07-18 15:43:46	The autochk POOL IS GC Now !!!!
2016-07-18 16:12:31	The autodly POOL IS GC Now !!!!
2016-07-18 16:13:46	The autochk POOL IS GC Now !!!!
2016-07-18 16:36:01	The financecronjob POOL IS GC Now !!!!
2016-07-18 16:36:02	The misctask POOL IS GC Now !!!!
2016-07-18 16:36:04	The inventorydepth POOL IS GC Now !!!!
2016-07-18 16:36:04	The bgqueue POOL IS GC Now !!!!
2016-07-18 16:40:47	The financecronjobdomainqueue POOL IS GC Now !!!!
2016-07-18 16:40:58	The inventorydepthdomainqueue POOL IS GC Now !!!!
2016-07-18 16:41:07	The bgqueuedomainqueue POOL IS GC Now !!!!
2016-07-18 16:41:20	The dataquerybysheet POOL IS GC Now !!!!
2016-07-18 16:41:25	The misctaskdomainqueue POOL IS GC Now !!!!
2016-07-18 16:42:02	The exportsplit POOL IS GC Now !!!!
2016-07-18 16:42:18	The dataquerybyquicksheet POOL IS GC Now !!!!
2016-07-18 16:42:31	The autodly POOL IS GC Now !!!!
2016-07-18 16:42:39	The createfile POOL IS GC Now !!!!
2016-07-18 16:43:46	The autochk POOL IS GC Now !!!!
2016-07-18 17:12:31	The autodly POOL IS GC Now !!!!
2016-07-18 17:13:46	The autochk POOL IS GC Now !!!!
2016-07-18 17:36:01	The financecronjob POOL IS GC Now !!!!
2016-07-18 17:36:02	The misctask POOL IS GC Now !!!!
2016-07-18 17:36:04	The inventorydepth POOL IS GC Now !!!!
2016-07-18 17:36:04	The bgqueue POOL IS GC Now !!!!
2016-07-18 17:40:47	The financecronjobdomainqueue POOL IS GC Now !!!!
2016-07-18 17:40:58	The inventorydepthdomainqueue POOL IS GC Now !!!!
2016-07-18 17:41:07	The bgqueuedomainqueue POOL IS GC Now !!!!
2016-07-18 17:41:20	The dataquerybysheet POOL IS GC Now !!!!
2016-07-18 17:41:20	The dataquerybywhole POOL IS GC Now !!!!
2016-07-18 17:41:25	The misctaskdomainqueue POOL IS GC Now !!!!
2016-07-18 17:42:02	The exportsplit POOL IS GC Now !!!!
2016-07-18 17:42:18	The dataquerybyquicksheet POOL IS GC Now !!!!
2016-07-18 17:42:31	The autodly POOL IS GC Now !!!!
2016-07-18 17:42:39	The createfile POOL IS GC Now !!!!
2016-07-18 17:43:46	The autochk POOL IS GC Now !!!!
2016-07-18 18:12:31	The autodly POOL IS GC Now !!!!
2016-07-18 18:13:46	The autochk POOL IS GC Now !!!!
2016-07-18 18:36:01	The financecronjob POOL IS GC Now !!!!
2016-07-18 18:36:02	The misctask POOL IS GC Now !!!!
2016-07-18 18:36:04	The bgqueue POOL IS GC Now !!!!
2016-07-18 18:36:04	The inventorydepth POOL IS GC Now !!!!
2016-07-18 18:40:47	The financecronjobdomainqueue POOL IS GC Now !!!!
2016-07-18 18:40:58	The inventorydepthdomainqueue POOL IS GC Now !!!!
2016-07-18 18:41:07	The bgqueuedomainqueue POOL IS GC Now !!!!
2016-07-18 18:41:20	The dataquerybysheet POOL IS GC Now !!!!
2016-07-18 18:41:25	The misctaskdomainqueue POOL IS GC Now !!!!
2016-07-18 18:42:02	The exportsplit POOL IS GC Now !!!!
2016-07-18 18:42:18	The dataquerybyquicksheet POOL IS GC Now !!!!
2016-07-18 18:42:31	The autodly POOL IS GC Now !!!!
2016-07-18 18:42:39	The createfile POOL IS GC Now !!!!
2016-07-18 18:43:46	The autochk POOL IS GC Now !!!!
2016-07-18 19:12:31	The autodly POOL IS GC Now !!!!
2016-07-18 19:13:46	The autochk POOL IS GC Now !!!!
2016-07-18 19:36:01	The financecronjob POOL IS GC Now !!!!
2016-07-18 19:36:02	The misctask POOL IS GC Now !!!!
2016-07-18 19:36:04	The inventorydepth POOL IS GC Now !!!!
2016-07-18 19:36:04	The bgqueue POOL IS GC Now !!!!
2016-07-18 19:40:47	The financecronjobdomainqueue POOL IS GC Now !!!!
2016-07-18 19:40:58	The inventorydepthdomainqueue POOL IS GC Now !!!!
2016-07-18 19:41:07	The bgqueuedomainqueue POOL IS GC Now !!!!
2016-07-18 19:41:20	The dataquerybywhole POOL IS GC Now !!!!
2016-07-18 19:41:20	The dataquerybysheet POOL IS GC Now !!!!
2016-07-18 19:41:25	The misctaskdomainqueue POOL IS GC Now !!!!
2016-07-18 19:42:02	The exportsplit POOL IS GC Now !!!!
2016-07-18 19:42:18	The dataquerybyquicksheet POOL IS GC Now !!!!
2016-07-18 19:42:31	The autodly POOL IS GC Now !!!!
2016-07-18 19:42:39	The createfile POOL IS GC Now !!!!
2016-07-18 19:43:46	The autochk POOL IS GC Now !!!!
2016-07-18 20:12:31	The autodly POOL IS GC Now !!!!
2016-07-18 20:13:46	The autochk POOL IS GC Now !!!!
2016-07-18 20:36:01	The financecronjob POOL IS GC Now !!!!
2016-07-18 20:36:02	The misctask POOL IS GC Now !!!!
2016-07-18 20:36:04	The bgqueue POOL IS GC Now !!!!
2016-07-18 20:36:04	The inventorydepth POOL IS GC Now !!!!
2016-07-18 20:40:47	The financecronjobdomainqueue POOL IS GC Now !!!!
2016-07-18 20:40:58	The inventorydepthdomainqueue POOL IS GC Now !!!!
2016-07-18 20:41:07	The bgqueuedomainqueue POOL IS GC Now !!!!
2016-07-18 20:41:20	The dataquerybysheet POOL IS GC Now !!!!
2016-07-18 20:41:25	The misctaskdomainqueue POOL IS GC Now !!!!
2016-07-18 20:42:02	The exportsplit POOL IS GC Now !!!!
2016-07-18 20:42:18	The dataquerybyquicksheet POOL IS GC Now !!!!
2016-07-18 20:42:31	The autodly POOL IS GC Now !!!!
2016-07-18 20:42:39	The createfile POOL IS GC Now !!!!
2016-07-18 20:43:46	The autochk POOL IS GC Now !!!!
2016-07-18 21:12:31	The autodly POOL IS GC Now !!!!
2016-07-18 21:13:46	The autochk POOL IS GC Now !!!!
2016-07-18 21:36:01	The financecronjob POOL IS GC Now !!!!
2016-07-18 21:36:02	The misctask POOL IS GC Now !!!!
2016-07-18 21:36:04	The inventorydepth POOL IS GC Now !!!!
2016-07-18 21:36:04	The bgqueue POOL IS GC Now !!!!
2016-07-18 21:40:47	The financecronjobdomainqueue POOL IS GC Now !!!!
2016-07-18 21:40:58	The inventorydepthdomainqueue POOL IS GC Now !!!!
2016-07-18 21:41:07	The bgqueuedomainqueue POOL IS GC Now !!!!
2016-07-18 21:41:20	The dataquerybywhole POOL IS GC Now !!!!
2016-07-18 21:41:20	The dataquerybysheet POOL IS GC Now !!!!
2016-07-18 21:41:25	The misctaskdomainqueue POOL IS GC Now !!!!
2016-07-18 21:42:02	The exportsplit POOL IS GC Now !!!!
2016-07-18 21:42:18	The dataquerybyquicksheet POOL IS GC Now !!!!
2016-07-18 21:42:31	The autodly POOL IS GC Now !!!!
2016-07-18 21:42:39	The createfile POOL IS GC Now !!!!
2016-07-18 21:43:46	The autochk POOL IS GC Now !!!!
2016-07-18 22:12:31	The autodly POOL IS GC Now !!!!
2016-07-18 22:13:46	The autochk POOL IS GC Now !!!!
2016-07-18 22:36:01	The financecronjob POOL IS GC Now !!!!
2016-07-18 22:36:02	The misctask POOL IS GC Now !!!!
2016-07-18 22:36:04	The inventorydepth POOL IS GC Now !!!!
2016-07-18 22:36:04	The bgqueue POOL IS GC Now !!!!
2016-07-18 22:40:47	The financecronjobdomainqueue POOL IS GC Now !!!!
2016-07-18 22:40:58	The inventorydepthdomainqueue POOL IS GC Now !!!!
2016-07-18 22:41:07	The bgqueuedomainqueue POOL IS GC Now !!!!
2016-07-18 22:41:20	The dataquerybysheet POOL IS GC Now !!!!
2016-07-18 22:41:25	The misctaskdomainqueue POOL IS GC Now !!!!
2016-07-18 22:42:02	The exportsplit POOL IS GC Now !!!!
2016-07-18 22:42:18	The dataquerybyquicksheet POOL IS GC Now !!!!
2016-07-18 22:42:31	The autodly POOL IS GC Now !!!!
2016-07-18 22:42:39	The createfile POOL IS GC Now !!!!
2016-07-18 22:43:46	The autochk POOL IS GC Now !!!!
2016-07-18 23:12:31	The autodly POOL IS GC Now !!!!
2016-07-18 23:13:46	The autochk POOL IS GC Now !!!!
2016-07-18 23:36:01	The financecronjob POOL IS GC Now !!!!
2016-07-18 23:36:02	The misctask POOL IS GC Now !!!!
2016-07-18 23:36:04	The inventorydepth POOL IS GC Now !!!!
2016-07-18 23:36:04	The bgqueue POOL IS GC Now !!!!
2016-07-18 23:40:47	The financecronjobdomainqueue POOL IS GC Now !!!!
2016-07-18 23:40:58	The inventorydepthdomainqueue POOL IS GC Now !!!!
2016-07-18 23:41:07	The bgqueuedomainqueue POOL IS GC Now !!!!
2016-07-18 23:41:20	The dataquerybywhole POOL IS GC Now !!!!
2016-07-18 23:41:20	The dataquerybysheet POOL IS GC Now !!!!
2016-07-18 23:41:25	The misctaskdomainqueue POOL IS GC Now !!!!
2016-07-18 23:42:02	The exportsplit POOL IS GC Now !!!!
2016-07-18 23:42:18	The dataquerybyquicksheet POOL IS GC Now !!!!
2016-07-18 23:42:31	The autodly POOL IS GC Now !!!!
2016-07-18 23:42:39	The createfile POOL IS GC Now !!!!
2016-07-18 23:43:46	The autochk POOL IS GC Now !!!!
