2017-08-20 00:17:49	The autochk POOL IS GC Now !!!!
2017-08-20 00:18:10	The autodly POOL IS GC Now !!!!
2017-08-20 00:47:26	The createfile POOL IS GC Now !!!!
2017-08-20 00:47:42	The dataquerybyquicksheet POOL IS GC Now !!!!
2017-08-20 00:47:49	The autochk POOL IS GC Now !!!!
2017-08-20 00:47:51	The dataquerybysheet POOL IS GC Now !!!!
2017-08-20 00:48:03	The exportsplit POOL IS GC Now !!!!
2017-08-20 00:48:10	The autodly POOL IS GC Now !!!!
2017-08-20 00:48:24	The bgqueuedomainqueue POOL IS GC Now !!!!
2017-08-20 00:48:28	The misctaskdomainqueue POOL IS GC Now !!!!
2017-08-20 00:54:46	The inventorydepthdomainqueue POOL IS GC Now !!!!
2017-08-20 00:57:01	The financecronjob POOL IS GC Now !!!!
2017-08-20 00:57:02	The inventorydepth POOL IS GC Now !!!!
2017-08-20 00:57:02	The misctask POOL IS GC Now !!!!
2017-08-20 00:57:02	The bgqueue POOL IS GC Now !!!!
2017-08-20 00:59:11	The financecronjobdomainqueue POOL IS GC Now !!!!
2017-08-20 01:17:49	The autochk POOL IS GC Now !!!!
2017-08-20 01:18:10	The autodly POOL IS GC Now !!!!
2017-08-20 01:46:31	The dataquerybywhole POOL IS GC Now !!!!
2017-08-20 01:47:26	The createfile POOL IS GC Now !!!!
2017-08-20 01:47:42	The dataquerybyquicksheet POOL IS GC Now !!!!
2017-08-20 01:47:49	The autochk POOL IS GC Now !!!!
2017-08-20 01:47:51	The dataquerybysheet POOL IS GC Now !!!!
2017-08-20 01:48:03	The exportsplit POOL IS GC Now !!!!
2017-08-20 01:48:10	The autodly POOL IS GC Now !!!!
2017-08-20 01:48:24	The bgqueuedomainqueue POOL IS GC Now !!!!
2017-08-20 01:48:28	The misctaskdomainqueue POOL IS GC Now !!!!
2017-08-20 01:54:46	The inventorydepthdomainqueue POOL IS GC Now !!!!
2017-08-20 01:57:01	The financecronjob POOL IS GC Now !!!!
2017-08-20 01:57:02	The misctask POOL IS GC Now !!!!
2017-08-20 01:57:02	The inventorydepth POOL IS GC Now !!!!
2017-08-20 01:57:02	The bgqueue POOL IS GC Now !!!!
2017-08-20 01:59:11	The financecronjobdomainqueue POOL IS GC Now !!!!
2017-08-20 02:17:49	The autochk POOL IS GC Now !!!!
2017-08-20 02:18:10	The autodly POOL IS GC Now !!!!
2017-08-20 02:47:26	The createfile POOL IS GC Now !!!!
2017-08-20 02:47:42	The dataquerybyquicksheet POOL IS GC Now !!!!
2017-08-20 02:47:49	The autochk POOL IS GC Now !!!!
2017-08-20 02:47:51	The dataquerybysheet POOL IS GC Now !!!!
2017-08-20 02:48:03	The exportsplit POOL IS GC Now !!!!
2017-08-20 02:48:10	The autodly POOL IS GC Now !!!!
2017-08-20 02:48:24	The bgqueuedomainqueue POOL IS GC Now !!!!
2017-08-20 02:48:28	The misctaskdomainqueue POOL IS GC Now !!!!
2017-08-20 02:54:46	The inventorydepthdomainqueue POOL IS GC Now !!!!
2017-08-20 02:57:01	The financecronjob POOL IS GC Now !!!!
2017-08-20 02:57:02	The inventorydepth POOL IS GC Now !!!!
2017-08-20 02:57:02	The bgqueue POOL IS GC Now !!!!
2017-08-20 02:57:02	The misctask POOL IS GC Now !!!!
2017-08-20 02:59:11	The financecronjobdomainqueue POOL IS GC Now !!!!
2017-08-20 03:17:49	The autochk POOL IS GC Now !!!!
2017-08-20 03:18:10	The autodly POOL IS GC Now !!!!
2017-08-20 03:46:31	The dataquerybywhole POOL IS GC Now !!!!
2017-08-20 03:47:26	The createfile POOL IS GC Now !!!!
2017-08-20 03:47:42	The dataquerybyquicksheet POOL IS GC Now !!!!
2017-08-20 03:47:49	The autochk POOL IS GC Now !!!!
2017-08-20 03:47:51	The dataquerybysheet POOL IS GC Now !!!!
2017-08-20 03:48:03	The exportsplit POOL IS GC Now !!!!
2017-08-20 03:48:10	The autodly POOL IS GC Now !!!!
2017-08-20 03:48:24	The bgqueuedomainqueue POOL IS GC Now !!!!
2017-08-20 03:48:28	The misctaskdomainqueue POOL IS GC Now !!!!
2017-08-20 03:54:46	The inventorydepthdomainqueue POOL IS GC Now !!!!
2017-08-20 03:57:01	The financecronjob POOL IS GC Now !!!!
2017-08-20 03:57:02	The bgqueue POOL IS GC Now !!!!
2017-08-20 03:57:02	The misctask POOL IS GC Now !!!!
2017-08-20 03:57:02	The inventorydepth POOL IS GC Now !!!!
2017-08-20 03:59:11	The financecronjobdomainqueue POOL IS GC Now !!!!
2017-08-20 04:17:49	The autochk POOL IS GC Now !!!!
2017-08-20 04:18:10	The autodly POOL IS GC Now !!!!
2017-08-20 04:47:26	The createfile POOL IS GC Now !!!!
2017-08-20 04:47:42	The dataquerybyquicksheet POOL IS GC Now !!!!
2017-08-20 04:47:49	The autochk POOL IS GC Now !!!!
2017-08-20 04:47:51	The dataquerybysheet POOL IS GC Now !!!!
2017-08-20 04:48:03	The exportsplit POOL IS GC Now !!!!
2017-08-20 04:48:10	The autodly POOL IS GC Now !!!!
2017-08-20 04:48:24	The bgqueuedomainqueue POOL IS GC Now !!!!
2017-08-20 04:48:28	The misctaskdomainqueue POOL IS GC Now !!!!
2017-08-20 04:54:46	The inventorydepthdomainqueue POOL IS GC Now !!!!
2017-08-20 04:57:01	The financecronjob POOL IS GC Now !!!!
2017-08-20 04:57:02	The bgqueue POOL IS GC Now !!!!
2017-08-20 04:57:02	The inventorydepth POOL IS GC Now !!!!
2017-08-20 04:57:02	The misctask POOL IS GC Now !!!!
2017-08-20 04:59:11	The financecronjobdomainqueue POOL IS GC Now !!!!
2017-08-20 05:17:49	The autochk POOL IS GC Now !!!!
2017-08-20 05:18:10	The autodly POOL IS GC Now !!!!
2017-08-20 05:46:31	The dataquerybywhole POOL IS GC Now !!!!
2017-08-20 05:47:26	The createfile POOL IS GC Now !!!!
2017-08-20 05:47:42	The dataquerybyquicksheet POOL IS GC Now !!!!
2017-08-20 05:47:49	The autochk POOL IS GC Now !!!!
2017-08-20 05:47:51	The dataquerybysheet POOL IS GC Now !!!!
2017-08-20 05:48:03	The exportsplit POOL IS GC Now !!!!
2017-08-20 05:48:10	The autodly POOL IS GC Now !!!!
2017-08-20 05:48:24	The bgqueuedomainqueue POOL IS GC Now !!!!
2017-08-20 05:48:28	The misctaskdomainqueue POOL IS GC Now !!!!
2017-08-20 05:54:46	The inventorydepthdomainqueue POOL IS GC Now !!!!
2017-08-20 05:57:01	The financecronjob POOL IS GC Now !!!!
2017-08-20 05:57:02	The misctask POOL IS GC Now !!!!
2017-08-20 05:57:02	The inventorydepth POOL IS GC Now !!!!
2017-08-20 05:57:02	The bgqueue POOL IS GC Now !!!!
2017-08-20 05:59:11	The financecronjobdomainqueue POOL IS GC Now !!!!
2017-08-20 06:17:49	The autochk POOL IS GC Now !!!!
2017-08-20 06:18:10	The autodly POOL IS GC Now !!!!
2017-08-20 06:47:26	The createfile POOL IS GC Now !!!!
2017-08-20 06:47:42	The dataquerybyquicksheet POOL IS GC Now !!!!
2017-08-20 06:47:49	The autochk POOL IS GC Now !!!!
2017-08-20 06:47:51	The dataquerybysheet POOL IS GC Now !!!!
2017-08-20 06:48:03	The exportsplit POOL IS GC Now !!!!
2017-08-20 06:48:10	The autodly POOL IS GC Now !!!!
2017-08-20 06:48:24	The bgqueuedomainqueue POOL IS GC Now !!!!
2017-08-20 06:48:29	The misctaskdomainqueue POOL IS GC Now !!!!
2017-08-20 06:54:46	The inventorydepthdomainqueue POOL IS GC Now !!!!
2017-08-20 06:57:01	The financecronjob POOL IS GC Now !!!!
2017-08-20 06:57:02	The misctask POOL IS GC Now !!!!
2017-08-20 06:57:02	The inventorydepth POOL IS GC Now !!!!
2017-08-20 06:57:02	The bgqueue POOL IS GC Now !!!!
2017-08-20 06:59:11	The financecronjobdomainqueue POOL IS GC Now !!!!
2017-08-20 07:17:49	The autochk POOL IS GC Now !!!!
2017-08-20 07:18:10	The autodly POOL IS GC Now !!!!
2017-08-20 07:46:31	The dataquerybywhole POOL IS GC Now !!!!
2017-08-20 07:47:26	The createfile POOL IS GC Now !!!!
2017-08-20 07:47:42	The dataquerybyquicksheet POOL IS GC Now !!!!
2017-08-20 07:47:49	The autochk POOL IS GC Now !!!!
2017-08-20 07:47:51	The dataquerybysheet POOL IS GC Now !!!!
2017-08-20 07:48:03	The exportsplit POOL IS GC Now !!!!
2017-08-20 07:48:10	The autodly POOL IS GC Now !!!!
2017-08-20 07:48:24	The bgqueuedomainqueue POOL IS GC Now !!!!
2017-08-20 07:48:29	The misctaskdomainqueue POOL IS GC Now !!!!
2017-08-20 07:54:46	The inventorydepthdomainqueue POOL IS GC Now !!!!
2017-08-20 07:57:01	The financecronjob POOL IS GC Now !!!!
2017-08-20 07:57:02	The inventorydepth POOL IS GC Now !!!!
2017-08-20 07:57:02	The bgqueue POOL IS GC Now !!!!
2017-08-20 07:57:02	The misctask POOL IS GC Now !!!!
2017-08-20 07:59:11	The financecronjobdomainqueue POOL IS GC Now !!!!
2017-08-20 08:17:49	The autochk POOL IS GC Now !!!!
2017-08-20 08:18:10	The autodly POOL IS GC Now !!!!
2017-08-20 08:47:26	The createfile POOL IS GC Now !!!!
2017-08-20 08:47:42	The dataquerybyquicksheet POOL IS GC Now !!!!
2017-08-20 08:47:49	The autochk POOL IS GC Now !!!!
2017-08-20 08:47:51	The dataquerybysheet POOL IS GC Now !!!!
2017-08-20 08:48:03	The exportsplit POOL IS GC Now !!!!
2017-08-20 08:48:10	The autodly POOL IS GC Now !!!!
2017-08-20 08:48:24	The bgqueuedomainqueue POOL IS GC Now !!!!
2017-08-20 08:48:29	The misctaskdomainqueue POOL IS GC Now !!!!
2017-08-20 08:54:46	The inventorydepthdomainqueue POOL IS GC Now !!!!
2017-08-20 08:57:01	The financecronjob POOL IS GC Now !!!!
2017-08-20 08:57:02	The misctask POOL IS GC Now !!!!
2017-08-20 08:57:02	The bgqueue POOL IS GC Now !!!!
2017-08-20 08:57:02	The inventorydepth POOL IS GC Now !!!!
2017-08-20 08:59:11	The financecronjobdomainqueue POOL IS GC Now !!!!
2017-08-20 09:17:49	The autochk POOL IS GC Now !!!!
2017-08-20 09:18:10	The autodly POOL IS GC Now !!!!
2017-08-20 09:46:31	The dataquerybywhole POOL IS GC Now !!!!
2017-08-20 09:47:27	The createfile POOL IS GC Now !!!!
2017-08-20 09:47:42	The dataquerybyquicksheet POOL IS GC Now !!!!
2017-08-20 09:47:49	The autochk POOL IS GC Now !!!!
2017-08-20 09:47:51	The dataquerybysheet POOL IS GC Now !!!!
2017-08-20 09:48:04	The exportsplit POOL IS GC Now !!!!
2017-08-20 09:48:10	The autodly POOL IS GC Now !!!!
2017-08-20 09:48:24	The bgqueuedomainqueue POOL IS GC Now !!!!
2017-08-20 09:48:29	The misctaskdomainqueue POOL IS GC Now !!!!
2017-08-20 09:54:46	The inventorydepthdomainqueue POOL IS GC Now !!!!
2017-08-20 09:57:01	The financecronjob POOL IS GC Now !!!!
2017-08-20 09:57:02	The inventorydepth POOL IS GC Now !!!!
2017-08-20 09:57:02	The misctask POOL IS GC Now !!!!
2017-08-20 09:57:02	The bgqueue POOL IS GC Now !!!!
2017-08-20 09:59:11	The financecronjobdomainqueue POOL IS GC Now !!!!
2017-08-20 10:17:49	The autochk POOL IS GC Now !!!!
2017-08-20 10:18:10	The autodly POOL IS GC Now !!!!
2017-08-20 10:47:27	The createfile POOL IS GC Now !!!!
2017-08-20 10:47:42	The dataquerybyquicksheet POOL IS GC Now !!!!
2017-08-20 10:47:49	The autochk POOL IS GC Now !!!!
2017-08-20 10:47:51	The dataquerybysheet POOL IS GC Now !!!!
2017-08-20 10:48:04	The exportsplit POOL IS GC Now !!!!
2017-08-20 10:48:10	The autodly POOL IS GC Now !!!!
2017-08-20 10:48:24	The bgqueuedomainqueue POOL IS GC Now !!!!
2017-08-20 10:48:29	The misctaskdomainqueue POOL IS GC Now !!!!
2017-08-20 10:54:46	The inventorydepthdomainqueue POOL IS GC Now !!!!
2017-08-20 10:57:01	The financecronjob POOL IS GC Now !!!!
2017-08-20 10:57:02	The bgqueue POOL IS GC Now !!!!
2017-08-20 10:57:02	The misctask POOL IS GC Now !!!!
2017-08-20 10:57:02	The inventorydepth POOL IS GC Now !!!!
2017-08-20 10:59:11	The financecronjobdomainqueue POOL IS GC Now !!!!
2017-08-20 11:17:49	The autochk POOL IS GC Now !!!!
2017-08-20 11:18:10	The autodly POOL IS GC Now !!!!
2017-08-20 11:46:32	The dataquerybywhole POOL IS GC Now !!!!
2017-08-20 11:47:27	The createfile POOL IS GC Now !!!!
2017-08-20 11:47:42	The dataquerybyquicksheet POOL IS GC Now !!!!
2017-08-20 11:47:49	The autochk POOL IS GC Now !!!!
2017-08-20 11:47:51	The dataquerybysheet POOL IS GC Now !!!!
2017-08-20 11:48:04	The exportsplit POOL IS GC Now !!!!
2017-08-20 11:48:10	The autodly POOL IS GC Now !!!!
2017-08-20 11:48:24	The bgqueuedomainqueue POOL IS GC Now !!!!
2017-08-20 11:48:29	The misctaskdomainqueue POOL IS GC Now !!!!
2017-08-20 11:54:46	The inventorydepthdomainqueue POOL IS GC Now !!!!
2017-08-20 11:57:01	The financecronjob POOL IS GC Now !!!!
2017-08-20 11:57:02	The bgqueue POOL IS GC Now !!!!
2017-08-20 11:57:02	The inventorydepth POOL IS GC Now !!!!
2017-08-20 11:57:02	The misctask POOL IS GC Now !!!!
2017-08-20 11:59:11	The financecronjobdomainqueue POOL IS GC Now !!!!
2017-08-20 12:17:49	The autochk POOL IS GC Now !!!!
2017-08-20 12:18:10	The autodly POOL IS GC Now !!!!
2017-08-20 12:47:27	The createfile POOL IS GC Now !!!!
2017-08-20 12:47:42	The dataquerybyquicksheet POOL IS GC Now !!!!
2017-08-20 12:47:49	The autochk POOL IS GC Now !!!!
2017-08-20 12:47:51	The dataquerybysheet POOL IS GC Now !!!!
2017-08-20 12:48:04	The exportsplit POOL IS GC Now !!!!
2017-08-20 12:48:10	The autodly POOL IS GC Now !!!!
2017-08-20 12:48:24	The bgqueuedomainqueue POOL IS GC Now !!!!
2017-08-20 12:48:29	The misctaskdomainqueue POOL IS GC Now !!!!
2017-08-20 12:54:46	The inventorydepthdomainqueue POOL IS GC Now !!!!
2017-08-20 12:57:01	The financecronjob POOL IS GC Now !!!!
2017-08-20 12:57:02	The inventorydepth POOL IS GC Now !!!!
2017-08-20 12:57:02	The bgqueue POOL IS GC Now !!!!
2017-08-20 12:57:02	The misctask POOL IS GC Now !!!!
2017-08-20 12:59:11	The financecronjobdomainqueue POOL IS GC Now !!!!
2017-08-20 13:17:49	The autochk POOL IS GC Now !!!!
2017-08-20 13:18:10	The autodly POOL IS GC Now !!!!
2017-08-20 13:46:32	The dataquerybywhole POOL IS GC Now !!!!
2017-08-20 13:47:27	The createfile POOL IS GC Now !!!!
2017-08-20 13:47:42	The dataquerybyquicksheet POOL IS GC Now !!!!
2017-08-20 13:47:49	The autochk POOL IS GC Now !!!!
2017-08-20 13:47:51	The dataquerybysheet POOL IS GC Now !!!!
2017-08-20 13:48:04	The exportsplit POOL IS GC Now !!!!
2017-08-20 13:48:10	The autodly POOL IS GC Now !!!!
2017-08-20 13:48:24	The bgqueuedomainqueue POOL IS GC Now !!!!
2017-08-20 13:48:29	The misctaskdomainqueue POOL IS GC Now !!!!
2017-08-20 13:54:46	The inventorydepthdomainqueue POOL IS GC Now !!!!
2017-08-20 13:57:01	The financecronjob POOL IS GC Now !!!!
2017-08-20 13:57:02	The inventorydepth POOL IS GC Now !!!!
2017-08-20 13:57:02	The bgqueue POOL IS GC Now !!!!
2017-08-20 13:57:02	The misctask POOL IS GC Now !!!!
2017-08-20 13:59:11	The financecronjobdomainqueue POOL IS GC Now !!!!
2017-08-20 14:17:49	The autochk POOL IS GC Now !!!!
2017-08-20 14:18:10	The autodly POOL IS GC Now !!!!
2017-08-20 14:47:27	The createfile POOL IS GC Now !!!!
2017-08-20 14:47:42	The dataquerybyquicksheet POOL IS GC Now !!!!
2017-08-20 14:47:49	The autochk POOL IS GC Now !!!!
2017-08-20 14:47:51	The dataquerybysheet POOL IS GC Now !!!!
2017-08-20 14:48:04	The exportsplit POOL IS GC Now !!!!
2017-08-20 14:48:10	The autodly POOL IS GC Now !!!!
2017-08-20 14:48:24	The bgqueuedomainqueue POOL IS GC Now !!!!
2017-08-20 14:48:29	The misctaskdomainqueue POOL IS GC Now !!!!
2017-08-20 14:54:46	The inventorydepthdomainqueue POOL IS GC Now !!!!
2017-08-20 14:57:01	The financecronjob POOL IS GC Now !!!!
2017-08-20 14:57:02	The inventorydepth POOL IS GC Now !!!!
2017-08-20 14:57:02	The bgqueue POOL IS GC Now !!!!
2017-08-20 14:57:02	The misctask POOL IS GC Now !!!!
2017-08-20 14:59:11	The financecronjobdomainqueue POOL IS GC Now !!!!
2017-08-20 15:17:49	The autochk POOL IS GC Now !!!!
2017-08-20 15:18:10	The autodly POOL IS GC Now !!!!
2017-08-20 15:46:32	The dataquerybywhole POOL IS GC Now !!!!
2017-08-20 15:47:27	The createfile POOL IS GC Now !!!!
2017-08-20 15:47:42	The dataquerybyquicksheet POOL IS GC Now !!!!
2017-08-20 15:47:49	The autochk POOL IS GC Now !!!!
2017-08-20 15:47:51	The dataquerybysheet POOL IS GC Now !!!!
2017-08-20 15:48:04	The exportsplit POOL IS GC Now !!!!
2017-08-20 15:48:10	The autodly POOL IS GC Now !!!!
2017-08-20 15:48:24	The bgqueuedomainqueue POOL IS GC Now !!!!
2017-08-20 15:48:29	The misctaskdomainqueue POOL IS GC Now !!!!
2017-08-20 15:54:46	The inventorydepthdomainqueue POOL IS GC Now !!!!
2017-08-20 15:57:01	The financecronjob POOL IS GC Now !!!!
2017-08-20 15:57:02	The bgqueue POOL IS GC Now !!!!
2017-08-20 15:57:02	The misctask POOL IS GC Now !!!!
2017-08-20 15:57:02	The inventorydepth POOL IS GC Now !!!!
2017-08-20 15:59:11	The financecronjobdomainqueue POOL IS GC Now !!!!
2017-08-20 16:17:49	The autochk POOL IS GC Now !!!!
2017-08-20 16:18:10	The autodly POOL IS GC Now !!!!
2017-08-20 16:47:27	The createfile POOL IS GC Now !!!!
2017-08-20 16:47:42	The dataquerybyquicksheet POOL IS GC Now !!!!
2017-08-20 16:47:49	The autochk POOL IS GC Now !!!!
2017-08-20 16:47:51	The dataquerybysheet POOL IS GC Now !!!!
2017-08-20 16:48:04	The exportsplit POOL IS GC Now !!!!
2017-08-20 16:48:10	The autodly POOL IS GC Now !!!!
2017-08-20 16:48:24	The bgqueuedomainqueue POOL IS GC Now !!!!
2017-08-20 16:48:29	The misctaskdomainqueue POOL IS GC Now !!!!
2017-08-20 16:54:47	The inventorydepthdomainqueue POOL IS GC Now !!!!
2017-08-20 16:57:01	The financecronjob POOL IS GC Now !!!!
2017-08-20 16:57:02	The bgqueue POOL IS GC Now !!!!
2017-08-20 16:57:02	The inventorydepth POOL IS GC Now !!!!
2017-08-20 16:57:02	The misctask POOL IS GC Now !!!!
2017-08-20 16:59:11	The financecronjobdomainqueue POOL IS GC Now !!!!
2017-08-20 17:17:49	The autochk POOL IS GC Now !!!!
2017-08-20 17:18:10	The autodly POOL IS GC Now !!!!
2017-08-20 17:46:32	The dataquerybywhole POOL IS GC Now !!!!
2017-08-20 17:47:27	The createfile POOL IS GC Now !!!!
2017-08-20 17:47:42	The dataquerybyquicksheet POOL IS GC Now !!!!
2017-08-20 17:47:49	The autochk POOL IS GC Now !!!!
2017-08-20 17:47:51	The dataquerybysheet POOL IS GC Now !!!!
2017-08-20 17:48:04	The exportsplit POOL IS GC Now !!!!
2017-08-20 17:48:10	The autodly POOL IS GC Now !!!!
2017-08-20 17:48:24	The bgqueuedomainqueue POOL IS GC Now !!!!
2017-08-20 17:48:29	The misctaskdomainqueue POOL IS GC Now !!!!
2017-08-20 17:54:47	The inventorydepthdomainqueue POOL IS GC Now !!!!
2017-08-20 17:57:01	The financecronjob POOL IS GC Now !!!!
2017-08-20 17:57:02	The bgqueue POOL IS GC Now !!!!
2017-08-20 17:57:02	The misctask POOL IS GC Now !!!!
2017-08-20 17:57:02	The inventorydepth POOL IS GC Now !!!!
2017-08-20 17:59:11	The financecronjobdomainqueue POOL IS GC Now !!!!
2017-08-20 18:17:49	The autochk POOL IS GC Now !!!!
2017-08-20 18:18:10	The autodly POOL IS GC Now !!!!
2017-08-20 18:47:27	The createfile POOL IS GC Now !!!!
2017-08-20 18:47:42	The dataquerybyquicksheet POOL IS GC Now !!!!
2017-08-20 18:47:49	The autochk POOL IS GC Now !!!!
2017-08-20 18:47:51	The dataquerybysheet POOL IS GC Now !!!!
2017-08-20 18:48:04	The exportsplit POOL IS GC Now !!!!
2017-08-20 18:48:10	The autodly POOL IS GC Now !!!!
2017-08-20 18:48:24	The bgqueuedomainqueue POOL IS GC Now !!!!
2017-08-20 18:48:29	The misctaskdomainqueue POOL IS GC Now !!!!
2017-08-20 18:54:47	The inventorydepthdomainqueue POOL IS GC Now !!!!
2017-08-20 18:57:01	The financecronjob POOL IS GC Now !!!!
2017-08-20 18:57:02	The misctask POOL IS GC Now !!!!
2017-08-20 18:57:02	The inventorydepth POOL IS GC Now !!!!
2017-08-20 18:57:02	The bgqueue POOL IS GC Now !!!!
2017-08-20 18:59:11	The financecronjobdomainqueue POOL IS GC Now !!!!
2017-08-20 19:17:49	The autochk POOL IS GC Now !!!!
2017-08-20 19:18:10	The autodly POOL IS GC Now !!!!
2017-08-20 19:46:32	The dataquerybywhole POOL IS GC Now !!!!
2017-08-20 19:47:27	The createfile POOL IS GC Now !!!!
2017-08-20 19:47:42	The dataquerybyquicksheet POOL IS GC Now !!!!
2017-08-20 19:47:49	The autochk POOL IS GC Now !!!!
2017-08-20 19:47:51	The dataquerybysheet POOL IS GC Now !!!!
2017-08-20 19:48:04	The exportsplit POOL IS GC Now !!!!
2017-08-20 19:48:10	The autodly POOL IS GC Now !!!!
2017-08-20 19:48:24	The bgqueuedomainqueue POOL IS GC Now !!!!
2017-08-20 19:48:29	The misctaskdomainqueue POOL IS GC Now !!!!
2017-08-20 19:54:47	The inventorydepthdomainqueue POOL IS GC Now !!!!
2017-08-20 19:57:01	The financecronjob POOL IS GC Now !!!!
2017-08-20 19:57:02	The misctask POOL IS GC Now !!!!
2017-08-20 19:57:02	The bgqueue POOL IS GC Now !!!!
2017-08-20 19:57:02	The inventorydepth POOL IS GC Now !!!!
2017-08-20 19:59:11	The financecronjobdomainqueue POOL IS GC Now !!!!
2017-08-20 20:17:49	The autochk POOL IS GC Now !!!!
2017-08-20 20:18:10	The autodly POOL IS GC Now !!!!
2017-08-20 20:47:27	The createfile POOL IS GC Now !!!!
2017-08-20 20:47:42	The dataquerybyquicksheet POOL IS GC Now !!!!
2017-08-20 20:47:49	The autochk POOL IS GC Now !!!!
2017-08-20 20:47:51	The dataquerybysheet POOL IS GC Now !!!!
2017-08-20 20:48:04	The exportsplit POOL IS GC Now !!!!
2017-08-20 20:48:10	The autodly POOL IS GC Now !!!!
2017-08-20 20:48:24	The bgqueuedomainqueue POOL IS GC Now !!!!
2017-08-20 20:48:30	The misctaskdomainqueue POOL IS GC Now !!!!
2017-08-20 20:54:47	The inventorydepthdomainqueue POOL IS GC Now !!!!
2017-08-20 20:57:01	The financecronjob POOL IS GC Now !!!!
2017-08-20 20:57:02	The inventorydepth POOL IS GC Now !!!!
2017-08-20 20:57:02	The bgqueue POOL IS GC Now !!!!
2017-08-20 20:57:02	The misctask POOL IS GC Now !!!!
2017-08-20 20:59:11	The financecronjobdomainqueue POOL IS GC Now !!!!
2017-08-20 21:17:49	The autochk POOL IS GC Now !!!!
2017-08-20 21:18:10	The autodly POOL IS GC Now !!!!
2017-08-20 21:46:32	The dataquerybywhole POOL IS GC Now !!!!
2017-08-20 21:47:27	The createfile POOL IS GC Now !!!!
2017-08-20 21:47:42	The dataquerybyquicksheet POOL IS GC Now !!!!
2017-08-20 21:47:49	The autochk POOL IS GC Now !!!!
2017-08-20 21:47:51	The dataquerybysheet POOL IS GC Now !!!!
2017-08-20 21:48:04	The exportsplit POOL IS GC Now !!!!
2017-08-20 21:48:10	The autodly POOL IS GC Now !!!!
2017-08-20 21:48:24	The bgqueuedomainqueue POOL IS GC Now !!!!
2017-08-20 21:48:30	The misctaskdomainqueue POOL IS GC Now !!!!
2017-08-20 21:54:47	The inventorydepthdomainqueue POOL IS GC Now !!!!
2017-08-20 21:57:01	The financecronjob POOL IS GC Now !!!!
2017-08-20 21:57:02	The bgqueue POOL IS GC Now !!!!
2017-08-20 21:57:02	The inventorydepth POOL IS GC Now !!!!
2017-08-20 21:57:02	The misctask POOL IS GC Now !!!!
2017-08-20 21:59:11	The financecronjobdomainqueue POOL IS GC Now !!!!
2017-08-20 22:17:49	The autochk POOL IS GC Now !!!!
2017-08-20 22:18:10	The autodly POOL IS GC Now !!!!
2017-08-20 22:47:27	The createfile POOL IS GC Now !!!!
2017-08-20 22:47:42	The dataquerybyquicksheet POOL IS GC Now !!!!
2017-08-20 22:47:49	The autochk POOL IS GC Now !!!!
2017-08-20 22:47:51	The dataquerybysheet POOL IS GC Now !!!!
2017-08-20 22:48:04	The exportsplit POOL IS GC Now !!!!
2017-08-20 22:48:10	The autodly POOL IS GC Now !!!!
2017-08-20 22:48:24	The bgqueuedomainqueue POOL IS GC Now !!!!
2017-08-20 22:48:30	The misctaskdomainqueue POOL IS GC Now !!!!
2017-08-20 22:54:47	The inventorydepthdomainqueue POOL IS GC Now !!!!
2017-08-20 22:57:01	The financecronjob POOL IS GC Now !!!!
2017-08-20 22:57:02	The inventorydepth POOL IS GC Now !!!!
2017-08-20 22:57:02	The misctask POOL IS GC Now !!!!
2017-08-20 22:57:02	The bgqueue POOL IS GC Now !!!!
2017-08-20 22:59:11	The financecronjobdomainqueue POOL IS GC Now !!!!
2017-08-20 23:17:49	The autochk POOL IS GC Now !!!!
2017-08-20 23:18:10	The autodly POOL IS GC Now !!!!
2017-08-20 23:46:32	The dataquerybywhole POOL IS GC Now !!!!
2017-08-20 23:47:27	The createfile POOL IS GC Now !!!!
2017-08-20 23:47:42	The dataquerybyquicksheet POOL IS GC Now !!!!
2017-08-20 23:47:49	The autochk POOL IS GC Now !!!!
2017-08-20 23:47:51	The dataquerybysheet POOL IS GC Now !!!!
2017-08-20 23:48:04	The exportsplit POOL IS GC Now !!!!
2017-08-20 23:48:10	The autodly POOL IS GC Now !!!!
2017-08-20 23:48:24	The bgqueuedomainqueue POOL IS GC Now !!!!
2017-08-20 23:48:30	The misctaskdomainqueue POOL IS GC Now !!!!
2017-08-20 23:54:47	The inventorydepthdomainqueue POOL IS GC Now !!!!
2017-08-20 23:57:01	The financecronjob POOL IS GC Now !!!!
2017-08-20 23:57:02	The misctask POOL IS GC Now !!!!
2017-08-20 23:57:02	The bgqueue POOL IS GC Now !!!!
2017-08-20 23:57:02	The inventorydepth POOL IS GC Now !!!!
2017-08-20 23:59:11	The financecronjobdomainqueue POOL IS GC Now !!!!
