Thu Mar 10 10:11:01 CST 2016  task  downd  
Thu Mar 10 10:11:01 CST 2016 task ok
Thu Mar 10 10:11:01 CST 2016  export  downd  
Thu Mar 10 10:11:01 CST 2016 export ok
Thu Mar 10 10:11:01 CST 2016  init  downd  
Thu Mar 10 10:11:01 CST 2016 init ok
Thu Mar 10 10:11:01 CST 2016  timer  downd  
Thu Mar 10 10:11:01 CST 2016 timer ok
Thu Mar 10 10:42:01 CST 2016  timer  downd  
Thu Mar 10 10:42:01 CST 2016 timer ok
Thu Mar 10 11:07:01 CST 2016  timer  downd  
Thu Mar 10 11:07:01 CST 2016 timer ok
Thu Mar 10 11:14:01 CST 2016  timer  downd  
Thu Mar 10 11:14:01 CST 2016 timer ok
Thu Mar 10 13:10:01 CST 2016  timer  downd  
Thu Mar 10 13:10:01 CST 2016 timer ok
Thu Mar 10 13:13:01 CST 2016  timer  downd  
Thu Mar 10 13:13:01 CST 2016 timer ok
Thu Mar 10 15:05:01 CST 2016  timer  downd  
Thu Mar 10 15:05:01 CST 2016 timer ok
Thu Mar 10 17:23:02 CST 2016  timer  downd  
Thu Mar 10 17:23:02 CST 2016 timer ok
Thu Mar 10 20:14:01 CST 2016  timer  downd  
Thu Mar 10 20:14:01 CST 2016 timer ok
Thu Mar 10 21:07:01 CST 2016  timer  downd  
Thu Mar 10 21:07:01 CST 2016 timer ok
Thu Mar 10 21:22:01 CST 2016  timer  downd  
Thu Mar 10 21:22:01 CST 2016 timer ok
Fri Mar 11 00:22:01 CST 2016  timer  downd  
Fri Mar 11 00:22:01 CST 2016 timer ok
Fri Mar 11 00:43:01 CST 2016  timer  downd  
Fri Mar 11 00:43:01 CST 2016 timer ok
Fri Mar 11 05:39:01 CST 2016  export  downd  
Fri Mar 11 05:39:01 CST 2016 export ok
Fri Mar 11 15:52:01 CST 2016  timer  downd  
Fri Mar 11 15:52:01 CST 2016 timer ok
Fri Mar 11 18:01:01 CST 2016  timer  downd  
Fri Mar 11 18:01:01 CST 2016 timer ok
Sat Mar 12 01:32:01 CST 2016  timer  downd  
Sat Mar 12 01:32:01 CST 2016 timer ok
Sat Mar 12 02:17:01 CST 2016  timer  downd  
Sat Mar 12 02:17:01 CST 2016 timer ok
Sat Mar 12 03:04:01 CST 2016  timer  downd  
Sat Mar 12 03:04:01 CST 2016 timer ok
Sat Mar 12 03:27:01 CST 2016  timer  downd  
Sat Mar 12 03:27:01 CST 2016 timer ok
Sat Mar 12 17:01:01 CST 2016  timer  downd  
Sat Mar 12 17:01:01 CST 2016 timer ok
Sun Mar 13 04:52:01 CST 2016  timer  downd  
Sun Mar 13 04:52:01 CST 2016 timer ok
Sun Mar 13 13:57:01 CST 2016  timer  downd  
Sun Mar 13 13:57:01 CST 2016 timer ok
Tue Mar 15 01:49:01 CST 2016  timer  downd  
Tue Mar 15 01:49:01 CST 2016 timer ok
Tue Mar 15 02:12:01 CST 2016  timer  downd  
Tue Mar 15 02:12:01 CST 2016 timer ok
Tue Mar 15 02:27:01 CST 2016  timer  downd  
Tue Mar 15 02:27:01 CST 2016 timer ok
Tue Mar 15 02:36:01 CST 2016  timer  downd  
Tue Mar 15 02:36:01 CST 2016 timer ok
Tue Mar 15 03:13:01 CST 2016  timer  downd  
Tue Mar 15 03:13:01 CST 2016 timer ok
Tue Mar 15 03:52:01 CST 2016  timer  downd  
Tue Mar 15 03:52:01 CST 2016 timer ok
Tue Mar 15 04:25:01 CST 2016  timer  downd  
Tue Mar 15 04:25:01 CST 2016 timer ok
Tue Mar 15 14:27:01 CST 2016  timer  downd  
Tue Mar 15 14:27:01 CST 2016 timer ok
Tue Mar 15 19:34:01 CST 2016  timer  downd  
Tue Mar 15 19:34:01 CST 2016 timer ok
Tue Mar 15 20:26:02 CST 2016  timer  downd  
Tue Mar 15 20:26:02 CST 2016 timer ok
Tue Mar 15 21:11:01 CST 2016  timer  downd  
Tue Mar 15 21:11:01 CST 2016 timer ok
Tue Mar 15 21:54:01 CST 2016  timer  downd  
Tue Mar 15 21:54:01 CST 2016 timer ok
Tue Mar 15 22:19:01 CST 2016  timer  downd  
Tue Mar 15 22:19:01 CST 2016 timer ok
Tue Mar 15 22:54:01 CST 2016  timer  downd  
Tue Mar 15 22:54:01 CST 2016 timer ok
Tue Mar 15 23:19:01 CST 2016  timer  downd  
Tue Mar 15 23:19:01 CST 2016 timer ok
Wed Mar 16 02:42:01 CST 2016  timer  downd  
Wed Mar 16 02:42:01 CST 2016 timer ok
Wed Mar 16 04:16:01 CST 2016  timer  downd  
Wed Mar 16 04:16:01 CST 2016 timer ok
Wed Mar 16 06:42:01 CST 2016  timer  downd  
Wed Mar 16 06:42:01 CST 2016 timer ok
Wed Mar 16 11:03:01 CST 2016  timer  downd  
Wed Mar 16 11:03:01 CST 2016 timer ok
Wed Mar 16 11:22:01 CST 2016  timer  downd  
Wed Mar 16 11:22:01 CST 2016 timer ok
Wed Mar 16 11:25:01 CST 2016  timer  downd  
Wed Mar 16 11:25:01 CST 2016 timer ok
Wed Mar 16 11:52:01 CST 2016  timer  downd  
Wed Mar 16 11:52:01 CST 2016 timer ok
Wed Mar 16 11:57:01 CST 2016  timer  downd  
Wed Mar 16 11:57:01 CST 2016 timer ok
Wed Mar 16 15:54:01 CST 2016  timer  downd  
Wed Mar 16 15:54:01 CST 2016 timer ok
Wed Mar 16 16:43:01 CST 2016  timer  downd  
Wed Mar 16 16:43:01 CST 2016 timer ok
Wed Mar 16 17:06:01 CST 2016  timer  downd  
Wed Mar 16 17:06:01 CST 2016 timer ok
Wed Mar 16 17:17:01 CST 2016  timer  downd  
Wed Mar 16 17:17:01 CST 2016 timer ok
Wed Mar 16 18:02:01 CST 2016  timer  downd  
Wed Mar 16 18:02:01 CST 2016 timer ok
Wed Mar 16 19:15:01 CST 2016  timer  downd  
Wed Mar 16 19:15:01 CST 2016 timer ok
Wed Mar 16 20:02:01 CST 2016  timer  downd  
Wed Mar 16 20:02:01 CST 2016 timer ok
Thu Mar 17 00:22:01 CST 2016  timer  downd  
Thu Mar 17 00:22:01 CST 2016 timer ok
Thu Mar 17 09:44:01 CST 2016  timer  downd  
Thu Mar 17 09:44:01 CST 2016 timer ok
Thu Mar 17 18:57:01 CST 2016  timer  downd  
Thu Mar 17 18:57:02 CST 2016 timer ok
Fri Mar 18 03:12:01 CST 2016  timer  downd  
Fri Mar 18 03:12:01 CST 2016 timer ok
Fri Mar 18 05:12:01 CST 2016  timer  downd  
Fri Mar 18 05:12:01 CST 2016 timer ok
Fri Mar 18 10:43:01 CST 2016  timer  downd  
Fri Mar 18 10:43:01 CST 2016 timer ok
Fri Mar 18 11:58:01 CST 2016  timer  downd  
Fri Mar 18 11:58:01 CST 2016 timer ok
Fri Mar 18 14:14:01 CST 2016  timer  downd  
Fri Mar 18 14:14:01 CST 2016 timer ok
Fri Mar 18 14:41:01 CST 2016  timer  downd  
Fri Mar 18 14:41:01 CST 2016 timer ok
Sat Mar 19 18:32:01 CST 2016  timer  downd  
Sat Mar 19 18:32:01 CST 2016 timer ok
Sat Mar 19 18:47:01 CST 2016  timer  downd  
Sat Mar 19 18:47:01 CST 2016 timer ok
Sat Mar 19 18:52:01 CST 2016  timer  downd  
Sat Mar 19 18:52:01 CST 2016 timer ok
Sat Mar 19 19:17:01 CST 2016  timer  downd  
Sat Mar 19 19:17:01 CST 2016 timer ok
Sun Mar 20 15:15:01 CST 2016  timer  downd  
Sun Mar 20 15:15:01 CST 2016 timer ok
Sun Mar 20 15:28:01 CST 2016  timer  downd  
Sun Mar 20 15:28:01 CST 2016 timer ok
Sun Mar 20 15:31:01 CST 2016  timer  downd  
Sun Mar 20 15:31:01 CST 2016 timer ok
Sun Mar 20 15:42:01 CST 2016  timer  downd  
Sun Mar 20 15:42:01 CST 2016 timer ok
Sun Mar 20 15:57:01 CST 2016  timer  downd  
Sun Mar 20 15:57:01 CST 2016 timer ok
Sun Mar 20 16:22:01 CST 2016  timer  downd  
Sun Mar 20 16:22:01 CST 2016 timer ok
Sun Mar 20 17:27:01 CST 2016  timer  downd  
Sun Mar 20 17:27:01 CST 2016 timer ok
Sun Mar 20 17:30:01 CST 2016  timer  downd  
Sun Mar 20 17:30:01 CST 2016 timer ok
Sun Mar 20 17:49:01 CST 2016  timer  downd  
Sun Mar 20 17:49:01 CST 2016 timer ok
Sun Mar 20 18:22:01 CST 2016  timer  downd  
Sun Mar 20 18:22:01 CST 2016 timer ok
Mon Mar 21 07:19:01 CST 2016  timer  downd  
Mon Mar 21 07:19:01 CST 2016 timer ok
Mon Mar 21 09:47:02 CST 2016  timer  downd  
Mon Mar 21 09:47:02 CST 2016 timer ok
Mon Mar 21 12:01:01 CST 2016  timer  downd  
Mon Mar 21 12:01:01 CST 2016 timer ok
Mon Mar 21 21:39:01 CST 2016  timer  downd  
Mon Mar 21 21:39:01 CST 2016 timer ok
Tue Mar 22 01:42:02 CST 2016  timer  downd  
Tue Mar 22 01:42:02 CST 2016 timer ok
Tue Mar 22 01:49:01 CST 2016  timer  downd  
Tue Mar 22 01:49:01 CST 2016 timer ok
Tue Mar 22 02:40:01 CST 2016  timer  downd  
Tue Mar 22 02:40:01 CST 2016 timer ok
Tue Mar 22 08:05:01 CST 2016  timer  downd  
Tue Mar 22 08:05:01 CST 2016 timer ok
Tue Mar 22 08:32:01 CST 2016  timer  downd  
Tue Mar 22 08:32:01 CST 2016 timer ok
Tue Mar 22 09:31:01 CST 2016  timer  downd  
Tue Mar 22 09:31:01 CST 2016 timer ok
Tue Mar 22 09:36:01 CST 2016  timer  downd  
Tue Mar 22 09:36:01 CST 2016 timer ok
Tue Mar 22 10:13:01 CST 2016  timer  downd  
Tue Mar 22 10:13:01 CST 2016 timer ok
Tue Mar 22 11:22:01 CST 2016  timer  downd  
Tue Mar 22 11:22:01 CST 2016 timer ok
Tue Mar 22 13:24:01 CST 2016  timer  downd  
Tue Mar 22 13:24:01 CST 2016 timer ok
Tue Mar 22 15:42:01 CST 2016  timer  downd  
Tue Mar 22 15:42:01 CST 2016 timer ok
Tue Mar 22 20:37:01 CST 2016  timer  downd  
Tue Mar 22 20:37:01 CST 2016 timer ok
Tue Mar 22 23:54:01 CST 2016  timer  downd  
Tue Mar 22 23:54:01 CST 2016 timer ok
Wed Mar 23 04:23:01 CST 2016  timer  downd  
Wed Mar 23 04:23:01 CST 2016 timer ok
Wed Mar 23 06:57:01 CST 2016  timer  downd  
Wed Mar 23 06:57:01 CST 2016 timer ok
Wed Mar 23 14:19:01 CST 2016  timer  downd  
Wed Mar 23 14:19:01 CST 2016 timer ok
Wed Mar 23 14:28:01 CST 2016  timer  downd  
Wed Mar 23 14:28:01 CST 2016 timer ok
Wed Mar 23 16:47:01 CST 2016  timer  downd  
Wed Mar 23 16:47:01 CST 2016 timer ok
Wed Mar 23 16:54:01 CST 2016  timer  downd  
Wed Mar 23 16:54:01 CST 2016 timer ok
Wed Mar 23 18:58:01 CST 2016  timer  downd  
Wed Mar 23 18:58:01 CST 2016 timer ok
Wed Mar 23 20:57:01 CST 2016  timer  downd  
Wed Mar 23 20:57:01 CST 2016 timer ok
Wed Mar 23 21:22:01 CST 2016  timer  downd  
Wed Mar 23 21:22:01 CST 2016 timer ok
Thu Mar 24 06:40:01 CST 2016  timer  downd  
Thu Mar 24 06:40:01 CST 2016 timer ok
Thu Mar 24 09:44:01 CST 2016  timer  downd  
Thu Mar 24 09:44:01 CST 2016 timer ok
Thu Mar 24 09:53:01 CST 2016  timer  downd  
Thu Mar 24 09:53:01 CST 2016 timer ok
Thu Mar 24 10:02:01 CST 2016  timer  downd  
Thu Mar 24 10:02:01 CST 2016 timer ok
Thu Mar 24 10:41:01 CST 2016  timer  downd  
Thu Mar 24 10:41:01 CST 2016 timer ok
Thu Mar 24 10:54:01 CST 2016  timer  downd  
Thu Mar 24 10:54:01 CST 2016 timer ok
Thu Mar 24 10:59:01 CST 2016  timer  downd  
Thu Mar 24 10:59:01 CST 2016 timer ok
Thu Mar 24 11:58:01 CST 2016  timer  downd  
Thu Mar 24 11:58:01 CST 2016 timer ok
Thu Mar 24 12:07:01 CST 2016  timer  downd  
Thu Mar 24 12:07:01 CST 2016 timer ok
Thu Mar 24 13:10:01 CST 2016  timer  downd  
Thu Mar 24 13:10:01 CST 2016 timer ok
Fri Mar 25 02:12:01 CST 2016  timer  downd  
Fri Mar 25 02:12:01 CST 2016 timer ok
Fri Mar 25 09:13:01 CST 2016  timer  downd  
Fri Mar 25 09:13:01 CST 2016 timer ok
Fri Mar 25 13:39:01 CST 2016  timer  downd  
Fri Mar 25 13:39:01 CST 2016 timer ok
Fri Mar 25 14:24:02 CST 2016  timer  downd  
Fri Mar 25 14:24:02 CST 2016 timer ok
Fri Mar 25 22:57:01 CST 2016  timer  downd  
Fri Mar 25 22:57:01 CST 2016 timer ok
Sat Mar 26 12:42:01 CST 2016  timer  downd  
Sat Mar 26 12:42:02 CST 2016 timer ok
Sat Mar 26 21:27:01 CST 2016  timer  downd  
Sat Mar 26 21:27:01 CST 2016 timer ok
Mon Mar 28 03:49:01 CST 2016  timer  downd  
Mon Mar 28 03:49:01 CST 2016 timer ok
Mon Mar 28 06:08:01 CST 2016  timer  downd  
Mon Mar 28 06:08:02 CST 2016 timer ok
Mon Mar 28 07:11:02 CST 2016  timer  downd  
Mon Mar 28 07:11:02 CST 2016 timer ok
Mon Mar 28 11:38:01 CST 2016  timer  downd  
Mon Mar 28 11:38:01 CST 2016 timer ok
Mon Mar 28 12:45:01 CST 2016  timer  downd  
Mon Mar 28 12:45:01 CST 2016 timer ok
Mon Mar 28 13:32:01 CST 2016  timer  downd  
Mon Mar 28 13:32:01 CST 2016 timer ok
Mon Mar 28 14:43:01 CST 2016  timer  downd  
Mon Mar 28 14:43:01 CST 2016 timer ok
Mon Mar 28 18:01:01 CST 2016  timer  downd  
Mon Mar 28 18:01:01 CST 2016 timer ok
Mon Mar 28 19:10:01 CST 2016  timer  downd  
Mon Mar 28 19:10:01 CST 2016 timer ok
Mon Mar 28 19:15:01 CST 2016  timer  downd  
Mon Mar 28 19:15:01 CST 2016 timer ok
Mon Mar 28 19:24:01 CST 2016  timer  downd  
Mon Mar 28 19:24:01 CST 2016 timer ok
Mon Mar 28 19:51:01 CST 2016  timer  downd  
Mon Mar 28 19:51:01 CST 2016 timer ok
Mon Mar 28 19:56:01 CST 2016  timer  downd  
Mon Mar 28 19:56:01 CST 2016 timer ok
Mon Mar 28 20:11:01 CST 2016  timer  downd  
Mon Mar 28 20:11:01 CST 2016 timer ok
Mon Mar 28 21:04:01 CST 2016  timer  downd  
Mon Mar 28 21:04:01 CST 2016 timer ok
Mon Mar 28 21:09:02 CST 2016  timer  downd  
Mon Mar 28 21:09:02 CST 2016 timer ok
Mon Mar 28 21:48:01 CST 2016  timer  downd  
Mon Mar 28 21:48:01 CST 2016 timer ok
Mon Mar 28 22:13:01 CST 2016  timer  downd  
Mon Mar 28 22:13:01 CST 2016 timer ok
Tue Mar 29 00:01:01 CST 2016  timer  downd  
Tue Mar 29 00:01:01 CST 2016 timer ok
Tue Mar 29 02:13:01 CST 2016  timer  downd  
Tue Mar 29 02:13:01 CST 2016 timer ok
Tue Mar 29 02:46:01 CST 2016  timer  downd  
Tue Mar 29 02:46:01 CST 2016 timer ok
Tue Mar 29 02:51:01 CST 2016  timer  downd  
Tue Mar 29 02:51:01 CST 2016 timer ok
Tue Mar 29 02:56:01 CST 2016  timer  downd  
Tue Mar 29 02:56:01 CST 2016 timer ok
Tue Mar 29 03:15:01 CST 2016  timer  downd  
Tue Mar 29 03:15:01 CST 2016 timer ok
Tue Mar 29 03:28:01 CST 2016  timer  downd  
Tue Mar 29 03:28:01 CST 2016 timer ok
Tue Mar 29 03:35:01 CST 2016  timer  downd  
Tue Mar 29 03:35:01 CST 2016 timer ok
Tue Mar 29 03:40:01 CST 2016  timer  downd  
Tue Mar 29 03:40:01 CST 2016 timer ok
Tue Mar 29 09:56:01 CST 2016  timer  downd  
Tue Mar 29 09:56:02 CST 2016 timer ok
Tue Mar 29 10:13:01 CST 2016  timer  downd  
Tue Mar 29 10:13:01 CST 2016 timer ok
Tue Mar 29 10:16:01 CST 2016  timer  downd  
Tue Mar 29 10:16:01 CST 2016 timer ok
Tue Mar 29 10:29:01 CST 2016  timer  downd  
Tue Mar 29 10:29:01 CST 2016 timer ok
Tue Mar 29 10:54:01 CST 2016  timer  downd  
Tue Mar 29 10:54:01 CST 2016 timer ok
Tue Mar 29 11:15:01 CST 2016  timer  downd  
Tue Mar 29 11:15:01 CST 2016 timer ok
Tue Mar 29 11:30:01 CST 2016  timer  downd  
Tue Mar 29 11:30:01 CST 2016 timer ok
Tue Mar 29 11:51:02 CST 2016  timer  downd  
Tue Mar 29 11:51:02 CST 2016 timer ok
Tue Mar 29 11:58:01 CST 2016  timer  downd  
Tue Mar 29 11:58:01 CST 2016 timer ok
Tue Mar 29 12:01:01 CST 2016  timer  downd  
Tue Mar 29 12:01:01 CST 2016 timer ok
Tue Mar 29 12:08:01 CST 2016  timer  downd  
Tue Mar 29 12:08:01 CST 2016 timer ok
Tue Mar 29 12:17:01 CST 2016  timer  downd  
Tue Mar 29 12:17:01 CST 2016 timer ok
Tue Mar 29 12:54:01 CST 2016  timer  downd  
Tue Mar 29 12:54:01 CST 2016 timer ok
Tue Mar 29 13:07:01 CST 2016  timer  downd  
Tue Mar 29 13:07:01 CST 2016 timer ok
Tue Mar 29 13:10:01 CST 2016  timer  downd  
Tue Mar 29 13:10:01 CST 2016 timer ok
Tue Mar 29 16:12:01 CST 2016  timer  downd  
Tue Mar 29 16:12:01 CST 2016 timer ok
Tue Mar 29 20:06:01 CST 2016  timer  downd  
Tue Mar 29 20:06:01 CST 2016 timer ok
Tue Mar 29 22:36:01 CST 2016  timer  downd  
Tue Mar 29 22:36:01 CST 2016 timer ok
Tue Mar 29 23:03:02 CST 2016  timer  downd  
Tue Mar 29 23:03:02 CST 2016 timer ok
Tue Mar 29 23:08:01 CST 2016  timer  downd  
Tue Mar 29 23:08:01 CST 2016 timer ok
Tue Mar 29 23:41:01 CST 2016  timer  downd  
Tue Mar 29 23:41:01 CST 2016 timer ok
Wed Mar 30 00:30:01 CST 2016  timer  downd  
Wed Mar 30 00:30:01 CST 2016 timer ok
Wed Mar 30 00:43:01 CST 2016  timer  downd  
Wed Mar 30 00:43:01 CST 2016 timer ok
Wed Mar 30 01:00:01 CST 2016  timer  downd  
Wed Mar 30 01:00:01 CST 2016 timer ok
Wed Mar 30 01:11:01 CST 2016  timer  downd  
Wed Mar 30 01:11:01 CST 2016 timer ok
Wed Mar 30 01:22:01 CST 2016  timer  downd  
Wed Mar 30 01:22:01 CST 2016 timer ok
Wed Mar 30 01:29:01 CST 2016  timer  downd  
Wed Mar 30 01:29:01 CST 2016 timer ok
Wed Mar 30 01:44:01 CST 2016  timer  downd  
Wed Mar 30 01:44:01 CST 2016 timer ok
Wed Mar 30 01:55:01 CST 2016  timer  downd  
Wed Mar 30 01:55:01 CST 2016 timer ok
Wed Mar 30 02:22:01 CST 2016  timer  downd  
Wed Mar 30 02:22:01 CST 2016 timer ok
Wed Mar 30 02:35:01 CST 2016  timer  downd  
Wed Mar 30 02:35:01 CST 2016 timer ok
Wed Mar 30 02:42:01 CST 2016  timer  downd  
Wed Mar 30 02:42:01 CST 2016 timer ok
Wed Mar 30 02:51:01 CST 2016  timer  downd  
Wed Mar 30 02:51:01 CST 2016 timer ok
Wed Mar 30 06:47:01 CST 2016  timer  downd  
Wed Mar 30 06:47:01 CST 2016 timer ok
Wed Mar 30 06:50:01 CST 2016  timer  downd  
Wed Mar 30 06:50:01 CST 2016 timer ok
Wed Mar 30 08:01:01 CST 2016  timer  downd  
Wed Mar 30 08:01:01 CST 2016 timer ok
Wed Mar 30 10:41:01 CST 2016  timer  downd  
Wed Mar 30 10:41:01 CST 2016 timer ok
Wed Mar 30 11:36:01 CST 2016  timer  downd  
Wed Mar 30 11:36:01 CST 2016 timer ok
Wed Mar 30 12:03:01 CST 2016  timer  downd  
Wed Mar 30 12:03:01 CST 2016 timer ok
Wed Mar 30 12:10:01 CST 2016  timer  downd  
Wed Mar 30 12:10:01 CST 2016 timer ok
Wed Mar 30 12:17:01 CST 2016  timer  downd  
Wed Mar 30 12:17:01 CST 2016 timer ok
Wed Mar 30 12:34:01 CST 2016  timer  downd  
Wed Mar 30 12:34:01 CST 2016 timer ok
Wed Mar 30 12:39:01 CST 2016  timer  downd  
Wed Mar 30 12:39:01 CST 2016 timer ok
Wed Mar 30 12:44:01 CST 2016  timer  downd  
Wed Mar 30 12:44:01 CST 2016 timer ok
Wed Mar 30 12:49:01 CST 2016  timer  downd  
Wed Mar 30 12:49:01 CST 2016 timer ok
Wed Mar 30 12:58:01 CST 2016  timer  downd  
Wed Mar 30 12:58:01 CST 2016 timer ok
Wed Mar 30 13:01:01 CST 2016  timer  downd  
Wed Mar 30 13:01:01 CST 2016 timer ok
Wed Mar 30 13:04:01 CST 2016  timer  downd  
Wed Mar 30 13:04:01 CST 2016 timer ok
Wed Mar 30 13:15:01 CST 2016  timer  downd  
Wed Mar 30 13:15:01 CST 2016 timer ok
Wed Mar 30 13:20:01 CST 2016  timer  downd  
Wed Mar 30 13:20:02 CST 2016 timer ok
Wed Mar 30 15:02:01 CST 2016  timer  downd  
Wed Mar 30 15:02:01 CST 2016 timer ok
Wed Mar 30 17:04:01 CST 2016  timer  downd  
Wed Mar 30 17:04:01 CST 2016 timer ok
Wed Mar 30 18:40:01 CST 2016  task  downd  
Wed Mar 30 18:40:01 CST 2016 task ok
Wed Mar 30 18:40:01 CST 2016  export  downd  
Wed Mar 30 18:40:01 CST 2016 export ok
Wed Mar 30 18:40:01 CST 2016  init  downd  
Wed Mar 30 18:40:01 CST 2016 init ok
Wed Mar 30 18:40:01 CST 2016  timer  downd  
Wed Mar 30 18:40:01 CST 2016 timer ok
Wed Mar 30 18:43:01 CST 2016  task  downd  
Wed Mar 30 18:43:01 CST 2016 task ok
Wed Mar 30 18:43:01 CST 2016  export  downd  
Wed Mar 30 18:43:01 CST 2016 export ok
Wed Mar 30 18:43:01 CST 2016  init  downd  
Wed Mar 30 18:43:01 CST 2016 init ok
Wed Mar 30 18:43:01 CST 2016  timer  downd  
Wed Mar 30 18:43:01 CST 2016 timer ok
Wed Mar 30 19:14:01 CST 2016  task  downd  
Wed Mar 30 19:14:01 CST 2016 task ok
Wed Mar 30 19:14:01 CST 2016  export  downd  
Wed Mar 30 19:14:01 CST 2016 export ok
Wed Mar 30 19:14:01 CST 2016  init  downd  
Wed Mar 30 19:14:01 CST 2016 init ok
Wed Mar 30 19:14:01 CST 2016  timer  downd  
Wed Mar 30 19:14:01 CST 2016 timer ok
Wed Mar 30 19:15:01 CST 2016  timer  downd  
Wed Mar 30 19:15:01 CST 2016 timer ok
Wed Mar 30 19:34:02 CST 2016  task  downd  
Wed Mar 30 19:34:02 CST 2016 task ok
Wed Mar 30 19:34:02 CST 2016  export  downd  
Wed Mar 30 19:34:02 CST 2016 export ok
Wed Mar 30 19:34:02 CST 2016  init  downd  
Wed Mar 30 19:34:02 CST 2016 init ok
Wed Mar 30 19:34:02 CST 2016  timer  downd  
Wed Mar 30 19:34:02 CST 2016 timer ok
Wed Mar 30 19:37:01 CST 2016  task  downd  
Wed Mar 30 19:37:01 CST 2016 task ok
Wed Mar 30 19:37:01 CST 2016  export  downd  
Wed Mar 30 19:37:01 CST 2016 export ok
Wed Mar 30 19:37:01 CST 2016  init  downd  
Wed Mar 30 19:37:01 CST 2016 init ok
Wed Mar 30 19:37:01 CST 2016  timer  downd  
Wed Mar 30 19:37:01 CST 2016 timer ok
Thu Mar 31 15:05:01 CST 2016  export  downd  
Thu Mar 31 15:05:01 CST 2016 export ok
Fri Apr  1 10:34:01 CST 2016  export  downd  
Fri Apr  1 10:34:01 CST 2016 export ok
Fri Apr  1 15:39:01 CST 2016  timer  downd  
Fri Apr  1 15:39:01 CST 2016 timer ok
Sat Apr  2 07:27:01 CST 2016  timer  downd  
Sat Apr  2 07:27:01 CST 2016 timer ok
Mon Apr 18 13:40:01 CST 2016  task  downd  
Mon Apr 18 13:40:01 CST 2016 task ok
Mon Apr 18 13:40:01 CST 2016  export  downd  
Mon Apr 18 13:40:02 CST 2016 export ok
Mon Apr 18 13:40:02 CST 2016  init  downd  
Mon Apr 18 13:40:02 CST 2016 init ok
Mon Apr 18 13:40:02 CST 2016  timer  downd  
Mon Apr 18 13:40:02 CST 2016 timer ok
Tue Apr 19 21:13:01 CST 2016  timer  downd  
Tue Apr 19 21:13:01 CST 2016 timer ok
Sat Apr 30 17:46:01 CST 2016  timer  downd  
Sat Apr 30 17:46:01 CST 2016 timer ok
Mon May  9 16:51:01 CST 2016  timer  downd  
Mon May  9 16:51:01 CST 2016 timer ok
Sat May 21 23:01:04 CST 2016  timer  downd  
Sat May 21 23:01:07 CST 2016 timer ok
Sun May 22 00:36:01 CST 2016  timer  downd  
Sun May 22 00:36:01 CST 2016 timer ok
Mon Aug 22 15:46:44 CST 2016  task  downd  
Mon Aug 22 15:46:44 CST 2016 task ok
Mon Aug 22 15:46:44 CST 2016  export  downd  
Mon Aug 22 15:46:44 CST 2016 export ok
Mon Aug 22 15:46:44 CST 2016  init  downd  
Mon Aug 22 15:46:44 CST 2016 init ok
Mon Aug 22 15:46:44 CST 2016  timer  downd  
Mon Aug 22 15:46:44 CST 2016 timer ok
Thu Aug 25 00:00:01 CST 2016  timer  downd  
Thu Aug 25 00:00:01 CST 2016 timer ok
Mon Nov 28 00:00:01 CST 2016  timer  downd  
Mon Nov 28 00:00:01 CST 2016 timer ok
Sat Jan  7 00:00:01 CST 2017  task  downd  
Sat Jan  7 00:00:01 CST 2017 task ok
Fri Feb 10 11:30:02 CST 2017  timer  downd  
Fri Feb 10 11:30:02 CST 2017 timer ok
Mon Feb 20 17:56:02 CST 2017  export  downd  
Mon Feb 20 17:56:02 CST 2017 export ok
Mon Feb 20 18:01:01 CST 2017  export  downd  
Mon Feb 20 18:01:01 CST 2017 export ok
Tue Feb 21 12:15:01 CST 2017  task  downd  
Tue Feb 21 12:15:01 CST 2017 task ok
Tue Feb 21 13:30:01 CST 2017  export  downd  
Tue Feb 21 13:30:01 CST 2017 export ok
Wed Feb 22 10:33:41 CST 2017  task  downd  
Wed Feb 22 10:33:41 CST 2017 task ok
Wed Feb 22 10:33:41 CST 2017  export  downd  
Wed Feb 22 10:33:41 CST 2017 export ok
Wed Feb 22 10:33:41 CST 2017  init  downd  
Wed Feb 22 10:33:41 CST 2017 init ok
Wed Feb 22 10:33:41 CST 2017  timer  downd  
Wed Feb 22 10:33:41 CST 2017 timer ok
Thu Feb 23 06:02:01 CST 2017  export  downd  
Thu Feb 23 06:02:01 CST 2017 export ok
Sat Feb 25 02:34:02 CST 2017  timer  downd  
Sat Feb 25 02:34:02 CST 2017 timer ok
Thu Mar 23 16:19:01 CST 2017  timer  downd  
Thu Mar 23 16:19:01 CST 2017 timer ok
Mon Mar 27 13:59:01 CST 2017  task  downd  
Mon Mar 27 13:59:01 CST 2017 task ok
Mon Mar 27 13:59:01 CST 2017  export  downd  
Mon Mar 27 13:59:01 CST 2017 export ok
Mon Mar 27 13:59:01 CST 2017  init  downd  
Mon Mar 27 13:59:01 CST 2017 init ok
Mon Mar 27 13:59:01 CST 2017  timer  downd  
Mon Mar 27 13:59:01 CST 2017 timer ok
Tue Mar 28 09:28:01 CST 2017  task  downd  
Tue Mar 28 09:28:01 CST 2017 task ok
Tue May  9 18:27:01 CST 2017  timer  downd  
Tue May  9 18:27:01 CST 2017 timer ok
Fri May 12 21:43:01 CST 2017  task  downd  
Fri May 12 21:43:01 CST 2017 task ok
Sat May 13 17:11:01 CST 2017  task  downd  
Sat May 13 17:11:01 CST 2017 task ok
Fri Jun  2 02:25:01 CST 2017  timer  downd  
Fri Jun  2 02:25:01 CST 2017 timer ok
Wed Jul 19 07:57:01 CST 2017  timer  downd  
Wed Jul 19 07:57:01 CST 2017 timer ok
