2017-08-24 00:17:50	The autochk POOL IS GC Now !!!!
2017-08-24 00:18:11	The autodly POOL IS GC Now !!!!
2017-08-24 00:47:28	The createfile POOL IS GC Now !!!!
2017-08-24 00:47:45	The dataquerybyquicksheet POOL IS GC Now !!!!
2017-08-24 00:47:50	The autochk POOL IS GC Now !!!!
2017-08-24 00:47:51	The dataquerybysheet POOL IS GC Now !!!!
2017-08-24 00:48:07	The exportsplit POOL IS GC Now !!!!
2017-08-24 00:48:11	The autodly POOL IS GC Now !!!!
2017-08-24 00:48:30	The bgqueuedomainqueue POOL IS GC Now !!!!
2017-08-24 00:48:35	The misctaskdomainqueue POOL IS GC Now !!!!
2017-08-24 00:54:47	The inventorydepthdomainqueue POOL IS GC Now !!!!
2017-08-24 00:57:01	The financecronjob POOL IS GC Now !!!!
2017-08-24 00:57:02	The bgqueue POOL IS GC Now !!!!
2017-08-24 00:57:02	The misctask POOL IS GC Now !!!!
2017-08-24 00:57:02	The inventorydepth POOL IS GC Now !!!!
2017-08-24 00:59:11	The financecronjobdomainqueue POOL IS GC Now !!!!
2017-08-24 01:17:50	The autochk POOL IS GC Now !!!!
2017-08-24 01:18:11	The autodly POOL IS GC Now !!!!
2017-08-24 01:46:32	The dataquerybywhole POOL IS GC Now !!!!
2017-08-24 01:47:28	The createfile POOL IS GC Now !!!!
2017-08-24 01:47:45	The dataquerybyquicksheet POOL IS GC Now !!!!
2017-08-24 01:47:50	The autochk POOL IS GC Now !!!!
2017-08-24 01:47:51	The dataquerybysheet POOL IS GC Now !!!!
2017-08-24 01:48:07	The exportsplit POOL IS GC Now !!!!
2017-08-24 01:48:11	The autodly POOL IS GC Now !!!!
2017-08-24 01:48:30	The bgqueuedomainqueue POOL IS GC Now !!!!
2017-08-24 01:48:35	The misctaskdomainqueue POOL IS GC Now !!!!
2017-08-24 01:54:47	The inventorydepthdomainqueue POOL IS GC Now !!!!
2017-08-24 01:57:01	The financecronjob POOL IS GC Now !!!!
2017-08-24 01:57:02	The misctask POOL IS GC Now !!!!
2017-08-24 01:57:02	The inventorydepth POOL IS GC Now !!!!
2017-08-24 01:57:02	The bgqueue POOL IS GC Now !!!!
2017-08-24 01:59:11	The financecronjobdomainqueue POOL IS GC Now !!!!
2017-08-24 02:17:50	The autochk POOL IS GC Now !!!!
2017-08-24 02:18:11	The autodly POOL IS GC Now !!!!
2017-08-24 02:47:28	The createfile POOL IS GC Now !!!!
2017-08-24 02:47:45	The dataquerybyquicksheet POOL IS GC Now !!!!
2017-08-24 02:47:50	The autochk POOL IS GC Now !!!!
2017-08-24 02:47:51	The dataquerybysheet POOL IS GC Now !!!!
2017-08-24 02:48:07	The exportsplit POOL IS GC Now !!!!
2017-08-24 02:48:11	The autodly POOL IS GC Now !!!!
2017-08-24 02:48:30	The bgqueuedomainqueue POOL IS GC Now !!!!
2017-08-24 02:48:35	The misctaskdomainqueue POOL IS GC Now !!!!
2017-08-24 02:54:47	The inventorydepthdomainqueue POOL IS GC Now !!!!
2017-08-24 02:57:01	The financecronjob POOL IS GC Now !!!!
2017-08-24 02:57:02	The bgqueue POOL IS GC Now !!!!
2017-08-24 02:57:02	The misctask POOL IS GC Now !!!!
2017-08-24 02:57:02	The inventorydepth POOL IS GC Now !!!!
2017-08-24 02:59:11	The financecronjobdomainqueue POOL IS GC Now !!!!
2017-08-24 03:17:50	The autochk POOL IS GC Now !!!!
2017-08-24 03:18:11	The autodly POOL IS GC Now !!!!
2017-08-24 03:46:32	The dataquerybywhole POOL IS GC Now !!!!
2017-08-24 03:47:28	The createfile POOL IS GC Now !!!!
2017-08-24 03:47:45	The dataquerybyquicksheet POOL IS GC Now !!!!
2017-08-24 03:47:50	The autochk POOL IS GC Now !!!!
2017-08-24 03:47:51	The dataquerybysheet POOL IS GC Now !!!!
2017-08-24 03:48:07	The exportsplit POOL IS GC Now !!!!
2017-08-24 03:48:11	The autodly POOL IS GC Now !!!!
2017-08-24 03:48:30	The bgqueuedomainqueue POOL IS GC Now !!!!
2017-08-24 03:48:35	The misctaskdomainqueue POOL IS GC Now !!!!
2017-08-24 03:54:47	The inventorydepthdomainqueue POOL IS GC Now !!!!
2017-08-24 03:57:01	The financecronjob POOL IS GC Now !!!!
2017-08-24 03:57:02	The inventorydepth POOL IS GC Now !!!!
2017-08-24 03:57:02	The misctask POOL IS GC Now !!!!
2017-08-24 03:57:02	The bgqueue POOL IS GC Now !!!!
2017-08-24 03:59:12	The financecronjobdomainqueue POOL IS GC Now !!!!
2017-08-24 04:17:50	The autochk POOL IS GC Now !!!!
2017-08-24 04:18:11	The autodly POOL IS GC Now !!!!
2017-08-24 04:47:28	The createfile POOL IS GC Now !!!!
2017-08-24 04:47:45	The dataquerybyquicksheet POOL IS GC Now !!!!
2017-08-24 04:47:50	The autochk POOL IS GC Now !!!!
2017-08-24 04:47:51	The dataquerybysheet POOL IS GC Now !!!!
2017-08-24 04:48:07	The exportsplit POOL IS GC Now !!!!
2017-08-24 04:48:11	The autodly POOL IS GC Now !!!!
2017-08-24 04:48:30	The bgqueuedomainqueue POOL IS GC Now !!!!
2017-08-24 04:48:35	The misctaskdomainqueue POOL IS GC Now !!!!
2017-08-24 04:54:47	The inventorydepthdomainqueue POOL IS GC Now !!!!
2017-08-24 04:57:01	The financecronjob POOL IS GC Now !!!!
2017-08-24 04:57:02	The misctask POOL IS GC Now !!!!
2017-08-24 04:57:02	The bgqueue POOL IS GC Now !!!!
2017-08-24 04:57:02	The inventorydepth POOL IS GC Now !!!!
2017-08-24 04:59:12	The financecronjobdomainqueue POOL IS GC Now !!!!
2017-08-24 05:17:50	The autochk POOL IS GC Now !!!!
2017-08-24 05:18:11	The autodly POOL IS GC Now !!!!
2017-08-24 05:46:32	The dataquerybywhole POOL IS GC Now !!!!
2017-08-24 05:47:28	The createfile POOL IS GC Now !!!!
2017-08-24 05:47:45	The dataquerybyquicksheet POOL IS GC Now !!!!
2017-08-24 05:47:50	The autochk POOL IS GC Now !!!!
2017-08-24 05:47:51	The dataquerybysheet POOL IS GC Now !!!!
2017-08-24 05:48:07	The exportsplit POOL IS GC Now !!!!
2017-08-24 05:48:11	The autodly POOL IS GC Now !!!!
2017-08-24 05:48:30	The bgqueuedomainqueue POOL IS GC Now !!!!
2017-08-24 05:48:35	The misctaskdomainqueue POOL IS GC Now !!!!
2017-08-24 05:54:47	The inventorydepthdomainqueue POOL IS GC Now !!!!
2017-08-24 05:57:01	The financecronjob POOL IS GC Now !!!!
2017-08-24 05:57:02	The inventorydepth POOL IS GC Now !!!!
2017-08-24 05:57:02	The misctask POOL IS GC Now !!!!
2017-08-24 05:57:02	The bgqueue POOL IS GC Now !!!!
2017-08-24 05:59:12	The financecronjobdomainqueue POOL IS GC Now !!!!
2017-08-24 06:17:50	The autochk POOL IS GC Now !!!!
2017-08-24 06:18:11	The autodly POOL IS GC Now !!!!
2017-08-24 06:47:28	The createfile POOL IS GC Now !!!!
2017-08-24 06:47:45	The dataquerybyquicksheet POOL IS GC Now !!!!
2017-08-24 06:47:50	The autochk POOL IS GC Now !!!!
2017-08-24 06:47:51	The dataquerybysheet POOL IS GC Now !!!!
2017-08-24 06:48:07	The exportsplit POOL IS GC Now !!!!
2017-08-24 06:48:11	The autodly POOL IS GC Now !!!!
2017-08-24 06:48:30	The bgqueuedomainqueue POOL IS GC Now !!!!
2017-08-24 06:48:35	The misctaskdomainqueue POOL IS GC Now !!!!
2017-08-24 06:54:47	The inventorydepthdomainqueue POOL IS GC Now !!!!
2017-08-24 06:57:01	The financecronjob POOL IS GC Now !!!!
2017-08-24 06:57:02	The bgqueue POOL IS GC Now !!!!
2017-08-24 06:57:02	The misctask POOL IS GC Now !!!!
2017-08-24 06:57:02	The inventorydepth POOL IS GC Now !!!!
2017-08-24 06:59:12	The financecronjobdomainqueue POOL IS GC Now !!!!
2017-08-24 07:17:50	The autochk POOL IS GC Now !!!!
2017-08-24 07:18:11	The autodly POOL IS GC Now !!!!
2017-08-24 07:46:32	The dataquerybywhole POOL IS GC Now !!!!
2017-08-24 07:47:28	The createfile POOL IS GC Now !!!!
2017-08-24 07:47:45	The dataquerybyquicksheet POOL IS GC Now !!!!
2017-08-24 07:47:50	The autochk POOL IS GC Now !!!!
2017-08-24 07:47:51	The dataquerybysheet POOL IS GC Now !!!!
2017-08-24 07:48:07	The exportsplit POOL IS GC Now !!!!
2017-08-24 07:48:11	The autodly POOL IS GC Now !!!!
2017-08-24 07:48:30	The bgqueuedomainqueue POOL IS GC Now !!!!
2017-08-24 07:48:35	The misctaskdomainqueue POOL IS GC Now !!!!
2017-08-24 07:54:47	The inventorydepthdomainqueue POOL IS GC Now !!!!
2017-08-24 07:57:01	The financecronjob POOL IS GC Now !!!!
2017-08-24 07:57:02	The inventorydepth POOL IS GC Now !!!!
2017-08-24 07:57:02	The misctask POOL IS GC Now !!!!
2017-08-24 07:57:02	The bgqueue POOL IS GC Now !!!!
2017-08-24 07:59:12	The financecronjobdomainqueue POOL IS GC Now !!!!
2017-08-24 08:17:50	The autochk POOL IS GC Now !!!!
2017-08-24 08:18:11	The autodly POOL IS GC Now !!!!
2017-08-24 08:47:28	The createfile POOL IS GC Now !!!!
2017-08-24 08:47:45	The dataquerybyquicksheet POOL IS GC Now !!!!
2017-08-24 08:47:50	The autochk POOL IS GC Now !!!!
2017-08-24 08:47:51	The dataquerybysheet POOL IS GC Now !!!!
2017-08-24 08:48:07	The exportsplit POOL IS GC Now !!!!
2017-08-24 08:48:11	The autodly POOL IS GC Now !!!!
2017-08-24 08:48:30	The bgqueuedomainqueue POOL IS GC Now !!!!
2017-08-24 08:48:35	The misctaskdomainqueue POOL IS GC Now !!!!
2017-08-24 08:54:47	The inventorydepthdomainqueue POOL IS GC Now !!!!
2017-08-24 08:57:01	The financecronjob POOL IS GC Now !!!!
2017-08-24 08:57:02	The inventorydepth POOL IS GC Now !!!!
2017-08-24 08:57:02	The bgqueue POOL IS GC Now !!!!
2017-08-24 08:57:02	The misctask POOL IS GC Now !!!!
2017-08-24 08:59:12	The financecronjobdomainqueue POOL IS GC Now !!!!
2017-08-24 09:17:50	The autochk POOL IS GC Now !!!!
2017-08-24 09:18:11	The autodly POOL IS GC Now !!!!
2017-08-24 09:46:32	The dataquerybywhole POOL IS GC Now !!!!
2017-08-24 09:47:28	The createfile POOL IS GC Now !!!!
2017-08-24 09:47:45	The dataquerybyquicksheet POOL IS GC Now !!!!
2017-08-24 09:47:50	The autochk POOL IS GC Now !!!!
2017-08-24 09:47:51	The dataquerybysheet POOL IS GC Now !!!!
2017-08-24 09:48:07	The exportsplit POOL IS GC Now !!!!
2017-08-24 09:48:11	The autodly POOL IS GC Now !!!!
2017-08-24 09:48:30	The bgqueuedomainqueue POOL IS GC Now !!!!
2017-08-24 09:48:35	The misctaskdomainqueue POOL IS GC Now !!!!
2017-08-24 09:54:47	The inventorydepthdomainqueue POOL IS GC Now !!!!
2017-08-24 09:57:01	The financecronjob POOL IS GC Now !!!!
2017-08-24 09:57:02	The inventorydepth POOL IS GC Now !!!!
2017-08-24 09:57:02	The bgqueue POOL IS GC Now !!!!
2017-08-24 09:57:02	The misctask POOL IS GC Now !!!!
2017-08-24 09:59:12	The financecronjobdomainqueue POOL IS GC Now !!!!
2017-08-24 10:17:50	The autochk POOL IS GC Now !!!!
2017-08-24 10:18:11	The autodly POOL IS GC Now !!!!
2017-08-24 10:47:28	The createfile POOL IS GC Now !!!!
2017-08-24 10:47:45	The dataquerybyquicksheet POOL IS GC Now !!!!
2017-08-24 10:47:50	The autochk POOL IS GC Now !!!!
2017-08-24 10:47:51	The dataquerybysheet POOL IS GC Now !!!!
2017-08-24 10:48:07	The exportsplit POOL IS GC Now !!!!
2017-08-24 10:48:11	The autodly POOL IS GC Now !!!!
2017-08-24 10:48:30	The bgqueuedomainqueue POOL IS GC Now !!!!
2017-08-24 10:48:35	The misctaskdomainqueue POOL IS GC Now !!!!
2017-08-24 10:54:47	The inventorydepthdomainqueue POOL IS GC Now !!!!
2017-08-24 10:57:01	The financecronjob POOL IS GC Now !!!!
2017-08-24 10:57:02	The misctask POOL IS GC Now !!!!
2017-08-24 10:57:02	The bgqueue POOL IS GC Now !!!!
2017-08-24 10:57:02	The inventorydepth POOL IS GC Now !!!!
2017-08-24 10:59:12	The financecronjobdomainqueue POOL IS GC Now !!!!
2017-08-24 11:17:50	The autochk POOL IS GC Now !!!!
2017-08-24 11:18:11	The autodly POOL IS GC Now !!!!
2017-08-24 11:46:32	The dataquerybywhole POOL IS GC Now !!!!
2017-08-24 11:47:28	The createfile POOL IS GC Now !!!!
2017-08-24 11:47:45	The dataquerybyquicksheet POOL IS GC Now !!!!
2017-08-24 11:47:50	The autochk POOL IS GC Now !!!!
2017-08-24 11:47:51	The dataquerybysheet POOL IS GC Now !!!!
2017-08-24 11:48:07	The exportsplit POOL IS GC Now !!!!
2017-08-24 11:48:11	The autodly POOL IS GC Now !!!!
2017-08-24 11:48:30	The bgqueuedomainqueue POOL IS GC Now !!!!
2017-08-24 11:48:35	The misctaskdomainqueue POOL IS GC Now !!!!
2017-08-24 11:54:47	The inventorydepthdomainqueue POOL IS GC Now !!!!
2017-08-24 11:57:01	The financecronjob POOL IS GC Now !!!!
2017-08-24 11:57:02	The bgqueue POOL IS GC Now !!!!
2017-08-24 11:57:02	The inventorydepth POOL IS GC Now !!!!
2017-08-24 11:57:02	The misctask POOL IS GC Now !!!!
2017-08-24 11:59:12	The financecronjobdomainqueue POOL IS GC Now !!!!
2017-08-24 12:17:50	The autochk POOL IS GC Now !!!!
2017-08-24 12:18:11	The autodly POOL IS GC Now !!!!
2017-08-24 12:47:28	The createfile POOL IS GC Now !!!!
2017-08-24 12:47:45	The dataquerybyquicksheet POOL IS GC Now !!!!
2017-08-24 12:47:50	The autochk POOL IS GC Now !!!!
2017-08-24 12:47:51	The dataquerybysheet POOL IS GC Now !!!!
2017-08-24 12:48:07	The exportsplit POOL IS GC Now !!!!
2017-08-24 12:48:11	The autodly POOL IS GC Now !!!!
2017-08-24 12:48:30	The bgqueuedomainqueue POOL IS GC Now !!!!
2017-08-24 12:48:35	The misctaskdomainqueue POOL IS GC Now !!!!
2017-08-24 12:54:47	The inventorydepthdomainqueue POOL IS GC Now !!!!
2017-08-24 12:57:01	The financecronjob POOL IS GC Now !!!!
2017-08-24 12:57:02	The inventorydepth POOL IS GC Now !!!!
2017-08-24 12:57:02	The bgqueue POOL IS GC Now !!!!
2017-08-24 12:57:02	The misctask POOL IS GC Now !!!!
2017-08-24 12:59:12	The financecronjobdomainqueue POOL IS GC Now !!!!
2017-08-24 13:17:50	The autochk POOL IS GC Now !!!!
2017-08-24 13:18:11	The autodly POOL IS GC Now !!!!
2017-08-24 13:46:32	The dataquerybywhole POOL IS GC Now !!!!
2017-08-24 13:47:28	The createfile POOL IS GC Now !!!!
2017-08-24 13:47:45	The dataquerybyquicksheet POOL IS GC Now !!!!
2017-08-24 13:47:50	The autochk POOL IS GC Now !!!!
2017-08-24 13:47:51	The dataquerybysheet POOL IS GC Now !!!!
2017-08-24 13:48:08	The exportsplit POOL IS GC Now !!!!
2017-08-24 13:48:11	The autodly POOL IS GC Now !!!!
2017-08-24 13:48:30	The bgqueuedomainqueue POOL IS GC Now !!!!
2017-08-24 13:48:35	The misctaskdomainqueue POOL IS GC Now !!!!
2017-08-24 13:54:47	The inventorydepthdomainqueue POOL IS GC Now !!!!
2017-08-24 13:57:01	The financecronjob POOL IS GC Now !!!!
2017-08-24 13:57:02	The inventorydepth POOL IS GC Now !!!!
2017-08-24 13:57:02	The bgqueue POOL IS GC Now !!!!
2017-08-24 13:57:03	The misctask POOL IS GC Now !!!!
2017-08-24 13:59:12	The financecronjobdomainqueue POOL IS GC Now !!!!
2017-08-24 14:17:50	The autochk POOL IS GC Now !!!!
2017-08-24 14:18:11	The autodly POOL IS GC Now !!!!
2017-08-24 14:47:29	The createfile POOL IS GC Now !!!!
2017-08-24 14:47:46	The dataquerybyquicksheet POOL IS GC Now !!!!
2017-08-24 14:47:50	The autochk POOL IS GC Now !!!!
2017-08-24 14:47:52	The dataquerybysheet POOL IS GC Now !!!!
2017-08-24 14:48:08	The exportsplit POOL IS GC Now !!!!
2017-08-24 14:48:11	The autodly POOL IS GC Now !!!!
2017-08-24 14:48:30	The bgqueuedomainqueue POOL IS GC Now !!!!
2017-08-24 14:48:35	The misctaskdomainqueue POOL IS GC Now !!!!
2017-08-24 14:54:47	The inventorydepthdomainqueue POOL IS GC Now !!!!
2017-08-24 14:57:01	The financecronjob POOL IS GC Now !!!!
2017-08-24 14:57:02	The bgqueue POOL IS GC Now !!!!
2017-08-24 14:57:02	The inventorydepth POOL IS GC Now !!!!
2017-08-24 14:57:03	The misctask POOL IS GC Now !!!!
2017-08-24 14:59:12	The financecronjobdomainqueue POOL IS GC Now !!!!
2017-08-24 15:17:50	The autochk POOL IS GC Now !!!!
2017-08-24 15:18:11	The autodly POOL IS GC Now !!!!
2017-08-24 15:46:32	The dataquerybywhole POOL IS GC Now !!!!
2017-08-24 15:47:30	The createfile POOL IS GC Now !!!!
2017-08-24 15:47:46	The dataquerybyquicksheet POOL IS GC Now !!!!
2017-08-24 15:47:50	The autochk POOL IS GC Now !!!!
2017-08-24 15:47:52	The dataquerybysheet POOL IS GC Now !!!!
2017-08-24 15:48:08	The exportsplit POOL IS GC Now !!!!
2017-08-24 15:48:11	The autodly POOL IS GC Now !!!!
2017-08-24 15:48:30	The bgqueuedomainqueue POOL IS GC Now !!!!
2017-08-24 15:48:35	The misctaskdomainqueue POOL IS GC Now !!!!
2017-08-24 15:54:47	The inventorydepthdomainqueue POOL IS GC Now !!!!
2017-08-24 15:57:01	The financecronjob POOL IS GC Now !!!!
2017-08-24 15:57:02	The bgqueue POOL IS GC Now !!!!
2017-08-24 15:57:02	The inventorydepth POOL IS GC Now !!!!
2017-08-24 15:57:03	The misctask POOL IS GC Now !!!!
2017-08-24 15:59:12	The financecronjobdomainqueue POOL IS GC Now !!!!
2017-08-24 16:17:50	The autochk POOL IS GC Now !!!!
2017-08-24 16:18:11	The autodly POOL IS GC Now !!!!
2017-08-24 16:47:30	The createfile POOL IS GC Now !!!!
2017-08-24 16:47:46	The dataquerybyquicksheet POOL IS GC Now !!!!
2017-08-24 16:47:50	The autochk POOL IS GC Now !!!!
2017-08-24 16:47:52	The dataquerybysheet POOL IS GC Now !!!!
2017-08-24 16:48:08	The exportsplit POOL IS GC Now !!!!
2017-08-24 16:48:11	The autodly POOL IS GC Now !!!!
2017-08-24 16:48:30	The bgqueuedomainqueue POOL IS GC Now !!!!
2017-08-24 16:48:35	The misctaskdomainqueue POOL IS GC Now !!!!
2017-08-24 16:54:47	The inventorydepthdomainqueue POOL IS GC Now !!!!
2017-08-24 16:57:01	The financecronjob POOL IS GC Now !!!!
2017-08-24 16:57:02	The inventorydepth POOL IS GC Now !!!!
2017-08-24 16:57:02	The bgqueue POOL IS GC Now !!!!
2017-08-24 16:57:03	The misctask POOL IS GC Now !!!!
2017-08-24 16:59:12	The financecronjobdomainqueue POOL IS GC Now !!!!
2017-08-24 17:17:50	The autochk POOL IS GC Now !!!!
2017-08-24 17:18:11	The autodly POOL IS GC Now !!!!
2017-08-24 17:46:32	The dataquerybywhole POOL IS GC Now !!!!
2017-08-24 17:47:30	The createfile POOL IS GC Now !!!!
2017-08-24 17:47:46	The dataquerybyquicksheet POOL IS GC Now !!!!
2017-08-24 17:47:50	The autochk POOL IS GC Now !!!!
2017-08-24 17:47:52	The dataquerybysheet POOL IS GC Now !!!!
2017-08-24 17:48:08	The exportsplit POOL IS GC Now !!!!
2017-08-24 17:48:11	The autodly POOL IS GC Now !!!!
2017-08-24 17:48:30	The bgqueuedomainqueue POOL IS GC Now !!!!
2017-08-24 17:48:35	The misctaskdomainqueue POOL IS GC Now !!!!
2017-08-24 17:54:47	The inventorydepthdomainqueue POOL IS GC Now !!!!
2017-08-24 17:57:01	The financecronjob POOL IS GC Now !!!!
2017-08-24 17:57:02	The inventorydepth POOL IS GC Now !!!!
2017-08-24 17:57:02	The bgqueue POOL IS GC Now !!!!
2017-08-24 17:57:03	The misctask POOL IS GC Now !!!!
2017-08-24 17:59:12	The financecronjobdomainqueue POOL IS GC Now !!!!
2017-08-24 18:17:50	The autochk POOL IS GC Now !!!!
2017-08-24 18:18:11	The autodly POOL IS GC Now !!!!
2017-08-24 18:47:30	The createfile POOL IS GC Now !!!!
2017-08-24 18:47:46	The dataquerybyquicksheet POOL IS GC Now !!!!
2017-08-24 18:47:50	The autochk POOL IS GC Now !!!!
2017-08-24 18:47:52	The dataquerybysheet POOL IS GC Now !!!!
2017-08-24 18:48:08	The exportsplit POOL IS GC Now !!!!
2017-08-24 18:48:11	The autodly POOL IS GC Now !!!!
2017-08-24 18:48:30	The bgqueuedomainqueue POOL IS GC Now !!!!
2017-08-24 18:48:35	The misctaskdomainqueue POOL IS GC Now !!!!
2017-08-24 18:54:47	The inventorydepthdomainqueue POOL IS GC Now !!!!
2017-08-24 18:57:01	The financecronjob POOL IS GC Now !!!!
2017-08-24 18:57:02	The inventorydepth POOL IS GC Now !!!!
2017-08-24 18:57:02	The bgqueue POOL IS GC Now !!!!
2017-08-24 18:57:03	The misctask POOL IS GC Now !!!!
2017-08-24 18:59:12	The financecronjobdomainqueue POOL IS GC Now !!!!
2017-08-24 19:17:50	The autochk POOL IS GC Now !!!!
2017-08-24 19:18:11	The autodly POOL IS GC Now !!!!
2017-08-24 19:46:32	The dataquerybywhole POOL IS GC Now !!!!
2017-08-24 19:47:30	The createfile POOL IS GC Now !!!!
2017-08-24 19:47:46	The dataquerybyquicksheet POOL IS GC Now !!!!
2017-08-24 19:47:50	The autochk POOL IS GC Now !!!!
2017-08-24 19:47:52	The dataquerybysheet POOL IS GC Now !!!!
2017-08-24 19:48:08	The exportsplit POOL IS GC Now !!!!
2017-08-24 19:48:11	The autodly POOL IS GC Now !!!!
2017-08-24 19:48:30	The bgqueuedomainqueue POOL IS GC Now !!!!
2017-08-24 19:48:35	The misctaskdomainqueue POOL IS GC Now !!!!
2017-08-24 19:54:47	The inventorydepthdomainqueue POOL IS GC Now !!!!
2017-08-24 19:57:01	The financecronjob POOL IS GC Now !!!!
2017-08-24 19:57:02	The bgqueue POOL IS GC Now !!!!
2017-08-24 19:57:02	The inventorydepth POOL IS GC Now !!!!
2017-08-24 19:57:03	The misctask POOL IS GC Now !!!!
2017-08-24 19:59:12	The financecronjobdomainqueue POOL IS GC Now !!!!
2017-08-24 20:17:50	The autochk POOL IS GC Now !!!!
2017-08-24 20:18:11	The autodly POOL IS GC Now !!!!
2017-08-24 20:47:30	The createfile POOL IS GC Now !!!!
2017-08-24 20:47:47	The dataquerybyquicksheet POOL IS GC Now !!!!
2017-08-24 20:47:50	The autochk POOL IS GC Now !!!!
2017-08-24 20:47:52	The dataquerybysheet POOL IS GC Now !!!!
2017-08-24 20:48:09	The exportsplit POOL IS GC Now !!!!
2017-08-24 20:48:11	The autodly POOL IS GC Now !!!!
2017-08-24 20:48:30	The bgqueuedomainqueue POOL IS GC Now !!!!
2017-08-24 20:48:35	The misctaskdomainqueue POOL IS GC Now !!!!
2017-08-24 20:54:47	The inventorydepthdomainqueue POOL IS GC Now !!!!
2017-08-24 20:57:01	The financecronjob POOL IS GC Now !!!!
2017-08-24 20:57:02	The inventorydepth POOL IS GC Now !!!!
2017-08-24 20:57:02	The bgqueue POOL IS GC Now !!!!
2017-08-24 20:57:03	The misctask POOL IS GC Now !!!!
2017-08-24 20:59:12	The financecronjobdomainqueue POOL IS GC Now !!!!
2017-08-24 21:17:50	The autochk POOL IS GC Now !!!!
2017-08-24 21:18:11	The autodly POOL IS GC Now !!!!
2017-08-24 21:46:32	The dataquerybywhole POOL IS GC Now !!!!
2017-08-24 21:47:30	The createfile POOL IS GC Now !!!!
2017-08-24 21:47:47	The dataquerybyquicksheet POOL IS GC Now !!!!
2017-08-24 21:47:50	The autochk POOL IS GC Now !!!!
2017-08-24 21:47:52	The dataquerybysheet POOL IS GC Now !!!!
2017-08-24 21:48:09	The exportsplit POOL IS GC Now !!!!
2017-08-24 21:48:11	The autodly POOL IS GC Now !!!!
2017-08-24 21:48:30	The bgqueuedomainqueue POOL IS GC Now !!!!
2017-08-24 21:48:35	The misctaskdomainqueue POOL IS GC Now !!!!
2017-08-24 21:54:47	The inventorydepthdomainqueue POOL IS GC Now !!!!
2017-08-24 21:57:01	The financecronjob POOL IS GC Now !!!!
2017-08-24 21:57:02	The bgqueue POOL IS GC Now !!!!
2017-08-24 21:57:02	The inventorydepth POOL IS GC Now !!!!
2017-08-24 21:57:03	The misctask POOL IS GC Now !!!!
2017-08-24 21:59:12	The financecronjobdomainqueue POOL IS GC Now !!!!
2017-08-24 22:17:50	The autochk POOL IS GC Now !!!!
2017-08-24 22:18:11	The autodly POOL IS GC Now !!!!
2017-08-24 22:47:30	The createfile POOL IS GC Now !!!!
2017-08-24 22:47:47	The dataquerybyquicksheet POOL IS GC Now !!!!
2017-08-24 22:47:50	The autochk POOL IS GC Now !!!!
2017-08-24 22:47:52	The dataquerybysheet POOL IS GC Now !!!!
2017-08-24 22:48:09	The exportsplit POOL IS GC Now !!!!
2017-08-24 22:48:11	The autodly POOL IS GC Now !!!!
2017-08-24 22:48:30	The bgqueuedomainqueue POOL IS GC Now !!!!
2017-08-24 22:48:35	The misctaskdomainqueue POOL IS GC Now !!!!
2017-08-24 22:54:47	The inventorydepthdomainqueue POOL IS GC Now !!!!
2017-08-24 22:57:01	The financecronjob POOL IS GC Now !!!!
2017-08-24 22:57:02	The inventorydepth POOL IS GC Now !!!!
2017-08-24 22:57:02	The bgqueue POOL IS GC Now !!!!
2017-08-24 22:57:03	The misctask POOL IS GC Now !!!!
2017-08-24 22:59:12	The financecronjobdomainqueue POOL IS GC Now !!!!
2017-08-24 23:17:50	The autochk POOL IS GC Now !!!!
2017-08-24 23:18:11	The autodly POOL IS GC Now !!!!
2017-08-24 23:46:32	The dataquerybywhole POOL IS GC Now !!!!
2017-08-24 23:47:30	The createfile POOL IS GC Now !!!!
2017-08-24 23:47:47	The dataquerybyquicksheet POOL IS GC Now !!!!
2017-08-24 23:47:50	The autochk POOL IS GC Now !!!!
2017-08-24 23:47:52	The dataquerybysheet POOL IS GC Now !!!!
2017-08-24 23:48:09	The exportsplit POOL IS GC Now !!!!
2017-08-24 23:48:11	The autodly POOL IS GC Now !!!!
2017-08-24 23:48:30	The bgqueuedomainqueue POOL IS GC Now !!!!
2017-08-24 23:48:35	The misctaskdomainqueue POOL IS GC Now !!!!
2017-08-24 23:54:47	The inventorydepthdomainqueue POOL IS GC Now !!!!
2017-08-24 23:57:01	The financecronjob POOL IS GC Now !!!!
2017-08-24 23:57:02	The inventorydepth POOL IS GC Now !!!!
2017-08-24 23:57:02	The bgqueue POOL IS GC Now !!!!
2017-08-24 23:57:03	The misctask POOL IS GC Now !!!!
2017-08-24 23:59:12	The financecronjobdomainqueue POOL IS GC Now !!!!
