2017-08-27 00:17:52	The autochk POOL IS GC Now !!!!
2017-08-27 00:18:13	The autodly POOL IS GC Now !!!!
2017-08-27 00:47:32	The createfile POOL IS GC Now !!!!
2017-08-27 00:47:50	The dataquerybyquicksheet POOL IS GC Now !!!!
2017-08-27 00:47:52	The autochk POOL IS GC Now !!!!
2017-08-27 00:47:54	The dataquerybysheet POOL IS GC Now !!!!
2017-08-27 00:48:13	The autodly POOL IS GC Now !!!!
2017-08-27 00:48:13	The exportsplit POOL IS GC Now !!!!
2017-08-27 00:48:31	The bgqueuedomainqueue POOL IS GC Now !!!!
2017-08-27 00:48:35	The misctaskdomainqueue POOL IS GC Now !!!!
2017-08-27 00:54:47	The inventorydepthdomainqueue POOL IS GC Now !!!!
2017-08-27 00:57:01	The financecronjob POOL IS GC Now !!!!
2017-08-27 00:57:02	The bgqueue POOL IS GC Now !!!!
2017-08-27 00:57:02	The inventorydepth POOL IS GC Now !!!!
2017-08-27 00:57:03	The misctask POOL IS GC Now !!!!
2017-08-27 00:59:12	The financecronjobdomainqueue POOL IS GC Now !!!!
2017-08-27 01:17:52	The autochk POOL IS GC Now !!!!
2017-08-27 01:18:13	The autodly POOL IS GC Now !!!!
2017-08-27 01:46:32	The dataquerybywhole POOL IS GC Now !!!!
2017-08-27 01:47:32	The createfile POOL IS GC Now !!!!
2017-08-27 01:47:50	The dataquerybyquicksheet POOL IS GC Now !!!!
2017-08-27 01:47:52	The autochk POOL IS GC Now !!!!
2017-08-27 01:47:54	The dataquerybysheet POOL IS GC Now !!!!
2017-08-27 01:48:13	The autodly POOL IS GC Now !!!!
2017-08-27 01:48:13	The exportsplit POOL IS GC Now !!!!
2017-08-27 01:48:31	The bgqueuedomainqueue POOL IS GC Now !!!!
2017-08-27 01:48:35	The misctaskdomainqueue POOL IS GC Now !!!!
2017-08-27 01:54:47	The inventorydepthdomainqueue POOL IS GC Now !!!!
2017-08-27 01:57:01	The financecronjob POOL IS GC Now !!!!
2017-08-27 01:57:02	The bgqueue POOL IS GC Now !!!!
2017-08-27 01:57:02	The inventorydepth POOL IS GC Now !!!!
2017-08-27 01:57:03	The misctask POOL IS GC Now !!!!
2017-08-27 01:59:12	The financecronjobdomainqueue POOL IS GC Now !!!!
2017-08-27 02:17:52	The autochk POOL IS GC Now !!!!
2017-08-27 02:18:13	The autodly POOL IS GC Now !!!!
2017-08-27 02:47:32	The createfile POOL IS GC Now !!!!
2017-08-27 02:47:50	The dataquerybyquicksheet POOL IS GC Now !!!!
2017-08-27 02:47:52	The autochk POOL IS GC Now !!!!
2017-08-27 02:47:54	The dataquerybysheet POOL IS GC Now !!!!
2017-08-27 02:48:13	The autodly POOL IS GC Now !!!!
2017-08-27 02:48:13	The exportsplit POOL IS GC Now !!!!
2017-08-27 02:48:31	The bgqueuedomainqueue POOL IS GC Now !!!!
2017-08-27 02:48:35	The misctaskdomainqueue POOL IS GC Now !!!!
2017-08-27 02:54:47	The inventorydepthdomainqueue POOL IS GC Now !!!!
2017-08-27 02:57:01	The financecronjob POOL IS GC Now !!!!
2017-08-27 02:57:02	The inventorydepth POOL IS GC Now !!!!
2017-08-27 02:57:02	The bgqueue POOL IS GC Now !!!!
2017-08-27 02:57:03	The misctask POOL IS GC Now !!!!
2017-08-27 02:59:12	The financecronjobdomainqueue POOL IS GC Now !!!!
2017-08-27 03:17:52	The autochk POOL IS GC Now !!!!
2017-08-27 03:18:13	The autodly POOL IS GC Now !!!!
2017-08-27 03:46:32	The dataquerybywhole POOL IS GC Now !!!!
2017-08-27 03:47:32	The createfile POOL IS GC Now !!!!
2017-08-27 03:47:50	The dataquerybyquicksheet POOL IS GC Now !!!!
2017-08-27 03:47:52	The autochk POOL IS GC Now !!!!
2017-08-27 03:47:54	The dataquerybysheet POOL IS GC Now !!!!
2017-08-27 03:48:13	The autodly POOL IS GC Now !!!!
2017-08-27 03:48:13	The exportsplit POOL IS GC Now !!!!
2017-08-27 03:48:31	The bgqueuedomainqueue POOL IS GC Now !!!!
2017-08-27 03:48:35	The misctaskdomainqueue POOL IS GC Now !!!!
2017-08-27 03:54:47	The inventorydepthdomainqueue POOL IS GC Now !!!!
2017-08-27 03:57:01	The financecronjob POOL IS GC Now !!!!
2017-08-27 03:57:02	The bgqueue POOL IS GC Now !!!!
2017-08-27 03:57:02	The inventorydepth POOL IS GC Now !!!!
2017-08-27 03:57:03	The misctask POOL IS GC Now !!!!
2017-08-27 03:59:12	The financecronjobdomainqueue POOL IS GC Now !!!!
2017-08-27 04:17:52	The autochk POOL IS GC Now !!!!
2017-08-27 04:18:13	The autodly POOL IS GC Now !!!!
2017-08-27 04:47:32	The createfile POOL IS GC Now !!!!
2017-08-27 04:47:50	The dataquerybyquicksheet POOL IS GC Now !!!!
2017-08-27 04:47:52	The autochk POOL IS GC Now !!!!
2017-08-27 04:47:54	The dataquerybysheet POOL IS GC Now !!!!
2017-08-27 04:48:13	The autodly POOL IS GC Now !!!!
2017-08-27 04:48:13	The exportsplit POOL IS GC Now !!!!
2017-08-27 04:48:31	The bgqueuedomainqueue POOL IS GC Now !!!!
2017-08-27 04:48:35	The misctaskdomainqueue POOL IS GC Now !!!!
2017-08-27 04:54:47	The inventorydepthdomainqueue POOL IS GC Now !!!!
2017-08-27 04:57:01	The financecronjob POOL IS GC Now !!!!
2017-08-27 04:57:02	The inventorydepth POOL IS GC Now !!!!
2017-08-27 04:57:02	The bgqueue POOL IS GC Now !!!!
2017-08-27 04:57:03	The misctask POOL IS GC Now !!!!
2017-08-27 04:59:12	The financecronjobdomainqueue POOL IS GC Now !!!!
2017-08-27 05:17:52	The autochk POOL IS GC Now !!!!
2017-08-27 05:18:13	The autodly POOL IS GC Now !!!!
2017-08-27 05:46:32	The dataquerybywhole POOL IS GC Now !!!!
2017-08-27 05:47:32	The createfile POOL IS GC Now !!!!
2017-08-27 05:47:50	The dataquerybyquicksheet POOL IS GC Now !!!!
2017-08-27 05:47:52	The autochk POOL IS GC Now !!!!
2017-08-27 05:47:54	The dataquerybysheet POOL IS GC Now !!!!
2017-08-27 05:48:13	The autodly POOL IS GC Now !!!!
2017-08-27 05:48:13	The exportsplit POOL IS GC Now !!!!
2017-08-27 05:48:31	The bgqueuedomainqueue POOL IS GC Now !!!!
2017-08-27 05:48:35	The misctaskdomainqueue POOL IS GC Now !!!!
2017-08-27 05:54:47	The inventorydepthdomainqueue POOL IS GC Now !!!!
2017-08-27 05:57:01	The financecronjob POOL IS GC Now !!!!
2017-08-27 05:57:02	The inventorydepth POOL IS GC Now !!!!
2017-08-27 05:57:02	The bgqueue POOL IS GC Now !!!!
2017-08-27 05:57:03	The misctask POOL IS GC Now !!!!
2017-08-27 05:59:12	The financecronjobdomainqueue POOL IS GC Now !!!!
2017-08-27 06:17:52	The autochk POOL IS GC Now !!!!
2017-08-27 06:18:13	The autodly POOL IS GC Now !!!!
2017-08-27 06:47:32	The createfile POOL IS GC Now !!!!
2017-08-27 06:47:50	The dataquerybyquicksheet POOL IS GC Now !!!!
2017-08-27 06:47:52	The autochk POOL IS GC Now !!!!
2017-08-27 06:47:54	The dataquerybysheet POOL IS GC Now !!!!
2017-08-27 06:48:13	The exportsplit POOL IS GC Now !!!!
2017-08-27 06:48:13	The autodly POOL IS GC Now !!!!
2017-08-27 06:48:31	The bgqueuedomainqueue POOL IS GC Now !!!!
2017-08-27 06:48:35	The misctaskdomainqueue POOL IS GC Now !!!!
2017-08-27 06:54:47	The inventorydepthdomainqueue POOL IS GC Now !!!!
2017-08-27 06:57:01	The financecronjob POOL IS GC Now !!!!
2017-08-27 06:57:02	The bgqueue POOL IS GC Now !!!!
2017-08-27 06:57:02	The inventorydepth POOL IS GC Now !!!!
2017-08-27 06:57:03	The misctask POOL IS GC Now !!!!
2017-08-27 06:59:12	The financecronjobdomainqueue POOL IS GC Now !!!!
2017-08-27 07:17:52	The autochk POOL IS GC Now !!!!
2017-08-27 07:18:13	The autodly POOL IS GC Now !!!!
2017-08-27 07:46:32	The dataquerybywhole POOL IS GC Now !!!!
2017-08-27 07:47:32	The createfile POOL IS GC Now !!!!
2017-08-27 07:47:50	The dataquerybyquicksheet POOL IS GC Now !!!!
2017-08-27 07:47:52	The autochk POOL IS GC Now !!!!
2017-08-27 07:47:54	The dataquerybysheet POOL IS GC Now !!!!
2017-08-27 07:48:13	The autodly POOL IS GC Now !!!!
2017-08-27 07:48:13	The exportsplit POOL IS GC Now !!!!
2017-08-27 07:48:31	The bgqueuedomainqueue POOL IS GC Now !!!!
2017-08-27 07:48:37	The misctaskdomainqueue POOL IS GC Now !!!!
2017-08-27 07:54:47	The inventorydepthdomainqueue POOL IS GC Now !!!!
2017-08-27 07:57:01	The financecronjob POOL IS GC Now !!!!
2017-08-27 07:57:02	The inventorydepth POOL IS GC Now !!!!
2017-08-27 07:57:02	The bgqueue POOL IS GC Now !!!!
2017-08-27 07:57:03	The misctask POOL IS GC Now !!!!
2017-08-27 07:59:12	The financecronjobdomainqueue POOL IS GC Now !!!!
2017-08-27 08:17:52	The autochk POOL IS GC Now !!!!
2017-08-27 08:18:13	The autodly POOL IS GC Now !!!!
2017-08-27 08:47:32	The createfile POOL IS GC Now !!!!
2017-08-27 08:47:50	The dataquerybyquicksheet POOL IS GC Now !!!!
2017-08-27 08:47:52	The autochk POOL IS GC Now !!!!
2017-08-27 08:47:54	The dataquerybysheet POOL IS GC Now !!!!
2017-08-27 08:48:13	The exportsplit POOL IS GC Now !!!!
2017-08-27 08:48:13	The autodly POOL IS GC Now !!!!
2017-08-27 08:48:31	The bgqueuedomainqueue POOL IS GC Now !!!!
2017-08-27 08:48:37	The misctaskdomainqueue POOL IS GC Now !!!!
2017-08-27 08:54:47	The inventorydepthdomainqueue POOL IS GC Now !!!!
2017-08-27 08:57:01	The financecronjob POOL IS GC Now !!!!
2017-08-27 08:57:02	The bgqueue POOL IS GC Now !!!!
2017-08-27 08:57:02	The inventorydepth POOL IS GC Now !!!!
2017-08-27 08:57:03	The misctask POOL IS GC Now !!!!
2017-08-27 08:59:12	The financecronjobdomainqueue POOL IS GC Now !!!!
2017-08-27 09:17:52	The autochk POOL IS GC Now !!!!
2017-08-27 09:18:13	The autodly POOL IS GC Now !!!!
2017-08-27 09:46:32	The dataquerybywhole POOL IS GC Now !!!!
2017-08-27 09:47:32	The createfile POOL IS GC Now !!!!
2017-08-27 09:47:50	The dataquerybyquicksheet POOL IS GC Now !!!!
2017-08-27 09:47:52	The autochk POOL IS GC Now !!!!
2017-08-27 09:47:54	The dataquerybysheet POOL IS GC Now !!!!
2017-08-27 09:48:13	The autodly POOL IS GC Now !!!!
2017-08-27 09:48:13	The exportsplit POOL IS GC Now !!!!
2017-08-27 09:48:31	The bgqueuedomainqueue POOL IS GC Now !!!!
2017-08-27 09:48:37	The misctaskdomainqueue POOL IS GC Now !!!!
2017-08-27 09:54:47	The inventorydepthdomainqueue POOL IS GC Now !!!!
2017-08-27 09:57:01	The financecronjob POOL IS GC Now !!!!
2017-08-27 09:57:02	The bgqueue POOL IS GC Now !!!!
2017-08-27 09:57:02	The inventorydepth POOL IS GC Now !!!!
2017-08-27 09:57:03	The misctask POOL IS GC Now !!!!
2017-08-27 09:59:12	The financecronjobdomainqueue POOL IS GC Now !!!!
2017-08-27 10:17:52	The autochk POOL IS GC Now !!!!
2017-08-27 10:18:13	The autodly POOL IS GC Now !!!!
2017-08-27 10:47:32	The createfile POOL IS GC Now !!!!
2017-08-27 10:47:50	The dataquerybyquicksheet POOL IS GC Now !!!!
2017-08-27 10:47:52	The autochk POOL IS GC Now !!!!
2017-08-27 10:47:54	The dataquerybysheet POOL IS GC Now !!!!
2017-08-27 10:48:13	The autodly POOL IS GC Now !!!!
2017-08-27 10:48:13	The exportsplit POOL IS GC Now !!!!
2017-08-27 10:48:31	The bgqueuedomainqueue POOL IS GC Now !!!!
2017-08-27 10:48:37	The misctaskdomainqueue POOL IS GC Now !!!!
2017-08-27 10:54:47	The inventorydepthdomainqueue POOL IS GC Now !!!!
2017-08-27 10:57:01	The financecronjob POOL IS GC Now !!!!
2017-08-27 10:57:02	The bgqueue POOL IS GC Now !!!!
2017-08-27 10:57:02	The inventorydepth POOL IS GC Now !!!!
2017-08-27 10:57:03	The misctask POOL IS GC Now !!!!
2017-08-27 10:59:12	The financecronjobdomainqueue POOL IS GC Now !!!!
2017-08-27 11:17:52	The autochk POOL IS GC Now !!!!
2017-08-27 11:18:13	The autodly POOL IS GC Now !!!!
2017-08-27 11:46:32	The dataquerybywhole POOL IS GC Now !!!!
2017-08-27 11:47:32	The createfile POOL IS GC Now !!!!
2017-08-27 11:47:50	The dataquerybyquicksheet POOL IS GC Now !!!!
2017-08-27 11:47:52	The autochk POOL IS GC Now !!!!
2017-08-27 11:47:54	The dataquerybysheet POOL IS GC Now !!!!
2017-08-27 11:48:13	The exportsplit POOL IS GC Now !!!!
2017-08-27 11:48:13	The autodly POOL IS GC Now !!!!
2017-08-27 11:48:31	The bgqueuedomainqueue POOL IS GC Now !!!!
2017-08-27 11:48:37	The misctaskdomainqueue POOL IS GC Now !!!!
2017-08-27 11:54:47	The inventorydepthdomainqueue POOL IS GC Now !!!!
2017-08-27 11:57:01	The financecronjob POOL IS GC Now !!!!
2017-08-27 11:57:02	The inventorydepth POOL IS GC Now !!!!
2017-08-27 11:57:02	The bgqueue POOL IS GC Now !!!!
2017-08-27 11:57:03	The misctask POOL IS GC Now !!!!
2017-08-27 11:59:12	The financecronjobdomainqueue POOL IS GC Now !!!!
2017-08-27 12:17:52	The autochk POOL IS GC Now !!!!
2017-08-27 12:18:13	The autodly POOL IS GC Now !!!!
2017-08-27 12:47:32	The createfile POOL IS GC Now !!!!
2017-08-27 12:47:50	The dataquerybyquicksheet POOL IS GC Now !!!!
2017-08-27 12:47:52	The autochk POOL IS GC Now !!!!
2017-08-27 12:47:54	The dataquerybysheet POOL IS GC Now !!!!
2017-08-27 12:48:13	The autodly POOL IS GC Now !!!!
2017-08-27 12:48:13	The exportsplit POOL IS GC Now !!!!
2017-08-27 12:48:31	The bgqueuedomainqueue POOL IS GC Now !!!!
2017-08-27 12:48:37	The misctaskdomainqueue POOL IS GC Now !!!!
2017-08-27 12:54:47	The inventorydepthdomainqueue POOL IS GC Now !!!!
2017-08-27 12:57:01	The financecronjob POOL IS GC Now !!!!
2017-08-27 12:57:02	The inventorydepth POOL IS GC Now !!!!
2017-08-27 12:57:02	The bgqueue POOL IS GC Now !!!!
2017-08-27 12:57:03	The misctask POOL IS GC Now !!!!
2017-08-27 12:59:12	The financecronjobdomainqueue POOL IS GC Now !!!!
2017-08-27 13:17:52	The autochk POOL IS GC Now !!!!
2017-08-27 13:18:13	The autodly POOL IS GC Now !!!!
2017-08-27 13:46:32	The dataquerybywhole POOL IS GC Now !!!!
2017-08-27 13:47:32	The createfile POOL IS GC Now !!!!
2017-08-27 13:47:50	The dataquerybyquicksheet POOL IS GC Now !!!!
2017-08-27 13:47:52	The autochk POOL IS GC Now !!!!
2017-08-27 13:47:54	The dataquerybysheet POOL IS GC Now !!!!
2017-08-27 13:48:13	The autodly POOL IS GC Now !!!!
2017-08-27 13:48:13	The exportsplit POOL IS GC Now !!!!
2017-08-27 13:48:31	The bgqueuedomainqueue POOL IS GC Now !!!!
2017-08-27 13:48:37	The misctaskdomainqueue POOL IS GC Now !!!!
2017-08-27 13:54:47	The inventorydepthdomainqueue POOL IS GC Now !!!!
2017-08-27 13:57:01	The financecronjob POOL IS GC Now !!!!
2017-08-27 13:57:02	The inventorydepth POOL IS GC Now !!!!
2017-08-27 13:57:02	The bgqueue POOL IS GC Now !!!!
2017-08-27 13:57:03	The misctask POOL IS GC Now !!!!
2017-08-27 13:59:12	The financecronjobdomainqueue POOL IS GC Now !!!!
2017-08-27 14:17:52	The autochk POOL IS GC Now !!!!
2017-08-27 14:18:13	The autodly POOL IS GC Now !!!!
2017-08-27 14:47:32	The createfile POOL IS GC Now !!!!
2017-08-27 14:47:50	The dataquerybyquicksheet POOL IS GC Now !!!!
2017-08-27 14:47:52	The autochk POOL IS GC Now !!!!
2017-08-27 14:47:54	The dataquerybysheet POOL IS GC Now !!!!
2017-08-27 14:48:13	The autodly POOL IS GC Now !!!!
2017-08-27 14:48:13	The exportsplit POOL IS GC Now !!!!
2017-08-27 14:48:31	The bgqueuedomainqueue POOL IS GC Now !!!!
2017-08-27 14:48:37	The misctaskdomainqueue POOL IS GC Now !!!!
2017-08-27 14:54:47	The inventorydepthdomainqueue POOL IS GC Now !!!!
2017-08-27 14:57:01	The financecronjob POOL IS GC Now !!!!
2017-08-27 14:57:02	The bgqueue POOL IS GC Now !!!!
2017-08-27 14:57:02	The inventorydepth POOL IS GC Now !!!!
2017-08-27 14:57:03	The misctask POOL IS GC Now !!!!
2017-08-27 14:59:12	The financecronjobdomainqueue POOL IS GC Now !!!!
2017-08-27 15:17:52	The autochk POOL IS GC Now !!!!
2017-08-27 15:18:13	The autodly POOL IS GC Now !!!!
2017-08-27 15:46:32	The dataquerybywhole POOL IS GC Now !!!!
2017-08-27 15:47:32	The createfile POOL IS GC Now !!!!
2017-08-27 15:47:50	The dataquerybyquicksheet POOL IS GC Now !!!!
2017-08-27 15:47:52	The autochk POOL IS GC Now !!!!
2017-08-27 15:47:54	The dataquerybysheet POOL IS GC Now !!!!
2017-08-27 15:48:13	The exportsplit POOL IS GC Now !!!!
2017-08-27 15:48:13	The autodly POOL IS GC Now !!!!
2017-08-27 15:48:31	The bgqueuedomainqueue POOL IS GC Now !!!!
2017-08-27 15:48:37	The misctaskdomainqueue POOL IS GC Now !!!!
2017-08-27 15:54:47	The inventorydepthdomainqueue POOL IS GC Now !!!!
2017-08-27 15:57:01	The financecronjob POOL IS GC Now !!!!
2017-08-27 15:57:02	The inventorydepth POOL IS GC Now !!!!
2017-08-27 15:57:02	The bgqueue POOL IS GC Now !!!!
2017-08-27 15:57:03	The misctask POOL IS GC Now !!!!
2017-08-27 15:59:12	The financecronjobdomainqueue POOL IS GC Now !!!!
2017-08-27 16:17:52	The autochk POOL IS GC Now !!!!
2017-08-27 16:18:13	The autodly POOL IS GC Now !!!!
2017-08-27 16:47:32	The createfile POOL IS GC Now !!!!
2017-08-27 16:47:50	The dataquerybyquicksheet POOL IS GC Now !!!!
2017-08-27 16:47:52	The autochk POOL IS GC Now !!!!
2017-08-27 16:47:54	The dataquerybysheet POOL IS GC Now !!!!
2017-08-27 16:48:13	The exportsplit POOL IS GC Now !!!!
2017-08-27 16:48:13	The autodly POOL IS GC Now !!!!
2017-08-27 16:48:31	The bgqueuedomainqueue POOL IS GC Now !!!!
2017-08-27 16:48:37	The misctaskdomainqueue POOL IS GC Now !!!!
2017-08-27 16:54:47	The inventorydepthdomainqueue POOL IS GC Now !!!!
2017-08-27 16:57:01	The financecronjob POOL IS GC Now !!!!
2017-08-27 16:57:02	The bgqueue POOL IS GC Now !!!!
2017-08-27 16:57:02	The inventorydepth POOL IS GC Now !!!!
2017-08-27 16:57:03	The misctask POOL IS GC Now !!!!
2017-08-27 16:59:12	The financecronjobdomainqueue POOL IS GC Now !!!!
2017-08-27 17:17:52	The autochk POOL IS GC Now !!!!
2017-08-27 17:18:13	The autodly POOL IS GC Now !!!!
2017-08-27 17:46:32	The dataquerybywhole POOL IS GC Now !!!!
2017-08-27 17:47:32	The createfile POOL IS GC Now !!!!
2017-08-27 17:47:50	The dataquerybyquicksheet POOL IS GC Now !!!!
2017-08-27 17:47:52	The autochk POOL IS GC Now !!!!
2017-08-27 17:47:54	The dataquerybysheet POOL IS GC Now !!!!
2017-08-27 17:48:13	The autodly POOL IS GC Now !!!!
2017-08-27 17:48:13	The exportsplit POOL IS GC Now !!!!
2017-08-27 17:48:31	The bgqueuedomainqueue POOL IS GC Now !!!!
2017-08-27 17:48:37	The misctaskdomainqueue POOL IS GC Now !!!!
2017-08-27 17:54:47	The inventorydepthdomainqueue POOL IS GC Now !!!!
2017-08-27 17:57:01	The financecronjob POOL IS GC Now !!!!
2017-08-27 17:57:02	The bgqueue POOL IS GC Now !!!!
2017-08-27 17:57:02	The inventorydepth POOL IS GC Now !!!!
2017-08-27 17:57:03	The misctask POOL IS GC Now !!!!
2017-08-27 17:59:12	The financecronjobdomainqueue POOL IS GC Now !!!!
2017-08-27 18:17:52	The autochk POOL IS GC Now !!!!
2017-08-27 18:18:13	The autodly POOL IS GC Now !!!!
2017-08-27 18:47:32	The createfile POOL IS GC Now !!!!
2017-08-27 18:47:50	The dataquerybyquicksheet POOL IS GC Now !!!!
2017-08-27 18:47:52	The autochk POOL IS GC Now !!!!
2017-08-27 18:47:54	The dataquerybysheet POOL IS GC Now !!!!
2017-08-27 18:48:13	The autodly POOL IS GC Now !!!!
2017-08-27 18:48:13	The exportsplit POOL IS GC Now !!!!
2017-08-27 18:48:31	The bgqueuedomainqueue POOL IS GC Now !!!!
2017-08-27 18:48:37	The misctaskdomainqueue POOL IS GC Now !!!!
2017-08-27 18:54:47	The inventorydepthdomainqueue POOL IS GC Now !!!!
2017-08-27 18:57:01	The financecronjob POOL IS GC Now !!!!
2017-08-27 18:57:02	The bgqueue POOL IS GC Now !!!!
2017-08-27 18:57:02	The inventorydepth POOL IS GC Now !!!!
2017-08-27 18:57:03	The misctask POOL IS GC Now !!!!
2017-08-27 18:59:12	The financecronjobdomainqueue POOL IS GC Now !!!!
2017-08-27 19:17:52	The autochk POOL IS GC Now !!!!
2017-08-27 19:18:13	The autodly POOL IS GC Now !!!!
2017-08-27 19:46:32	The dataquerybywhole POOL IS GC Now !!!!
2017-08-27 19:47:32	The createfile POOL IS GC Now !!!!
2017-08-27 19:47:50	The dataquerybyquicksheet POOL IS GC Now !!!!
2017-08-27 19:47:52	The autochk POOL IS GC Now !!!!
2017-08-27 19:47:54	The dataquerybysheet POOL IS GC Now !!!!
2017-08-27 19:48:13	The autodly POOL IS GC Now !!!!
2017-08-27 19:48:13	The exportsplit POOL IS GC Now !!!!
2017-08-27 19:48:31	The bgqueuedomainqueue POOL IS GC Now !!!!
2017-08-27 19:48:37	The misctaskdomainqueue POOL IS GC Now !!!!
2017-08-27 19:54:47	The inventorydepthdomainqueue POOL IS GC Now !!!!
2017-08-27 19:57:01	The financecronjob POOL IS GC Now !!!!
2017-08-27 19:57:02	The inventorydepth POOL IS GC Now !!!!
2017-08-27 19:57:02	The bgqueue POOL IS GC Now !!!!
2017-08-27 19:57:03	The misctask POOL IS GC Now !!!!
2017-08-27 19:59:12	The financecronjobdomainqueue POOL IS GC Now !!!!
2017-08-27 20:17:52	The autochk POOL IS GC Now !!!!
2017-08-27 20:18:13	The autodly POOL IS GC Now !!!!
2017-08-27 20:47:32	The createfile POOL IS GC Now !!!!
2017-08-27 20:47:50	The dataquerybyquicksheet POOL IS GC Now !!!!
2017-08-27 20:47:52	The autochk POOL IS GC Now !!!!
2017-08-27 20:47:54	The dataquerybysheet POOL IS GC Now !!!!
2017-08-27 20:48:13	The autodly POOL IS GC Now !!!!
2017-08-27 20:48:13	The exportsplit POOL IS GC Now !!!!
2017-08-27 20:48:31	The bgqueuedomainqueue POOL IS GC Now !!!!
2017-08-27 20:48:37	The misctaskdomainqueue POOL IS GC Now !!!!
2017-08-27 20:54:47	The inventorydepthdomainqueue POOL IS GC Now !!!!
2017-08-27 20:57:01	The financecronjob POOL IS GC Now !!!!
2017-08-27 20:57:02	The inventorydepth POOL IS GC Now !!!!
2017-08-27 20:57:02	The bgqueue POOL IS GC Now !!!!
2017-08-27 20:57:03	The misctask POOL IS GC Now !!!!
2017-08-27 20:59:12	The financecronjobdomainqueue POOL IS GC Now !!!!
2017-08-27 21:17:52	The autochk POOL IS GC Now !!!!
2017-08-27 21:18:13	The autodly POOL IS GC Now !!!!
2017-08-27 21:46:32	The dataquerybywhole POOL IS GC Now !!!!
2017-08-27 21:47:32	The createfile POOL IS GC Now !!!!
2017-08-27 21:47:50	The dataquerybyquicksheet POOL IS GC Now !!!!
2017-08-27 21:47:52	The autochk POOL IS GC Now !!!!
2017-08-27 21:47:54	The dataquerybysheet POOL IS GC Now !!!!
2017-08-27 21:48:13	The autodly POOL IS GC Now !!!!
2017-08-27 21:48:13	The exportsplit POOL IS GC Now !!!!
2017-08-27 21:48:31	The bgqueuedomainqueue POOL IS GC Now !!!!
2017-08-27 21:48:38	The misctaskdomainqueue POOL IS GC Now !!!!
2017-08-27 21:54:47	The inventorydepthdomainqueue POOL IS GC Now !!!!
2017-08-27 21:57:01	The financecronjob POOL IS GC Now !!!!
2017-08-27 21:57:02	The bgqueue POOL IS GC Now !!!!
2017-08-27 21:57:02	The inventorydepth POOL IS GC Now !!!!
2017-08-27 21:57:03	The misctask POOL IS GC Now !!!!
2017-08-27 21:59:12	The financecronjobdomainqueue POOL IS GC Now !!!!
2017-08-27 22:17:52	The autochk POOL IS GC Now !!!!
2017-08-27 22:18:13	The autodly POOL IS GC Now !!!!
2017-08-27 22:47:32	The createfile POOL IS GC Now !!!!
2017-08-27 22:47:50	The dataquerybyquicksheet POOL IS GC Now !!!!
2017-08-27 22:47:52	The autochk POOL IS GC Now !!!!
2017-08-27 22:47:54	The dataquerybysheet POOL IS GC Now !!!!
2017-08-27 22:48:13	The autodly POOL IS GC Now !!!!
2017-08-27 22:48:13	The exportsplit POOL IS GC Now !!!!
2017-08-27 22:48:31	The bgqueuedomainqueue POOL IS GC Now !!!!
2017-08-27 22:48:38	The misctaskdomainqueue POOL IS GC Now !!!!
2017-08-27 22:54:47	The inventorydepthdomainqueue POOL IS GC Now !!!!
2017-08-27 22:57:01	The financecronjob POOL IS GC Now !!!!
2017-08-27 22:57:02	The inventorydepth POOL IS GC Now !!!!
2017-08-27 22:57:02	The bgqueue POOL IS GC Now !!!!
2017-08-27 22:57:03	The misctask POOL IS GC Now !!!!
2017-08-27 22:59:12	The financecronjobdomainqueue POOL IS GC Now !!!!
2017-08-27 23:17:52	The autochk POOL IS GC Now !!!!
2017-08-27 23:18:13	The autodly POOL IS GC Now !!!!
2017-08-27 23:46:32	The dataquerybywhole POOL IS GC Now !!!!
2017-08-27 23:47:32	The createfile POOL IS GC Now !!!!
2017-08-27 23:47:50	The dataquerybyquicksheet POOL IS GC Now !!!!
2017-08-27 23:47:52	The autochk POOL IS GC Now !!!!
2017-08-27 23:47:54	The dataquerybysheet POOL IS GC Now !!!!
2017-08-27 23:48:13	The exportsplit POOL IS GC Now !!!!
2017-08-27 23:48:14	The autodly POOL IS GC Now !!!!
2017-08-27 23:48:31	The bgqueuedomainqueue POOL IS GC Now !!!!
2017-08-27 23:48:38	The misctaskdomainqueue POOL IS GC Now !!!!
2017-08-27 23:54:47	The inventorydepthdomainqueue POOL IS GC Now !!!!
2017-08-27 23:57:01	The financecronjob POOL IS GC Now !!!!
2017-08-27 23:57:02	The inventorydepth POOL IS GC Now !!!!
2017-08-27 23:57:02	The bgqueue POOL IS GC Now !!!!
2017-08-27 23:57:03	The misctask POOL IS GC Now !!!!
2017-08-27 23:59:12	The financecronjobdomainqueue POOL IS GC Now !!!!
