2017-08-28 00:17:52	The autochk POOL IS GC Now !!!!
2017-08-28 00:18:14	The autodly POOL IS GC Now !!!!
2017-08-28 00:47:32	The createfile POOL IS GC Now !!!!
2017-08-28 00:47:50	The dataquerybyquicksheet POOL IS GC Now !!!!
2017-08-28 00:47:52	The autochk POOL IS GC Now !!!!
2017-08-28 00:47:54	The dataquerybysheet POOL IS GC Now !!!!
2017-08-28 00:48:13	The exportsplit POOL IS GC Now !!!!
2017-08-28 00:48:14	The autodly POOL IS GC Now !!!!
2017-08-28 00:48:31	The bgqueuedomainqueue POOL IS GC Now !!!!
2017-08-28 00:48:38	The misctaskdomainqueue POOL IS GC Now !!!!
2017-08-28 00:54:47	The inventorydepthdomainqueue POOL IS GC Now !!!!
2017-08-28 00:57:01	The financecronjob POOL IS GC Now !!!!
2017-08-28 00:57:02	The inventorydepth POOL IS GC Now !!!!
2017-08-28 00:57:02	The bgqueue POOL IS GC Now !!!!
2017-08-28 00:57:03	The misctask POOL IS GC Now !!!!
2017-08-28 00:59:12	The financecronjobdomainqueue POOL IS GC Now !!!!
2017-08-28 01:17:52	The autochk POOL IS GC Now !!!!
2017-08-28 01:18:14	The autodly POOL IS GC Now !!!!
2017-08-28 01:46:32	The dataquerybywhole POOL IS GC Now !!!!
2017-08-28 01:47:32	The createfile POOL IS GC Now !!!!
2017-08-28 01:47:50	The dataquerybyquicksheet POOL IS GC Now !!!!
2017-08-28 01:47:52	The autochk POOL IS GC Now !!!!
2017-08-28 01:47:54	The dataquerybysheet POOL IS GC Now !!!!
2017-08-28 01:48:13	The exportsplit POOL IS GC Now !!!!
2017-08-28 01:48:14	The autodly POOL IS GC Now !!!!
2017-08-28 01:48:31	The bgqueuedomainqueue POOL IS GC Now !!!!
2017-08-28 01:48:38	The misctaskdomainqueue POOL IS GC Now !!!!
2017-08-28 01:54:47	The inventorydepthdomainqueue POOL IS GC Now !!!!
2017-08-28 01:57:01	The financecronjob POOL IS GC Now !!!!
2017-08-28 01:57:02	The bgqueue POOL IS GC Now !!!!
2017-08-28 01:57:02	The inventorydepth POOL IS GC Now !!!!
2017-08-28 01:57:03	The misctask POOL IS GC Now !!!!
2017-08-28 01:59:12	The financecronjobdomainqueue POOL IS GC Now !!!!
2017-08-28 02:17:52	The autochk POOL IS GC Now !!!!
2017-08-28 02:18:14	The autodly POOL IS GC Now !!!!
2017-08-28 02:47:32	The createfile POOL IS GC Now !!!!
2017-08-28 02:47:50	The dataquerybyquicksheet POOL IS GC Now !!!!
2017-08-28 02:47:52	The autochk POOL IS GC Now !!!!
2017-08-28 02:47:54	The dataquerybysheet POOL IS GC Now !!!!
2017-08-28 02:48:13	The exportsplit POOL IS GC Now !!!!
2017-08-28 02:48:14	The autodly POOL IS GC Now !!!!
2017-08-28 02:48:31	The bgqueuedomainqueue POOL IS GC Now !!!!
2017-08-28 02:48:38	The misctaskdomainqueue POOL IS GC Now !!!!
2017-08-28 02:54:47	The inventorydepthdomainqueue POOL IS GC Now !!!!
2017-08-28 02:57:01	The financecronjob POOL IS GC Now !!!!
2017-08-28 02:57:02	The inventorydepth POOL IS GC Now !!!!
2017-08-28 02:57:02	The bgqueue POOL IS GC Now !!!!
2017-08-28 02:57:03	The misctask POOL IS GC Now !!!!
2017-08-28 02:59:12	The financecronjobdomainqueue POOL IS GC Now !!!!
2017-08-28 03:17:52	The autochk POOL IS GC Now !!!!
2017-08-28 03:18:14	The autodly POOL IS GC Now !!!!
2017-08-28 03:46:32	The dataquerybywhole POOL IS GC Now !!!!
2017-08-28 03:47:32	The createfile POOL IS GC Now !!!!
2017-08-28 03:47:50	The dataquerybyquicksheet POOL IS GC Now !!!!
2017-08-28 03:47:52	The autochk POOL IS GC Now !!!!
2017-08-28 03:47:54	The dataquerybysheet POOL IS GC Now !!!!
2017-08-28 03:48:13	The exportsplit POOL IS GC Now !!!!
2017-08-28 03:48:14	The autodly POOL IS GC Now !!!!
2017-08-28 03:48:31	The bgqueuedomainqueue POOL IS GC Now !!!!
2017-08-28 03:48:38	The misctaskdomainqueue POOL IS GC Now !!!!
2017-08-28 03:54:47	The inventorydepthdomainqueue POOL IS GC Now !!!!
2017-08-28 03:57:01	The financecronjob POOL IS GC Now !!!!
2017-08-28 03:57:02	The inventorydepth POOL IS GC Now !!!!
2017-08-28 03:57:02	The bgqueue POOL IS GC Now !!!!
2017-08-28 03:57:03	The misctask POOL IS GC Now !!!!
2017-08-28 03:59:12	The financecronjobdomainqueue POOL IS GC Now !!!!
2017-08-28 04:17:52	The autochk POOL IS GC Now !!!!
2017-08-28 04:18:14	The autodly POOL IS GC Now !!!!
2017-08-28 04:47:32	The createfile POOL IS GC Now !!!!
2017-08-28 04:47:50	The dataquerybyquicksheet POOL IS GC Now !!!!
2017-08-28 04:47:52	The autochk POOL IS GC Now !!!!
2017-08-28 04:47:54	The dataquerybysheet POOL IS GC Now !!!!
2017-08-28 04:48:13	The exportsplit POOL IS GC Now !!!!
2017-08-28 04:48:14	The autodly POOL IS GC Now !!!!
2017-08-28 04:48:31	The bgqueuedomainqueue POOL IS GC Now !!!!
2017-08-28 04:48:38	The misctaskdomainqueue POOL IS GC Now !!!!
2017-08-28 04:54:47	The inventorydepthdomainqueue POOL IS GC Now !!!!
2017-08-28 04:57:01	The financecronjob POOL IS GC Now !!!!
2017-08-28 04:57:02	The bgqueue POOL IS GC Now !!!!
2017-08-28 04:57:02	The inventorydepth POOL IS GC Now !!!!
2017-08-28 04:57:03	The misctask POOL IS GC Now !!!!
2017-08-28 04:59:12	The financecronjobdomainqueue POOL IS GC Now !!!!
2017-08-28 05:17:52	The autochk POOL IS GC Now !!!!
2017-08-28 05:18:14	The autodly POOL IS GC Now !!!!
2017-08-28 05:46:32	The dataquerybywhole POOL IS GC Now !!!!
2017-08-28 05:47:32	The createfile POOL IS GC Now !!!!
2017-08-28 05:47:50	The dataquerybyquicksheet POOL IS GC Now !!!!
2017-08-28 05:47:52	The autochk POOL IS GC Now !!!!
2017-08-28 05:47:54	The dataquerybysheet POOL IS GC Now !!!!
2017-08-28 05:48:13	The exportsplit POOL IS GC Now !!!!
2017-08-28 05:48:14	The autodly POOL IS GC Now !!!!
2017-08-28 05:48:31	The bgqueuedomainqueue POOL IS GC Now !!!!
2017-08-28 05:48:38	The misctaskdomainqueue POOL IS GC Now !!!!
2017-08-28 05:54:47	The inventorydepthdomainqueue POOL IS GC Now !!!!
2017-08-28 05:57:01	The financecronjob POOL IS GC Now !!!!
2017-08-28 05:57:02	The bgqueue POOL IS GC Now !!!!
2017-08-28 05:57:02	The inventorydepth POOL IS GC Now !!!!
2017-08-28 05:57:03	The misctask POOL IS GC Now !!!!
2017-08-28 05:59:12	The financecronjobdomainqueue POOL IS GC Now !!!!
2017-08-28 06:17:52	The autochk POOL IS GC Now !!!!
2017-08-28 06:18:14	The autodly POOL IS GC Now !!!!
2017-08-28 06:47:32	The createfile POOL IS GC Now !!!!
2017-08-28 06:47:50	The dataquerybyquicksheet POOL IS GC Now !!!!
2017-08-28 06:47:52	The autochk POOL IS GC Now !!!!
2017-08-28 06:47:54	The dataquerybysheet POOL IS GC Now !!!!
2017-08-28 06:48:13	The exportsplit POOL IS GC Now !!!!
2017-08-28 06:48:14	The autodly POOL IS GC Now !!!!
2017-08-28 06:48:31	The bgqueuedomainqueue POOL IS GC Now !!!!
2017-08-28 06:48:38	The misctaskdomainqueue POOL IS GC Now !!!!
2017-08-28 06:54:47	The inventorydepthdomainqueue POOL IS GC Now !!!!
2017-08-28 06:57:01	The financecronjob POOL IS GC Now !!!!
2017-08-28 06:57:02	The inventorydepth POOL IS GC Now !!!!
2017-08-28 06:57:02	The bgqueue POOL IS GC Now !!!!
2017-08-28 06:57:03	The misctask POOL IS GC Now !!!!
2017-08-28 06:59:12	The financecronjobdomainqueue POOL IS GC Now !!!!
2017-08-28 07:17:52	The autochk POOL IS GC Now !!!!
2017-08-28 07:18:14	The autodly POOL IS GC Now !!!!
2017-08-28 07:46:32	The dataquerybywhole POOL IS GC Now !!!!
2017-08-28 07:47:32	The createfile POOL IS GC Now !!!!
2017-08-28 07:47:50	The dataquerybyquicksheet POOL IS GC Now !!!!
2017-08-28 07:47:52	The autochk POOL IS GC Now !!!!
2017-08-28 07:47:54	The dataquerybysheet POOL IS GC Now !!!!
2017-08-28 07:48:13	The exportsplit POOL IS GC Now !!!!
2017-08-28 07:48:14	The autodly POOL IS GC Now !!!!
2017-08-28 07:48:31	The bgqueuedomainqueue POOL IS GC Now !!!!
2017-08-28 07:48:38	The misctaskdomainqueue POOL IS GC Now !!!!
2017-08-28 07:54:47	The inventorydepthdomainqueue POOL IS GC Now !!!!
2017-08-28 07:57:01	The financecronjob POOL IS GC Now !!!!
2017-08-28 07:57:02	The inventorydepth POOL IS GC Now !!!!
2017-08-28 07:57:02	The bgqueue POOL IS GC Now !!!!
2017-08-28 07:57:03	The misctask POOL IS GC Now !!!!
2017-08-28 07:59:12	The financecronjobdomainqueue POOL IS GC Now !!!!
2017-08-28 08:17:52	The autochk POOL IS GC Now !!!!
2017-08-28 08:18:14	The autodly POOL IS GC Now !!!!
2017-08-28 08:47:32	The createfile POOL IS GC Now !!!!
2017-08-28 08:47:50	The dataquerybyquicksheet POOL IS GC Now !!!!
2017-08-28 08:47:52	The autochk POOL IS GC Now !!!!
2017-08-28 08:47:54	The dataquerybysheet POOL IS GC Now !!!!
2017-08-28 08:48:13	The exportsplit POOL IS GC Now !!!!
2017-08-28 08:48:14	The autodly POOL IS GC Now !!!!
2017-08-28 08:48:31	The bgqueuedomainqueue POOL IS GC Now !!!!
2017-08-28 08:48:38	The misctaskdomainqueue POOL IS GC Now !!!!
2017-08-28 08:54:47	The inventorydepthdomainqueue POOL IS GC Now !!!!
2017-08-28 08:57:01	The financecronjob POOL IS GC Now !!!!
2017-08-28 08:57:02	The bgqueue POOL IS GC Now !!!!
2017-08-28 08:57:02	The inventorydepth POOL IS GC Now !!!!
2017-08-28 08:57:03	The misctask POOL IS GC Now !!!!
2017-08-28 08:59:12	The financecronjobdomainqueue POOL IS GC Now !!!!
2017-08-28 09:17:52	The autochk POOL IS GC Now !!!!
2017-08-28 09:18:14	The autodly POOL IS GC Now !!!!
2017-08-28 09:46:32	The dataquerybywhole POOL IS GC Now !!!!
2017-08-28 09:47:32	The createfile POOL IS GC Now !!!!
2017-08-28 09:47:50	The dataquerybyquicksheet POOL IS GC Now !!!!
2017-08-28 09:47:52	The autochk POOL IS GC Now !!!!
2017-08-28 09:47:54	The dataquerybysheet POOL IS GC Now !!!!
2017-08-28 09:48:13	The exportsplit POOL IS GC Now !!!!
2017-08-28 09:48:14	The autodly POOL IS GC Now !!!!
2017-08-28 09:48:31	The bgqueuedomainqueue POOL IS GC Now !!!!
2017-08-28 09:48:38	The misctaskdomainqueue POOL IS GC Now !!!!
2017-08-28 09:54:47	The inventorydepthdomainqueue POOL IS GC Now !!!!
2017-08-28 09:57:01	The financecronjob POOL IS GC Now !!!!
2017-08-28 09:57:02	The inventorydepth POOL IS GC Now !!!!
2017-08-28 09:57:02	The bgqueue POOL IS GC Now !!!!
2017-08-28 09:57:03	The misctask POOL IS GC Now !!!!
2017-08-28 09:59:12	The financecronjobdomainqueue POOL IS GC Now !!!!
2017-08-28 10:17:52	The autochk POOL IS GC Now !!!!
2017-08-28 10:18:14	The autodly POOL IS GC Now !!!!
2017-08-28 10:47:32	The createfile POOL IS GC Now !!!!
2017-08-28 10:47:50	The dataquerybyquicksheet POOL IS GC Now !!!!
2017-08-28 10:47:52	The autochk POOL IS GC Now !!!!
2017-08-28 10:47:54	The dataquerybysheet POOL IS GC Now !!!!
2017-08-28 10:48:13	The exportsplit POOL IS GC Now !!!!
2017-08-28 10:48:14	The autodly POOL IS GC Now !!!!
2017-08-28 10:48:31	The bgqueuedomainqueue POOL IS GC Now !!!!
2017-08-28 10:48:38	The misctaskdomainqueue POOL IS GC Now !!!!
2017-08-28 10:54:47	The inventorydepthdomainqueue POOL IS GC Now !!!!
2017-08-28 10:57:01	The financecronjob POOL IS GC Now !!!!
2017-08-28 10:57:02	The inventorydepth POOL IS GC Now !!!!
2017-08-28 10:57:02	The bgqueue POOL IS GC Now !!!!
2017-08-28 10:57:03	The misctask POOL IS GC Now !!!!
2017-08-28 10:59:12	The financecronjobdomainqueue POOL IS GC Now !!!!
2017-08-28 11:17:52	The autochk POOL IS GC Now !!!!
2017-08-28 11:18:14	The autodly POOL IS GC Now !!!!
2017-08-28 11:46:32	The dataquerybywhole POOL IS GC Now !!!!
2017-08-28 11:47:32	The createfile POOL IS GC Now !!!!
2017-08-28 11:47:50	The dataquerybyquicksheet POOL IS GC Now !!!!
2017-08-28 11:47:52	The autochk POOL IS GC Now !!!!
2017-08-28 11:47:54	The dataquerybysheet POOL IS GC Now !!!!
2017-08-28 11:48:13	The exportsplit POOL IS GC Now !!!!
2017-08-28 11:48:14	The autodly POOL IS GC Now !!!!
2017-08-28 11:48:31	The bgqueuedomainqueue POOL IS GC Now !!!!
2017-08-28 11:48:38	The misctaskdomainqueue POOL IS GC Now !!!!
2017-08-28 11:54:47	The inventorydepthdomainqueue POOL IS GC Now !!!!
2017-08-28 11:57:01	The financecronjob POOL IS GC Now !!!!
2017-08-28 11:57:02	The bgqueue POOL IS GC Now !!!!
2017-08-28 11:57:02	The inventorydepth POOL IS GC Now !!!!
2017-08-28 11:57:03	The misctask POOL IS GC Now !!!!
2017-08-28 11:59:12	The financecronjobdomainqueue POOL IS GC Now !!!!
2017-08-28 12:17:52	The autochk POOL IS GC Now !!!!
2017-08-28 12:18:14	The autodly POOL IS GC Now !!!!
2017-08-28 12:47:32	The createfile POOL IS GC Now !!!!
2017-08-28 12:47:50	The dataquerybyquicksheet POOL IS GC Now !!!!
2017-08-28 12:47:52	The autochk POOL IS GC Now !!!!
2017-08-28 12:47:54	The dataquerybysheet POOL IS GC Now !!!!
2017-08-28 12:48:13	The exportsplit POOL IS GC Now !!!!
2017-08-28 12:48:14	The autodly POOL IS GC Now !!!!
2017-08-28 12:48:31	The bgqueuedomainqueue POOL IS GC Now !!!!
2017-08-28 12:48:38	The misctaskdomainqueue POOL IS GC Now !!!!
2017-08-28 12:54:48	The inventorydepthdomainqueue POOL IS GC Now !!!!
2017-08-28 12:57:01	The financecronjob POOL IS GC Now !!!!
2017-08-28 12:57:02	The inventorydepth POOL IS GC Now !!!!
2017-08-28 12:57:02	The bgqueue POOL IS GC Now !!!!
2017-08-28 12:57:03	The misctask POOL IS GC Now !!!!
2017-08-28 12:59:12	The financecronjobdomainqueue POOL IS GC Now !!!!
2017-08-28 13:17:52	The autochk POOL IS GC Now !!!!
2017-08-28 13:18:14	The autodly POOL IS GC Now !!!!
2017-08-28 13:46:32	The dataquerybywhole POOL IS GC Now !!!!
2017-08-28 13:47:32	The createfile POOL IS GC Now !!!!
2017-08-28 13:47:50	The dataquerybyquicksheet POOL IS GC Now !!!!
2017-08-28 13:47:52	The autochk POOL IS GC Now !!!!
2017-08-28 13:47:54	The dataquerybysheet POOL IS GC Now !!!!
2017-08-28 13:48:13	The exportsplit POOL IS GC Now !!!!
2017-08-28 13:48:14	The autodly POOL IS GC Now !!!!
2017-08-28 13:48:31	The bgqueuedomainqueue POOL IS GC Now !!!!
2017-08-28 13:48:38	The misctaskdomainqueue POOL IS GC Now !!!!
2017-08-28 13:54:48	The inventorydepthdomainqueue POOL IS GC Now !!!!
2017-08-28 13:57:01	The financecronjob POOL IS GC Now !!!!
2017-08-28 13:57:02	The bgqueue POOL IS GC Now !!!!
2017-08-28 13:57:02	The inventorydepth POOL IS GC Now !!!!
2017-08-28 13:57:03	The misctask POOL IS GC Now !!!!
2017-08-28 13:59:12	The financecronjobdomainqueue POOL IS GC Now !!!!
2017-08-28 14:17:52	The autochk POOL IS GC Now !!!!
2017-08-28 14:18:14	The autodly POOL IS GC Now !!!!
2017-08-28 14:47:32	The createfile POOL IS GC Now !!!!
2017-08-28 14:47:50	The dataquerybyquicksheet POOL IS GC Now !!!!
2017-08-28 14:47:52	The autochk POOL IS GC Now !!!!
2017-08-28 14:47:54	The dataquerybysheet POOL IS GC Now !!!!
2017-08-28 14:48:13	The exportsplit POOL IS GC Now !!!!
2017-08-28 14:48:14	The autodly POOL IS GC Now !!!!
2017-08-28 14:48:31	The bgqueuedomainqueue POOL IS GC Now !!!!
2017-08-28 14:48:38	The misctaskdomainqueue POOL IS GC Now !!!!
2017-08-28 14:54:48	The inventorydepthdomainqueue POOL IS GC Now !!!!
2017-08-28 14:57:01	The financecronjob POOL IS GC Now !!!!
2017-08-28 14:57:02	The bgqueue POOL IS GC Now !!!!
2017-08-28 14:57:02	The inventorydepth POOL IS GC Now !!!!
2017-08-28 14:57:03	The misctask POOL IS GC Now !!!!
2017-08-28 14:59:12	The financecronjobdomainqueue POOL IS GC Now !!!!
2017-08-28 15:17:52	The autochk POOL IS GC Now !!!!
2017-08-28 15:18:14	The autodly POOL IS GC Now !!!!
2017-08-28 15:46:32	The dataquerybywhole POOL IS GC Now !!!!
2017-08-28 15:47:32	The createfile POOL IS GC Now !!!!
2017-08-28 15:47:50	The dataquerybyquicksheet POOL IS GC Now !!!!
2017-08-28 15:47:52	The autochk POOL IS GC Now !!!!
2017-08-28 15:47:54	The dataquerybysheet POOL IS GC Now !!!!
2017-08-28 15:48:13	The exportsplit POOL IS GC Now !!!!
2017-08-28 15:48:14	The autodly POOL IS GC Now !!!!
2017-08-28 15:48:31	The bgqueuedomainqueue POOL IS GC Now !!!!
2017-08-28 15:48:38	The misctaskdomainqueue POOL IS GC Now !!!!
2017-08-28 15:54:48	The inventorydepthdomainqueue POOL IS GC Now !!!!
2017-08-28 15:57:01	The financecronjob POOL IS GC Now !!!!
2017-08-28 15:57:02	The inventorydepth POOL IS GC Now !!!!
2017-08-28 15:57:02	The bgqueue POOL IS GC Now !!!!
2017-08-28 15:57:03	The misctask POOL IS GC Now !!!!
2017-08-28 15:59:12	The financecronjobdomainqueue POOL IS GC Now !!!!
2017-08-28 16:17:52	The autochk POOL IS GC Now !!!!
2017-08-28 16:18:14	The autodly POOL IS GC Now !!!!
2017-08-28 16:47:32	The createfile POOL IS GC Now !!!!
2017-08-28 16:47:50	The dataquerybyquicksheet POOL IS GC Now !!!!
2017-08-28 16:47:52	The autochk POOL IS GC Now !!!!
2017-08-28 16:47:54	The dataquerybysheet POOL IS GC Now !!!!
2017-08-28 16:48:13	The exportsplit POOL IS GC Now !!!!
2017-08-28 16:48:14	The autodly POOL IS GC Now !!!!
2017-08-28 16:48:31	The bgqueuedomainqueue POOL IS GC Now !!!!
2017-08-28 16:48:38	The misctaskdomainqueue POOL IS GC Now !!!!
2017-08-28 16:54:48	The inventorydepthdomainqueue POOL IS GC Now !!!!
2017-08-28 16:57:01	The financecronjob POOL IS GC Now !!!!
2017-08-28 16:57:02	The bgqueue POOL IS GC Now !!!!
2017-08-28 16:57:02	The inventorydepth POOL IS GC Now !!!!
2017-08-28 16:57:03	The misctask POOL IS GC Now !!!!
2017-08-28 16:59:12	The financecronjobdomainqueue POOL IS GC Now !!!!
2017-08-28 17:17:52	The autochk POOL IS GC Now !!!!
2017-08-28 17:18:14	The autodly POOL IS GC Now !!!!
2017-08-28 17:46:32	The dataquerybywhole POOL IS GC Now !!!!
2017-08-28 17:47:32	The createfile POOL IS GC Now !!!!
2017-08-28 17:47:50	The dataquerybyquicksheet POOL IS GC Now !!!!
2017-08-28 17:47:52	The autochk POOL IS GC Now !!!!
2017-08-28 17:47:54	The dataquerybysheet POOL IS GC Now !!!!
2017-08-28 17:48:13	The exportsplit POOL IS GC Now !!!!
2017-08-28 17:48:14	The autodly POOL IS GC Now !!!!
2017-08-28 17:48:31	The bgqueuedomainqueue POOL IS GC Now !!!!
2017-08-28 17:48:38	The misctaskdomainqueue POOL IS GC Now !!!!
2017-08-28 17:54:48	The inventorydepthdomainqueue POOL IS GC Now !!!!
2017-08-28 17:57:01	The financecronjob POOL IS GC Now !!!!
2017-08-28 17:57:02	The inventorydepth POOL IS GC Now !!!!
2017-08-28 17:57:02	The bgqueue POOL IS GC Now !!!!
2017-08-28 17:57:03	The misctask POOL IS GC Now !!!!
2017-08-28 17:59:12	The financecronjobdomainqueue POOL IS GC Now !!!!
2017-08-28 18:17:52	The autochk POOL IS GC Now !!!!
2017-08-28 18:18:14	The autodly POOL IS GC Now !!!!
2017-08-28 18:47:32	The createfile POOL IS GC Now !!!!
2017-08-28 18:47:50	The dataquerybyquicksheet POOL IS GC Now !!!!
2017-08-28 18:47:52	The autochk POOL IS GC Now !!!!
2017-08-28 18:47:54	The dataquerybysheet POOL IS GC Now !!!!
2017-08-28 18:48:14	The exportsplit POOL IS GC Now !!!!
2017-08-28 18:48:14	The autodly POOL IS GC Now !!!!
2017-08-28 18:48:31	The bgqueuedomainqueue POOL IS GC Now !!!!
2017-08-28 18:48:38	The misctaskdomainqueue POOL IS GC Now !!!!
2017-08-28 18:54:48	The inventorydepthdomainqueue POOL IS GC Now !!!!
2017-08-28 18:57:01	The financecronjob POOL IS GC Now !!!!
2017-08-28 18:57:02	The bgqueue POOL IS GC Now !!!!
2017-08-28 18:57:02	The inventorydepth POOL IS GC Now !!!!
2017-08-28 18:57:03	The misctask POOL IS GC Now !!!!
2017-08-28 18:59:12	The financecronjobdomainqueue POOL IS GC Now !!!!
2017-08-28 19:17:52	The autochk POOL IS GC Now !!!!
2017-08-28 19:18:14	The autodly POOL IS GC Now !!!!
2017-08-28 19:46:32	The dataquerybywhole POOL IS GC Now !!!!
2017-08-28 19:47:33	The createfile POOL IS GC Now !!!!
2017-08-28 19:47:50	The dataquerybyquicksheet POOL IS GC Now !!!!
2017-08-28 19:47:52	The autochk POOL IS GC Now !!!!
2017-08-28 19:47:54	The dataquerybysheet POOL IS GC Now !!!!
2017-08-28 19:48:14	The autodly POOL IS GC Now !!!!
2017-08-28 19:48:14	The exportsplit POOL IS GC Now !!!!
2017-08-28 19:48:31	The bgqueuedomainqueue POOL IS GC Now !!!!
2017-08-28 19:48:38	The misctaskdomainqueue POOL IS GC Now !!!!
2017-08-28 19:54:48	The inventorydepthdomainqueue POOL IS GC Now !!!!
2017-08-28 19:57:01	The financecronjob POOL IS GC Now !!!!
2017-08-28 19:57:02	The inventorydepth POOL IS GC Now !!!!
2017-08-28 19:57:02	The bgqueue POOL IS GC Now !!!!
2017-08-28 19:57:03	The misctask POOL IS GC Now !!!!
2017-08-28 19:59:12	The financecronjobdomainqueue POOL IS GC Now !!!!
2017-08-28 20:17:52	The autochk POOL IS GC Now !!!!
2017-08-28 20:18:14	The autodly POOL IS GC Now !!!!
2017-08-28 20:47:33	The createfile POOL IS GC Now !!!!
2017-08-28 20:47:50	The dataquerybyquicksheet POOL IS GC Now !!!!
2017-08-28 20:47:52	The autochk POOL IS GC Now !!!!
2017-08-28 20:47:54	The dataquerybysheet POOL IS GC Now !!!!
2017-08-28 20:48:14	The autodly POOL IS GC Now !!!!
2017-08-28 20:48:14	The exportsplit POOL IS GC Now !!!!
2017-08-28 20:48:31	The bgqueuedomainqueue POOL IS GC Now !!!!
2017-08-28 20:48:38	The misctaskdomainqueue POOL IS GC Now !!!!
2017-08-28 20:54:48	The inventorydepthdomainqueue POOL IS GC Now !!!!
2017-08-28 20:57:01	The financecronjob POOL IS GC Now !!!!
2017-08-28 20:57:02	The bgqueue POOL IS GC Now !!!!
2017-08-28 20:57:02	The inventorydepth POOL IS GC Now !!!!
2017-08-28 20:57:03	The misctask POOL IS GC Now !!!!
2017-08-28 20:59:12	The financecronjobdomainqueue POOL IS GC Now !!!!
2017-08-28 21:17:52	The autochk POOL IS GC Now !!!!
2017-08-28 21:18:14	The autodly POOL IS GC Now !!!!
2017-08-28 21:46:33	The dataquerybywhole POOL IS GC Now !!!!
2017-08-28 21:47:33	The createfile POOL IS GC Now !!!!
2017-08-28 21:47:50	The dataquerybyquicksheet POOL IS GC Now !!!!
2017-08-28 21:47:52	The autochk POOL IS GC Now !!!!
2017-08-28 21:47:54	The dataquerybysheet POOL IS GC Now !!!!
2017-08-28 21:48:14	The autodly POOL IS GC Now !!!!
2017-08-28 21:48:14	The exportsplit POOL IS GC Now !!!!
2017-08-28 21:48:31	The bgqueuedomainqueue POOL IS GC Now !!!!
2017-08-28 21:48:38	The misctaskdomainqueue POOL IS GC Now !!!!
2017-08-28 21:54:48	The inventorydepthdomainqueue POOL IS GC Now !!!!
2017-08-28 21:57:01	The financecronjob POOL IS GC Now !!!!
2017-08-28 21:57:02	The bgqueue POOL IS GC Now !!!!
2017-08-28 21:57:02	The inventorydepth POOL IS GC Now !!!!
2017-08-28 21:57:03	The misctask POOL IS GC Now !!!!
2017-08-28 21:59:12	The financecronjobdomainqueue POOL IS GC Now !!!!
2017-08-28 22:17:52	The autochk POOL IS GC Now !!!!
2017-08-28 22:18:14	The autodly POOL IS GC Now !!!!
2017-08-28 22:47:33	The createfile POOL IS GC Now !!!!
2017-08-28 22:47:50	The dataquerybyquicksheet POOL IS GC Now !!!!
2017-08-28 22:47:52	The autochk POOL IS GC Now !!!!
2017-08-28 22:47:54	The dataquerybysheet POOL IS GC Now !!!!
2017-08-28 22:48:14	The autodly POOL IS GC Now !!!!
2017-08-28 22:48:14	The exportsplit POOL IS GC Now !!!!
2017-08-28 22:48:31	The bgqueuedomainqueue POOL IS GC Now !!!!
2017-08-28 22:48:38	The misctaskdomainqueue POOL IS GC Now !!!!
2017-08-28 22:54:48	The inventorydepthdomainqueue POOL IS GC Now !!!!
2017-08-28 22:57:01	The financecronjob POOL IS GC Now !!!!
2017-08-28 22:57:02	The bgqueue POOL IS GC Now !!!!
2017-08-28 22:57:02	The inventorydepth POOL IS GC Now !!!!
2017-08-28 22:57:03	The misctask POOL IS GC Now !!!!
2017-08-28 22:59:12	The financecronjobdomainqueue POOL IS GC Now !!!!
2017-08-28 23:17:52	The autochk POOL IS GC Now !!!!
2017-08-28 23:18:14	The autodly POOL IS GC Now !!!!
2017-08-28 23:46:33	The dataquerybywhole POOL IS GC Now !!!!
2017-08-28 23:47:33	The createfile POOL IS GC Now !!!!
2017-08-28 23:47:50	The dataquerybyquicksheet POOL IS GC Now !!!!
2017-08-28 23:47:52	The autochk POOL IS GC Now !!!!
2017-08-28 23:47:54	The dataquerybysheet POOL IS GC Now !!!!
2017-08-28 23:48:14	The autodly POOL IS GC Now !!!!
2017-08-28 23:48:14	The exportsplit POOL IS GC Now !!!!
2017-08-28 23:48:31	The bgqueuedomainqueue POOL IS GC Now !!!!
2017-08-28 23:48:38	The misctaskdomainqueue POOL IS GC Now !!!!
2017-08-28 23:54:48	The inventorydepthdomainqueue POOL IS GC Now !!!!
2017-08-28 23:57:01	The financecronjob POOL IS GC Now !!!!
2017-08-28 23:57:02	The inventorydepth POOL IS GC Now !!!!
2017-08-28 23:57:02	The bgqueue POOL IS GC Now !!!!
2017-08-28 23:57:03	The misctask POOL IS GC Now !!!!
2017-08-28 23:59:12	The financecronjobdomainqueue POOL IS GC Now !!!!
