2017-08-18 00:17:49	The autochk POOL IS GC Now !!!!
2017-08-18 00:18:10	The autodly POOL IS GC Now !!!!
2017-08-18 00:47:26	The createfile POOL IS GC Now !!!!
2017-08-18 00:47:41	The dataquerybyquicksheet POOL IS GC Now !!!!
2017-08-18 00:47:49	The autochk POOL IS GC Now !!!!
2017-08-18 00:47:50	The dataquerybysheet POOL IS GC Now !!!!
2017-08-18 00:48:01	The exportsplit POOL IS GC Now !!!!
2017-08-18 00:48:10	The autodly POOL IS GC Now !!!!
2017-08-18 00:48:23	The bgqueuedomainqueue POOL IS GC Now !!!!
2017-08-18 00:48:27	The misctaskdomainqueue POOL IS GC Now !!!!
2017-08-18 00:54:46	The inventorydepthdomainqueue POOL IS GC Now !!!!
2017-08-18 00:57:01	The financecronjob POOL IS GC Now !!!!
2017-08-18 00:57:02	The misctask POOL IS GC Now !!!!
2017-08-18 00:57:02	The inventorydepth POOL IS GC Now !!!!
2017-08-18 00:57:02	The bgqueue POOL IS GC Now !!!!
2017-08-18 00:59:11	The financecronjobdomainqueue POOL IS GC Now !!!!
2017-08-18 01:17:49	The autochk POOL IS GC Now !!!!
2017-08-18 01:18:10	The autodly POOL IS GC Now !!!!
2017-08-18 01:46:30	The dataquerybywhole POOL IS GC Now !!!!
2017-08-18 01:47:26	The createfile POOL IS GC Now !!!!
2017-08-18 01:47:41	The dataquerybyquicksheet POOL IS GC Now !!!!
2017-08-18 01:47:49	The autochk POOL IS GC Now !!!!
2017-08-18 01:47:50	The dataquerybysheet POOL IS GC Now !!!!
2017-08-18 01:48:01	The exportsplit POOL IS GC Now !!!!
2017-08-18 01:48:10	The autodly POOL IS GC Now !!!!
2017-08-18 01:48:23	The bgqueuedomainqueue POOL IS GC Now !!!!
2017-08-18 01:48:27	The misctaskdomainqueue POOL IS GC Now !!!!
2017-08-18 01:54:46	The inventorydepthdomainqueue POOL IS GC Now !!!!
2017-08-18 01:57:01	The financecronjob POOL IS GC Now !!!!
2017-08-18 01:57:02	The inventorydepth POOL IS GC Now !!!!
2017-08-18 01:57:02	The bgqueue POOL IS GC Now !!!!
2017-08-18 01:57:02	The misctask POOL IS GC Now !!!!
2017-08-18 01:59:11	The financecronjobdomainqueue POOL IS GC Now !!!!
2017-08-18 02:17:49	The autochk POOL IS GC Now !!!!
2017-08-18 02:18:10	The autodly POOL IS GC Now !!!!
2017-08-18 02:47:26	The createfile POOL IS GC Now !!!!
2017-08-18 02:47:41	The dataquerybyquicksheet POOL IS GC Now !!!!
2017-08-18 02:47:49	The autochk POOL IS GC Now !!!!
2017-08-18 02:47:50	The dataquerybysheet POOL IS GC Now !!!!
2017-08-18 02:48:01	The exportsplit POOL IS GC Now !!!!
2017-08-18 02:48:10	The autodly POOL IS GC Now !!!!
2017-08-18 02:48:23	The bgqueuedomainqueue POOL IS GC Now !!!!
2017-08-18 02:48:28	The misctaskdomainqueue POOL IS GC Now !!!!
2017-08-18 02:54:46	The inventorydepthdomainqueue POOL IS GC Now !!!!
2017-08-18 02:57:01	The financecronjob POOL IS GC Now !!!!
2017-08-18 02:57:02	The inventorydepth POOL IS GC Now !!!!
2017-08-18 02:57:02	The bgqueue POOL IS GC Now !!!!
2017-08-18 02:57:02	The misctask POOL IS GC Now !!!!
2017-08-18 02:59:11	The financecronjobdomainqueue POOL IS GC Now !!!!
2017-08-18 03:17:49	The autochk POOL IS GC Now !!!!
2017-08-18 03:18:10	The autodly POOL IS GC Now !!!!
2017-08-18 03:46:30	The dataquerybywhole POOL IS GC Now !!!!
2017-08-18 03:47:26	The createfile POOL IS GC Now !!!!
2017-08-18 03:47:41	The dataquerybyquicksheet POOL IS GC Now !!!!
2017-08-18 03:47:49	The autochk POOL IS GC Now !!!!
2017-08-18 03:47:50	The dataquerybysheet POOL IS GC Now !!!!
2017-08-18 03:48:01	The exportsplit POOL IS GC Now !!!!
2017-08-18 03:48:10	The autodly POOL IS GC Now !!!!
2017-08-18 03:48:23	The bgqueuedomainqueue POOL IS GC Now !!!!
2017-08-18 03:48:28	The misctaskdomainqueue POOL IS GC Now !!!!
2017-08-18 03:54:46	The inventorydepthdomainqueue POOL IS GC Now !!!!
2017-08-18 03:57:01	The financecronjob POOL IS GC Now !!!!
2017-08-18 03:57:02	The misctask POOL IS GC Now !!!!
2017-08-18 03:57:02	The inventorydepth POOL IS GC Now !!!!
2017-08-18 03:57:02	The bgqueue POOL IS GC Now !!!!
2017-08-18 03:59:11	The financecronjobdomainqueue POOL IS GC Now !!!!
2017-08-18 04:17:49	The autochk POOL IS GC Now !!!!
2017-08-18 04:18:10	The autodly POOL IS GC Now !!!!
2017-08-18 04:47:26	The createfile POOL IS GC Now !!!!
2017-08-18 04:47:41	The dataquerybyquicksheet POOL IS GC Now !!!!
2017-08-18 04:47:49	The autochk POOL IS GC Now !!!!
2017-08-18 04:47:50	The dataquerybysheet POOL IS GC Now !!!!
2017-08-18 04:48:01	The exportsplit POOL IS GC Now !!!!
2017-08-18 04:48:10	The autodly POOL IS GC Now !!!!
2017-08-18 04:48:23	The bgqueuedomainqueue POOL IS GC Now !!!!
2017-08-18 04:48:28	The misctaskdomainqueue POOL IS GC Now !!!!
2017-08-18 04:54:46	The inventorydepthdomainqueue POOL IS GC Now !!!!
2017-08-18 04:57:01	The financecronjob POOL IS GC Now !!!!
2017-08-18 04:57:02	The misctask POOL IS GC Now !!!!
2017-08-18 04:57:02	The inventorydepth POOL IS GC Now !!!!
2017-08-18 04:57:02	The bgqueue POOL IS GC Now !!!!
2017-08-18 04:59:11	The financecronjobdomainqueue POOL IS GC Now !!!!
2017-08-18 05:17:49	The autochk POOL IS GC Now !!!!
2017-08-18 05:18:10	The autodly POOL IS GC Now !!!!
2017-08-18 05:46:30	The dataquerybywhole POOL IS GC Now !!!!
2017-08-18 05:47:26	The createfile POOL IS GC Now !!!!
2017-08-18 05:47:41	The dataquerybyquicksheet POOL IS GC Now !!!!
2017-08-18 05:47:49	The autochk POOL IS GC Now !!!!
2017-08-18 05:47:50	The dataquerybysheet POOL IS GC Now !!!!
2017-08-18 05:48:01	The exportsplit POOL IS GC Now !!!!
2017-08-18 05:48:10	The autodly POOL IS GC Now !!!!
2017-08-18 05:48:23	The bgqueuedomainqueue POOL IS GC Now !!!!
2017-08-18 05:48:28	The misctaskdomainqueue POOL IS GC Now !!!!
2017-08-18 05:54:46	The inventorydepthdomainqueue POOL IS GC Now !!!!
2017-08-18 05:57:01	The financecronjob POOL IS GC Now !!!!
2017-08-18 05:57:02	The bgqueue POOL IS GC Now !!!!
2017-08-18 05:57:02	The misctask POOL IS GC Now !!!!
2017-08-18 05:57:02	The inventorydepth POOL IS GC Now !!!!
2017-08-18 05:59:11	The financecronjobdomainqueue POOL IS GC Now !!!!
2017-08-18 06:17:49	The autochk POOL IS GC Now !!!!
2017-08-18 06:18:10	The autodly POOL IS GC Now !!!!
2017-08-18 06:47:26	The createfile POOL IS GC Now !!!!
2017-08-18 06:47:41	The dataquerybyquicksheet POOL IS GC Now !!!!
2017-08-18 06:47:49	The autochk POOL IS GC Now !!!!
2017-08-18 06:47:50	The dataquerybysheet POOL IS GC Now !!!!
2017-08-18 06:48:01	The exportsplit POOL IS GC Now !!!!
2017-08-18 06:48:10	The autodly POOL IS GC Now !!!!
2017-08-18 06:48:23	The bgqueuedomainqueue POOL IS GC Now !!!!
2017-08-18 06:48:28	The misctaskdomainqueue POOL IS GC Now !!!!
2017-08-18 06:54:46	The inventorydepthdomainqueue POOL IS GC Now !!!!
2017-08-18 06:57:01	The financecronjob POOL IS GC Now !!!!
2017-08-18 06:57:02	The bgqueue POOL IS GC Now !!!!
2017-08-18 06:57:02	The inventorydepth POOL IS GC Now !!!!
2017-08-18 06:57:02	The misctask POOL IS GC Now !!!!
2017-08-18 06:59:11	The financecronjobdomainqueue POOL IS GC Now !!!!
2017-08-18 07:17:49	The autochk POOL IS GC Now !!!!
2017-08-18 07:18:10	The autodly POOL IS GC Now !!!!
2017-08-18 07:46:30	The dataquerybywhole POOL IS GC Now !!!!
2017-08-18 07:47:26	The createfile POOL IS GC Now !!!!
2017-08-18 07:47:41	The dataquerybyquicksheet POOL IS GC Now !!!!
2017-08-18 07:47:49	The autochk POOL IS GC Now !!!!
2017-08-18 07:47:50	The dataquerybysheet POOL IS GC Now !!!!
2017-08-18 07:48:01	The exportsplit POOL IS GC Now !!!!
2017-08-18 07:48:10	The autodly POOL IS GC Now !!!!
2017-08-18 07:48:23	The bgqueuedomainqueue POOL IS GC Now !!!!
2017-08-18 07:48:28	The misctaskdomainqueue POOL IS GC Now !!!!
2017-08-18 07:54:46	The inventorydepthdomainqueue POOL IS GC Now !!!!
2017-08-18 07:57:01	The financecronjob POOL IS GC Now !!!!
2017-08-18 07:57:02	The misctask POOL IS GC Now !!!!
2017-08-18 07:57:02	The inventorydepth POOL IS GC Now !!!!
2017-08-18 07:57:02	The bgqueue POOL IS GC Now !!!!
2017-08-18 07:59:11	The financecronjobdomainqueue POOL IS GC Now !!!!
2017-08-18 08:17:49	The autochk POOL IS GC Now !!!!
2017-08-18 08:18:10	The autodly POOL IS GC Now !!!!
2017-08-18 08:47:26	The createfile POOL IS GC Now !!!!
2017-08-18 08:47:41	The dataquerybyquicksheet POOL IS GC Now !!!!
2017-08-18 08:47:49	The autochk POOL IS GC Now !!!!
2017-08-18 08:47:50	The dataquerybysheet POOL IS GC Now !!!!
2017-08-18 08:48:01	The exportsplit POOL IS GC Now !!!!
2017-08-18 08:48:10	The autodly POOL IS GC Now !!!!
2017-08-18 08:48:23	The bgqueuedomainqueue POOL IS GC Now !!!!
2017-08-18 08:48:28	The misctaskdomainqueue POOL IS GC Now !!!!
2017-08-18 08:54:46	The inventorydepthdomainqueue POOL IS GC Now !!!!
2017-08-18 08:57:01	The financecronjob POOL IS GC Now !!!!
2017-08-18 08:57:02	The inventorydepth POOL IS GC Now !!!!
2017-08-18 08:57:02	The misctask POOL IS GC Now !!!!
2017-08-18 08:57:02	The bgqueue POOL IS GC Now !!!!
2017-08-18 08:59:11	The financecronjobdomainqueue POOL IS GC Now !!!!
2017-08-18 09:17:49	The autochk POOL IS GC Now !!!!
2017-08-18 09:18:10	The autodly POOL IS GC Now !!!!
2017-08-18 09:46:30	The dataquerybywhole POOL IS GC Now !!!!
2017-08-18 09:47:26	The createfile POOL IS GC Now !!!!
2017-08-18 09:47:41	The dataquerybyquicksheet POOL IS GC Now !!!!
2017-08-18 09:47:49	The autochk POOL IS GC Now !!!!
2017-08-18 09:47:50	The dataquerybysheet POOL IS GC Now !!!!
2017-08-18 09:48:01	The exportsplit POOL IS GC Now !!!!
2017-08-18 09:48:10	The autodly POOL IS GC Now !!!!
2017-08-18 09:48:23	The bgqueuedomainqueue POOL IS GC Now !!!!
2017-08-18 09:48:28	The misctaskdomainqueue POOL IS GC Now !!!!
2017-08-18 09:54:46	The inventorydepthdomainqueue POOL IS GC Now !!!!
2017-08-18 09:57:01	The financecronjob POOL IS GC Now !!!!
2017-08-18 09:57:02	The misctask POOL IS GC Now !!!!
2017-08-18 09:57:02	The bgqueue POOL IS GC Now !!!!
2017-08-18 09:57:02	The inventorydepth POOL IS GC Now !!!!
2017-08-18 09:59:11	The financecronjobdomainqueue POOL IS GC Now !!!!
2017-08-18 10:17:49	The autochk POOL IS GC Now !!!!
2017-08-18 10:18:10	The autodly POOL IS GC Now !!!!
2017-08-18 10:47:26	The createfile POOL IS GC Now !!!!
2017-08-18 10:47:41	The dataquerybyquicksheet POOL IS GC Now !!!!
2017-08-18 10:47:49	The autochk POOL IS GC Now !!!!
2017-08-18 10:47:50	The dataquerybysheet POOL IS GC Now !!!!
2017-08-18 10:48:01	The exportsplit POOL IS GC Now !!!!
2017-08-18 10:48:10	The autodly POOL IS GC Now !!!!
2017-08-18 10:48:23	The bgqueuedomainqueue POOL IS GC Now !!!!
2017-08-18 10:48:28	The misctaskdomainqueue POOL IS GC Now !!!!
2017-08-18 10:54:46	The inventorydepthdomainqueue POOL IS GC Now !!!!
2017-08-18 10:57:01	The financecronjob POOL IS GC Now !!!!
2017-08-18 10:57:02	The misctask POOL IS GC Now !!!!
2017-08-18 10:57:02	The inventorydepth POOL IS GC Now !!!!
2017-08-18 10:57:02	The bgqueue POOL IS GC Now !!!!
2017-08-18 10:59:11	The financecronjobdomainqueue POOL IS GC Now !!!!
2017-08-18 11:17:49	The autochk POOL IS GC Now !!!!
2017-08-18 11:18:10	The autodly POOL IS GC Now !!!!
2017-08-18 11:46:30	The dataquerybywhole POOL IS GC Now !!!!
2017-08-18 11:47:26	The createfile POOL IS GC Now !!!!
2017-08-18 11:47:41	The dataquerybyquicksheet POOL IS GC Now !!!!
2017-08-18 11:47:49	The autochk POOL IS GC Now !!!!
2017-08-18 11:47:50	The dataquerybysheet POOL IS GC Now !!!!
2017-08-18 11:48:01	The exportsplit POOL IS GC Now !!!!
2017-08-18 11:48:10	The autodly POOL IS GC Now !!!!
2017-08-18 11:48:23	The bgqueuedomainqueue POOL IS GC Now !!!!
2017-08-18 11:48:28	The misctaskdomainqueue POOL IS GC Now !!!!
2017-08-18 11:54:46	The inventorydepthdomainqueue POOL IS GC Now !!!!
2017-08-18 11:57:01	The financecronjob POOL IS GC Now !!!!
2017-08-18 11:57:02	The bgqueue POOL IS GC Now !!!!
2017-08-18 11:57:02	The inventorydepth POOL IS GC Now !!!!
2017-08-18 11:57:02	The misctask POOL IS GC Now !!!!
2017-08-18 11:59:11	The financecronjobdomainqueue POOL IS GC Now !!!!
2017-08-18 12:17:49	The autochk POOL IS GC Now !!!!
2017-08-18 12:18:10	The autodly POOL IS GC Now !!!!
2017-08-18 12:47:26	The createfile POOL IS GC Now !!!!
2017-08-18 12:47:41	The dataquerybyquicksheet POOL IS GC Now !!!!
2017-08-18 12:47:49	The autochk POOL IS GC Now !!!!
2017-08-18 12:47:50	The dataquerybysheet POOL IS GC Now !!!!
2017-08-18 12:48:01	The exportsplit POOL IS GC Now !!!!
2017-08-18 12:48:10	The autodly POOL IS GC Now !!!!
2017-08-18 12:48:23	The bgqueuedomainqueue POOL IS GC Now !!!!
2017-08-18 12:48:28	The misctaskdomainqueue POOL IS GC Now !!!!
2017-08-18 12:54:46	The inventorydepthdomainqueue POOL IS GC Now !!!!
2017-08-18 12:57:01	The financecronjob POOL IS GC Now !!!!
2017-08-18 12:57:02	The inventorydepth POOL IS GC Now !!!!
2017-08-18 12:57:02	The misctask POOL IS GC Now !!!!
2017-08-18 12:57:02	The bgqueue POOL IS GC Now !!!!
2017-08-18 12:59:11	The financecronjobdomainqueue POOL IS GC Now !!!!
2017-08-18 13:17:49	The autochk POOL IS GC Now !!!!
2017-08-18 13:18:10	The autodly POOL IS GC Now !!!!
2017-08-18 13:46:30	The dataquerybywhole POOL IS GC Now !!!!
2017-08-18 13:47:26	The createfile POOL IS GC Now !!!!
2017-08-18 13:47:41	The dataquerybyquicksheet POOL IS GC Now !!!!
2017-08-18 13:47:49	The autochk POOL IS GC Now !!!!
2017-08-18 13:47:50	The dataquerybysheet POOL IS GC Now !!!!
2017-08-18 13:48:01	The exportsplit POOL IS GC Now !!!!
2017-08-18 13:48:10	The autodly POOL IS GC Now !!!!
2017-08-18 13:48:23	The bgqueuedomainqueue POOL IS GC Now !!!!
2017-08-18 13:48:28	The misctaskdomainqueue POOL IS GC Now !!!!
2017-08-18 13:54:46	The inventorydepthdomainqueue POOL IS GC Now !!!!
2017-08-18 13:57:01	The financecronjob POOL IS GC Now !!!!
2017-08-18 13:57:02	The inventorydepth POOL IS GC Now !!!!
2017-08-18 13:57:02	The bgqueue POOL IS GC Now !!!!
2017-08-18 13:57:02	The misctask POOL IS GC Now !!!!
2017-08-18 13:59:11	The financecronjobdomainqueue POOL IS GC Now !!!!
2017-08-18 14:17:49	The autochk POOL IS GC Now !!!!
2017-08-18 14:18:10	The autodly POOL IS GC Now !!!!
2017-08-18 14:47:26	The createfile POOL IS GC Now !!!!
2017-08-18 14:47:41	The dataquerybyquicksheet POOL IS GC Now !!!!
2017-08-18 14:47:49	The autochk POOL IS GC Now !!!!
2017-08-18 14:47:50	The dataquerybysheet POOL IS GC Now !!!!
2017-08-18 14:48:01	The exportsplit POOL IS GC Now !!!!
2017-08-18 14:48:10	The autodly POOL IS GC Now !!!!
2017-08-18 14:48:23	The bgqueuedomainqueue POOL IS GC Now !!!!
2017-08-18 14:48:28	The misctaskdomainqueue POOL IS GC Now !!!!
2017-08-18 14:54:46	The inventorydepthdomainqueue POOL IS GC Now !!!!
2017-08-18 14:57:01	The financecronjob POOL IS GC Now !!!!
2017-08-18 14:57:02	The bgqueue POOL IS GC Now !!!!
2017-08-18 14:57:02	The misctask POOL IS GC Now !!!!
2017-08-18 14:57:02	The inventorydepth POOL IS GC Now !!!!
2017-08-18 14:59:11	The financecronjobdomainqueue POOL IS GC Now !!!!
2017-08-18 15:17:49	The autochk POOL IS GC Now !!!!
2017-08-18 15:18:10	The autodly POOL IS GC Now !!!!
2017-08-18 15:46:30	The dataquerybywhole POOL IS GC Now !!!!
2017-08-18 15:47:26	The createfile POOL IS GC Now !!!!
2017-08-18 15:47:41	The dataquerybyquicksheet POOL IS GC Now !!!!
2017-08-18 15:47:49	The autochk POOL IS GC Now !!!!
2017-08-18 15:47:50	The dataquerybysheet POOL IS GC Now !!!!
2017-08-18 15:48:01	The exportsplit POOL IS GC Now !!!!
2017-08-18 15:48:10	The autodly POOL IS GC Now !!!!
2017-08-18 15:48:23	The bgqueuedomainqueue POOL IS GC Now !!!!
2017-08-18 15:48:28	The misctaskdomainqueue POOL IS GC Now !!!!
2017-08-18 15:54:46	The inventorydepthdomainqueue POOL IS GC Now !!!!
2017-08-18 15:57:01	The financecronjob POOL IS GC Now !!!!
2017-08-18 15:57:02	The bgqueue POOL IS GC Now !!!!
2017-08-18 15:57:02	The inventorydepth POOL IS GC Now !!!!
2017-08-18 15:57:02	The misctask POOL IS GC Now !!!!
2017-08-18 15:59:11	The financecronjobdomainqueue POOL IS GC Now !!!!
2017-08-18 16:17:49	The autochk POOL IS GC Now !!!!
2017-08-18 16:18:10	The autodly POOL IS GC Now !!!!
2017-08-18 16:47:26	The createfile POOL IS GC Now !!!!
2017-08-18 16:47:41	The dataquerybyquicksheet POOL IS GC Now !!!!
2017-08-18 16:47:49	The autochk POOL IS GC Now !!!!
2017-08-18 16:47:50	The dataquerybysheet POOL IS GC Now !!!!
2017-08-18 16:48:01	The exportsplit POOL IS GC Now !!!!
2017-08-18 16:48:10	The autodly POOL IS GC Now !!!!
2017-08-18 16:48:24	The bgqueuedomainqueue POOL IS GC Now !!!!
2017-08-18 16:48:28	The misctaskdomainqueue POOL IS GC Now !!!!
2017-08-18 16:54:46	The inventorydepthdomainqueue POOL IS GC Now !!!!
2017-08-18 16:57:01	The financecronjob POOL IS GC Now !!!!
2017-08-18 16:57:02	The bgqueue POOL IS GC Now !!!!
2017-08-18 16:57:02	The inventorydepth POOL IS GC Now !!!!
2017-08-18 16:57:02	The misctask POOL IS GC Now !!!!
2017-08-18 16:59:11	The financecronjobdomainqueue POOL IS GC Now !!!!
2017-08-18 17:17:49	The autochk POOL IS GC Now !!!!
2017-08-18 17:18:10	The autodly POOL IS GC Now !!!!
2017-08-18 17:46:30	The dataquerybywhole POOL IS GC Now !!!!
2017-08-18 17:47:26	The createfile POOL IS GC Now !!!!
2017-08-18 17:47:41	The dataquerybyquicksheet POOL IS GC Now !!!!
2017-08-18 17:47:49	The autochk POOL IS GC Now !!!!
2017-08-18 17:47:50	The dataquerybysheet POOL IS GC Now !!!!
2017-08-18 17:48:01	The exportsplit POOL IS GC Now !!!!
2017-08-18 17:48:10	The autodly POOL IS GC Now !!!!
2017-08-18 17:48:24	The bgqueuedomainqueue POOL IS GC Now !!!!
2017-08-18 17:48:28	The misctaskdomainqueue POOL IS GC Now !!!!
2017-08-18 17:54:46	The inventorydepthdomainqueue POOL IS GC Now !!!!
2017-08-18 17:57:01	The financecronjob POOL IS GC Now !!!!
2017-08-18 17:57:02	The bgqueue POOL IS GC Now !!!!
2017-08-18 17:57:02	The inventorydepth POOL IS GC Now !!!!
2017-08-18 17:57:02	The misctask POOL IS GC Now !!!!
2017-08-18 17:59:11	The financecronjobdomainqueue POOL IS GC Now !!!!
2017-08-18 18:17:49	The autochk POOL IS GC Now !!!!
2017-08-18 18:18:10	The autodly POOL IS GC Now !!!!
2017-08-18 18:47:26	The createfile POOL IS GC Now !!!!
2017-08-18 18:47:41	The dataquerybyquicksheet POOL IS GC Now !!!!
2017-08-18 18:47:49	The autochk POOL IS GC Now !!!!
2017-08-18 18:47:50	The dataquerybysheet POOL IS GC Now !!!!
2017-08-18 18:48:02	The exportsplit POOL IS GC Now !!!!
2017-08-18 18:48:10	The autodly POOL IS GC Now !!!!
2017-08-18 18:48:24	The bgqueuedomainqueue POOL IS GC Now !!!!
2017-08-18 18:48:28	The misctaskdomainqueue POOL IS GC Now !!!!
2017-08-18 18:54:46	The inventorydepthdomainqueue POOL IS GC Now !!!!
2017-08-18 18:57:01	The financecronjob POOL IS GC Now !!!!
2017-08-18 18:57:02	The inventorydepth POOL IS GC Now !!!!
2017-08-18 18:57:02	The bgqueue POOL IS GC Now !!!!
2017-08-18 18:57:02	The misctask POOL IS GC Now !!!!
2017-08-18 18:59:11	The financecronjobdomainqueue POOL IS GC Now !!!!
2017-08-18 19:17:49	The autochk POOL IS GC Now !!!!
2017-08-18 19:18:10	The autodly POOL IS GC Now !!!!
2017-08-18 19:46:30	The dataquerybywhole POOL IS GC Now !!!!
2017-08-18 19:47:26	The createfile POOL IS GC Now !!!!
2017-08-18 19:47:41	The dataquerybyquicksheet POOL IS GC Now !!!!
2017-08-18 19:47:49	The autochk POOL IS GC Now !!!!
2017-08-18 19:47:50	The dataquerybysheet POOL IS GC Now !!!!
2017-08-18 19:48:02	The exportsplit POOL IS GC Now !!!!
2017-08-18 19:48:10	The autodly POOL IS GC Now !!!!
2017-08-18 19:48:24	The bgqueuedomainqueue POOL IS GC Now !!!!
2017-08-18 19:48:28	The misctaskdomainqueue POOL IS GC Now !!!!
2017-08-18 19:54:46	The inventorydepthdomainqueue POOL IS GC Now !!!!
2017-08-18 19:57:01	The financecronjob POOL IS GC Now !!!!
2017-08-18 19:57:02	The inventorydepth POOL IS GC Now !!!!
2017-08-18 19:57:02	The bgqueue POOL IS GC Now !!!!
2017-08-18 19:57:02	The misctask POOL IS GC Now !!!!
2017-08-18 19:59:11	The financecronjobdomainqueue POOL IS GC Now !!!!
2017-08-18 20:17:49	The autochk POOL IS GC Now !!!!
2017-08-18 20:18:10	The autodly POOL IS GC Now !!!!
2017-08-18 20:47:26	The createfile POOL IS GC Now !!!!
2017-08-18 20:47:41	The dataquerybyquicksheet POOL IS GC Now !!!!
2017-08-18 20:47:49	The autochk POOL IS GC Now !!!!
2017-08-18 20:47:50	The dataquerybysheet POOL IS GC Now !!!!
2017-08-18 20:48:02	The exportsplit POOL IS GC Now !!!!
2017-08-18 20:48:10	The autodly POOL IS GC Now !!!!
2017-08-18 20:48:24	The bgqueuedomainqueue POOL IS GC Now !!!!
2017-08-18 20:48:28	The misctaskdomainqueue POOL IS GC Now !!!!
2017-08-18 20:54:46	The inventorydepthdomainqueue POOL IS GC Now !!!!
2017-08-18 20:57:01	The financecronjob POOL IS GC Now !!!!
2017-08-18 20:57:02	The inventorydepth POOL IS GC Now !!!!
2017-08-18 20:57:02	The misctask POOL IS GC Now !!!!
2017-08-18 20:57:02	The bgqueue POOL IS GC Now !!!!
2017-08-18 20:59:11	The financecronjobdomainqueue POOL IS GC Now !!!!
2017-08-18 21:17:49	The autochk POOL IS GC Now !!!!
2017-08-18 21:18:10	The autodly POOL IS GC Now !!!!
2017-08-18 21:46:30	The dataquerybywhole POOL IS GC Now !!!!
2017-08-18 21:47:26	The createfile POOL IS GC Now !!!!
2017-08-18 21:47:41	The dataquerybyquicksheet POOL IS GC Now !!!!
2017-08-18 21:47:49	The autochk POOL IS GC Now !!!!
2017-08-18 21:47:50	The dataquerybysheet POOL IS GC Now !!!!
2017-08-18 21:48:02	The exportsplit POOL IS GC Now !!!!
2017-08-18 21:48:10	The autodly POOL IS GC Now !!!!
2017-08-18 21:48:24	The bgqueuedomainqueue POOL IS GC Now !!!!
2017-08-18 21:48:28	The misctaskdomainqueue POOL IS GC Now !!!!
2017-08-18 21:54:46	The inventorydepthdomainqueue POOL IS GC Now !!!!
2017-08-18 21:57:01	The financecronjob POOL IS GC Now !!!!
2017-08-18 21:57:02	The misctask POOL IS GC Now !!!!
2017-08-18 21:57:02	The bgqueue POOL IS GC Now !!!!
2017-08-18 21:57:02	The inventorydepth POOL IS GC Now !!!!
2017-08-18 21:59:11	The financecronjobdomainqueue POOL IS GC Now !!!!
2017-08-18 22:17:49	The autochk POOL IS GC Now !!!!
2017-08-18 22:18:10	The autodly POOL IS GC Now !!!!
2017-08-18 22:47:26	The createfile POOL IS GC Now !!!!
2017-08-18 22:47:41	The dataquerybyquicksheet POOL IS GC Now !!!!
2017-08-18 22:47:49	The autochk POOL IS GC Now !!!!
2017-08-18 22:47:50	The dataquerybysheet POOL IS GC Now !!!!
2017-08-18 22:48:02	The exportsplit POOL IS GC Now !!!!
2017-08-18 22:48:10	The autodly POOL IS GC Now !!!!
2017-08-18 22:48:24	The bgqueuedomainqueue POOL IS GC Now !!!!
2017-08-18 22:48:28	The misctaskdomainqueue POOL IS GC Now !!!!
2017-08-18 22:54:46	The inventorydepthdomainqueue POOL IS GC Now !!!!
2017-08-18 22:57:01	The financecronjob POOL IS GC Now !!!!
2017-08-18 22:57:02	The misctask POOL IS GC Now !!!!
2017-08-18 22:57:02	The inventorydepth POOL IS GC Now !!!!
2017-08-18 22:57:02	The bgqueue POOL IS GC Now !!!!
2017-08-18 22:59:11	The financecronjobdomainqueue POOL IS GC Now !!!!
2017-08-18 23:17:49	The autochk POOL IS GC Now !!!!
2017-08-18 23:18:10	The autodly POOL IS GC Now !!!!
2017-08-18 23:46:30	The dataquerybywhole POOL IS GC Now !!!!
2017-08-18 23:47:26	The createfile POOL IS GC Now !!!!
2017-08-18 23:47:41	The dataquerybyquicksheet POOL IS GC Now !!!!
2017-08-18 23:47:49	The autochk POOL IS GC Now !!!!
2017-08-18 23:47:50	The dataquerybysheet POOL IS GC Now !!!!
2017-08-18 23:48:02	The exportsplit POOL IS GC Now !!!!
2017-08-18 23:48:10	The autodly POOL IS GC Now !!!!
2017-08-18 23:48:24	The bgqueuedomainqueue POOL IS GC Now !!!!
2017-08-18 23:48:28	The misctaskdomainqueue POOL IS GC Now !!!!
2017-08-18 23:54:46	The inventorydepthdomainqueue POOL IS GC Now !!!!
2017-08-18 23:57:01	The financecronjob POOL IS GC Now !!!!
2017-08-18 23:57:02	The bgqueue POOL IS GC Now !!!!
2017-08-18 23:57:02	The misctask POOL IS GC Now !!!!
2017-08-18 23:57:02	The inventorydepth POOL IS GC Now !!!!
2017-08-18 23:59:11	The financecronjobdomainqueue POOL IS GC Now !!!!
