2017-08-25 00:17:50	The autochk POOL IS GC Now !!!!
2017-08-25 00:18:11	The autodly POOL IS GC Now !!!!
2017-08-25 00:47:30	The createfile POOL IS GC Now !!!!
2017-08-25 00:47:47	The dataquerybyquicksheet POOL IS GC Now !!!!
2017-08-25 00:47:50	The autochk POOL IS GC Now !!!!
2017-08-25 00:47:52	The dataquerybysheet POOL IS GC Now !!!!
2017-08-25 00:48:09	The exportsplit POOL IS GC Now !!!!
2017-08-25 00:48:11	The autodly POOL IS GC Now !!!!
2017-08-25 00:48:30	The bgqueuedomainqueue POOL IS GC Now !!!!
2017-08-25 00:48:35	The misctaskdomainqueue POOL IS GC Now !!!!
2017-08-25 00:54:47	The inventorydepthdomainqueue POOL IS GC Now !!!!
2017-08-25 00:57:01	The financecronjob POOL IS GC Now !!!!
2017-08-25 00:57:02	The inventorydepth POOL IS GC Now !!!!
2017-08-25 00:57:02	The bgqueue POOL IS GC Now !!!!
2017-08-25 00:57:03	The misctask POOL IS GC Now !!!!
2017-08-25 00:59:12	The financecronjobdomainqueue POOL IS GC Now !!!!
2017-08-25 01:17:50	The autochk POOL IS GC Now !!!!
2017-08-25 01:18:11	The autodly POOL IS GC Now !!!!
2017-08-25 01:46:32	The dataquerybywhole POOL IS GC Now !!!!
2017-08-25 01:47:30	The createfile POOL IS GC Now !!!!
2017-08-25 01:47:47	The dataquerybyquicksheet POOL IS GC Now !!!!
2017-08-25 01:47:50	The autochk POOL IS GC Now !!!!
2017-08-25 01:47:52	The dataquerybysheet POOL IS GC Now !!!!
2017-08-25 01:48:09	The exportsplit POOL IS GC Now !!!!
2017-08-25 01:48:11	The autodly POOL IS GC Now !!!!
2017-08-25 01:48:30	The bgqueuedomainqueue POOL IS GC Now !!!!
2017-08-25 01:48:35	The misctaskdomainqueue POOL IS GC Now !!!!
2017-08-25 01:54:47	The inventorydepthdomainqueue POOL IS GC Now !!!!
2017-08-25 01:57:01	The financecronjob POOL IS GC Now !!!!
2017-08-25 01:57:02	The bgqueue POOL IS GC Now !!!!
2017-08-25 01:57:02	The inventorydepth POOL IS GC Now !!!!
2017-08-25 01:57:03	The misctask POOL IS GC Now !!!!
2017-08-25 01:59:12	The financecronjobdomainqueue POOL IS GC Now !!!!
2017-08-25 02:17:50	The autochk POOL IS GC Now !!!!
2017-08-25 02:18:11	The autodly POOL IS GC Now !!!!
2017-08-25 02:47:30	The createfile POOL IS GC Now !!!!
2017-08-25 02:47:47	The dataquerybyquicksheet POOL IS GC Now !!!!
2017-08-25 02:47:50	The autochk POOL IS GC Now !!!!
2017-08-25 02:47:52	The dataquerybysheet POOL IS GC Now !!!!
2017-08-25 02:48:09	The exportsplit POOL IS GC Now !!!!
2017-08-25 02:48:11	The autodly POOL IS GC Now !!!!
2017-08-25 02:48:30	The bgqueuedomainqueue POOL IS GC Now !!!!
2017-08-25 02:48:35	The misctaskdomainqueue POOL IS GC Now !!!!
2017-08-25 02:54:47	The inventorydepthdomainqueue POOL IS GC Now !!!!
2017-08-25 02:57:01	The financecronjob POOL IS GC Now !!!!
2017-08-25 02:57:02	The inventorydepth POOL IS GC Now !!!!
2017-08-25 02:57:02	The bgqueue POOL IS GC Now !!!!
2017-08-25 02:57:03	The misctask POOL IS GC Now !!!!
2017-08-25 02:59:12	The financecronjobdomainqueue POOL IS GC Now !!!!
2017-08-25 03:17:50	The autochk POOL IS GC Now !!!!
2017-08-25 03:18:11	The autodly POOL IS GC Now !!!!
2017-08-25 03:46:32	The dataquerybywhole POOL IS GC Now !!!!
2017-08-25 03:47:30	The createfile POOL IS GC Now !!!!
2017-08-25 03:47:47	The dataquerybyquicksheet POOL IS GC Now !!!!
2017-08-25 03:47:50	The autochk POOL IS GC Now !!!!
2017-08-25 03:47:52	The dataquerybysheet POOL IS GC Now !!!!
2017-08-25 03:48:09	The exportsplit POOL IS GC Now !!!!
2017-08-25 03:48:11	The autodly POOL IS GC Now !!!!
2017-08-25 03:48:30	The bgqueuedomainqueue POOL IS GC Now !!!!
2017-08-25 03:48:35	The misctaskdomainqueue POOL IS GC Now !!!!
2017-08-25 03:54:47	The inventorydepthdomainqueue POOL IS GC Now !!!!
2017-08-25 03:57:01	The financecronjob POOL IS GC Now !!!!
2017-08-25 03:57:02	The bgqueue POOL IS GC Now !!!!
2017-08-25 03:57:02	The inventorydepth POOL IS GC Now !!!!
2017-08-25 03:57:03	The misctask POOL IS GC Now !!!!
2017-08-25 03:59:12	The financecronjobdomainqueue POOL IS GC Now !!!!
2017-08-25 04:17:50	The autochk POOL IS GC Now !!!!
2017-08-25 04:18:11	The autodly POOL IS GC Now !!!!
2017-08-25 04:47:30	The createfile POOL IS GC Now !!!!
2017-08-25 04:47:47	The dataquerybyquicksheet POOL IS GC Now !!!!
2017-08-25 04:47:50	The autochk POOL IS GC Now !!!!
2017-08-25 04:47:52	The dataquerybysheet POOL IS GC Now !!!!
2017-08-25 04:48:09	The exportsplit POOL IS GC Now !!!!
2017-08-25 04:48:11	The autodly POOL IS GC Now !!!!
2017-08-25 04:48:30	The bgqueuedomainqueue POOL IS GC Now !!!!
2017-08-25 04:48:35	The misctaskdomainqueue POOL IS GC Now !!!!
2017-08-25 04:54:47	The inventorydepthdomainqueue POOL IS GC Now !!!!
2017-08-25 04:57:01	The financecronjob POOL IS GC Now !!!!
2017-08-25 04:57:02	The bgqueue POOL IS GC Now !!!!
2017-08-25 04:57:02	The inventorydepth POOL IS GC Now !!!!
2017-08-25 04:57:03	The misctask POOL IS GC Now !!!!
2017-08-25 04:59:12	The financecronjobdomainqueue POOL IS GC Now !!!!
2017-08-25 05:17:50	The autochk POOL IS GC Now !!!!
2017-08-25 05:18:11	The autodly POOL IS GC Now !!!!
2017-08-25 05:46:32	The dataquerybywhole POOL IS GC Now !!!!
2017-08-25 05:47:30	The createfile POOL IS GC Now !!!!
2017-08-25 05:47:47	The dataquerybyquicksheet POOL IS GC Now !!!!
2017-08-25 05:47:50	The autochk POOL IS GC Now !!!!
2017-08-25 05:47:52	The dataquerybysheet POOL IS GC Now !!!!
2017-08-25 05:48:09	The exportsplit POOL IS GC Now !!!!
2017-08-25 05:48:11	The autodly POOL IS GC Now !!!!
2017-08-25 05:48:30	The bgqueuedomainqueue POOL IS GC Now !!!!
2017-08-25 05:48:35	The misctaskdomainqueue POOL IS GC Now !!!!
2017-08-25 05:54:47	The inventorydepthdomainqueue POOL IS GC Now !!!!
2017-08-25 05:57:01	The financecronjob POOL IS GC Now !!!!
2017-08-25 05:57:02	The inventorydepth POOL IS GC Now !!!!
2017-08-25 05:57:02	The bgqueue POOL IS GC Now !!!!
2017-08-25 05:57:03	The misctask POOL IS GC Now !!!!
2017-08-25 05:59:12	The financecronjobdomainqueue POOL IS GC Now !!!!
2017-08-25 06:17:50	The autochk POOL IS GC Now !!!!
2017-08-25 06:18:11	The autodly POOL IS GC Now !!!!
2017-08-25 06:47:30	The createfile POOL IS GC Now !!!!
2017-08-25 06:47:47	The dataquerybyquicksheet POOL IS GC Now !!!!
2017-08-25 06:47:50	The autochk POOL IS GC Now !!!!
2017-08-25 06:47:52	The dataquerybysheet POOL IS GC Now !!!!
2017-08-25 06:48:09	The exportsplit POOL IS GC Now !!!!
2017-08-25 06:48:11	The autodly POOL IS GC Now !!!!
2017-08-25 06:48:30	The bgqueuedomainqueue POOL IS GC Now !!!!
2017-08-25 06:48:35	The misctaskdomainqueue POOL IS GC Now !!!!
2017-08-25 06:54:47	The inventorydepthdomainqueue POOL IS GC Now !!!!
2017-08-25 06:57:01	The financecronjob POOL IS GC Now !!!!
2017-08-25 06:57:02	The bgqueue POOL IS GC Now !!!!
2017-08-25 06:57:02	The inventorydepth POOL IS GC Now !!!!
2017-08-25 06:57:03	The misctask POOL IS GC Now !!!!
2017-08-25 06:59:12	The financecronjobdomainqueue POOL IS GC Now !!!!
2017-08-25 07:17:50	The autochk POOL IS GC Now !!!!
2017-08-25 07:18:11	The autodly POOL IS GC Now !!!!
2017-08-25 07:46:32	The dataquerybywhole POOL IS GC Now !!!!
2017-08-25 07:47:30	The createfile POOL IS GC Now !!!!
2017-08-25 07:47:47	The dataquerybyquicksheet POOL IS GC Now !!!!
2017-08-25 07:47:50	The autochk POOL IS GC Now !!!!
2017-08-25 07:47:52	The dataquerybysheet POOL IS GC Now !!!!
2017-08-25 07:48:09	The exportsplit POOL IS GC Now !!!!
2017-08-25 07:48:11	The autodly POOL IS GC Now !!!!
2017-08-25 07:48:30	The bgqueuedomainqueue POOL IS GC Now !!!!
2017-08-25 07:48:35	The misctaskdomainqueue POOL IS GC Now !!!!
2017-08-25 07:54:47	The inventorydepthdomainqueue POOL IS GC Now !!!!
2017-08-25 07:57:01	The financecronjob POOL IS GC Now !!!!
2017-08-25 07:57:02	The inventorydepth POOL IS GC Now !!!!
2017-08-25 07:57:02	The bgqueue POOL IS GC Now !!!!
2017-08-25 07:57:03	The misctask POOL IS GC Now !!!!
2017-08-25 07:59:12	The financecronjobdomainqueue POOL IS GC Now !!!!
2017-08-25 08:17:50	The autochk POOL IS GC Now !!!!
2017-08-25 08:18:11	The autodly POOL IS GC Now !!!!
2017-08-25 08:47:30	The createfile POOL IS GC Now !!!!
2017-08-25 08:47:47	The dataquerybyquicksheet POOL IS GC Now !!!!
2017-08-25 08:47:50	The autochk POOL IS GC Now !!!!
2017-08-25 08:47:52	The dataquerybysheet POOL IS GC Now !!!!
2017-08-25 08:48:09	The exportsplit POOL IS GC Now !!!!
2017-08-25 08:48:11	The autodly POOL IS GC Now !!!!
2017-08-25 08:48:30	The bgqueuedomainqueue POOL IS GC Now !!!!
2017-08-25 08:48:35	The misctaskdomainqueue POOL IS GC Now !!!!
2017-08-25 08:54:47	The inventorydepthdomainqueue POOL IS GC Now !!!!
2017-08-25 08:57:01	The financecronjob POOL IS GC Now !!!!
2017-08-25 08:57:02	The bgqueue POOL IS GC Now !!!!
2017-08-25 08:57:02	The inventorydepth POOL IS GC Now !!!!
2017-08-25 08:57:03	The misctask POOL IS GC Now !!!!
2017-08-25 08:59:12	The financecronjobdomainqueue POOL IS GC Now !!!!
2017-08-25 09:17:50	The autochk POOL IS GC Now !!!!
2017-08-25 09:18:11	The autodly POOL IS GC Now !!!!
2017-08-25 09:46:32	The dataquerybywhole POOL IS GC Now !!!!
2017-08-25 09:47:30	The createfile POOL IS GC Now !!!!
2017-08-25 09:47:47	The dataquerybyquicksheet POOL IS GC Now !!!!
2017-08-25 09:47:50	The autochk POOL IS GC Now !!!!
2017-08-25 09:47:52	The dataquerybysheet POOL IS GC Now !!!!
2017-08-25 09:48:09	The exportsplit POOL IS GC Now !!!!
2017-08-25 09:48:11	The autodly POOL IS GC Now !!!!
2017-08-25 09:48:30	The bgqueuedomainqueue POOL IS GC Now !!!!
2017-08-25 09:48:35	The misctaskdomainqueue POOL IS GC Now !!!!
2017-08-25 09:54:47	The inventorydepthdomainqueue POOL IS GC Now !!!!
2017-08-25 09:57:01	The financecronjob POOL IS GC Now !!!!
2017-08-25 09:57:02	The inventorydepth POOL IS GC Now !!!!
2017-08-25 09:57:02	The bgqueue POOL IS GC Now !!!!
2017-08-25 09:57:03	The misctask POOL IS GC Now !!!!
2017-08-25 09:59:12	The financecronjobdomainqueue POOL IS GC Now !!!!
2017-08-25 10:17:50	The autochk POOL IS GC Now !!!!
2017-08-25 10:18:11	The autodly POOL IS GC Now !!!!
2017-08-25 10:47:30	The createfile POOL IS GC Now !!!!
2017-08-25 10:47:47	The dataquerybyquicksheet POOL IS GC Now !!!!
2017-08-25 10:47:50	The autochk POOL IS GC Now !!!!
2017-08-25 10:47:52	The dataquerybysheet POOL IS GC Now !!!!
2017-08-25 10:48:09	The exportsplit POOL IS GC Now !!!!
2017-08-25 10:48:11	The autodly POOL IS GC Now !!!!
2017-08-25 10:48:30	The bgqueuedomainqueue POOL IS GC Now !!!!
2017-08-25 10:48:35	The misctaskdomainqueue POOL IS GC Now !!!!
2017-08-25 10:54:47	The inventorydepthdomainqueue POOL IS GC Now !!!!
2017-08-25 10:57:01	The financecronjob POOL IS GC Now !!!!
2017-08-25 10:57:02	The inventorydepth POOL IS GC Now !!!!
2017-08-25 10:57:02	The bgqueue POOL IS GC Now !!!!
2017-08-25 10:57:03	The misctask POOL IS GC Now !!!!
2017-08-25 10:59:12	The financecronjobdomainqueue POOL IS GC Now !!!!
2017-08-25 11:17:50	The autochk POOL IS GC Now !!!!
2017-08-25 11:18:11	The autodly POOL IS GC Now !!!!
2017-08-25 11:46:32	The dataquerybywhole POOL IS GC Now !!!!
2017-08-25 11:47:30	The createfile POOL IS GC Now !!!!
2017-08-25 11:47:47	The dataquerybyquicksheet POOL IS GC Now !!!!
2017-08-25 11:47:50	The autochk POOL IS GC Now !!!!
2017-08-25 11:47:52	The dataquerybysheet POOL IS GC Now !!!!
2017-08-25 11:48:09	The exportsplit POOL IS GC Now !!!!
2017-08-25 11:48:11	The autodly POOL IS GC Now !!!!
2017-08-25 11:48:30	The bgqueuedomainqueue POOL IS GC Now !!!!
2017-08-25 11:48:35	The misctaskdomainqueue POOL IS GC Now !!!!
2017-08-25 11:54:47	The inventorydepthdomainqueue POOL IS GC Now !!!!
2017-08-25 11:57:01	The financecronjob POOL IS GC Now !!!!
2017-08-25 11:57:02	The inventorydepth POOL IS GC Now !!!!
2017-08-25 11:57:02	The bgqueue POOL IS GC Now !!!!
2017-08-25 11:57:03	The misctask POOL IS GC Now !!!!
2017-08-25 11:59:12	The financecronjobdomainqueue POOL IS GC Now !!!!
2017-08-25 12:17:50	The autochk POOL IS GC Now !!!!
2017-08-25 12:18:11	The autodly POOL IS GC Now !!!!
2017-08-25 12:47:30	The createfile POOL IS GC Now !!!!
2017-08-25 12:47:47	The dataquerybyquicksheet POOL IS GC Now !!!!
2017-08-25 12:47:50	The autochk POOL IS GC Now !!!!
2017-08-25 12:47:52	The dataquerybysheet POOL IS GC Now !!!!
2017-08-25 12:48:09	The exportsplit POOL IS GC Now !!!!
2017-08-25 12:48:11	The autodly POOL IS GC Now !!!!
2017-08-25 12:48:30	The bgqueuedomainqueue POOL IS GC Now !!!!
2017-08-25 12:48:35	The misctaskdomainqueue POOL IS GC Now !!!!
2017-08-25 12:54:47	The inventorydepthdomainqueue POOL IS GC Now !!!!
2017-08-25 12:57:01	The financecronjob POOL IS GC Now !!!!
2017-08-25 12:57:02	The bgqueue POOL IS GC Now !!!!
2017-08-25 12:57:02	The inventorydepth POOL IS GC Now !!!!
2017-08-25 12:57:03	The misctask POOL IS GC Now !!!!
2017-08-25 12:59:12	The financecronjobdomainqueue POOL IS GC Now !!!!
2017-08-25 13:17:50	The autochk POOL IS GC Now !!!!
2017-08-25 13:18:11	The autodly POOL IS GC Now !!!!
2017-08-25 13:46:32	The dataquerybywhole POOL IS GC Now !!!!
2017-08-25 13:47:30	The createfile POOL IS GC Now !!!!
2017-08-25 13:47:48	The dataquerybyquicksheet POOL IS GC Now !!!!
2017-08-25 13:47:50	The autochk POOL IS GC Now !!!!
2017-08-25 13:47:52	The dataquerybysheet POOL IS GC Now !!!!
2017-08-25 13:48:10	The exportsplit POOL IS GC Now !!!!
2017-08-25 13:48:11	The autodly POOL IS GC Now !!!!
2017-08-25 13:48:30	The bgqueuedomainqueue POOL IS GC Now !!!!
2017-08-25 13:48:35	The misctaskdomainqueue POOL IS GC Now !!!!
2017-08-25 13:54:47	The inventorydepthdomainqueue POOL IS GC Now !!!!
2017-08-25 13:57:01	The financecronjob POOL IS GC Now !!!!
2017-08-25 13:57:02	The inventorydepth POOL IS GC Now !!!!
2017-08-25 13:57:02	The bgqueue POOL IS GC Now !!!!
2017-08-25 13:57:03	The misctask POOL IS GC Now !!!!
2017-08-25 13:59:12	The financecronjobdomainqueue POOL IS GC Now !!!!
2017-08-25 14:17:50	The autochk POOL IS GC Now !!!!
2017-08-25 14:18:11	The autodly POOL IS GC Now !!!!
2017-08-25 14:47:30	The createfile POOL IS GC Now !!!!
2017-08-25 14:47:48	The dataquerybyquicksheet POOL IS GC Now !!!!
2017-08-25 14:47:50	The autochk POOL IS GC Now !!!!
2017-08-25 14:47:52	The dataquerybysheet POOL IS GC Now !!!!
2017-08-25 14:48:10	The exportsplit POOL IS GC Now !!!!
2017-08-25 14:48:11	The autodly POOL IS GC Now !!!!
2017-08-25 14:48:30	The bgqueuedomainqueue POOL IS GC Now !!!!
2017-08-25 14:48:35	The misctaskdomainqueue POOL IS GC Now !!!!
2017-08-25 14:54:47	The inventorydepthdomainqueue POOL IS GC Now !!!!
2017-08-25 14:57:01	The financecronjob POOL IS GC Now !!!!
2017-08-25 14:57:02	The inventorydepth POOL IS GC Now !!!!
2017-08-25 14:57:02	The bgqueue POOL IS GC Now !!!!
2017-08-25 14:57:03	The misctask POOL IS GC Now !!!!
2017-08-25 14:59:12	The financecronjobdomainqueue POOL IS GC Now !!!!
2017-08-25 15:17:50	The autochk POOL IS GC Now !!!!
2017-08-25 15:18:11	The autodly POOL IS GC Now !!!!
2017-08-25 15:46:32	The dataquerybywhole POOL IS GC Now !!!!
2017-08-25 15:47:30	The createfile POOL IS GC Now !!!!
2017-08-25 15:47:48	The dataquerybyquicksheet POOL IS GC Now !!!!
2017-08-25 15:47:50	The autochk POOL IS GC Now !!!!
2017-08-25 15:47:52	The dataquerybysheet POOL IS GC Now !!!!
2017-08-25 15:48:10	The exportsplit POOL IS GC Now !!!!
2017-08-25 15:48:11	The autodly POOL IS GC Now !!!!
2017-08-25 15:48:30	The bgqueuedomainqueue POOL IS GC Now !!!!
2017-08-25 15:48:35	The misctaskdomainqueue POOL IS GC Now !!!!
2017-08-25 15:54:47	The inventorydepthdomainqueue POOL IS GC Now !!!!
2017-08-25 15:57:01	The financecronjob POOL IS GC Now !!!!
2017-08-25 15:57:02	The inventorydepth POOL IS GC Now !!!!
2017-08-25 15:57:02	The bgqueue POOL IS GC Now !!!!
2017-08-25 15:57:03	The misctask POOL IS GC Now !!!!
2017-08-25 15:59:12	The financecronjobdomainqueue POOL IS GC Now !!!!
2017-08-25 16:17:50	The autochk POOL IS GC Now !!!!
2017-08-25 16:18:11	The autodly POOL IS GC Now !!!!
2017-08-25 16:47:30	The createfile POOL IS GC Now !!!!
2017-08-25 16:47:48	The dataquerybyquicksheet POOL IS GC Now !!!!
2017-08-25 16:47:50	The autochk POOL IS GC Now !!!!
2017-08-25 16:47:52	The dataquerybysheet POOL IS GC Now !!!!
2017-08-25 16:48:10	The exportsplit POOL IS GC Now !!!!
2017-08-25 16:48:11	The autodly POOL IS GC Now !!!!
2017-08-25 16:48:30	The bgqueuedomainqueue POOL IS GC Now !!!!
2017-08-25 16:48:35	The misctaskdomainqueue POOL IS GC Now !!!!
2017-08-25 16:54:47	The inventorydepthdomainqueue POOL IS GC Now !!!!
2017-08-25 16:57:01	The financecronjob POOL IS GC Now !!!!
2017-08-25 16:57:02	The bgqueue POOL IS GC Now !!!!
2017-08-25 16:57:02	The inventorydepth POOL IS GC Now !!!!
2017-08-25 16:57:03	The misctask POOL IS GC Now !!!!
2017-08-25 16:59:12	The financecronjobdomainqueue POOL IS GC Now !!!!
2017-08-25 17:17:50	The autochk POOL IS GC Now !!!!
2017-08-25 17:18:11	The autodly POOL IS GC Now !!!!
2017-08-25 17:46:32	The dataquerybywhole POOL IS GC Now !!!!
2017-08-25 17:47:30	The createfile POOL IS GC Now !!!!
2017-08-25 17:47:48	The dataquerybyquicksheet POOL IS GC Now !!!!
2017-08-25 17:47:50	The autochk POOL IS GC Now !!!!
2017-08-25 17:47:52	The dataquerybysheet POOL IS GC Now !!!!
2017-08-25 17:48:10	The exportsplit POOL IS GC Now !!!!
2017-08-25 17:48:11	The autodly POOL IS GC Now !!!!
2017-08-25 17:48:30	The bgqueuedomainqueue POOL IS GC Now !!!!
2017-08-25 17:48:35	The misctaskdomainqueue POOL IS GC Now !!!!
2017-08-25 17:54:47	The inventorydepthdomainqueue POOL IS GC Now !!!!
2017-08-25 17:57:01	The financecronjob POOL IS GC Now !!!!
2017-08-25 17:57:02	The inventorydepth POOL IS GC Now !!!!
2017-08-25 17:57:02	The bgqueue POOL IS GC Now !!!!
2017-08-25 17:57:03	The misctask POOL IS GC Now !!!!
2017-08-25 17:59:12	The financecronjobdomainqueue POOL IS GC Now !!!!
2017-08-25 18:17:50	The autochk POOL IS GC Now !!!!
2017-08-25 18:18:11	The autodly POOL IS GC Now !!!!
2017-08-25 18:47:30	The createfile POOL IS GC Now !!!!
2017-08-25 18:47:48	The dataquerybyquicksheet POOL IS GC Now !!!!
2017-08-25 18:47:50	The autochk POOL IS GC Now !!!!
2017-08-25 18:47:52	The dataquerybysheet POOL IS GC Now !!!!
2017-08-25 18:48:10	The exportsplit POOL IS GC Now !!!!
2017-08-25 18:48:11	The autodly POOL IS GC Now !!!!
2017-08-25 18:48:30	The bgqueuedomainqueue POOL IS GC Now !!!!
2017-08-25 18:48:35	The misctaskdomainqueue POOL IS GC Now !!!!
2017-08-25 18:54:47	The inventorydepthdomainqueue POOL IS GC Now !!!!
2017-08-25 18:57:01	The financecronjob POOL IS GC Now !!!!
2017-08-25 18:57:02	The inventorydepth POOL IS GC Now !!!!
2017-08-25 18:57:02	The bgqueue POOL IS GC Now !!!!
2017-08-25 18:57:03	The misctask POOL IS GC Now !!!!
2017-08-25 18:59:12	The financecronjobdomainqueue POOL IS GC Now !!!!
2017-08-25 19:17:50	The autochk POOL IS GC Now !!!!
2017-08-25 19:18:11	The autodly POOL IS GC Now !!!!
2017-08-25 19:46:32	The dataquerybywhole POOL IS GC Now !!!!
2017-08-25 19:47:30	The createfile POOL IS GC Now !!!!
2017-08-25 19:47:48	The dataquerybyquicksheet POOL IS GC Now !!!!
2017-08-25 19:47:50	The autochk POOL IS GC Now !!!!
2017-08-25 19:47:52	The dataquerybysheet POOL IS GC Now !!!!
2017-08-25 19:48:10	The exportsplit POOL IS GC Now !!!!
2017-08-25 19:48:11	The autodly POOL IS GC Now !!!!
2017-08-25 19:48:30	The bgqueuedomainqueue POOL IS GC Now !!!!
2017-08-25 19:48:35	The misctaskdomainqueue POOL IS GC Now !!!!
2017-08-25 19:54:47	The inventorydepthdomainqueue POOL IS GC Now !!!!
2017-08-25 19:57:01	The financecronjob POOL IS GC Now !!!!
2017-08-25 19:57:02	The inventorydepth POOL IS GC Now !!!!
2017-08-25 19:57:02	The bgqueue POOL IS GC Now !!!!
2017-08-25 19:57:03	The misctask POOL IS GC Now !!!!
2017-08-25 19:59:12	The financecronjobdomainqueue POOL IS GC Now !!!!
2017-08-25 20:17:50	The autochk POOL IS GC Now !!!!
2017-08-25 20:18:11	The autodly POOL IS GC Now !!!!
2017-08-25 20:47:30	The createfile POOL IS GC Now !!!!
2017-08-25 20:47:48	The dataquerybyquicksheet POOL IS GC Now !!!!
2017-08-25 20:47:50	The autochk POOL IS GC Now !!!!
2017-08-25 20:47:52	The dataquerybysheet POOL IS GC Now !!!!
2017-08-25 20:48:11	The exportsplit POOL IS GC Now !!!!
2017-08-25 20:48:11	The autodly POOL IS GC Now !!!!
2017-08-25 20:48:30	The bgqueuedomainqueue POOL IS GC Now !!!!
2017-08-25 20:48:35	The misctaskdomainqueue POOL IS GC Now !!!!
2017-08-25 20:54:47	The inventorydepthdomainqueue POOL IS GC Now !!!!
2017-08-25 20:57:01	The financecronjob POOL IS GC Now !!!!
2017-08-25 20:57:02	The inventorydepth POOL IS GC Now !!!!
2017-08-25 20:57:02	The bgqueue POOL IS GC Now !!!!
2017-08-25 20:57:03	The misctask POOL IS GC Now !!!!
2017-08-25 20:59:12	The financecronjobdomainqueue POOL IS GC Now !!!!
2017-08-25 21:17:50	The autochk POOL IS GC Now !!!!
2017-08-25 21:18:11	The autodly POOL IS GC Now !!!!
2017-08-25 21:46:32	The dataquerybywhole POOL IS GC Now !!!!
2017-08-25 21:47:30	The createfile POOL IS GC Now !!!!
2017-08-25 21:47:48	The dataquerybyquicksheet POOL IS GC Now !!!!
2017-08-25 21:47:50	The autochk POOL IS GC Now !!!!
2017-08-25 21:47:52	The dataquerybysheet POOL IS GC Now !!!!
2017-08-25 21:48:11	The autodly POOL IS GC Now !!!!
2017-08-25 21:48:11	The exportsplit POOL IS GC Now !!!!
2017-08-25 21:48:30	The bgqueuedomainqueue POOL IS GC Now !!!!
2017-08-25 21:48:35	The misctaskdomainqueue POOL IS GC Now !!!!
2017-08-25 21:54:47	The inventorydepthdomainqueue POOL IS GC Now !!!!
2017-08-25 21:57:01	The financecronjob POOL IS GC Now !!!!
2017-08-25 21:57:02	The bgqueue POOL IS GC Now !!!!
2017-08-25 21:57:02	The inventorydepth POOL IS GC Now !!!!
2017-08-25 21:57:03	The misctask POOL IS GC Now !!!!
2017-08-25 21:59:12	The financecronjobdomainqueue POOL IS GC Now !!!!
2017-08-25 22:17:50	The autochk POOL IS GC Now !!!!
2017-08-25 22:18:11	The autodly POOL IS GC Now !!!!
2017-08-25 22:47:30	The createfile POOL IS GC Now !!!!
2017-08-25 22:47:48	The dataquerybyquicksheet POOL IS GC Now !!!!
2017-08-25 22:47:50	The autochk POOL IS GC Now !!!!
2017-08-25 22:47:52	The dataquerybysheet POOL IS GC Now !!!!
2017-08-25 22:48:11	The autodly POOL IS GC Now !!!!
2017-08-25 22:48:11	The exportsplit POOL IS GC Now !!!!
2017-08-25 22:48:30	The bgqueuedomainqueue POOL IS GC Now !!!!
2017-08-25 22:48:35	The misctaskdomainqueue POOL IS GC Now !!!!
2017-08-25 22:54:47	The inventorydepthdomainqueue POOL IS GC Now !!!!
2017-08-25 22:57:01	The financecronjob POOL IS GC Now !!!!
2017-08-25 22:57:02	The inventorydepth POOL IS GC Now !!!!
2017-08-25 22:57:02	The bgqueue POOL IS GC Now !!!!
2017-08-25 22:57:03	The misctask POOL IS GC Now !!!!
2017-08-25 22:59:12	The financecronjobdomainqueue POOL IS GC Now !!!!
2017-08-25 23:17:50	The autochk POOL IS GC Now !!!!
2017-08-25 23:18:11	The autodly POOL IS GC Now !!!!
2017-08-25 23:46:32	The dataquerybywhole POOL IS GC Now !!!!
2017-08-25 23:47:30	The createfile POOL IS GC Now !!!!
2017-08-25 23:47:48	The dataquerybyquicksheet POOL IS GC Now !!!!
2017-08-25 23:47:50	The autochk POOL IS GC Now !!!!
2017-08-25 23:47:52	The dataquerybysheet POOL IS GC Now !!!!
2017-08-25 23:48:11	The autodly POOL IS GC Now !!!!
2017-08-25 23:48:11	The exportsplit POOL IS GC Now !!!!
2017-08-25 23:48:30	The bgqueuedomainqueue POOL IS GC Now !!!!
2017-08-25 23:48:35	The misctaskdomainqueue POOL IS GC Now !!!!
2017-08-25 23:54:47	The inventorydepthdomainqueue POOL IS GC Now !!!!
2017-08-25 23:57:01	The financecronjob POOL IS GC Now !!!!
2017-08-25 23:57:02	The inventorydepth POOL IS GC Now !!!!
2017-08-25 23:57:02	The bgqueue POOL IS GC Now !!!!
2017-08-25 23:57:03	The misctask POOL IS GC Now !!!!
2017-08-25 23:59:12	The financecronjobdomainqueue POOL IS GC Now !!!!
