2017-08-26 00:17:50	The autochk POOL IS GC Now !!!!
2017-08-26 00:18:11	The autodly POOL IS GC Now !!!!
2017-08-26 00:47:30	The createfile POOL IS GC Now !!!!
2017-08-26 00:47:48	The dataquerybyquicksheet POOL IS GC Now !!!!
2017-08-26 00:47:50	The autochk POOL IS GC Now !!!!
2017-08-26 00:47:52	The dataquerybysheet POOL IS GC Now !!!!
2017-08-26 00:48:11	The autodly POOL IS GC Now !!!!
2017-08-26 00:48:11	The exportsplit POOL IS GC Now !!!!
2017-08-26 00:48:30	The bgqueuedomainqueue POOL IS GC Now !!!!
2017-08-26 00:48:35	The misctaskdomainqueue POOL IS GC Now !!!!
2017-08-26 00:54:47	The inventorydepthdomainqueue POOL IS GC Now !!!!
2017-08-26 00:57:01	The financecronjob POOL IS GC Now !!!!
2017-08-26 00:57:02	The inventorydepth POOL IS GC Now !!!!
2017-08-26 00:57:02	The bgqueue POOL IS GC Now !!!!
2017-08-26 00:57:03	The misctask POOL IS GC Now !!!!
2017-08-26 00:59:12	The financecronjobdomainqueue POOL IS GC Now !!!!
2017-08-26 01:17:50	The autochk POOL IS GC Now !!!!
2017-08-26 01:18:11	The autodly POOL IS GC Now !!!!
2017-08-26 01:46:32	The dataquerybywhole POOL IS GC Now !!!!
2017-08-26 01:47:30	The createfile POOL IS GC Now !!!!
2017-08-26 01:47:48	The dataquerybyquicksheet POOL IS GC Now !!!!
2017-08-26 01:47:50	The autochk POOL IS GC Now !!!!
2017-08-26 01:47:52	The dataquerybysheet POOL IS GC Now !!!!
2017-08-26 01:48:11	The autodly POOL IS GC Now !!!!
2017-08-26 01:48:11	The exportsplit POOL IS GC Now !!!!
2017-08-26 01:48:30	The bgqueuedomainqueue POOL IS GC Now !!!!
2017-08-26 01:48:35	The misctaskdomainqueue POOL IS GC Now !!!!
2017-08-26 01:54:47	The inventorydepthdomainqueue POOL IS GC Now !!!!
2017-08-26 01:57:01	The financecronjob POOL IS GC Now !!!!
2017-08-26 01:57:02	The inventorydepth POOL IS GC Now !!!!
2017-08-26 01:57:02	The bgqueue POOL IS GC Now !!!!
2017-08-26 01:57:03	The misctask POOL IS GC Now !!!!
2017-08-26 01:59:12	The financecronjobdomainqueue POOL IS GC Now !!!!
2017-08-26 02:17:50	The autochk POOL IS GC Now !!!!
2017-08-26 02:18:11	The autodly POOL IS GC Now !!!!
2017-08-26 02:47:30	The createfile POOL IS GC Now !!!!
2017-08-26 02:47:48	The dataquerybyquicksheet POOL IS GC Now !!!!
2017-08-26 02:47:50	The autochk POOL IS GC Now !!!!
2017-08-26 02:47:52	The dataquerybysheet POOL IS GC Now !!!!
2017-08-26 02:48:11	The autodly POOL IS GC Now !!!!
2017-08-26 02:48:11	The exportsplit POOL IS GC Now !!!!
2017-08-26 02:48:30	The bgqueuedomainqueue POOL IS GC Now !!!!
2017-08-26 02:48:35	The misctaskdomainqueue POOL IS GC Now !!!!
2017-08-26 02:54:47	The inventorydepthdomainqueue POOL IS GC Now !!!!
2017-08-26 02:57:01	The financecronjob POOL IS GC Now !!!!
2017-08-26 02:57:02	The inventorydepth POOL IS GC Now !!!!
2017-08-26 02:57:02	The bgqueue POOL IS GC Now !!!!
2017-08-26 02:57:03	The misctask POOL IS GC Now !!!!
2017-08-26 02:59:12	The financecronjobdomainqueue POOL IS GC Now !!!!
2017-08-26 03:17:50	The autochk POOL IS GC Now !!!!
2017-08-26 03:18:11	The autodly POOL IS GC Now !!!!
2017-08-26 03:46:32	The dataquerybywhole POOL IS GC Now !!!!
2017-08-26 03:47:30	The createfile POOL IS GC Now !!!!
2017-08-26 03:47:48	The dataquerybyquicksheet POOL IS GC Now !!!!
2017-08-26 03:47:50	The autochk POOL IS GC Now !!!!
2017-08-26 03:47:52	The dataquerybysheet POOL IS GC Now !!!!
2017-08-26 03:48:11	The autodly POOL IS GC Now !!!!
2017-08-26 03:48:11	The exportsplit POOL IS GC Now !!!!
2017-08-26 03:48:30	The bgqueuedomainqueue POOL IS GC Now !!!!
2017-08-26 03:48:35	The misctaskdomainqueue POOL IS GC Now !!!!
2017-08-26 03:54:47	The inventorydepthdomainqueue POOL IS GC Now !!!!
2017-08-26 03:57:01	The financecronjob POOL IS GC Now !!!!
2017-08-26 03:57:02	The bgqueue POOL IS GC Now !!!!
2017-08-26 03:57:02	The inventorydepth POOL IS GC Now !!!!
2017-08-26 03:57:03	The misctask POOL IS GC Now !!!!
2017-08-26 03:59:12	The financecronjobdomainqueue POOL IS GC Now !!!!
2017-08-26 04:17:50	The autochk POOL IS GC Now !!!!
2017-08-26 04:18:11	The autodly POOL IS GC Now !!!!
2017-08-26 04:47:30	The createfile POOL IS GC Now !!!!
2017-08-26 04:47:48	The dataquerybyquicksheet POOL IS GC Now !!!!
2017-08-26 04:47:50	The autochk POOL IS GC Now !!!!
2017-08-26 04:47:52	The dataquerybysheet POOL IS GC Now !!!!
2017-08-26 04:48:11	The autodly POOL IS GC Now !!!!
2017-08-26 04:48:11	The exportsplit POOL IS GC Now !!!!
2017-08-26 04:48:30	The bgqueuedomainqueue POOL IS GC Now !!!!
2017-08-26 04:48:35	The misctaskdomainqueue POOL IS GC Now !!!!
2017-08-26 04:54:47	The inventorydepthdomainqueue POOL IS GC Now !!!!
2017-08-26 04:57:01	The financecronjob POOL IS GC Now !!!!
2017-08-26 04:57:02	The inventorydepth POOL IS GC Now !!!!
2017-08-26 04:57:02	The bgqueue POOL IS GC Now !!!!
2017-08-26 04:57:03	The misctask POOL IS GC Now !!!!
2017-08-26 04:59:12	The financecronjobdomainqueue POOL IS GC Now !!!!
2017-08-26 05:17:50	The autochk POOL IS GC Now !!!!
2017-08-26 05:18:11	The autodly POOL IS GC Now !!!!
2017-08-26 05:46:32	The dataquerybywhole POOL IS GC Now !!!!
2017-08-26 05:47:30	The createfile POOL IS GC Now !!!!
2017-08-26 05:47:48	The dataquerybyquicksheet POOL IS GC Now !!!!
2017-08-26 05:47:50	The autochk POOL IS GC Now !!!!
2017-08-26 05:47:52	The dataquerybysheet POOL IS GC Now !!!!
2017-08-26 05:48:11	The autodly POOL IS GC Now !!!!
2017-08-26 05:48:11	The exportsplit POOL IS GC Now !!!!
2017-08-26 05:48:30	The bgqueuedomainqueue POOL IS GC Now !!!!
2017-08-26 05:48:35	The misctaskdomainqueue POOL IS GC Now !!!!
2017-08-26 05:54:47	The inventorydepthdomainqueue POOL IS GC Now !!!!
2017-08-26 05:57:01	The financecronjob POOL IS GC Now !!!!
2017-08-26 05:57:02	The bgqueue POOL IS GC Now !!!!
2017-08-26 05:57:02	The inventorydepth POOL IS GC Now !!!!
2017-08-26 05:57:03	The misctask POOL IS GC Now !!!!
2017-08-26 05:59:12	The financecronjobdomainqueue POOL IS GC Now !!!!
2017-08-26 06:17:50	The autochk POOL IS GC Now !!!!
2017-08-26 06:18:11	The autodly POOL IS GC Now !!!!
2017-08-26 06:47:30	The createfile POOL IS GC Now !!!!
2017-08-26 06:47:48	The dataquerybyquicksheet POOL IS GC Now !!!!
2017-08-26 06:47:50	The autochk POOL IS GC Now !!!!
2017-08-26 06:47:52	The dataquerybysheet POOL IS GC Now !!!!
2017-08-26 06:48:11	The autodly POOL IS GC Now !!!!
2017-08-26 06:48:11	The exportsplit POOL IS GC Now !!!!
2017-08-26 06:48:30	The bgqueuedomainqueue POOL IS GC Now !!!!
2017-08-26 06:48:35	The misctaskdomainqueue POOL IS GC Now !!!!
2017-08-26 06:54:47	The inventorydepthdomainqueue POOL IS GC Now !!!!
2017-08-26 06:57:01	The financecronjob POOL IS GC Now !!!!
2017-08-26 06:57:02	The inventorydepth POOL IS GC Now !!!!
2017-08-26 06:57:02	The bgqueue POOL IS GC Now !!!!
2017-08-26 06:57:03	The misctask POOL IS GC Now !!!!
2017-08-26 06:59:12	The financecronjobdomainqueue POOL IS GC Now !!!!
2017-08-26 07:17:50	The autochk POOL IS GC Now !!!!
2017-08-26 07:18:11	The autodly POOL IS GC Now !!!!
2017-08-26 07:46:32	The dataquerybywhole POOL IS GC Now !!!!
2017-08-26 07:47:30	The createfile POOL IS GC Now !!!!
2017-08-26 07:47:48	The dataquerybyquicksheet POOL IS GC Now !!!!
2017-08-26 07:47:50	The autochk POOL IS GC Now !!!!
2017-08-26 07:47:52	The dataquerybysheet POOL IS GC Now !!!!
2017-08-26 07:48:11	The exportsplit POOL IS GC Now !!!!
2017-08-26 07:48:11	The autodly POOL IS GC Now !!!!
2017-08-26 07:48:30	The bgqueuedomainqueue POOL IS GC Now !!!!
2017-08-26 07:48:35	The misctaskdomainqueue POOL IS GC Now !!!!
2017-08-26 07:54:47	The inventorydepthdomainqueue POOL IS GC Now !!!!
2017-08-26 07:57:01	The financecronjob POOL IS GC Now !!!!
2017-08-26 07:57:02	The bgqueue POOL IS GC Now !!!!
2017-08-26 07:57:02	The inventorydepth POOL IS GC Now !!!!
2017-08-26 07:57:03	The misctask POOL IS GC Now !!!!
2017-08-26 07:59:12	The financecronjobdomainqueue POOL IS GC Now !!!!
2017-08-26 08:17:50	The autochk POOL IS GC Now !!!!
2017-08-26 08:18:11	The autodly POOL IS GC Now !!!!
2017-08-26 08:47:30	The createfile POOL IS GC Now !!!!
2017-08-26 08:47:48	The dataquerybyquicksheet POOL IS GC Now !!!!
2017-08-26 08:47:50	The autochk POOL IS GC Now !!!!
2017-08-26 08:47:52	The dataquerybysheet POOL IS GC Now !!!!
2017-08-26 08:48:11	The autodly POOL IS GC Now !!!!
2017-08-26 08:48:11	The exportsplit POOL IS GC Now !!!!
2017-08-26 08:48:30	The bgqueuedomainqueue POOL IS GC Now !!!!
2017-08-26 08:48:35	The misctaskdomainqueue POOL IS GC Now !!!!
2017-08-26 08:54:47	The inventorydepthdomainqueue POOL IS GC Now !!!!
2017-08-26 08:57:01	The financecronjob POOL IS GC Now !!!!
2017-08-26 08:57:02	The inventorydepth POOL IS GC Now !!!!
2017-08-26 08:57:02	The bgqueue POOL IS GC Now !!!!
2017-08-26 08:57:03	The misctask POOL IS GC Now !!!!
2017-08-26 08:59:12	The financecronjobdomainqueue POOL IS GC Now !!!!
2017-08-26 09:17:50	The autochk POOL IS GC Now !!!!
2017-08-26 09:18:11	The autodly POOL IS GC Now !!!!
2017-08-26 09:46:32	The dataquerybywhole POOL IS GC Now !!!!
2017-08-26 09:47:30	The createfile POOL IS GC Now !!!!
2017-08-26 09:47:48	The dataquerybyquicksheet POOL IS GC Now !!!!
2017-08-26 09:47:50	The autochk POOL IS GC Now !!!!
2017-08-26 09:47:52	The dataquerybysheet POOL IS GC Now !!!!
2017-08-26 09:48:11	The autodly POOL IS GC Now !!!!
2017-08-26 09:48:11	The exportsplit POOL IS GC Now !!!!
2017-08-26 09:48:30	The bgqueuedomainqueue POOL IS GC Now !!!!
2017-08-26 09:48:35	The misctaskdomainqueue POOL IS GC Now !!!!
2017-08-26 09:54:47	The inventorydepthdomainqueue POOL IS GC Now !!!!
2017-08-26 09:57:01	The financecronjob POOL IS GC Now !!!!
2017-08-26 09:57:02	The inventorydepth POOL IS GC Now !!!!
2017-08-26 09:57:02	The bgqueue POOL IS GC Now !!!!
2017-08-26 09:57:03	The misctask POOL IS GC Now !!!!
2017-08-26 09:59:12	The financecronjobdomainqueue POOL IS GC Now !!!!
2017-08-26 10:17:50	The autochk POOL IS GC Now !!!!
2017-08-26 10:18:11	The autodly POOL IS GC Now !!!!
2017-08-26 10:47:30	The createfile POOL IS GC Now !!!!
2017-08-26 10:47:48	The dataquerybyquicksheet POOL IS GC Now !!!!
2017-08-26 10:47:50	The autochk POOL IS GC Now !!!!
2017-08-26 10:47:52	The dataquerybysheet POOL IS GC Now !!!!
2017-08-26 10:48:11	The autodly POOL IS GC Now !!!!
2017-08-26 10:48:11	The exportsplit POOL IS GC Now !!!!
2017-08-26 10:48:30	The bgqueuedomainqueue POOL IS GC Now !!!!
2017-08-26 10:48:35	The misctaskdomainqueue POOL IS GC Now !!!!
2017-08-26 10:54:47	The inventorydepthdomainqueue POOL IS GC Now !!!!
2017-08-26 10:57:01	The financecronjob POOL IS GC Now !!!!
2017-08-26 10:57:02	The inventorydepth POOL IS GC Now !!!!
2017-08-26 10:57:02	The bgqueue POOL IS GC Now !!!!
2017-08-26 10:57:03	The misctask POOL IS GC Now !!!!
2017-08-26 10:59:12	The financecronjobdomainqueue POOL IS GC Now !!!!
2017-08-26 11:17:50	The autochk POOL IS GC Now !!!!
2017-08-26 11:18:11	The autodly POOL IS GC Now !!!!
2017-08-26 11:46:32	The dataquerybywhole POOL IS GC Now !!!!
2017-08-26 11:47:30	The createfile POOL IS GC Now !!!!
2017-08-26 11:47:48	The dataquerybyquicksheet POOL IS GC Now !!!!
2017-08-26 11:47:50	The autochk POOL IS GC Now !!!!
2017-08-26 11:47:52	The dataquerybysheet POOL IS GC Now !!!!
2017-08-26 11:48:11	The autodly POOL IS GC Now !!!!
2017-08-26 11:48:11	The exportsplit POOL IS GC Now !!!!
2017-08-26 11:48:30	The bgqueuedomainqueue POOL IS GC Now !!!!
2017-08-26 11:48:35	The misctaskdomainqueue POOL IS GC Now !!!!
2017-08-26 11:54:47	The inventorydepthdomainqueue POOL IS GC Now !!!!
2017-08-26 11:57:01	The financecronjob POOL IS GC Now !!!!
2017-08-26 11:57:02	The inventorydepth POOL IS GC Now !!!!
2017-08-26 11:57:02	The bgqueue POOL IS GC Now !!!!
2017-08-26 11:57:03	The misctask POOL IS GC Now !!!!
2017-08-26 11:59:12	The financecronjobdomainqueue POOL IS GC Now !!!!
2017-08-26 12:17:50	The autochk POOL IS GC Now !!!!
2017-08-26 12:18:11	The autodly POOL IS GC Now !!!!
2017-08-26 12:47:30	The createfile POOL IS GC Now !!!!
2017-08-26 12:47:48	The dataquerybyquicksheet POOL IS GC Now !!!!
2017-08-26 12:47:50	The autochk POOL IS GC Now !!!!
2017-08-26 12:47:52	The dataquerybysheet POOL IS GC Now !!!!
2017-08-26 12:48:11	The exportsplit POOL IS GC Now !!!!
2017-08-26 12:48:11	The autodly POOL IS GC Now !!!!
2017-08-26 12:48:30	The bgqueuedomainqueue POOL IS GC Now !!!!
2017-08-26 12:48:35	The misctaskdomainqueue POOL IS GC Now !!!!
2017-08-26 12:54:47	The inventorydepthdomainqueue POOL IS GC Now !!!!
2017-08-26 12:57:01	The financecronjob POOL IS GC Now !!!!
2017-08-26 12:57:02	The bgqueue POOL IS GC Now !!!!
2017-08-26 12:57:02	The inventorydepth POOL IS GC Now !!!!
2017-08-26 12:57:03	The misctask POOL IS GC Now !!!!
2017-08-26 12:59:12	The financecronjobdomainqueue POOL IS GC Now !!!!
2017-08-26 13:17:50	The autochk POOL IS GC Now !!!!
2017-08-26 13:18:11	The autodly POOL IS GC Now !!!!
2017-08-26 13:46:32	The dataquerybywhole POOL IS GC Now !!!!
2017-08-26 13:47:30	The createfile POOL IS GC Now !!!!
2017-08-26 13:47:48	The dataquerybyquicksheet POOL IS GC Now !!!!
2017-08-26 13:47:50	The autochk POOL IS GC Now !!!!
2017-08-26 13:47:52	The dataquerybysheet POOL IS GC Now !!!!
2017-08-26 13:48:11	The autodly POOL IS GC Now !!!!
2017-08-26 13:48:12	The exportsplit POOL IS GC Now !!!!
2017-08-26 13:48:31	The bgqueuedomainqueue POOL IS GC Now !!!!
2017-08-26 13:48:35	The misctaskdomainqueue POOL IS GC Now !!!!
2017-08-26 13:54:47	The inventorydepthdomainqueue POOL IS GC Now !!!!
2017-08-26 13:57:01	The financecronjob POOL IS GC Now !!!!
2017-08-26 13:57:02	The inventorydepth POOL IS GC Now !!!!
2017-08-26 13:57:02	The bgqueue POOL IS GC Now !!!!
2017-08-26 13:57:03	The misctask POOL IS GC Now !!!!
2017-08-26 13:59:12	The financecronjobdomainqueue POOL IS GC Now !!!!
2017-08-26 14:17:51	The autochk POOL IS GC Now !!!!
2017-08-26 14:18:12	The autodly POOL IS GC Now !!!!
2017-08-26 14:47:31	The createfile POOL IS GC Now !!!!
2017-08-26 14:47:49	The dataquerybyquicksheet POOL IS GC Now !!!!
2017-08-26 14:47:51	The autochk POOL IS GC Now !!!!
2017-08-26 14:47:53	The dataquerybysheet POOL IS GC Now !!!!
2017-08-26 14:48:12	The autodly POOL IS GC Now !!!!
2017-08-26 14:48:12	The exportsplit POOL IS GC Now !!!!
2017-08-26 14:48:31	The bgqueuedomainqueue POOL IS GC Now !!!!
2017-08-26 14:48:35	The misctaskdomainqueue POOL IS GC Now !!!!
2017-08-26 14:54:47	The inventorydepthdomainqueue POOL IS GC Now !!!!
2017-08-26 14:57:01	The financecronjob POOL IS GC Now !!!!
2017-08-26 14:57:02	The inventorydepth POOL IS GC Now !!!!
2017-08-26 14:57:02	The bgqueue POOL IS GC Now !!!!
2017-08-26 14:57:03	The misctask POOL IS GC Now !!!!
2017-08-26 14:59:12	The financecronjobdomainqueue POOL IS GC Now !!!!
2017-08-26 15:17:51	The autochk POOL IS GC Now !!!!
2017-08-26 15:18:12	The autodly POOL IS GC Now !!!!
2017-08-26 15:46:32	The dataquerybywhole POOL IS GC Now !!!!
2017-08-26 15:47:31	The createfile POOL IS GC Now !!!!
2017-08-26 15:47:49	The dataquerybyquicksheet POOL IS GC Now !!!!
2017-08-26 15:47:51	The autochk POOL IS GC Now !!!!
2017-08-26 15:47:53	The dataquerybysheet POOL IS GC Now !!!!
2017-08-26 15:48:12	The autodly POOL IS GC Now !!!!
2017-08-26 15:48:12	The exportsplit POOL IS GC Now !!!!
2017-08-26 15:48:31	The bgqueuedomainqueue POOL IS GC Now !!!!
2017-08-26 15:48:35	The misctaskdomainqueue POOL IS GC Now !!!!
2017-08-26 15:54:47	The inventorydepthdomainqueue POOL IS GC Now !!!!
2017-08-26 15:57:01	The financecronjob POOL IS GC Now !!!!
2017-08-26 15:57:02	The inventorydepth POOL IS GC Now !!!!
2017-08-26 15:57:02	The bgqueue POOL IS GC Now !!!!
2017-08-26 15:57:03	The misctask POOL IS GC Now !!!!
2017-08-26 15:59:12	The financecronjobdomainqueue POOL IS GC Now !!!!
2017-08-26 16:17:51	The autochk POOL IS GC Now !!!!
2017-08-26 16:18:12	The autodly POOL IS GC Now !!!!
2017-08-26 16:47:31	The createfile POOL IS GC Now !!!!
2017-08-26 16:47:49	The dataquerybyquicksheet POOL IS GC Now !!!!
2017-08-26 16:47:51	The autochk POOL IS GC Now !!!!
2017-08-26 16:47:53	The dataquerybysheet POOL IS GC Now !!!!
2017-08-26 16:48:12	The autodly POOL IS GC Now !!!!
2017-08-26 16:48:12	The exportsplit POOL IS GC Now !!!!
2017-08-26 16:48:31	The bgqueuedomainqueue POOL IS GC Now !!!!
2017-08-26 16:48:35	The misctaskdomainqueue POOL IS GC Now !!!!
2017-08-26 16:54:47	The inventorydepthdomainqueue POOL IS GC Now !!!!
2017-08-26 16:57:01	The financecronjob POOL IS GC Now !!!!
2017-08-26 16:57:02	The bgqueue POOL IS GC Now !!!!
2017-08-26 16:57:02	The inventorydepth POOL IS GC Now !!!!
2017-08-26 16:57:03	The misctask POOL IS GC Now !!!!
2017-08-26 16:59:12	The financecronjobdomainqueue POOL IS GC Now !!!!
2017-08-26 17:17:51	The autochk POOL IS GC Now !!!!
2017-08-26 17:18:12	The autodly POOL IS GC Now !!!!
2017-08-26 17:46:32	The dataquerybywhole POOL IS GC Now !!!!
2017-08-26 17:47:31	The createfile POOL IS GC Now !!!!
2017-08-26 17:47:49	The dataquerybyquicksheet POOL IS GC Now !!!!
2017-08-26 17:47:51	The autochk POOL IS GC Now !!!!
2017-08-26 17:47:53	The dataquerybysheet POOL IS GC Now !!!!
2017-08-26 17:48:12	The autodly POOL IS GC Now !!!!
2017-08-26 17:48:12	The exportsplit POOL IS GC Now !!!!
2017-08-26 17:48:31	The bgqueuedomainqueue POOL IS GC Now !!!!
2017-08-26 17:48:35	The misctaskdomainqueue POOL IS GC Now !!!!
2017-08-26 17:54:47	The inventorydepthdomainqueue POOL IS GC Now !!!!
2017-08-26 17:57:01	The financecronjob POOL IS GC Now !!!!
2017-08-26 17:57:02	The bgqueue POOL IS GC Now !!!!
2017-08-26 17:57:02	The inventorydepth POOL IS GC Now !!!!
2017-08-26 17:57:03	The misctask POOL IS GC Now !!!!
2017-08-26 17:59:12	The financecronjobdomainqueue POOL IS GC Now !!!!
2017-08-26 18:17:51	The autochk POOL IS GC Now !!!!
2017-08-26 18:18:12	The autodly POOL IS GC Now !!!!
2017-08-26 18:47:32	The createfile POOL IS GC Now !!!!
2017-08-26 18:47:50	The dataquerybyquicksheet POOL IS GC Now !!!!
2017-08-26 18:47:52	The autochk POOL IS GC Now !!!!
2017-08-26 18:47:54	The dataquerybysheet POOL IS GC Now !!!!
2017-08-26 18:48:12	The exportsplit POOL IS GC Now !!!!
2017-08-26 18:48:13	The autodly POOL IS GC Now !!!!
2017-08-26 18:48:31	The bgqueuedomainqueue POOL IS GC Now !!!!
2017-08-26 18:48:35	The misctaskdomainqueue POOL IS GC Now !!!!
2017-08-26 18:54:47	The inventorydepthdomainqueue POOL IS GC Now !!!!
2017-08-26 18:57:01	The financecronjob POOL IS GC Now !!!!
2017-08-26 18:57:02	The bgqueue POOL IS GC Now !!!!
2017-08-26 18:57:02	The inventorydepth POOL IS GC Now !!!!
2017-08-26 18:57:03	The misctask POOL IS GC Now !!!!
2017-08-26 18:59:12	The financecronjobdomainqueue POOL IS GC Now !!!!
2017-08-26 19:17:52	The autochk POOL IS GC Now !!!!
2017-08-26 19:18:13	The autodly POOL IS GC Now !!!!
2017-08-26 19:46:32	The dataquerybywhole POOL IS GC Now !!!!
2017-08-26 19:47:32	The createfile POOL IS GC Now !!!!
2017-08-26 19:47:50	The dataquerybyquicksheet POOL IS GC Now !!!!
2017-08-26 19:47:52	The autochk POOL IS GC Now !!!!
2017-08-26 19:47:54	The dataquerybysheet POOL IS GC Now !!!!
2017-08-26 19:48:12	The exportsplit POOL IS GC Now !!!!
2017-08-26 19:48:13	The autodly POOL IS GC Now !!!!
2017-08-26 19:48:31	The bgqueuedomainqueue POOL IS GC Now !!!!
2017-08-26 19:48:35	The misctaskdomainqueue POOL IS GC Now !!!!
2017-08-26 19:54:47	The inventorydepthdomainqueue POOL IS GC Now !!!!
2017-08-26 19:57:01	The financecronjob POOL IS GC Now !!!!
2017-08-26 19:57:02	The inventorydepth POOL IS GC Now !!!!
2017-08-26 19:57:02	The bgqueue POOL IS GC Now !!!!
2017-08-26 19:57:03	The misctask POOL IS GC Now !!!!
2017-08-26 19:59:12	The financecronjobdomainqueue POOL IS GC Now !!!!
2017-08-26 20:17:52	The autochk POOL IS GC Now !!!!
2017-08-26 20:18:13	The autodly POOL IS GC Now !!!!
2017-08-26 20:47:32	The createfile POOL IS GC Now !!!!
2017-08-26 20:47:50	The dataquerybyquicksheet POOL IS GC Now !!!!
2017-08-26 20:47:52	The autochk POOL IS GC Now !!!!
2017-08-26 20:47:54	The dataquerybysheet POOL IS GC Now !!!!
2017-08-26 20:48:13	The autodly POOL IS GC Now !!!!
2017-08-26 20:48:13	The exportsplit POOL IS GC Now !!!!
2017-08-26 20:48:31	The bgqueuedomainqueue POOL IS GC Now !!!!
2017-08-26 20:48:35	The misctaskdomainqueue POOL IS GC Now !!!!
2017-08-26 20:54:47	The inventorydepthdomainqueue POOL IS GC Now !!!!
2017-08-26 20:57:01	The financecronjob POOL IS GC Now !!!!
2017-08-26 20:57:02	The bgqueue POOL IS GC Now !!!!
2017-08-26 20:57:02	The inventorydepth POOL IS GC Now !!!!
2017-08-26 20:57:03	The misctask POOL IS GC Now !!!!
2017-08-26 20:59:12	The financecronjobdomainqueue POOL IS GC Now !!!!
2017-08-26 21:17:52	The autochk POOL IS GC Now !!!!
2017-08-26 21:18:13	The autodly POOL IS GC Now !!!!
2017-08-26 21:46:32	The dataquerybywhole POOL IS GC Now !!!!
2017-08-26 21:47:32	The createfile POOL IS GC Now !!!!
2017-08-26 21:47:50	The dataquerybyquicksheet POOL IS GC Now !!!!
2017-08-26 21:47:52	The autochk POOL IS GC Now !!!!
2017-08-26 21:47:54	The dataquerybysheet POOL IS GC Now !!!!
2017-08-26 21:48:13	The autodly POOL IS GC Now !!!!
2017-08-26 21:48:13	The exportsplit POOL IS GC Now !!!!
2017-08-26 21:48:31	The bgqueuedomainqueue POOL IS GC Now !!!!
2017-08-26 21:48:35	The misctaskdomainqueue POOL IS GC Now !!!!
2017-08-26 21:54:47	The inventorydepthdomainqueue POOL IS GC Now !!!!
2017-08-26 21:57:01	The financecronjob POOL IS GC Now !!!!
2017-08-26 21:57:02	The inventorydepth POOL IS GC Now !!!!
2017-08-26 21:57:02	The bgqueue POOL IS GC Now !!!!
2017-08-26 21:57:03	The misctask POOL IS GC Now !!!!
2017-08-26 21:59:12	The financecronjobdomainqueue POOL IS GC Now !!!!
2017-08-26 22:17:52	The autochk POOL IS GC Now !!!!
2017-08-26 22:18:13	The autodly POOL IS GC Now !!!!
2017-08-26 22:47:32	The createfile POOL IS GC Now !!!!
2017-08-26 22:47:50	The dataquerybyquicksheet POOL IS GC Now !!!!
2017-08-26 22:47:52	The autochk POOL IS GC Now !!!!
2017-08-26 22:47:54	The dataquerybysheet POOL IS GC Now !!!!
2017-08-26 22:48:13	The autodly POOL IS GC Now !!!!
2017-08-26 22:48:13	The exportsplit POOL IS GC Now !!!!
2017-08-26 22:48:31	The bgqueuedomainqueue POOL IS GC Now !!!!
2017-08-26 22:48:35	The misctaskdomainqueue POOL IS GC Now !!!!
2017-08-26 22:54:47	The inventorydepthdomainqueue POOL IS GC Now !!!!
2017-08-26 22:57:01	The financecronjob POOL IS GC Now !!!!
2017-08-26 22:57:02	The inventorydepth POOL IS GC Now !!!!
2017-08-26 22:57:02	The bgqueue POOL IS GC Now !!!!
2017-08-26 22:57:03	The misctask POOL IS GC Now !!!!
2017-08-26 22:59:12	The financecronjobdomainqueue POOL IS GC Now !!!!
2017-08-26 23:17:52	The autochk POOL IS GC Now !!!!
2017-08-26 23:18:13	The autodly POOL IS GC Now !!!!
2017-08-26 23:46:32	The dataquerybywhole POOL IS GC Now !!!!
2017-08-26 23:47:32	The createfile POOL IS GC Now !!!!
2017-08-26 23:47:50	The dataquerybyquicksheet POOL IS GC Now !!!!
2017-08-26 23:47:52	The autochk POOL IS GC Now !!!!
2017-08-26 23:47:54	The dataquerybysheet POOL IS GC Now !!!!
2017-08-26 23:48:13	The autodly POOL IS GC Now !!!!
2017-08-26 23:48:13	The exportsplit POOL IS GC Now !!!!
2017-08-26 23:48:31	The bgqueuedomainqueue POOL IS GC Now !!!!
2017-08-26 23:48:35	The misctaskdomainqueue POOL IS GC Now !!!!
2017-08-26 23:54:47	The inventorydepthdomainqueue POOL IS GC Now !!!!
2017-08-26 23:57:01	The financecronjob POOL IS GC Now !!!!
2017-08-26 23:57:02	The bgqueue POOL IS GC Now !!!!
2017-08-26 23:57:02	The inventorydepth POOL IS GC Now !!!!
2017-08-26 23:57:03	The misctask POOL IS GC Now !!!!
2017-08-26 23:59:12	The financecronjobdomainqueue POOL IS GC Now !!!!
